{
    "2021-04-19 23:20": {
        "nuclear": {
            "cap": "1936",
            "used": "1931.5",
            "limit": "985",
            "fix": "951",
            "break": "0"
        },
        "coal": {
            "cap": "6997.2",
            "used": "6364.3",
            "limit": "5200",
            "fix": "2500",
            "break": "0"
        },
        "co-gen": {
            "cap": "0",
            "used": "0",
            "limit": "0",
            "fix": "618",
            "break": "0"
        },
        "lng": {
            "cap": "11643",
            "used": "9745.2",
            "limit": "1998.1",
            "fix": "3678.6",
            "break": "490"
        },
        "oil": {
            "cap": "0",
            "used": "0",
            "limit": "500",
            "fix": "500",
            "break": "0"
        },
        "diesel": {
            "cap": "594.4",
            "used": "82.9",
            "limit": "0",
            "fix": "0",
            "break": "0"
        },
        "hydro": {
            "cap": "1971.8",
            "used": "213.9",
            "limit": "0",
            "fix": "120.7",
            "break": "0"
        },
        "wind": {
            "cap": "840.2",
            "used": "80.5",
            "limit": "0",
            "fix": "0",
            "break": "0"
        },
        "geothermal": {
            "cap": "0.3",
            "used": "0.2",
            "limit": "0",
            "fix": "0",
            "break": "0"
        },
        "pumping gen": {
            "cap": "2335",
            "used": "144",
            "limit": "0",
            "fix": "267",
            "break": "0"
        },
        "pumping load": {
            "cap": "0",
            "used": "-250",
            "limit": "0",
            "fix": "0",
            "break": "0"
        },
        "solar": {
            "cap": "5433.2",
            "used": "0",
            "limit": "0",
            "fix": "0",
            "break": "0"
        },
        "ipp-coal": {
            "cap": "0",
            "used": "0",
            "limit": "0",
            "fix": "0",
            "break": "0"
        },
        "ipp-lng": {
            "cap": "0",
            "used": "0",
            "limit": "0",
            "fix": "0",
            "break": "0"
        }
    }
}