[
    {
        "name": "台中#1",
        "type": "coal",
        "unitKey": "台中#1_coal",
        "diff_type": "note",
        "newVal": "運轉限制",
        "oldVal": "",
        "note": "",
        "recordTime": "2021-05-28 23:10"
    },
    {
        "name": "台中#3",
        "type": "coal",
        "unitKey": "台中#3_coal",
        "diff_type": "note",
        "newVal": "運轉限制",
        "oldVal": "",
        "note": "",
        "recordTime": "2021-05-28 23:10"
    },
    {
        "name": "興達#4",
        "type": "coal",
        "unitKey": "興達#4_coal",
        "diff_type": "note",
        "newVal": "運轉限制",
        "oldVal": "",
        "note": "",
        "recordTime": "2021-05-28 23:10"
    },
    {
        "name": "大林#2",
        "type": "coal",
        "unitKey": "大林#2_coal",
        "diff_type": "note",
        "newVal": "運轉限制",
        "oldVal": "",
        "note": "",
        "recordTime": "2021-05-28 23:10"
    },
    {
        "name": "大林#2",
        "type": "coal",
        "unitKey": "大林#2_coal",
        "diff_type": "used",
        "newVal": 669.8,
        "oldVal": 760.3,
        "note": "降載超過 10 %，降載 11.31 %",
        "recordTime": "2021-05-28 23:10"
    },
    {
        "name": "通霄CC#4",
        "type": "lng",
        "unitKey": "通霄CC#4_lng",
        "diff_type": "used",
        "newVal": 73.8,
        "oldVal": 307.6,
        "note": "降載超過 40 %，降載 60.57 %",
        "recordTime": "2021-05-28 23:10"
    },
    {
        "name": "興達CC#2",
        "type": "lng",
        "unitKey": "興達CC#2_lng",
        "diff_type": "note",
        "newVal": "測試運轉",
        "oldVal": "歲修",
        "note": "",
        "recordTime": "2021-05-28 23:10"
    },
    {
        "name": "海湖#1",
        "type": "lng",
        "unitKey": "海湖#1_lng",
        "diff_type": "note",
        "newVal": "外溫高限制",
        "oldVal": "",
        "note": "",
        "recordTime": "2021-05-28 23:10"
    },
    {
        "name": "海湖#2",
        "type": "lng",
        "unitKey": "海湖#2_lng",
        "diff_type": "note",
        "newVal": "外溫高限制",
        "oldVal": "",
        "note": "",
        "recordTime": "2021-05-28 23:10"
    },
    {
        "name": "海湖#2",
        "type": "lng",
        "unitKey": "海湖#2_lng",
        "diff_type": "used",
        "newVal": 165.1,
        "oldVal": 440.6,
        "note": "降載超過 40 %，降載 61.22 %",
        "recordTime": "2021-05-28 23:10"
    },
    {
        "name": "新桃#1",
        "type": "lng",
        "unitKey": "新桃#1_lng",
        "diff_type": "status",
        "newVal": "limit",
        "oldVal": "online",
        "note": "",
        "recordTime": "2021-05-28 23:10"
    },
    {
        "name": "新桃#1",
        "type": "lng",
        "unitKey": "新桃#1_lng",
        "diff_type": "note",
        "newVal": "運轉限制",
        "oldVal": "",
        "note": "",
        "recordTime": "2021-05-28 23:10"
    },
    {
        "name": "新桃#1",
        "type": "lng",
        "unitKey": "新桃#1_lng",
        "diff_type": "used",
        "newVal": 0,
        "oldVal": 579.9,
        "note": "降載超過 40 %，降載 96.65 %",
        "recordTime": "2021-05-28 23:10"
    },
    {
        "name": "國光#1",
        "type": "lng",
        "unitKey": "國光#1_lng",
        "diff_type": "note",
        "newVal": "外溫高限制",
        "oldVal": "",
        "note": "",
        "recordTime": "2021-05-28 23:10"
    },
    {
        "name": "星彰#1",
        "type": "lng",
        "unitKey": "星彰#1_lng",
        "diff_type": "note",
        "newVal": "外溫高限制",
        "oldVal": "",
        "note": "",
        "recordTime": "2021-05-28 23:10"
    },
    {
        "name": "嘉惠#1",
        "type": "lng",
        "unitKey": "嘉惠#1_lng",
        "diff_type": "used",
        "newVal": 0,
        "oldVal": 689,
        "note": "降載超過 40 %，降載 102.84 %",
        "recordTime": "2021-05-28 23:10"
    },
    {
        "name": "豐德#1",
        "type": "lng",
        "unitKey": "豐德#1_lng",
        "diff_type": "note",
        "newVal": "外溫高限制",
        "oldVal": "",
        "note": "",
        "recordTime": "2021-05-28 23:10"
    },
    {
        "name": "豐德#2",
        "type": "lng",
        "unitKey": "豐德#2_lng",
        "diff_type": "note",
        "newVal": "外溫高限制",
        "oldVal": "",
        "note": "",
        "recordTime": "2021-05-28 23:10"
    },
    {
        "name": "協和#3",
        "type": "oil",
        "unitKey": "協和#3_oil",
        "diff_type": "used",
        "newVal": 130.9,
        "oldVal": 403.1,
        "note": "降載超過 20 %，降載 54.44 %",
        "recordTime": "2021-05-28 23:10"
    },
    {
        "name": "台中Gas1&2",
        "type": "diesel",
        "unitKey": "台中Gas12_diesel",
        "diff_type": "used",
        "newVal": 0,
        "oldVal": 94.1,
        "note": "降載超過 40 %，降載 67.21 %",
        "recordTime": "2021-05-28 23:10"
    },
    {
        "name": "台中Gas3&4",
        "type": "diesel",
        "unitKey": "台中Gas34_diesel",
        "diff_type": "used",
        "newVal": 0,
        "oldVal": 90.8,
        "note": "降載超過 40 %，降載 64.86 %",
        "recordTime": "2021-05-28 23:10"
    },
    {
        "name": "興達#4",
        "type": "coal",
        "unitKey": "興達#4_coal",
        "diff_type": "note",
        "newVal": "",
        "oldVal": "運轉限制",
        "note": "",
        "recordTime": "2021-05-28 23:20"
    },
    {
        "name": "汽電共生",
        "type": "co-gen",
        "unitKey": "汽電共生_co-gen",
        "diff_type": "note",
        "newVal": "",
        "oldVal": "部分故障",
        "note": "",
        "recordTime": "2021-05-28 23:20"
    },
    {
        "name": "海湖#1",
        "type": "lng",
        "unitKey": "海湖#1_lng",
        "diff_type": "note",
        "newVal": "",
        "oldVal": "外溫高限制",
        "note": "",
        "recordTime": "2021-05-28 23:20"
    },
    {
        "name": "海湖#2",
        "type": "lng",
        "unitKey": "海湖#2_lng",
        "diff_type": "status",
        "newVal": "fix",
        "oldVal": "online",
        "note": "",
        "recordTime": "2021-05-28 23:20"
    },
    {
        "name": "海湖#2",
        "type": "lng",
        "unitKey": "海湖#2_lng",
        "diff_type": "note",
        "newVal": "檢修",
        "oldVal": "外溫高限制",
        "note": "",
        "recordTime": "2021-05-28 23:20"
    },
    {
        "name": "新桃#1",
        "type": "lng",
        "unitKey": "新桃#1_lng",
        "diff_type": "status",
        "newVal": "online",
        "oldVal": "limit",
        "note": "",
        "recordTime": "2021-05-28 23:20"
    },
    {
        "name": "新桃#1",
        "type": "lng",
        "unitKey": "新桃#1_lng",
        "diff_type": "note",
        "newVal": "",
        "oldVal": "運轉限制",
        "note": "",
        "recordTime": "2021-05-28 23:20"
    },
    {
        "name": "國光#1",
        "type": "lng",
        "unitKey": "國光#1_lng",
        "diff_type": "note",
        "newVal": "",
        "oldVal": "外溫高限制",
        "note": "",
        "recordTime": "2021-05-28 23:20"
    },
    {
        "name": "星彰#1",
        "type": "lng",
        "unitKey": "星彰#1_lng",
        "diff_type": "note",
        "newVal": "",
        "oldVal": "外溫高限制",
        "note": "",
        "recordTime": "2021-05-28 23:20"
    },
    {
        "name": "豐德#1",
        "type": "lng",
        "unitKey": "豐德#1_lng",
        "diff_type": "note",
        "newVal": "",
        "oldVal": "外溫高限制",
        "note": "",
        "recordTime": "2021-05-28 23:20"
    },
    {
        "name": "豐德#2",
        "type": "lng",
        "unitKey": "豐德#2_lng",
        "diff_type": "note",
        "newVal": "",
        "oldVal": "外溫高限制",
        "note": "",
        "recordTime": "2021-05-28 23:20"
    },
    {
        "name": "通霄CC#4",
        "type": "lng",
        "unitKey": "通霄CC#4_lng",
        "diff_type": "note",
        "newVal": "部分檢修",
        "oldVal": "",
        "note": "",
        "recordTime": "2021-05-28 23:50"
    },
    {
        "name": "興達CC#1",
        "type": "lng",
        "unitKey": "興達CC#1_lng",
        "diff_type": "note",
        "newVal": "部分檢修",
        "oldVal": "",
        "note": "",
        "recordTime": "2021-05-28 23:50"
    },
    {
        "name": "興達CC#3",
        "type": "lng",
        "unitKey": "興達CC#3_lng",
        "diff_type": "note",
        "newVal": "部分檢修",
        "oldVal": "",
        "note": "",
        "recordTime": "2021-05-28 23:50"
    },
    {
        "name": "新桃#1",
        "type": "lng",
        "unitKey": "新桃#1_lng",
        "diff_type": "status",
        "newVal": "limit",
        "oldVal": "online",
        "note": "",
        "recordTime": "2021-05-28 23:50"
    },
    {
        "name": "新桃#1",
        "type": "lng",
        "unitKey": "新桃#1_lng",
        "diff_type": "note",
        "newVal": "合約限制",
        "oldVal": "",
        "note": "",
        "recordTime": "2021-05-28 23:50"
    },
    {
        "name": "嘉惠#1",
        "type": "lng",
        "unitKey": "嘉惠#1_lng",
        "diff_type": "status",
        "newVal": "limit",
        "oldVal": "online",
        "note": "",
        "recordTime": "2021-05-28 23:50"
    },
    {
        "name": "嘉惠#1",
        "type": "lng",
        "unitKey": "嘉惠#1_lng",
        "diff_type": "note",
        "newVal": "合約限制",
        "oldVal": "",
        "note": "",
        "recordTime": "2021-05-28 23:50"
    },
    {
        "name": "豐德#1",
        "type": "lng",
        "unitKey": "豐德#1_lng",
        "diff_type": "used",
        "newVal": 188.3,
        "oldVal": 446.5,
        "note": "降載超過 40 %，降載 50.94 %",
        "recordTime": "2021-05-28 23:50"
    },
    {
        "name": "豐德#1",
        "type": "lng",
        "unitKey": "豐德#1_lng",
        "diff_type": "note",
        "newVal": "檢修",
        "oldVal": "",
        "note": "",
        "recordTime": "2021-05-29 00:00"
    },
    {
        "name": "台中#6",
        "type": "coal",
        "unitKey": "台中#6_coal",
        "diff_type": "status",
        "newVal": "fix",
        "oldVal": "break",
        "note": "",
        "recordTime": "2021-05-29 00:10"
    },
    {
        "name": "台中#6",
        "type": "coal",
        "unitKey": "台中#6_coal",
        "diff_type": "note",
        "newVal": "環保停機歲修",
        "oldVal": "故障",
        "note": "",
        "recordTime": "2021-05-29 00:10"
    },
    {
        "name": "豐德#1",
        "type": "lng",
        "unitKey": "豐德#1_lng",
        "diff_type": "status",
        "newVal": "fix",
        "oldVal": "online",
        "note": "",
        "recordTime": "2021-05-29 00:10"
    },
    {
        "name": "台中#1",
        "type": "coal",
        "unitKey": "台中#1_coal",
        "diff_type": "note",
        "newVal": "",
        "oldVal": "運轉限制",
        "note": "",
        "recordTime": "2021-05-29 04:00"
    },
    {
        "name": "台中#3",
        "type": "coal",
        "unitKey": "台中#3_coal",
        "diff_type": "note",
        "newVal": "",
        "oldVal": "運轉限制",
        "note": "",
        "recordTime": "2021-05-29 04:00"
    },
    {
        "name": "國光#1",
        "type": "lng",
        "unitKey": "國光#1_lng",
        "diff_type": "note",
        "newVal": "合約限制",
        "oldVal": "",
        "note": "",
        "recordTime": "2021-05-29 04:00"
    },
    {
        "name": "國光#1",
        "type": "lng",
        "unitKey": "國光#1_lng",
        "diff_type": "status",
        "newVal": "limit",
        "oldVal": "online",
        "note": "",
        "recordTime": "2021-05-29 04:20"
    },
    {
        "name": "興達CC#5",
        "type": "lng",
        "unitKey": "興達CC#5_lng",
        "diff_type": "note",
        "newVal": "運轉限制",
        "oldVal": "",
        "note": "",
        "recordTime": "2021-05-29 05:20"
    },
    {
        "name": "興達#1",
        "type": "coal",
        "unitKey": "興達#1_coal",
        "diff_type": "note",
        "newVal": "運轉限制",
        "oldVal": "",
        "note": "",
        "recordTime": "2021-05-29 07:20"
    },
    {
        "name": "新桃#1",
        "type": "lng",
        "unitKey": "新桃#1_lng",
        "diff_type": "note",
        "newVal": "配合綠電先行",
        "oldVal": "合約限制",
        "note": "",
        "recordTime": "2021-05-29 07:30"
    },
    {
        "name": "國光#1",
        "type": "lng",
        "unitKey": "國光#1_lng",
        "diff_type": "note",
        "newVal": "配合綠電先行",
        "oldVal": "合約限制",
        "note": "",
        "recordTime": "2021-05-29 07:30"
    },
    {
        "name": "嘉惠#1",
        "type": "lng",
        "unitKey": "嘉惠#1_lng",
        "diff_type": "note",
        "newVal": "配合綠電先行",
        "oldVal": "合約限制",
        "note": "",
        "recordTime": "2021-05-29 07:30"
    },
    {
        "name": "興達#1",
        "type": "coal",
        "unitKey": "興達#1_coal",
        "diff_type": "used",
        "newVal": 297.3,
        "oldVal": 351.1,
        "note": "降載超過 10 %，降載 10.76 %",
        "recordTime": "2021-05-29 08:00"
    },
    {
        "name": "新桃#1",
        "type": "lng",
        "unitKey": "新桃#1_lng",
        "diff_type": "status",
        "newVal": "online",
        "oldVal": "limit",
        "note": "",
        "recordTime": "2021-05-29 08:10"
    },
    {
        "name": "新桃#1",
        "type": "lng",
        "unitKey": "新桃#1_lng",
        "diff_type": "note",
        "newVal": "",
        "oldVal": "配合綠電先行",
        "note": "",
        "recordTime": "2021-05-29 08:10"
    },
    {
        "name": "嘉惠#1",
        "type": "lng",
        "unitKey": "嘉惠#1_lng",
        "diff_type": "status",
        "newVal": "online",
        "oldVal": "limit",
        "note": "",
        "recordTime": "2021-05-29 09:10"
    },
    {
        "name": "嘉惠#1",
        "type": "lng",
        "unitKey": "嘉惠#1_lng",
        "diff_type": "note",
        "newVal": "",
        "oldVal": "配合綠電先行",
        "note": "",
        "recordTime": "2021-05-29 09:30"
    },
    {
        "name": "通霄CC#6",
        "type": "lng",
        "unitKey": "通霄CC#6_lng",
        "diff_type": "used",
        "newVal": 0,
        "oldVal": 237.8,
        "note": "降載超過 40 %，降載 74.03 %",
        "recordTime": "2021-05-29 12:30"
    },
    {
        "name": "興達CC#5",
        "type": "lng",
        "unitKey": "興達CC#5_lng",
        "diff_type": "note",
        "newVal": "",
        "oldVal": "運轉限制",
        "note": "",
        "recordTime": "2021-05-29 14:30"
    },
    {
        "name": "嘉惠#2",
        "type": "lng",
        "unitKey": "嘉惠#2_lng",
        "diff_type": "note",
        "newVal": "測試運轉",
        "oldVal": "",
        "note": "",
        "recordTime": "2021-05-29 14:50"
    },
    {
        "name": "台中#4",
        "type": "coal",
        "unitKey": "台中#4_coal",
        "diff_type": "used",
        "newVal": 327.3,
        "oldVal": 390.8,
        "note": "降載超過 10 %，降載 11.55 %",
        "recordTime": "2021-05-29 15:40"
    },
    {
        "name": "通霄CC#4",
        "type": "lng",
        "unitKey": "通霄CC#4_lng",
        "diff_type": "status",
        "newVal": "fix",
        "oldVal": "online",
        "note": "",
        "recordTime": "2021-05-29 15:50"
    },
    {
        "name": "通霄CC#4",
        "type": "lng",
        "unitKey": "通霄CC#4_lng",
        "diff_type": "note",
        "newVal": "檢修",
        "oldVal": "部分檢修",
        "note": "",
        "recordTime": "2021-05-29 15:50"
    },
    {
        "name": "興達CC#2",
        "type": "lng",
        "unitKey": "興達CC#2_lng",
        "diff_type": "status",
        "newVal": "limit",
        "oldVal": "online",
        "note": "",
        "recordTime": "2021-05-29 18:10"
    },
    {
        "name": "興達CC#2",
        "type": "lng",
        "unitKey": "興達CC#2_lng",
        "diff_type": "status",
        "newVal": "online",
        "oldVal": "limit",
        "note": "",
        "recordTime": "2021-05-29 18:20"
    },
    {
        "name": "國光#1",
        "type": "lng",
        "unitKey": "國光#1_lng",
        "diff_type": "status",
        "newVal": "online",
        "oldVal": "limit",
        "note": "",
        "recordTime": "2021-05-29 18:20"
    },
    {
        "name": "國光#1",
        "type": "lng",
        "unitKey": "國光#1_lng",
        "diff_type": "note",
        "newVal": "",
        "oldVal": "配合綠電先行",
        "note": "",
        "recordTime": "2021-05-29 18:20"
    },
    {
        "name": "興達CC#2",
        "type": "lng",
        "unitKey": "興達CC#2_lng",
        "diff_type": "status",
        "newVal": "limit",
        "oldVal": "online",
        "note": "",
        "recordTime": "2021-05-29 18:40"
    },
    {
        "name": "台中#1",
        "type": "coal",
        "unitKey": "台中#1_coal",
        "diff_type": "note",
        "newVal": "燃料限制",
        "oldVal": "",
        "note": "",
        "recordTime": "2021-05-30 00:10",
        "mail": true
    },
    {
        "name": "台中#2",
        "type": "coal",
        "unitKey": "台中#2_coal",
        "diff_type": "note",
        "newVal": "環保限制",
        "oldVal": "",
        "note": "",
        "recordTime": "2021-05-30 00:10",
        "mail": true
    },
    {
        "name": "台中#3",
        "type": "coal",
        "unitKey": "台中#3_coal",
        "diff_type": "note",
        "newVal": "環保限制",
        "oldVal": "",
        "note": "",
        "recordTime": "2021-05-30 00:10",
        "mail": true
    },
    {
        "name": "台中#4",
        "type": "coal",
        "unitKey": "台中#4_coal",
        "diff_type": "note",
        "newVal": "環保限制",
        "oldVal": "",
        "note": "",
        "recordTime": "2021-05-30 00:10",
        "mail": true
    },
    {
        "name": "台中#5",
        "type": "coal",
        "unitKey": "台中#5_coal",
        "diff_type": "note",
        "newVal": "環保限制",
        "oldVal": "",
        "note": "",
        "recordTime": "2021-05-30 00:10",
        "mail": true
    },
    {
        "name": "台中#6",
        "type": "coal",
        "unitKey": "台中#6_coal",
        "diff_type": "status",
        "newVal": "fix",
        "oldVal": "online",
        "note": "",
        "recordTime": "2021-05-30 00:10",
        "mail": true
    },
    {
        "name": "台中#6",
        "type": "coal",
        "unitKey": "台中#6_coal",
        "diff_type": "note",
        "newVal": "環保停機歲修",
        "oldVal": "",
        "note": "",
        "recordTime": "2021-05-30 00:10",
        "mail": true
    },
    {
        "name": "台中#7",
        "type": "coal",
        "unitKey": "台中#7_coal",
        "diff_type": "note",
        "newVal": "環保限制",
        "oldVal": "",
        "note": "",
        "recordTime": "2021-05-30 00:10",
        "mail": true
    },
    {
        "name": "台中#8",
        "type": "coal",
        "unitKey": "台中#8_coal",
        "diff_type": "note",
        "newVal": "環保限制",
        "oldVal": "",
        "note": "",
        "recordTime": "2021-05-30 00:10",
        "mail": true
    },
    {
        "name": "台中#9",
        "type": "coal",
        "unitKey": "台中#9_coal",
        "diff_type": "note",
        "newVal": "環保限制",
        "oldVal": "",
        "note": "",
        "recordTime": "2021-05-30 00:10",
        "mail": true
    },
    {
        "name": "台中#10",
        "type": "coal",
        "unitKey": "台中#10_coal",
        "diff_type": "note",
        "newVal": "環保限制",
        "oldVal": "",
        "note": "",
        "recordTime": "2021-05-30 00:10",
        "mail": true
    },
    {
        "name": "興達#1",
        "type": "coal",
        "unitKey": "興達#1_coal",
        "diff_type": "note",
        "newVal": "",
        "oldVal": "運轉限制",
        "note": "",
        "recordTime": "2021-05-30 00:10",
        "mail": false
    },
    {
        "name": "興達CC#2",
        "type": "lng",
        "unitKey": "興達CC#2_lng",
        "diff_type": "status",
        "newVal": "fix",
        "oldVal": "limit",
        "note": "",
        "recordTime": "2021-05-30 00:10",
        "mail": true
    },
    {
        "name": "興達CC#2",
        "type": "lng",
        "unitKey": "興達CC#2_lng",
        "diff_type": "note",
        "newVal": "歲修",
        "oldVal": "測試運轉",
        "note": "",
        "recordTime": "2021-05-30 00:10",
        "mail": true
    },
    {
        "name": "新桃#1",
        "type": "lng",
        "unitKey": "新桃#1_lng",
        "diff_type": "status",
        "newVal": "limit",
        "oldVal": "online",
        "note": "",
        "recordTime": "2021-05-30 00:10",
        "mail": true
    },
    {
        "name": "新桃#1",
        "type": "lng",
        "unitKey": "新桃#1_lng",
        "diff_type": "note",
        "newVal": "合約限制",
        "oldVal": "",
        "note": "",
        "recordTime": "2021-05-30 00:10",
        "mail": true
    },
    {
        "name": "新桃#1",
        "type": "lng",
        "unitKey": "新桃#1_lng",
        "diff_type": "used",
        "newVal": 0,
        "oldVal": 600.7,
        "note": "降載超過 40 %，降載 100.12 %",
        "recordTime": "2021-05-30 00:10",
        "mail": true
    },
    {
        "name": "國光#1",
        "type": "lng",
        "unitKey": "國光#1_lng",
        "diff_type": "status",
        "newVal": "limit",
        "oldVal": "online",
        "note": "",
        "recordTime": "2021-05-30 00:10",
        "mail": true
    },
    {
        "name": "國光#1",
        "type": "lng",
        "unitKey": "國光#1_lng",
        "diff_type": "note",
        "newVal": "合約限制",
        "oldVal": "",
        "note": "",
        "recordTime": "2021-05-30 00:10",
        "mail": true
    },
    {
        "name": "星彰#1",
        "type": "lng",
        "unitKey": "星彰#1_lng",
        "diff_type": "used",
        "newVal": 0,
        "oldVal": 492.2,
        "note": "降載超過 40 %，降載 97.1 %",
        "recordTime": "2021-05-30 00:10",
        "mail": true
    },
    {
        "name": "嘉惠#1",
        "type": "lng",
        "unitKey": "嘉惠#1_lng",
        "diff_type": "status",
        "newVal": "fix",
        "oldVal": "online",
        "note": "",
        "recordTime": "2021-05-30 00:10",
        "mail": true
    },
    {
        "name": "嘉惠#1",
        "type": "lng",
        "unitKey": "嘉惠#1_lng",
        "diff_type": "note",
        "newVal": "檢修",
        "oldVal": "",
        "note": "",
        "recordTime": "2021-05-30 00:10",
        "mail": true
    },
    {
        "name": "嘉惠#1",
        "type": "lng",
        "unitKey": "嘉惠#1_lng",
        "diff_type": "used",
        "newVal": 0,
        "oldVal": 464.5,
        "note": "降載超過 40 %，降載 69.33 %",
        "recordTime": "2021-05-30 00:10",
        "mail": true
    },
    {
        "name": "星元#1",
        "type": "lng",
        "unitKey": "星元#1_lng",
        "diff_type": "status",
        "newVal": "break",
        "oldVal": "online",
        "note": "",
        "recordTime": "2021-05-30 01:00",
        "mail": true
    },
    {
        "name": "海湖#1",
        "type": "lng",
        "unitKey": "海湖#1_lng",
        "diff_type": "used",
        "newVal": 179.7,
        "oldVal": 393.1,
        "note": "降載超過 40 %，降載 47.42 %",
        "recordTime": "2021-05-30 01:20",
        "mail": true
    },
    {
        "name": "豐德#2",
        "type": "lng",
        "unitKey": "豐德#2_lng",
        "diff_type": "used",
        "newVal": 86,
        "oldVal": 323.7,
        "note": "降載超過 40 %，降載 46.89 %",
        "recordTime": "2021-05-30 01:40",
        "mail": true
    },
    {
        "name": "大林#5",
        "type": "lng",
        "unitKey": "大林#5_lng",
        "diff_type": "note",
        "newVal": "",
        "oldVal": "運轉限制",
        "note": "",
        "recordTime": "2021-05-30 03:10",
        "mail": false
    },
    {
        "name": "海湖#1",
        "type": "lng",
        "unitKey": "海湖#1_lng",
        "diff_type": "status",
        "newVal": "limit",
        "oldVal": "online",
        "note": "",
        "recordTime": "2021-05-30 03:20",
        "mail": true
    },
    {
        "name": "海湖#1",
        "type": "lng",
        "unitKey": "海湖#1_lng",
        "diff_type": "note",
        "newVal": "合約限制",
        "oldVal": "",
        "note": "",
        "recordTime": "2021-05-30 03:20",
        "mail": true
    },
    {
        "name": "新桃#1",
        "type": "lng",
        "unitKey": "新桃#1_lng",
        "diff_type": "status",
        "newVal": "fix",
        "oldVal": "limit",
        "note": "",
        "recordTime": "2021-05-30 03:20",
        "mail": true
    },
    {
        "name": "新桃#1",
        "type": "lng",
        "unitKey": "新桃#1_lng",
        "diff_type": "note",
        "newVal": "檢修",
        "oldVal": "合約限制",
        "note": "",
        "recordTime": "2021-05-30 03:20",
        "mail": true
    },
    {
        "name": "星彰#1",
        "type": "lng",
        "unitKey": "星彰#1_lng",
        "diff_type": "status",
        "newVal": "limit",
        "oldVal": "online",
        "note": "",
        "recordTime": "2021-05-30 03:20",
        "mail": true
    },
    {
        "name": "星彰#1",
        "type": "lng",
        "unitKey": "星彰#1_lng",
        "diff_type": "note",
        "newVal": "合約限制",
        "oldVal": "",
        "note": "",
        "recordTime": "2021-05-30 03:20",
        "mail": true
    },
    {
        "name": "豐德#2",
        "type": "lng",
        "unitKey": "豐德#2_lng",
        "diff_type": "status",
        "newVal": "limit",
        "oldVal": "online",
        "note": "",
        "recordTime": "2021-05-30 03:20",
        "mail": true
    },
    {
        "name": "豐德#2",
        "type": "lng",
        "unitKey": "豐德#2_lng",
        "diff_type": "note",
        "newVal": "合約限制",
        "oldVal": "",
        "note": "",
        "recordTime": "2021-05-30 03:20",
        "mail": true
    },
    {
        "name": "嘉惠#1",
        "type": "lng",
        "unitKey": "嘉惠#1_lng",
        "diff_type": "status",
        "newVal": "online",
        "oldVal": "fix",
        "note": "",
        "recordTime": "2021-05-30 05:00",
        "mail": false
    },
    {
        "name": "嘉惠#1",
        "type": "lng",
        "unitKey": "嘉惠#1_lng",
        "diff_type": "status",
        "newVal": "fix",
        "oldVal": "online",
        "note": "",
        "recordTime": "2021-05-30 05:10",
        "mail": true
    },
    {
        "name": "海湖#1",
        "type": "lng",
        "unitKey": "海湖#1_lng",
        "diff_type": "note",
        "newVal": "配合綠電先行",
        "oldVal": "合約限制",
        "note": "",
        "recordTime": "2021-05-30 05:30",
        "mail": true
    },
    {
        "name": "國光#1",
        "type": "lng",
        "unitKey": "國光#1_lng",
        "diff_type": "note",
        "newVal": "配合綠電先行",
        "oldVal": "合約限制",
        "note": "",
        "recordTime": "2021-05-30 05:30",
        "mail": true
    },
    {
        "name": "星彰#1",
        "type": "lng",
        "unitKey": "星彰#1_lng",
        "diff_type": "note",
        "newVal": "配合綠電先行",
        "oldVal": "合約限制",
        "note": "",
        "recordTime": "2021-05-30 05:30",
        "mail": true
    },
    {
        "name": "豐德#2",
        "type": "lng",
        "unitKey": "豐德#2_lng",
        "diff_type": "note",
        "newVal": "配合綠電先行",
        "oldVal": "合約限制",
        "note": "",
        "recordTime": "2021-05-30 05:30",
        "mail": true
    },
    {
        "name": "嘉惠#1",
        "type": "lng",
        "unitKey": "嘉惠#1_lng",
        "diff_type": "status",
        "newVal": "online",
        "oldVal": "fix",
        "note": "",
        "recordTime": "2021-05-30 05:50",
        "mail": false
    },
    {
        "name": "嘉惠#1",
        "type": "lng",
        "unitKey": "嘉惠#1_lng",
        "diff_type": "status",
        "newVal": "fix",
        "oldVal": "online",
        "note": "",
        "recordTime": "2021-05-30 06:00",
        "mail": true
    },
    {
        "name": "核二#2",
        "type": "nuclear",
        "unitKey": "核二#2_nuclear",
        "diff_type": "used",
        "newVal": 872.7,
        "oldVal": 974.6,
        "note": "降載超過 10 %，降載 10.35 %",
        "recordTime": "2021-05-30 06:40",
        "mail": true
    },
    {
        "name": "興達#2",
        "type": "coal",
        "unitKey": "興達#2_coal",
        "diff_type": "note",
        "newVal": "運轉限制",
        "oldVal": "",
        "note": "",
        "recordTime": "2021-05-30 07:20",
        "mail": true
    },
    {
        "name": "豐德#1",
        "type": "lng",
        "unitKey": "豐德#1_lng",
        "diff_type": "status",
        "newVal": "online",
        "oldVal": "fix",
        "note": "",
        "recordTime": "2021-05-30 08:40",
        "mail": false
    },
    {
        "name": "興達CC#2",
        "type": "lng",
        "unitKey": "興達CC#2_lng",
        "diff_type": "status",
        "newVal": "online",
        "oldVal": "fix",
        "note": "",
        "recordTime": "2021-05-30 11:00",
        "mail": false
    },
    {
        "name": "海湖#1",
        "type": "lng",
        "unitKey": "海湖#1_lng",
        "diff_type": "status",
        "newVal": "online",
        "oldVal": "limit",
        "note": "",
        "recordTime": "2021-05-30 12:00",
        "mail": false
    },
    {
        "name": "星元#1",
        "type": "lng",
        "unitKey": "星元#1_lng",
        "diff_type": "status",
        "newVal": "online",
        "oldVal": "break",
        "note": "",
        "recordTime": "2021-05-30 12:40",
        "mail": false
    },
    {
        "name": "豐德#1",
        "type": "lng",
        "unitKey": "豐德#1_lng",
        "diff_type": "note",
        "newVal": "部分檢修",
        "oldVal": "檢修",
        "note": "",
        "recordTime": "2021-05-30 15:30",
        "mail": true
    },
    {
        "name": "海湖#1",
        "type": "lng",
        "unitKey": "海湖#1_lng",
        "diff_type": "note",
        "newVal": "",
        "oldVal": "配合綠電先行",
        "note": "",
        "recordTime": "2021-05-30 15:50",
        "mail": false
    },
    {
        "name": "國光#1",
        "type": "lng",
        "unitKey": "國光#1_lng",
        "diff_type": "note",
        "newVal": "合約限制",
        "oldVal": "配合綠電先行",
        "note": "",
        "recordTime": "2021-05-30 15:50",
        "mail": true
    },
    {
        "name": "興達CC#2",
        "type": "lng",
        "unitKey": "興達CC#2_lng",
        "diff_type": "status",
        "newVal": "fix",
        "oldVal": "online",
        "note": "",
        "recordTime": "2021-05-30 16:00",
        "mail": true
    },
    {
        "name": "興達CC#3",
        "type": "lng",
        "unitKey": "興達CC#3_lng",
        "diff_type": "note",
        "newVal": "",
        "oldVal": "部分檢修",
        "note": "",
        "recordTime": "2021-05-30 16:00",
        "mail": false
    },
    {
        "name": "星彰#1",
        "type": "lng",
        "unitKey": "星彰#1_lng",
        "diff_type": "note",
        "newVal": "合約限制",
        "oldVal": "配合綠電先行",
        "note": "",
        "recordTime": "2021-05-30 16:00",
        "mail": true
    },
    {
        "name": "豐德#2",
        "type": "lng",
        "unitKey": "豐德#2_lng",
        "diff_type": "note",
        "newVal": "合約限制",
        "oldVal": "配合綠電先行",
        "note": "",
        "recordTime": "2021-05-30 16:00",
        "mail": true
    },
    {
        "name": "興達CC#2",
        "type": "lng",
        "unitKey": "興達CC#2_lng",
        "diff_type": "status",
        "newVal": "online",
        "oldVal": "fix",
        "note": "",
        "recordTime": "2021-05-30 17:30",
        "mail": false
    },
    {
        "name": "興達CC#2",
        "type": "lng",
        "unitKey": "興達CC#2_lng",
        "diff_type": "status",
        "newVal": "fix",
        "oldVal": "online",
        "note": "",
        "recordTime": "2021-05-30 18:40",
        "mail": true
    },
    {
        "name": "豐德#1",
        "type": "lng",
        "unitKey": "豐德#1_lng",
        "diff_type": "note",
        "newVal": "",
        "oldVal": "部分檢修",
        "note": "",
        "recordTime": "2021-05-30 18:40",
        "mail": false
    },
    {
        "name": "星元#1",
        "type": "lng",
        "unitKey": "星元#1_lng",
        "diff_type": "status",
        "newVal": "break",
        "oldVal": "online",
        "note": "",
        "recordTime": "2021-05-30 21:30",
        "mail": true
    },
    {
        "name": "豐德#1",
        "type": "lng",
        "unitKey": "豐德#1_lng",
        "diff_type": "status",
        "newVal": "limit",
        "oldVal": "online",
        "note": "",
        "recordTime": "2021-05-30 22:00",
        "mail": true
    },
    {
        "name": "豐德#1",
        "type": "lng",
        "unitKey": "豐德#1_lng",
        "diff_type": "note",
        "newVal": "合約限制",
        "oldVal": "",
        "note": "",
        "recordTime": "2021-05-30 22:00",
        "mail": true
    },
    {
        "name": "海湖#1",
        "type": "lng",
        "unitKey": "海湖#1_lng",
        "diff_type": "status",
        "newVal": "limit",
        "oldVal": "online",
        "note": "",
        "recordTime": "2021-05-30 22:30",
        "mail": true
    },
    {
        "name": "海湖#1",
        "type": "lng",
        "unitKey": "海湖#1_lng",
        "diff_type": "note",
        "newVal": "合約限制",
        "oldVal": "",
        "note": "",
        "recordTime": "2021-05-30 22:30",
        "mail": true
    }
]