{
    "time": "2021-05-20 09:30",
    "info": [
        {
            "type": "nuclear",
            "name": "核二#1",
            "unit_id": "1",
            "mappingName": [
                "核二"
            ],
            "capacity": 985,
            "used": 853.9,
            "percent": 86.69,
            "gov": "1",
            "status": "online",
            "note": "燃料限制",
            "noteId": ""
        },
        {
            "type": "nuclear",
            "name": "核二#2",
            "unit_id": "2",
            "mappingName": [
                "核二"
            ],
            "capacity": 985,
            "used": 970.6,
            "percent": 98.54,
            "gov": "1",
            "status": "online",
            "note": "",
            "noteId": ""
        },
        {
            "type": "nuclear",
            "name": "核三#1",
            "unit_id": "1",
            "mappingName": [
                "核三"
            ],
            "capacity": 951,
            "used": 0,
            "percent": 0,
            "gov": "1",
            "status": "fix",
            "note": "歲修",
            "noteId": ""
        },
        {
            "type": "nuclear",
            "name": "核三#2",
            "unit_id": "2",
            "mappingName": [
                "核三"
            ],
            "capacity": 951,
            "used": 930.1,
            "percent": 97.8,
            "gov": "1",
            "status": "online",
            "note": "",
            "noteId": ""
        },
        {
            "type": "coal",
            "name": "林口#1",
            "unit_id": "1",
            "mappingName": [
                "林口"
            ],
            "capacity": 800,
            "used": 758,
            "percent": 94.75,
            "gov": "1",
            "status": "online",
            "note": "",
            "noteId": ""
        },
        {
            "type": "coal",
            "name": "林口#2",
            "unit_id": "2",
            "mappingName": [
                "林口"
            ],
            "capacity": 800,
            "used": 760.1,
            "percent": 95.01,
            "gov": "1",
            "status": "online",
            "note": "",
            "noteId": ""
        },
        {
            "type": "coal",
            "name": "林口#3",
            "unit_id": "3",
            "mappingName": [
                "林口"
            ],
            "capacity": 800,
            "used": 18.4,
            "percent": 2.3,
            "gov": "1",
            "status": "online",
            "note": "測試運轉",
            "noteId": ""
        },
        {
            "type": "coal",
            "name": "台中#1",
            "unit_id": "1",
            "mappingName": [
                "台中"
            ],
            "capacity": 550,
            "used": 505.4,
            "percent": 91.89,
            "gov": "1",
            "status": "online",
            "note": "運轉限制",
            "noteId": ""
        },
        {
            "type": "coal",
            "name": "台中#2",
            "unit_id": "2",
            "mappingName": [
                "台中"
            ],
            "capacity": 550,
            "used": 524,
            "percent": 95.27,
            "gov": "1",
            "status": "online",
            "note": "",
            "noteId": ""
        },
        {
            "type": "coal",
            "name": "台中#3",
            "unit_id": "3",
            "mappingName": [
                "台中"
            ],
            "capacity": 550,
            "used": 521.5,
            "percent": 94.82,
            "gov": "1",
            "status": "online",
            "note": "運轉限制",
            "noteId": ""
        },
        {
            "type": "coal",
            "name": "台中#4",
            "unit_id": "4",
            "mappingName": [
                "台中"
            ],
            "capacity": 550,
            "used": 509.3,
            "percent": 92.6,
            "gov": "1",
            "status": "online",
            "note": "",
            "noteId": ""
        },
        {
            "type": "coal",
            "name": "台中#5",
            "unit_id": "5",
            "mappingName": [
                "台中"
            ],
            "capacity": 550,
            "used": 537.8,
            "percent": 97.78,
            "gov": "1",
            "status": "online",
            "note": "",
            "noteId": ""
        },
        {
            "type": "coal",
            "name": "台中#6",
            "unit_id": "6",
            "mappingName": [
                "台中"
            ],
            "capacity": 550,
            "used": 524.7,
            "percent": 95.4,
            "gov": "1",
            "status": "online",
            "note": "",
            "noteId": ""
        },
        {
            "type": "coal",
            "name": "台中#7",
            "unit_id": "7",
            "mappingName": [
                "台中"
            ],
            "capacity": 550,
            "used": 522.9,
            "percent": 95.07,
            "gov": "1",
            "status": "online",
            "note": "",
            "noteId": ""
        },
        {
            "type": "coal",
            "name": "台中#8",
            "unit_id": "8",
            "mappingName": [
                "台中"
            ],
            "capacity": 550,
            "used": 532.6,
            "percent": 96.84,
            "gov": "1",
            "status": "online",
            "note": "",
            "noteId": ""
        },
        {
            "type": "coal",
            "name": "台中#9",
            "unit_id": "9",
            "mappingName": [
                "台中"
            ],
            "capacity": 550,
            "used": 0,
            "percent": 0,
            "gov": "1",
            "status": "fix",
            "note": "環保停機歲修",
            "noteId": ""
        },
        {
            "type": "coal",
            "name": "台中#10",
            "unit_id": "10",
            "mappingName": [
                "台中"
            ],
            "capacity": 550,
            "used": 520.6,
            "percent": 94.65,
            "gov": "1",
            "status": "online",
            "note": "",
            "noteId": ""
        },
        {
            "type": "coal",
            "name": "興達#1",
            "unit_id": "1",
            "mappingName": [
                "興達"
            ],
            "capacity": 500,
            "used": 483.4,
            "percent": 96.68,
            "gov": "1",
            "status": "online",
            "note": "",
            "noteId": "12"
        },
        {
            "type": "coal",
            "name": "興達#2",
            "unit_id": "2",
            "mappingName": [
                "興達"
            ],
            "capacity": 500,
            "used": 472.7,
            "percent": 94.54,
            "gov": "1",
            "status": "online",
            "note": "",
            "noteId": "12"
        },
        {
            "type": "coal",
            "name": "興達#3",
            "unit_id": "3",
            "mappingName": [
                "興達"
            ],
            "capacity": 550,
            "used": 515.2,
            "percent": 93.67,
            "gov": "1",
            "status": "online",
            "note": "",
            "noteId": "12"
        },
        {
            "type": "coal",
            "name": "興達#4",
            "unit_id": "4",
            "mappingName": [
                "興達"
            ],
            "capacity": 550,
            "used": 527.1,
            "percent": 95.84,
            "gov": "1",
            "status": "online",
            "note": "",
            "noteId": "12"
        },
        {
            "type": "coal",
            "name": "大林#1",
            "unit_id": "1",
            "mappingName": [
                "大林"
            ],
            "capacity": 800,
            "used": 760.1,
            "percent": 95.01,
            "gov": "1",
            "status": "online",
            "note": "",
            "noteId": ""
        },
        {
            "type": "coal",
            "name": "大林#2",
            "unit_id": "2",
            "mappingName": [
                "大林"
            ],
            "capacity": 800,
            "used": 763.4,
            "percent": 95.43,
            "gov": "1",
            "status": "online",
            "note": "",
            "noteId": ""
        },
        {
            "type": "co-gen",
            "name": "汽電共生",
            "unit_id": "",
            "mappingName": [
                "汽電共生"
            ],
            "capacity": 618,
            "used": 1145.8,
            "percent": 185.4,
            "gov": "1",
            "status": "online",
            "note": "",
            "noteId": ""
        },
        {
            "type": "coal",
            "name": "和平#1",
            "unit_id": "1",
            "mappingName": [
                "和平"
            ],
            "capacity": 648.6,
            "used": 607.6,
            "percent": 93.68,
            "gov": false,
            "status": "online",
            "note": "",
            "noteId": ""
        },
        {
            "type": "coal",
            "name": "和平#2",
            "unit_id": "2",
            "mappingName": [
                "和平"
            ],
            "capacity": 648.6,
            "used": 603.9,
            "percent": 93.11,
            "gov": false,
            "status": "online",
            "note": "",
            "noteId": ""
        },
        {
            "type": "coal",
            "name": "麥寮#1",
            "unit_id": "1",
            "mappingName": [
                "麥寮"
            ],
            "capacity": 600,
            "used": 572.4,
            "percent": 95.4,
            "gov": false,
            "status": "online",
            "note": "",
            "noteId": ""
        },
        {
            "type": "coal",
            "name": "麥寮#2",
            "unit_id": "2",
            "mappingName": [
                "麥寮"
            ],
            "capacity": 600,
            "used": 566.3,
            "percent": 94.38,
            "gov": false,
            "status": "online",
            "note": "",
            "noteId": ""
        },
        {
            "type": "coal",
            "name": "麥寮#3",
            "unit_id": "3",
            "mappingName": [
                "麥寮"
            ],
            "capacity": 600,
            "used": 427.6,
            "percent": 71.27,
            "gov": false,
            "status": "online",
            "note": "運轉限制",
            "noteId": ""
        },
        {
            "type": "lng",
            "name": "大潭CC#1",
            "unit_id": "1",
            "mappingName": [
                "大潭"
            ],
            "capacity": 742.7,
            "used": 723.1,
            "percent": 97.36,
            "gov": "1",
            "status": "online",
            "note": "",
            "noteId": ""
        },
        {
            "type": "lng",
            "name": "大潭CC#2",
            "unit_id": "2",
            "mappingName": [
                "大潭"
            ],
            "capacity": 742.7,
            "used": 740.9,
            "percent": 99.76,
            "gov": "1",
            "status": "online",
            "note": "",
            "noteId": ""
        },
        {
            "type": "lng",
            "name": "大潭CC#3",
            "unit_id": "3",
            "mappingName": [
                "大潭"
            ],
            "capacity": 724.7,
            "used": 600.4,
            "percent": 82.85,
            "gov": "1",
            "status": "online",
            "note": "",
            "noteId": ""
        },
        {
            "type": "lng",
            "name": "大潭CC#4",
            "unit_id": "4",
            "mappingName": [
                "大潭"
            ],
            "capacity": 724.7,
            "used": 661.3,
            "percent": 91.25,
            "gov": "1",
            "status": "online",
            "note": "",
            "noteId": ""
        },
        {
            "type": "lng",
            "name": "大潭CC#5",
            "unit_id": "5",
            "mappingName": [
                "大潭"
            ],
            "capacity": 724.7,
            "used": 609.7,
            "percent": 84.13,
            "gov": "1",
            "status": "online",
            "note": "",
            "noteId": ""
        },
        {
            "type": "lng",
            "name": "大潭CC#6",
            "unit_id": "6",
            "mappingName": [
                "大潭"
            ],
            "capacity": 724.7,
            "used": 0,
            "percent": 0,
            "gov": "1",
            "status": "fix",
            "note": "歲修",
            "noteId": ""
        },
        {
            "type": "lng",
            "name": "大潭CC#7",
            "unit_id": "7",
            "mappingName": [
                "大潭"
            ],
            "capacity": 600,
            "used": 238.7,
            "percent": 39.78,
            "gov": "1",
            "status": "online",
            "note": "部分檢修",
            "noteId": ""
        },
        {
            "type": "lng",
            "name": "通霄CC#1",
            "unit_id": "1",
            "mappingName": [
                "通霄"
            ],
            "capacity": 892.6,
            "used": 873.2,
            "percent": 97.83,
            "gov": "1",
            "status": "online",
            "note": "",
            "noteId": ""
        },
        {
            "type": "lng",
            "name": "通霄CC#2",
            "unit_id": "2",
            "mappingName": [
                "通霄"
            ],
            "capacity": 892.6,
            "used": 864,
            "percent": 96.8,
            "gov": "1",
            "status": "online",
            "note": "",
            "noteId": ""
        },
        {
            "type": "lng",
            "name": "通霄CC#3",
            "unit_id": "3",
            "mappingName": [
                "通霄"
            ],
            "capacity": 892.6,
            "used": 864.7,
            "percent": 96.87,
            "gov": "1",
            "status": "online",
            "note": "",
            "noteId": ""
        },
        {
            "type": "lng",
            "name": "通霄CC#4",
            "unit_id": "4",
            "mappingName": [
                "通霄"
            ],
            "capacity": 386,
            "used": 306.3,
            "percent": 79.35,
            "gov": "1",
            "status": "online",
            "note": "",
            "noteId": ""
        },
        {
            "type": "lng",
            "name": "通霄CC#5",
            "unit_id": "5",
            "mappingName": [
                "通霄"
            ],
            "capacity": 386,
            "used": 305.2,
            "percent": 79.07,
            "gov": "1",
            "status": "online",
            "note": "",
            "noteId": ""
        },
        {
            "type": "lng",
            "name": "通霄CC#6",
            "unit_id": "6",
            "mappingName": [
                "通霄"
            ],
            "capacity": 321.2,
            "used": 342.6,
            "percent": 106.66,
            "gov": "1",
            "status": "online",
            "note": "",
            "noteId": ""
        },
        {
            "type": "lng",
            "name": "興達CC#1",
            "unit_id": "1",
            "mappingName": [
                "興達"
            ],
            "capacity": 445.2,
            "used": 295.9,
            "percent": 66.46,
            "gov": "1",
            "status": "online",
            "note": "",
            "noteId": ""
        },
        {
            "type": "lng",
            "name": "興達CC#2",
            "unit_id": "2",
            "mappingName": [
                "興達"
            ],
            "capacity": 445.2,
            "used": 0,
            "percent": 0,
            "gov": "1",
            "status": "fix",
            "note": "歲修",
            "noteId": ""
        },
        {
            "type": "lng",
            "name": "興達CC#3",
            "unit_id": "3",
            "mappingName": [
                "興達"
            ],
            "capacity": 445.2,
            "used": 314.5,
            "percent": 70.64,
            "gov": "1",
            "status": "online",
            "note": "",
            "noteId": ""
        },
        {
            "type": "lng",
            "name": "興達CC#4",
            "unit_id": "4",
            "mappingName": [
                "興達"
            ],
            "capacity": 445.2,
            "used": 208.4,
            "percent": 46.81,
            "gov": "1",
            "status": "online",
            "note": "部分檢修",
            "noteId": ""
        },
        {
            "type": "lng",
            "name": "興達CC#5",
            "unit_id": "5",
            "mappingName": [
                "興達"
            ],
            "capacity": 445.2,
            "used": 323.6,
            "percent": 72.69,
            "gov": "1",
            "status": "online",
            "note": "",
            "noteId": ""
        },
        {
            "type": "lng",
            "name": "南部CC#1",
            "unit_id": "1",
            "mappingName": [
                "南部"
            ],
            "capacity": 288.8,
            "used": 230.1,
            "percent": 79.67,
            "gov": "1",
            "status": "online",
            "note": "",
            "noteId": ""
        },
        {
            "type": "lng",
            "name": "南部CC#2",
            "unit_id": "2",
            "mappingName": [
                "南部"
            ],
            "capacity": 288.8,
            "used": 205.7,
            "percent": 71.23,
            "gov": "1",
            "status": "online",
            "note": "",
            "noteId": ""
        },
        {
            "type": "lng",
            "name": "南部CC#3",
            "unit_id": "3",
            "mappingName": [
                "南部"
            ],
            "capacity": 288.8,
            "used": 207.7,
            "percent": 71.92,
            "gov": "1",
            "status": "online",
            "note": "",
            "noteId": ""
        },
        {
            "type": "lng",
            "name": "南部CC#4",
            "unit_id": "4",
            "mappingName": [
                "南部"
            ],
            "capacity": 251.4,
            "used": 159.2,
            "percent": 63.33,
            "gov": "1",
            "status": "online",
            "note": "",
            "noteId": ""
        },
        {
            "type": "lng",
            "name": "大林#5",
            "unit_id": "5",
            "mappingName": [
                "大林"
            ],
            "capacity": 500,
            "used": 443.9,
            "percent": 88.78,
            "gov": "1",
            "status": "online",
            "note": "運轉限制",
            "noteId": ""
        },
        {
            "type": "lng",
            "name": "大林#6",
            "unit_id": "6",
            "mappingName": [
                "大林"
            ],
            "capacity": 550,
            "used": 0,
            "percent": 0,
            "gov": "1",
            "status": "fix",
            "note": "歲修",
            "noteId": ""
        },
        {
            "type": "lng",
            "name": "海湖#1",
            "unit_id": "1",
            "mappingName": [
                "海湖"
            ],
            "capacity": 450,
            "used": 445.8,
            "percent": 99.07,
            "gov": false,
            "status": "online",
            "note": "",
            "noteId": ""
        },
        {
            "type": "lng",
            "name": "海湖#2",
            "unit_id": "2",
            "mappingName": [
                "海湖"
            ],
            "capacity": 450,
            "used": 449.4,
            "percent": 99.87,
            "gov": false,
            "status": "online",
            "note": "",
            "noteId": ""
        },
        {
            "type": "lng",
            "name": "新桃#1",
            "unit_id": "1",
            "mappingName": [
                "新桃"
            ],
            "capacity": 600,
            "used": 649.8,
            "percent": 108.3,
            "gov": false,
            "status": "online",
            "note": "",
            "noteId": ""
        },
        {
            "type": "lng",
            "name": "國光#1",
            "unit_id": "1",
            "mappingName": [
                "國光"
            ],
            "capacity": 480,
            "used": 451.8,
            "percent": 94.13,
            "gov": false,
            "status": "online",
            "note": "",
            "noteId": ""
        },
        {
            "type": "lng",
            "name": "星彰#1",
            "unit_id": "1",
            "mappingName": [
                "星彰"
            ],
            "capacity": 506.9,
            "used": 485.1,
            "percent": 95.7,
            "gov": false,
            "status": "online",
            "note": "",
            "noteId": ""
        },
        {
            "type": "lng",
            "name": "星元#1",
            "unit_id": "1",
            "mappingName": [
                "星元"
            ],
            "capacity": 490,
            "used": 251.7,
            "percent": 51.37,
            "gov": false,
            "status": "online",
            "note": "部分故障",
            "noteId": ""
        },
        {
            "type": "lng",
            "name": "嘉惠#1",
            "unit_id": "1",
            "mappingName": [
                "嘉惠"
            ],
            "capacity": 670,
            "used": 688,
            "percent": 102.69,
            "gov": false,
            "status": "online",
            "note": "",
            "noteId": ""
        },
        {
            "type": "lng",
            "name": "嘉惠#2",
            "unit_id": "2",
            "mappingName": [
                "嘉惠"
            ],
            "capacity": 0,
            "used": 50.9,
            "percent": 0,
            "gov": false,
            "status": "online",
            "note": "測試運轉",
            "noteId": "10"
        },
        {
            "type": "lng",
            "name": "豐德#1",
            "unit_id": "1",
            "mappingName": [
                "豐德"
            ],
            "capacity": 506.9,
            "used": 448.3,
            "percent": 88.44,
            "gov": false,
            "status": "online",
            "note": "",
            "noteId": ""
        },
        {
            "type": "lng",
            "name": "豐德#2",
            "unit_id": "2",
            "mappingName": [
                "豐德"
            ],
            "capacity": 506.9,
            "used": 384.6,
            "percent": 75.87,
            "gov": false,
            "status": "online",
            "note": "",
            "noteId": ""
        },
        {
            "type": "oil",
            "name": "協和#3",
            "unit_id": "3",
            "mappingName": [
                "協和"
            ],
            "capacity": 500,
            "used": 350,
            "percent": 70,
            "gov": "1",
            "status": "online",
            "note": "",
            "noteId": ""
        },
        {
            "type": "oil",
            "name": "協和#4",
            "unit_id": "4",
            "mappingName": [
                "協和"
            ],
            "capacity": 500,
            "used": 0,
            "percent": 0,
            "gov": "1",
            "status": "fix",
            "note": "歲修",
            "noteId": ""
        },
        {
            "type": "diesel",
            "name": "核二Gas1",
            "unit_id": "",
            "mappingName": [
                "核二"
            ],
            "capacity": 0,
            "used": 40.5,
            "percent": 0,
            "gov": "1",
            "status": "online",
            "note": "",
            "noteId": ""
        },
        {
            "type": "diesel",
            "name": "核二Gas2",
            "unit_id": "",
            "mappingName": [
                "核二"
            ],
            "capacity": 0,
            "used": 41,
            "percent": 0,
            "gov": "1",
            "status": "online",
            "note": "",
            "noteId": ""
        },
        {
            "type": "diesel",
            "name": "核三Gas1",
            "unit_id": "",
            "mappingName": [
                "核三"
            ],
            "capacity": 0,
            "used": 37.9,
            "percent": 0,
            "gov": "1",
            "status": "online",
            "note": "",
            "noteId": ""
        },
        {
            "type": "diesel",
            "name": "核三Gas2",
            "unit_id": "",
            "mappingName": [
                "核三"
            ],
            "capacity": 0,
            "used": 36,
            "percent": 0,
            "gov": "1",
            "status": "online",
            "note": "",
            "noteId": ""
        },
        {
            "type": "diesel",
            "name": "台中Gas1&2",
            "unit_id": "",
            "mappingName": [
                "台中&2"
            ],
            "capacity": 140,
            "used": 110.5,
            "percent": 78.93,
            "gov": "1",
            "status": "online",
            "note": "",
            "noteId": ""
        },
        {
            "type": "diesel",
            "name": "台中Gas3&4",
            "unit_id": "",
            "mappingName": [
                "台中"
            ],
            "capacity": 140,
            "used": 111.6,
            "percent": 79.71,
            "gov": "1",
            "status": "online",
            "note": "",
            "noteId": ""
        },
        {
            "type": "diesel",
            "name": "澎湖尖山",
            "unit_id": "",
            "mappingName": [
                "澎湖尖山"
            ],
            "capacity": 129.8,
            "used": 55.5,
            "percent": 42.76,
            "gov": "1",
            "status": "online",
            "note": "",
            "noteId": "4"
        },
        {
            "type": "diesel",
            "name": "金門塔山",
            "unit_id": "",
            "mappingName": [
                "金門塔山"
            ],
            "capacity": 113.3,
            "used": 41.6,
            "percent": 36.72,
            "gov": "1",
            "status": "online",
            "note": "",
            "noteId": "4"
        },
        {
            "type": "diesel",
            "name": "馬祖珠山",
            "unit_id": "",
            "mappingName": [
                "馬祖珠山"
            ],
            "capacity": 28.6,
            "used": 7.4,
            "percent": 25.87,
            "gov": "1",
            "status": "online",
            "note": "",
            "noteId": "4"
        },
        {
            "type": "diesel",
            "name": "離島其他",
            "unit_id": "",
            "mappingName": [
                "離島其他"
            ],
            "capacity": 42.7,
            "used": 0,
            "percent": 0,
            "gov": "1",
            "status": "online",
            "note": "",
            "noteId": "4"
        },
        {
            "type": "hydro",
            "name": "德基#1",
            "unit_id": "1",
            "mappingName": [
                "德基"
            ],
            "capacity": 78,
            "used": 0,
            "percent": 0,
            "gov": "1",
            "status": "online",
            "note": "",
            "noteId": ""
        },
        {
            "type": "hydro",
            "name": "德基#2",
            "unit_id": "2",
            "mappingName": [
                "德基"
            ],
            "capacity": 78,
            "used": 0,
            "percent": 0,
            "gov": "1",
            "status": "online",
            "note": "",
            "noteId": ""
        },
        {
            "type": "hydro",
            "name": "德基#3",
            "unit_id": "3",
            "mappingName": [
                "德基"
            ],
            "capacity": 78,
            "used": 0,
            "percent": 0,
            "gov": "1",
            "status": "online",
            "note": "",
            "noteId": ""
        },
        {
            "type": "hydro",
            "name": "青山#1",
            "unit_id": "1",
            "mappingName": [
                "青山"
            ],
            "capacity": 92,
            "used": 0,
            "percent": 0,
            "gov": "1",
            "status": "online",
            "note": "",
            "noteId": ""
        },
        {
            "type": "hydro",
            "name": "青山#2",
            "unit_id": "2",
            "mappingName": [
                "青山"
            ],
            "capacity": 92,
            "used": 0,
            "percent": 0,
            "gov": "1",
            "status": "online",
            "note": "",
            "noteId": ""
        },
        {
            "type": "hydro",
            "name": "青山#3",
            "unit_id": "3",
            "mappingName": [
                "青山"
            ],
            "capacity": 92,
            "used": 5.7,
            "percent": 6.2,
            "gov": "1",
            "status": "online",
            "note": "",
            "noteId": ""
        },
        {
            "type": "hydro",
            "name": "青山#4",
            "unit_id": "4",
            "mappingName": [
                "青山"
            ],
            "capacity": 92,
            "used": 5.6,
            "percent": 6.09,
            "gov": "1",
            "status": "online",
            "note": "",
            "noteId": ""
        },
        {
            "type": "hydro",
            "name": "谷關#1",
            "unit_id": "1",
            "mappingName": [
                "谷關"
            ],
            "capacity": 54.4,
            "used": 12.1,
            "percent": 22.24,
            "gov": "1",
            "status": "online",
            "note": "",
            "noteId": ""
        },
        {
            "type": "hydro",
            "name": "谷關#2",
            "unit_id": "2",
            "mappingName": [
                "谷關"
            ],
            "capacity": 54.4,
            "used": 0,
            "percent": 0,
            "gov": "1",
            "status": "online",
            "note": "",
            "noteId": ""
        },
        {
            "type": "hydro",
            "name": "谷關#3",
            "unit_id": "3",
            "mappingName": [
                "谷關"
            ],
            "capacity": 54.4,
            "used": 0,
            "percent": 0,
            "gov": "1",
            "status": "fix",
            "note": "歲修",
            "noteId": ""
        },
        {
            "type": "hydro",
            "name": "谷關#4",
            "unit_id": "4",
            "mappingName": [
                "谷關"
            ],
            "capacity": 54.4,
            "used": 0,
            "percent": 0,
            "gov": "1",
            "status": "online",
            "note": "",
            "noteId": ""
        },
        {
            "type": "hydro",
            "name": "天輪#1",
            "unit_id": "1",
            "mappingName": [
                "天輪"
            ],
            "capacity": 22.5,
            "used": 15.3,
            "percent": 68,
            "gov": "1",
            "status": "online",
            "note": "",
            "noteId": ""
        },
        {
            "type": "hydro",
            "name": "天輪#2",
            "unit_id": "2",
            "mappingName": [
                "天輪"
            ],
            "capacity": 22.5,
            "used": 0,
            "percent": 0,
            "gov": "1",
            "status": "online",
            "note": "",
            "noteId": ""
        },
        {
            "type": "hydro",
            "name": "天輪#3",
            "unit_id": "3",
            "mappingName": [
                "天輪"
            ],
            "capacity": 22.5,
            "used": 0,
            "percent": 0,
            "gov": "1",
            "status": "fix",
            "note": "歲修",
            "noteId": ""
        },
        {
            "type": "hydro",
            "name": "天輪#4",
            "unit_id": "4",
            "mappingName": [
                "天輪"
            ],
            "capacity": 22.5,
            "used": 0,
            "percent": 0,
            "gov": "1",
            "status": "online",
            "note": "",
            "noteId": ""
        },
        {
            "type": "hydro",
            "name": "天輪#5",
            "unit_id": "5",
            "mappingName": [
                "天輪"
            ],
            "capacity": 105,
            "used": 0,
            "percent": 0,
            "gov": "1",
            "status": "fix",
            "note": "檢修",
            "noteId": ""
        },
        {
            "type": "hydro",
            "name": "馬鞍#1",
            "unit_id": "1",
            "mappingName": [
                "馬鞍"
            ],
            "capacity": 66.7,
            "used": 10,
            "percent": 14.99,
            "gov": "1",
            "status": "online",
            "note": "",
            "noteId": ""
        },
        {
            "type": "hydro",
            "name": "馬鞍#2",
            "unit_id": "2",
            "mappingName": [
                "馬鞍"
            ],
            "capacity": 66.7,
            "used": 0,
            "percent": 0,
            "gov": "1",
            "status": "online",
            "note": "",
            "noteId": ""
        },
        {
            "type": "hydro",
            "name": "卓蘭#1",
            "unit_id": "1",
            "mappingName": [
                "卓蘭"
            ],
            "capacity": 40,
            "used": 0,
            "percent": 0,
            "gov": "1",
            "status": "online",
            "note": "",
            "noteId": ""
        },
        {
            "type": "hydro",
            "name": "卓蘭#2",
            "unit_id": "2",
            "mappingName": [
                "卓蘭"
            ],
            "capacity": 40,
            "used": 0,
            "percent": 0,
            "gov": "1",
            "status": "online",
            "note": "",
            "noteId": ""
        },
        {
            "type": "hydro",
            "name": "萬大#1",
            "unit_id": "1",
            "mappingName": [
                "萬大"
            ],
            "capacity": 10.4,
            "used": 0,
            "percent": 0,
            "gov": "1",
            "status": "online",
            "note": "",
            "noteId": ""
        },
        {
            "type": "hydro",
            "name": "萬大#2",
            "unit_id": "2",
            "mappingName": [
                "萬大"
            ],
            "capacity": 10.4,
            "used": 0,
            "percent": 0,
            "gov": "1",
            "status": "online",
            "note": "",
            "noteId": ""
        },
        {
            "type": "hydro",
            "name": "萬大#3",
            "unit_id": "3",
            "mappingName": [
                "萬大"
            ],
            "capacity": 15.3,
            "used": 0,
            "percent": 0,
            "gov": "1",
            "status": "online",
            "note": "",
            "noteId": ""
        },
        {
            "type": "hydro",
            "name": "萬大#4",
            "unit_id": "4",
            "mappingName": [
                "萬大"
            ],
            "capacity": 19.7,
            "used": 0,
            "percent": 0,
            "gov": "1",
            "status": "online",
            "note": "",
            "noteId": ""
        },
        {
            "type": "hydro",
            "name": "松林#1&2",
            "unit_id": "1",
            "mappingName": [
                "松林"
            ],
            "capacity": 20.9,
            "used": 0,
            "percent": 0,
            "gov": "1",
            "status": "online",
            "note": "",
            "noteId": ""
        },
        {
            "type": "hydro",
            "name": "大觀一#1",
            "unit_id": "1",
            "mappingName": [
                "大觀一"
            ],
            "capacity": 22,
            "used": 7.3,
            "percent": 33.18,
            "gov": "1",
            "status": "online",
            "note": "",
            "noteId": ""
        },
        {
            "type": "hydro",
            "name": "大觀一#2",
            "unit_id": "2",
            "mappingName": [
                "大觀一"
            ],
            "capacity": 22,
            "used": 9.4,
            "percent": 42.73,
            "gov": "1",
            "status": "online",
            "note": "",
            "noteId": ""
        },
        {
            "type": "hydro",
            "name": "大觀一#3",
            "unit_id": "3",
            "mappingName": [
                "大觀一"
            ],
            "capacity": 22,
            "used": 9.3,
            "percent": 42.27,
            "gov": "1",
            "status": "online",
            "note": "",
            "noteId": ""
        },
        {
            "type": "hydro",
            "name": "大觀一#4",
            "unit_id": "4",
            "mappingName": [
                "大觀一"
            ],
            "capacity": 22,
            "used": 6.9,
            "percent": 31.36,
            "gov": "1",
            "status": "online",
            "note": "",
            "noteId": ""
        },
        {
            "type": "hydro",
            "name": "大觀一#5",
            "unit_id": "5",
            "mappingName": [
                "大觀一"
            ],
            "capacity": 22,
            "used": 0,
            "percent": 0,
            "gov": "1",
            "status": "fix",
            "note": "檢修",
            "noteId": ""
        },
        {
            "type": "hydro",
            "name": "鉅工#1",
            "unit_id": "1",
            "mappingName": [
                "鉅工"
            ],
            "capacity": 21.8,
            "used": 0,
            "percent": 0,
            "gov": "1",
            "status": "fix",
            "note": "歲修",
            "noteId": ""
        },
        {
            "type": "hydro",
            "name": "鉅工#2",
            "unit_id": "2",
            "mappingName": [
                "鉅工"
            ],
            "capacity": 21.8,
            "used": 9.5,
            "percent": 43.58,
            "gov": "1",
            "status": "online",
            "note": "",
            "noteId": ""
        },
        {
            "type": "hydro",
            "name": "水里#1",
            "unit_id": "1",
            "mappingName": [
                "水里"
            ],
            "capacity": 12.8,
            "used": 0,
            "percent": 0,
            "gov": "1",
            "status": "online",
            "note": "",
            "noteId": ""
        },
        {
            "type": "hydro",
            "name": "立霧#1&#2",
            "unit_id": "2",
            "mappingName": [
                "立霧#1&amp;"
            ],
            "capacity": 32,
            "used": 7,
            "percent": 21.88,
            "gov": "1",
            "status": "online",
            "note": "",
            "noteId": ""
        },
        {
            "type": "hydro",
            "name": "龍澗#1",
            "unit_id": "1",
            "mappingName": [
                "龍澗"
            ],
            "capacity": 48.6,
            "used": 10,
            "percent": 20.58,
            "gov": "1",
            "status": "online",
            "note": "",
            "noteId": ""
        },
        {
            "type": "hydro",
            "name": "龍澗#2",
            "unit_id": "2",
            "mappingName": [
                "龍澗"
            ],
            "capacity": 48.6,
            "used": 0,
            "percent": 0,
            "gov": "1",
            "status": "online",
            "note": "",
            "noteId": ""
        },
        {
            "type": "hydro",
            "name": "碧海",
            "unit_id": "",
            "mappingName": [
                "碧海"
            ],
            "capacity": 61.2,
            "used": 5.5,
            "percent": 8.99,
            "gov": "1",
            "status": "online",
            "note": "",
            "noteId": ""
        },
        {
            "type": "hydro",
            "name": "烏來&桂山&粗坑",
            "unit_id": "",
            "mappingName": [
                "烏來&桂山&粗坑"
            ],
            "capacity": 40.5,
            "used": 8.6,
            "percent": 21.23,
            "gov": "1",
            "status": "online",
            "note": "",
            "noteId": ""
        },
        {
            "type": "hydro",
            "name": "北部小水力",
            "unit_id": "",
            "mappingName": [
                "北部小水力"
            ],
            "capacity": 26.6,
            "used": 0,
            "percent": 0,
            "gov": "1",
            "status": "online",
            "note": "",
            "noteId": "6"
        },
        {
            "type": "hydro",
            "name": "中部小水力",
            "unit_id": "",
            "mappingName": [
                "中部小水力"
            ],
            "capacity": 9.8,
            "used": 0,
            "percent": 0,
            "gov": "1",
            "status": "online",
            "note": "",
            "noteId": "6"
        },
        {
            "type": "hydro",
            "name": "南部小水力",
            "unit_id": "",
            "mappingName": [
                "南部小水力"
            ],
            "capacity": 7.2,
            "used": 0,
            "percent": 0,
            "gov": "1",
            "status": "online",
            "note": "",
            "noteId": "6"
        },
        {
            "type": "hydro",
            "name": "東部小水力",
            "unit_id": "",
            "mappingName": [
                "東部小水力"
            ],
            "capacity": 54.6,
            "used": 16,
            "percent": 29.3,
            "gov": "1",
            "status": "online",
            "note": "",
            "noteId": "6"
        },
        {
            "type": "hydro",
            "name": "翡翠#1",
            "unit_id": "1",
            "mappingName": [
                "翡翠"
            ],
            "capacity": 70,
            "used": 0,
            "percent": 0,
            "gov": "1",
            "status": "online",
            "note": "",
            "noteId": ""
        },
        {
            "type": "hydro",
            "name": "石門#1",
            "unit_id": "1",
            "mappingName": [
                "石門"
            ],
            "capacity": 45,
            "used": 0,
            "percent": 0,
            "gov": "1",
            "status": "online",
            "note": "",
            "noteId": ""
        },
        {
            "type": "hydro",
            "name": "石門#2",
            "unit_id": "2",
            "mappingName": [
                "石門"
            ],
            "capacity": 45,
            "used": 0,
            "percent": 0,
            "gov": "1",
            "status": "online",
            "note": "",
            "noteId": ""
        },
        {
            "type": "hydro",
            "name": "曾文#1",
            "unit_id": "1",
            "mappingName": [
                "曾文"
            ],
            "capacity": 50,
            "used": 0,
            "percent": 0,
            "gov": "1",
            "status": "online",
            "note": "",
            "noteId": ""
        },
        {
            "type": "hydro",
            "name": "義興#1",
            "unit_id": "1",
            "mappingName": [
                "義興"
            ],
            "capacity": 40,
            "used": 0,
            "percent": 0,
            "gov": "1",
            "status": "online",
            "note": "",
            "noteId": ""
        },
        {
            "type": "hydro",
            "name": "名間",
            "unit_id": "",
            "mappingName": [
                "名間"
            ],
            "capacity": 16.7,
            "used": 0,
            "percent": 0,
            "gov": "1",
            "status": "online",
            "note": "",
            "noteId": ""
        },
        {
            "type": "hydro",
            "name": "嘉南西口、烏山頭和八田",
            "unit_id": "",
            "mappingName": [
                "嘉南西口、烏山頭和八田"
            ],
            "capacity": 22.5,
            "used": 0.2,
            "percent": 0.89,
            "gov": "1",
            "status": "online",
            "note": "",
            "noteId": ""
        },
        {
            "type": "hydro",
            "name": "后里示範",
            "unit_id": "",
            "mappingName": [
                "后里示範"
            ],
            "capacity": 0.1,
            "used": 0,
            "percent": 0,
            "gov": "1",
            "status": "online",
            "note": "",
            "noteId": ""
        },
        {
            "type": "hydro",
            "name": "卑南",
            "unit_id": "",
            "mappingName": [
                "卑南"
            ],
            "capacity": 2,
            "used": 0.7,
            "percent": 35,
            "gov": "1",
            "status": "online",
            "note": "",
            "noteId": ""
        },
        {
            "type": "hydro",
            "name": "捷祥關山",
            "unit_id": "",
            "mappingName": [
                "捷祥關山"
            ],
            "capacity": 1,
            "used": 0,
            "percent": 0,
            "gov": "1",
            "status": "online",
            "note": "",
            "noteId": ""
        },
        {
            "type": "wind",
            "name": "石門",
            "unit_id": "",
            "mappingName": [
                "石門"
            ],
            "capacity": 4,
            "used": 0,
            "percent": 0,
            "gov": "1",
            "status": "online",
            "note": "",
            "noteId": ""
        },
        {
            "type": "wind",
            "name": "林口",
            "unit_id": "",
            "mappingName": [
                "林口"
            ],
            "capacity": 6,
            "used": 0,
            "percent": 0,
            "gov": "1",
            "status": "online",
            "note": "",
            "noteId": ""
        },
        {
            "type": "wind",
            "name": "蘆竹",
            "unit_id": "",
            "mappingName": [
                "蘆竹"
            ],
            "capacity": 7.2,
            "used": 0.3,
            "percent": 4.17,
            "gov": "1",
            "status": "online",
            "note": "",
            "noteId": ""
        },
        {
            "type": "wind",
            "name": "大潭",
            "unit_id": "",
            "mappingName": [
                "大潭"
            ],
            "capacity": 15.1,
            "used": 10.3,
            "percent": 68.21,
            "gov": "1",
            "status": "online",
            "note": "",
            "noteId": ""
        },
        {
            "type": "wind",
            "name": "觀園",
            "unit_id": "",
            "mappingName": [
                "觀園"
            ],
            "capacity": 30,
            "used": 11,
            "percent": 36.67,
            "gov": "1",
            "status": "online",
            "note": "",
            "noteId": ""
        },
        {
            "type": "wind",
            "name": "香山",
            "unit_id": "",
            "mappingName": [
                "香山"
            ],
            "capacity": 12,
            "used": 6.2,
            "percent": 51.67,
            "gov": "1",
            "status": "online",
            "note": "",
            "noteId": ""
        },
        {
            "type": "wind",
            "name": "台中",
            "unit_id": "",
            "mappingName": [
                "台中"
            ],
            "capacity": 6,
            "used": 0,
            "percent": 0,
            "gov": "1",
            "status": "online",
            "note": "",
            "noteId": ""
        },
        {
            "type": "wind",
            "name": "台中港",
            "unit_id": "",
            "mappingName": [
                "台中港"
            ],
            "capacity": 36,
            "used": 8.7,
            "percent": 24.17,
            "gov": "1",
            "status": "online",
            "note": "",
            "noteId": ""
        },
        {
            "type": "wind",
            "name": "王功",
            "unit_id": "",
            "mappingName": [
                "王功"
            ],
            "capacity": 23,
            "used": 6.7,
            "percent": 29.13,
            "gov": "1",
            "status": "online",
            "note": "",
            "noteId": ""
        },
        {
            "type": "wind",
            "name": "彰工",
            "unit_id": "",
            "mappingName": [
                "彰工"
            ],
            "capacity": 71.2,
            "used": 24.1,
            "percent": 33.85,
            "gov": "1",
            "status": "online",
            "note": "",
            "noteId": ""
        },
        {
            "type": "wind",
            "name": "永興",
            "unit_id": "",
            "mappingName": [
                "永興"
            ],
            "capacity": 9.2,
            "used": 4.4,
            "percent": 47.83,
            "gov": "1",
            "status": "online",
            "note": "",
            "noteId": ""
        },
        {
            "type": "wind",
            "name": "離岸一期",
            "unit_id": "",
            "mappingName": [
                "離岸一期"
            ],
            "capacity": 0,
            "used": 3.6,
            "percent": 0,
            "gov": "1",
            "status": "online",
            "note": "",
            "noteId": "10"
        },
        {
            "type": "wind",
            "name": "雲麥",
            "unit_id": "",
            "mappingName": [
                "雲麥"
            ],
            "capacity": 46,
            "used": 19.1,
            "percent": 41.52,
            "gov": "1",
            "status": "online",
            "note": "",
            "noteId": ""
        },
        {
            "type": "wind",
            "name": "四湖",
            "unit_id": "",
            "mappingName": [
                "四湖"
            ],
            "capacity": 28,
            "used": 13.5,
            "percent": 48.21,
            "gov": "1",
            "status": "online",
            "note": "",
            "noteId": ""
        },
        {
            "type": "wind",
            "name": "恆春",
            "unit_id": "",
            "mappingName": [
                "恆春"
            ],
            "capacity": 4.5,
            "used": 0.2,
            "percent": 4.44,
            "gov": "1",
            "status": "online",
            "note": "",
            "noteId": ""
        },
        {
            "type": "wind",
            "name": "澎湖中屯",
            "unit_id": "",
            "mappingName": [
                "澎湖中屯"
            ],
            "capacity": 4.8,
            "used": 0.2,
            "percent": 4.17,
            "gov": "1",
            "status": "online",
            "note": "",
            "noteId": ""
        },
        {
            "type": "wind",
            "name": "金門金沙",
            "unit_id": "",
            "mappingName": [
                "金門金沙"
            ],
            "capacity": 4,
            "used": 0,
            "percent": 0,
            "gov": "1",
            "status": "",
            "note": "通訊中斷",
            "noteId": ""
        },
        {
            "type": "wind",
            "name": "澎湖湖西",
            "unit_id": "",
            "mappingName": [
                "澎湖湖西"
            ],
            "capacity": 5.4,
            "used": 0.1,
            "percent": 1.85,
            "gov": "1",
            "status": "online",
            "note": "",
            "noteId": ""
        },
        {
            "type": "wind",
            "name": "苗栗竹南",
            "unit_id": "",
            "mappingName": [
                "苗栗竹南"
            ],
            "capacity": 7.8,
            "used": 8.3,
            "percent": 106.41,
            "gov": "1",
            "status": "online",
            "note": "",
            "noteId": ""
        },
        {
            "type": "wind",
            "name": "苗栗大鵬",
            "unit_id": "",
            "mappingName": [
                "苗栗大鵬"
            ],
            "capacity": 42,
            "used": 16.2,
            "percent": 38.57,
            "gov": "1",
            "status": "online",
            "note": "",
            "noteId": ""
        },
        {
            "type": "wind",
            "name": "鹿威彰濱",
            "unit_id": "",
            "mappingName": [
                "鹿威彰濱"
            ],
            "capacity": 55.2,
            "used": 15.4,
            "percent": 27.9,
            "gov": "1",
            "status": "online",
            "note": "",
            "noteId": ""
        },
        {
            "type": "wind",
            "name": "鹿威鹿港",
            "unit_id": "",
            "mappingName": [
                "鹿威鹿港"
            ],
            "capacity": 41.4,
            "used": 5.9,
            "percent": 14.25,
            "gov": "1",
            "status": "online",
            "note": "",
            "noteId": ""
        },
        {
            "type": "wind",
            "name": "觀威觀音&桃威新屋",
            "unit_id": "",
            "mappingName": [
                "觀威觀音&桃威新屋"
            ],
            "capacity": 48.3,
            "used": 20.7,
            "percent": 42.86,
            "gov": "1",
            "status": "online",
            "note": "",
            "noteId": ""
        },
        {
            "type": "wind",
            "name": "中威大安",
            "unit_id": "",
            "mappingName": [
                "中威大安"
            ],
            "capacity": 75.9,
            "used": 21.1,
            "percent": 27.8,
            "gov": "1",
            "status": "online",
            "note": "",
            "noteId": ""
        },
        {
            "type": "wind",
            "name": "崎威崎頂",
            "unit_id": "",
            "mappingName": [
                "崎威崎頂"
            ],
            "capacity": 6.9,
            "used": 3,
            "percent": 43.48,
            "gov": "1",
            "status": "online",
            "note": "",
            "noteId": ""
        },
        {
            "type": "wind",
            "name": "豐威",
            "unit_id": "",
            "mappingName": [
                "豐威"
            ],
            "capacity": 11.5,
            "used": 9.8,
            "percent": 85.22,
            "gov": "1",
            "status": "online",
            "note": "",
            "noteId": ""
        },
        {
            "type": "wind",
            "name": "龍威後龍",
            "unit_id": "",
            "mappingName": [
                "龍威後龍"
            ],
            "capacity": 44.1,
            "used": 18.4,
            "percent": 41.72,
            "gov": "1",
            "status": "online",
            "note": "",
            "noteId": ""
        },
        {
            "type": "wind",
            "name": "苗栗通苑",
            "unit_id": "",
            "mappingName": [
                "苗栗通苑"
            ],
            "capacity": 39.1,
            "used": 3.6,
            "percent": 9.21,
            "gov": "1",
            "status": "online",
            "note": "",
            "noteId": ""
        },
        {
            "type": "wind",
            "name": "安威",
            "unit_id": "",
            "mappingName": [
                "安威"
            ],
            "capacity": 11.5,
            "used": 1.7,
            "percent": 14.78,
            "gov": "1",
            "status": "online",
            "note": "",
            "noteId": ""
        },
        {
            "type": "wind",
            "name": "清風清水",
            "unit_id": "",
            "mappingName": [
                "清風清水"
            ],
            "capacity": 2.3,
            "used": 0.5,
            "percent": 21.74,
            "gov": "1",
            "status": "online",
            "note": "",
            "noteId": ""
        },
        {
            "type": "wind",
            "name": "東鋼龍港",
            "unit_id": "",
            "mappingName": [
                "東鋼龍港"
            ],
            "capacity": 11.5,
            "used": 3.6,
            "percent": 31.3,
            "gov": "1",
            "status": "online",
            "note": "",
            "noteId": ""
        },
        {
            "type": "wind",
            "name": "海洋竹南",
            "unit_id": "",
            "mappingName": [
                "海洋竹南"
            ],
            "capacity": 128,
            "used": 103.9,
            "percent": 81.17,
            "gov": "1",
            "status": "online",
            "note": "",
            "noteId": ""
        },
        {
            "type": "wind",
            "name": "禾風麥寮",
            "unit_id": "",
            "mappingName": [
                "禾風麥寮"
            ],
            "capacity": 2.3,
            "used": 0,
            "percent": 0,
            "gov": "1",
            "status": "online",
            "note": "",
            "noteId": ""
        },
        {
            "type": "solar",
            "name": "金門金沙",
            "unit_id": "",
            "mappingName": [
                "金門金沙"
            ],
            "capacity": 0.5,
            "used": 0.095,
            "percent": 19,
            "gov": "1",
            "status": "online",
            "note": "",
            "noteId": ""
        },
        {
            "type": "solar",
            "name": "台中生水池",
            "unit_id": "",
            "mappingName": [
                "台中"
            ],
            "capacity": 2.1,
            "used": 0.995,
            "percent": 47.38,
            "gov": "1",
            "status": "online",
            "note": "",
            "noteId": ""
        },
        {
            "type": "solar",
            "name": "興達生水池",
            "unit_id": "",
            "mappingName": [
                "興達"
            ],
            "capacity": 1.6,
            "used": 1.123,
            "percent": 70.19,
            "gov": "1",
            "status": "online",
            "note": "",
            "noteId": ""
        },
        {
            "type": "solar",
            "name": "嘉義民雄",
            "unit_id": "",
            "mappingName": [
                "嘉義民雄"
            ],
            "capacity": 0.1,
            "used": 0.015,
            "percent": 15,
            "gov": "1",
            "status": "online",
            "note": "",
            "noteId": ""
        },
        {
            "type": "solar",
            "name": "中部儲運",
            "unit_id": "",
            "mappingName": [
                "中部儲運"
            ],
            "capacity": 0.1,
            "used": 0.043,
            "percent": 43,
            "gov": "1",
            "status": "online",
            "note": "",
            "noteId": ""
        },
        {
            "type": "solar",
            "name": "東勢新伯公",
            "unit_id": "",
            "mappingName": [
                "東勢新伯公"
            ],
            "capacity": 0.1,
            "used": 0.058,
            "percent": 58,
            "gov": "1",
            "status": "online",
            "note": "",
            "noteId": ""
        },
        {
            "type": "solar",
            "name": "永安鹽灘地",
            "unit_id": "",
            "mappingName": [
                "永安鹽灘地"
            ],
            "capacity": 4.6,
            "used": 3.263,
            "percent": 70.93,
            "gov": "1",
            "status": "online",
            "note": "",
            "noteId": ""
        },
        {
            "type": "solar",
            "name": "路北",
            "unit_id": "",
            "mappingName": [
                "路北"
            ],
            "capacity": 0.1,
            "used": 0.012,
            "percent": 12,
            "gov": "1",
            "status": "online",
            "note": "",
            "noteId": ""
        },
        {
            "type": "solar",
            "name": "中原大學",
            "unit_id": "",
            "mappingName": [
                "中原大學"
            ],
            "capacity": 0,
            "used": 0.013,
            "percent": 0,
            "gov": "1",
            "status": "online",
            "note": "",
            "noteId": ""
        },
        {
            "type": "solar",
            "name": "大潭生水池",
            "unit_id": "",
            "mappingName": [
                "大潭"
            ],
            "capacity": 0.6,
            "used": 0.329,
            "percent": 54.83,
            "gov": "1",
            "status": "online",
            "note": "",
            "noteId": ""
        },
        {
            "type": "solar",
            "name": "核三生水池",
            "unit_id": "",
            "mappingName": [
                "核三"
            ],
            "capacity": 1.5,
            "used": 0.82,
            "percent": 54.67,
            "gov": "1",
            "status": "online",
            "note": "",
            "noteId": ""
        },
        {
            "type": "solar",
            "name": "七美",
            "unit_id": "",
            "mappingName": [
                "七美"
            ],
            "capacity": 0.4,
            "used": 0.04,
            "percent": 10,
            "gov": "1",
            "status": "online",
            "note": "",
            "noteId": ""
        },
        {
            "type": "solar",
            "name": "尖山",
            "unit_id": "",
            "mappingName": [
                "尖山"
            ],
            "capacity": 0.1,
            "used": 0.019,
            "percent": 19,
            "gov": "1",
            "status": "online",
            "note": "",
            "noteId": ""
        },
        {
            "type": "solar",
            "name": "卓蘭",
            "unit_id": "",
            "mappingName": [
                "卓蘭"
            ],
            "capacity": 0,
            "used": 0.011,
            "percent": 0,
            "gov": "1",
            "status": "online",
            "note": "",
            "noteId": ""
        },
        {
            "type": "solar",
            "name": "后里",
            "unit_id": "",
            "mappingName": [
                "后里"
            ],
            "capacity": 0.1,
            "used": 0.042,
            "percent": 42,
            "gov": "1",
            "status": "online",
            "note": "",
            "noteId": ""
        },
        {
            "type": "solar",
            "name": "台中龍井",
            "unit_id": "",
            "mappingName": [
                "台中龍井"
            ],
            "capacity": 6.5,
            "used": 2.98,
            "percent": 45.85,
            "gov": "1",
            "status": "online",
            "note": "",
            "noteId": ""
        },
        {
            "type": "solar",
            "name": "七股",
            "unit_id": "",
            "mappingName": [
                "七股"
            ],
            "capacity": 1.8,
            "used": 0.798,
            "percent": 44.33,
            "gov": "1",
            "status": "online",
            "note": "資料維修中",
            "noteId": ""
        },
        {
            "type": "solar",
            "name": "龍潭E/S",
            "unit_id": "",
            "mappingName": [
                "龍潭E/S"
            ],
            "capacity": 0.2,
            "used": 0.112,
            "percent": 56,
            "gov": "1",
            "status": "online",
            "note": "",
            "noteId": ""
        },
        {
            "type": "solar",
            "name": "竹工E/S",
            "unit_id": "",
            "mappingName": [
                "竹工E/S"
            ],
            "capacity": 0.2,
            "used": 0.127,
            "percent": 63.5,
            "gov": "1",
            "status": "online",
            "note": "",
            "noteId": ""
        },
        {
            "type": "solar",
            "name": "中科E/S",
            "unit_id": "",
            "mappingName": [
                "中科E/S"
            ],
            "capacity": 0.2,
            "used": 0.112,
            "percent": 56,
            "gov": "1",
            "status": "online",
            "note": "",
            "noteId": ""
        },
        {
            "type": "solar",
            "name": "彰林E/S",
            "unit_id": "",
            "mappingName": [
                "彰林E/S"
            ],
            "capacity": 0.3,
            "used": 0.17,
            "percent": 56.67,
            "gov": "1",
            "status": "online",
            "note": "",
            "noteId": ""
        },
        {
            "type": "solar",
            "name": "高雄E/S",
            "unit_id": "",
            "mappingName": [
                "高雄E/S"
            ],
            "capacity": 0.4,
            "used": 0.186,
            "percent": 46.5,
            "gov": "1",
            "status": "online",
            "note": "資料維修中",
            "noteId": ""
        },
        {
            "type": "solar",
            "name": "燕巢倉庫",
            "unit_id": "",
            "mappingName": [
                "燕巢倉庫"
            ],
            "capacity": 0.5,
            "used": 0.338,
            "percent": 67.6,
            "gov": "1",
            "status": "online",
            "note": "",
            "noteId": ""
        },
        {
            "type": "solar",
            "name": "大潭",
            "unit_id": "",
            "mappingName": [
                "大潭"
            ],
            "capacity": 0.7,
            "used": 0.406,
            "percent": 58,
            "gov": "1",
            "status": "online",
            "note": "",
            "noteId": ""
        },
        {
            "type": "solar",
            "name": "北儲",
            "unit_id": "",
            "mappingName": [
                "北儲"
            ],
            "capacity": 0.9,
            "used": 0.438,
            "percent": 48.67,
            "gov": "1",
            "status": "online",
            "note": "",
            "noteId": ""
        },
        {
            "type": "solar",
            "name": "彰濱光",
            "unit_id": "",
            "mappingName": [
                "彰濱光"
            ],
            "capacity": 100,
            "used": 63.56,
            "percent": 63.56,
            "gov": "1",
            "status": "online",
            "note": "",
            "noteId": ""
        },
        {
            "type": "solar",
            "name": "南鹽光",
            "unit_id": "",
            "mappingName": [
                "南鹽光"
            ],
            "capacity": 0,
            "used": 76.86,
            "percent": 0,
            "gov": "1",
            "status": "online",
            "note": "",
            "noteId": "10"
        },
        {
            "type": "solar",
            "name": "崙尾光",
            "unit_id": "",
            "mappingName": [
                "崙尾光"
            ],
            "capacity": 0,
            "used": 130.2,
            "percent": 0,
            "gov": "1",
            "status": "online",
            "note": "",
            "noteId": "10"
        },
        {
            "type": "solar",
            "name": "太陽能購電",
            "unit_id": "",
            "mappingName": [
                "太陽能購電"
            ],
            "capacity": 5435.2,
            "used": 2236.085,
            "percent": 41.14,
            "gov": "1",
            "status": "online",
            "note": "",
            "noteId": "7"
        },
        {
            "type": "pumping gen",
            "name": "大觀二#1",
            "unit_id": "1",
            "mappingName": [
                "大觀二"
            ],
            "capacity": 250,
            "used": 0,
            "percent": 0,
            "gov": "1",
            "status": "online",
            "note": "",
            "noteId": ""
        },
        {
            "type": "pumping gen",
            "name": "大觀二#2",
            "unit_id": "2",
            "mappingName": [
                "大觀二"
            ],
            "capacity": 250,
            "used": 0,
            "percent": 0,
            "gov": "1",
            "status": "online",
            "note": "",
            "noteId": ""
        },
        {
            "type": "pumping gen",
            "name": "大觀二#3",
            "unit_id": "3",
            "mappingName": [
                "大觀二"
            ],
            "capacity": 250,
            "used": 139.6,
            "percent": 55.84,
            "gov": "1",
            "status": "online",
            "note": "",
            "noteId": ""
        },
        {
            "type": "pumping gen",
            "name": "大觀二#4",
            "unit_id": "4",
            "mappingName": [
                "大觀二"
            ],
            "capacity": 250,
            "used": 0,
            "percent": 0,
            "gov": "1",
            "status": "online",
            "note": "",
            "noteId": ""
        },
        {
            "type": "pumping gen",
            "name": "明潭#1",
            "unit_id": "1",
            "mappingName": [
                "明潭"
            ],
            "capacity": 267,
            "used": 0,
            "percent": 0,
            "gov": "1",
            "status": "online",
            "note": "",
            "noteId": ""
        },
        {
            "type": "pumping gen",
            "name": "明潭#2",
            "unit_id": "2",
            "mappingName": [
                "明潭"
            ],
            "capacity": 267,
            "used": 0,
            "percent": 0,
            "gov": "1",
            "status": "online",
            "note": "",
            "noteId": ""
        },
        {
            "type": "pumping gen",
            "name": "明潭#3",
            "unit_id": "3",
            "mappingName": [
                "明潭"
            ],
            "capacity": 267,
            "used": 0,
            "percent": 0,
            "gov": "1",
            "status": "online",
            "note": "",
            "noteId": ""
        },
        {
            "type": "pumping gen",
            "name": "明潭#4",
            "unit_id": "4",
            "mappingName": [
                "明潭"
            ],
            "capacity": 267,
            "used": 174.9,
            "percent": 65.51,
            "gov": "1",
            "status": "online",
            "note": "",
            "noteId": ""
        },
        {
            "type": "pumping gen",
            "name": "明潭#5",
            "unit_id": "5",
            "mappingName": [
                "明潭"
            ],
            "capacity": 267,
            "used": 0,
            "percent": 0,
            "gov": "1",
            "status": "online",
            "note": "",
            "noteId": ""
        },
        {
            "type": "pumping gen",
            "name": "明潭#6",
            "unit_id": "6",
            "mappingName": [
                "明潭"
            ],
            "capacity": 267,
            "used": 0,
            "percent": 0,
            "gov": "1",
            "status": "online",
            "note": "",
            "noteId": ""
        },
        {
            "type": "pumping load",
            "name": "大觀二#1",
            "unit_id": "1",
            "mappingName": [
                "大觀二"
            ],
            "capacity": 0,
            "used": 0,
            "percent": 0,
            "gov": "1",
            "status": "online",
            "note": "",
            "noteId": ""
        },
        {
            "type": "pumping load",
            "name": "大觀二#2",
            "unit_id": "2",
            "mappingName": [
                "大觀二"
            ],
            "capacity": 0,
            "used": 0,
            "percent": 0,
            "gov": "1",
            "status": "online",
            "note": "",
            "noteId": ""
        },
        {
            "type": "pumping load",
            "name": "大觀二#3",
            "unit_id": "3",
            "mappingName": [
                "大觀二"
            ],
            "capacity": 0,
            "used": 0,
            "percent": 0,
            "gov": "1",
            "status": "online",
            "note": "",
            "noteId": ""
        },
        {
            "type": "pumping load",
            "name": "大觀二#4",
            "unit_id": "4",
            "mappingName": [
                "大觀二"
            ],
            "capacity": 0,
            "used": 0,
            "percent": 0,
            "gov": "1",
            "status": "online",
            "note": "",
            "noteId": ""
        },
        {
            "type": "pumping load",
            "name": "明潭#1",
            "unit_id": "1",
            "mappingName": [
                "明潭"
            ],
            "capacity": 0,
            "used": 0,
            "percent": 0,
            "gov": "1",
            "status": "online",
            "note": "",
            "noteId": ""
        },
        {
            "type": "pumping load",
            "name": "明潭#2",
            "unit_id": "2",
            "mappingName": [
                "明潭"
            ],
            "capacity": 0,
            "used": 0,
            "percent": 0,
            "gov": "1",
            "status": "online",
            "note": "",
            "noteId": ""
        },
        {
            "type": "pumping load",
            "name": "明潭#3",
            "unit_id": "3",
            "mappingName": [
                "明潭"
            ],
            "capacity": 0,
            "used": 0,
            "percent": 0,
            "gov": "1",
            "status": "online",
            "note": "",
            "noteId": ""
        },
        {
            "type": "pumping load",
            "name": "明潭#4",
            "unit_id": "4",
            "mappingName": [
                "明潭"
            ],
            "capacity": 0,
            "used": 0,
            "percent": 0,
            "gov": "1",
            "status": "online",
            "note": "",
            "noteId": ""
        },
        {
            "type": "pumping load",
            "name": "明潭#5",
            "unit_id": "5",
            "mappingName": [
                "明潭"
            ],
            "capacity": 0,
            "used": 0,
            "percent": 0,
            "gov": "1",
            "status": "online",
            "note": "",
            "noteId": ""
        },
        {
            "type": "pumping load",
            "name": "明潭#6",
            "unit_id": "6",
            "mappingName": [
                "明潭"
            ],
            "capacity": 0,
            "used": 0,
            "percent": 0,
            "gov": "1",
            "status": "online",
            "note": "",
            "noteId": ""
        },
        {
            "type": "geothermal",
            "name": "小型地熱能",
            "unit_id": "",
            "mappingName": [
                "小型地熱能"
            ],
            "capacity": 0.3,
            "used": 0.2,
            "percent": 66.67,
            "gov": "1",
            "status": "online",
            "note": "",
            "noteId": ""
        }
    ]
}