{
    "time": "2021-06-06 14:10",
    "info": [
        {
            "type": "nuclear",
            "name": "核二#1",
            "unit_id": "1",
            "mappingName": [
                "核二"
            ],
            "capacity": 985,
            "used": 827.1,
            "percent": 83.97,
            "gov": "1",
            "status": "online",
            "note": "燃料限制",
            "noteId": "",
            "key": "核二#1_nuclear"
        },
        {
            "type": "nuclear",
            "name": "核二#2",
            "unit_id": "2",
            "mappingName": [
                "核二"
            ],
            "capacity": 985,
            "used": 967.9,
            "percent": 98.26,
            "gov": "1",
            "status": "online",
            "note": "",
            "noteId": "",
            "key": "核二#2_nuclear"
        },
        {
            "type": "nuclear",
            "name": "核三#1",
            "unit_id": "1",
            "mappingName": [
                "核三"
            ],
            "capacity": 951,
            "used": 946.1,
            "percent": 99.48,
            "gov": "1",
            "status": "online",
            "note": "",
            "noteId": "",
            "key": "核三#1_nuclear"
        },
        {
            "type": "nuclear",
            "name": "核三#2",
            "unit_id": "2",
            "mappingName": [
                "核三"
            ],
            "capacity": 951,
            "used": 940.4,
            "percent": 98.89,
            "gov": "1",
            "status": "online",
            "note": "",
            "noteId": "",
            "key": "核三#2_nuclear"
        },
        {
            "type": "coal",
            "name": "林口#1",
            "unit_id": "1",
            "mappingName": [
                "林口"
            ],
            "capacity": 800,
            "used": 292.3,
            "percent": 36.54,
            "gov": "1",
            "status": "online",
            "note": "運轉限制",
            "noteId": "",
            "key": "林口#1_coal"
        },
        {
            "type": "coal",
            "name": "林口#2",
            "unit_id": "2",
            "mappingName": [
                "林口"
            ],
            "capacity": 800,
            "used": 762.8,
            "percent": 95.35,
            "gov": "1",
            "status": "online",
            "note": "",
            "noteId": "",
            "key": "林口#2_coal"
        },
        {
            "type": "coal",
            "name": "林口#3",
            "unit_id": "3",
            "mappingName": [
                "林口"
            ],
            "capacity": 800,
            "used": 760.1,
            "percent": 95.01,
            "gov": "1",
            "status": "online",
            "note": "",
            "noteId": "",
            "key": "林口#3_coal"
        },
        {
            "type": "coal",
            "name": "台中#1",
            "unit_id": "1",
            "mappingName": [
                "台中"
            ],
            "capacity": 550,
            "used": 339.6,
            "percent": 61.75,
            "gov": "1",
            "status": "online",
            "note": "",
            "noteId": "",
            "key": "台中#1_coal"
        },
        {
            "type": "coal",
            "name": "台中#2",
            "unit_id": "2",
            "mappingName": [
                "台中"
            ],
            "capacity": 550,
            "used": 333.7,
            "percent": 60.67,
            "gov": "1",
            "status": "online",
            "note": "",
            "noteId": "",
            "key": "台中#2_coal"
        },
        {
            "type": "coal",
            "name": "台中#3",
            "unit_id": "3",
            "mappingName": [
                "台中"
            ],
            "capacity": 550,
            "used": 369.5,
            "percent": 67.18,
            "gov": "1",
            "status": "online",
            "note": "運轉限制",
            "noteId": "",
            "key": "台中#3_coal"
        },
        {
            "type": "coal",
            "name": "台中#4",
            "unit_id": "4",
            "mappingName": [
                "台中"
            ],
            "capacity": 550,
            "used": 373.6,
            "percent": 67.93,
            "gov": "1",
            "status": "online",
            "note": "",
            "noteId": "",
            "key": "台中#4_coal"
        },
        {
            "type": "coal",
            "name": "台中#5",
            "unit_id": "5",
            "mappingName": [
                "台中"
            ],
            "capacity": 550,
            "used": 383.9,
            "percent": 69.8,
            "gov": "1",
            "status": "online",
            "note": "",
            "noteId": "",
            "key": "台中#5_coal"
        },
        {
            "type": "coal",
            "name": "台中#6",
            "unit_id": "6",
            "mappingName": [
                "台中"
            ],
            "capacity": 550,
            "used": 0,
            "percent": 0,
            "gov": "1",
            "status": "fix",
            "note": "環保停機歲修",
            "noteId": "",
            "key": "台中#6_coal"
        },
        {
            "type": "coal",
            "name": "台中#7",
            "unit_id": "7",
            "mappingName": [
                "台中"
            ],
            "capacity": 550,
            "used": 324.2,
            "percent": 58.95,
            "gov": "1",
            "status": "online",
            "note": "",
            "noteId": "",
            "key": "台中#7_coal"
        },
        {
            "type": "coal",
            "name": "台中#8",
            "unit_id": "8",
            "mappingName": [
                "台中"
            ],
            "capacity": 550,
            "used": 340.1,
            "percent": 61.84,
            "gov": "1",
            "status": "online",
            "note": "",
            "noteId": "",
            "key": "台中#8_coal"
        },
        {
            "type": "coal",
            "name": "台中#9",
            "unit_id": "9",
            "mappingName": [
                "台中"
            ],
            "capacity": 550,
            "used": 331.3,
            "percent": 60.24,
            "gov": "1",
            "status": "online",
            "note": "",
            "noteId": "",
            "key": "台中#9_coal"
        },
        {
            "type": "coal",
            "name": "台中#10",
            "unit_id": "10",
            "mappingName": [
                "台中"
            ],
            "capacity": 550,
            "used": 330.6,
            "percent": 60.11,
            "gov": "1",
            "status": "online",
            "note": "",
            "noteId": "",
            "key": "台中#10_coal"
        },
        {
            "type": "coal",
            "name": "興達#1",
            "unit_id": "1",
            "mappingName": [
                "興達"
            ],
            "capacity": 500,
            "used": 474.6,
            "percent": 94.92,
            "gov": "1",
            "status": "online",
            "note": "",
            "noteId": "12",
            "key": "興達#1_coal"
        },
        {
            "type": "coal",
            "name": "興達#2",
            "unit_id": "2",
            "mappingName": [
                "興達"
            ],
            "capacity": 500,
            "used": 479.6,
            "percent": 95.92,
            "gov": "1",
            "status": "online",
            "note": "",
            "noteId": "12",
            "key": "興達#2_coal"
        },
        {
            "type": "coal",
            "name": "興達#3",
            "unit_id": "3",
            "mappingName": [
                "興達"
            ],
            "capacity": 550,
            "used": 517.5,
            "percent": 94.09,
            "gov": "1",
            "status": "online",
            "note": "",
            "noteId": "12",
            "key": "興達#3_coal"
        },
        {
            "type": "coal",
            "name": "興達#4",
            "unit_id": "4",
            "mappingName": [
                "興達"
            ],
            "capacity": 550,
            "used": 521.7,
            "percent": 94.85,
            "gov": "1",
            "status": "online",
            "note": "",
            "noteId": "12",
            "key": "興達#4_coal"
        },
        {
            "type": "coal",
            "name": "大林#1",
            "unit_id": "1",
            "mappingName": [
                "大林"
            ],
            "capacity": 800,
            "used": 763.1,
            "percent": 95.39,
            "gov": "1",
            "status": "online",
            "note": "",
            "noteId": "",
            "key": "大林#1_coal"
        },
        {
            "type": "coal",
            "name": "大林#2",
            "unit_id": "2",
            "mappingName": [
                "大林"
            ],
            "capacity": 800,
            "used": 682.7,
            "percent": 85.34,
            "gov": "1",
            "status": "online",
            "note": "運轉限制",
            "noteId": "",
            "key": "大林#2_coal"
        },
        {
            "type": "co-gen",
            "name": "汽電共生",
            "unit_id": "",
            "mappingName": [
                "汽電共生"
            ],
            "capacity": 618,
            "used": 634.3,
            "percent": 102.64,
            "gov": "1",
            "status": "online",
            "note": "",
            "noteId": "",
            "key": "汽電共生_co-gen"
        },
        {
            "type": "coal",
            "name": "和平#1",
            "unit_id": "1",
            "mappingName": [
                "和平"
            ],
            "capacity": 648.6,
            "used": 463.5,
            "percent": 71.46,
            "gov": false,
            "status": "online",
            "note": "運轉限制",
            "noteId": "",
            "key": "和平#1_coal"
        },
        {
            "type": "coal",
            "name": "和平#2",
            "unit_id": "2",
            "mappingName": [
                "和平"
            ],
            "capacity": 648.6,
            "used": 0,
            "percent": 0,
            "gov": false,
            "status": "fix",
            "note": "檢修",
            "noteId": "",
            "key": "和平#2_coal"
        },
        {
            "type": "coal",
            "name": "麥寮#1",
            "unit_id": "1",
            "mappingName": [
                "麥寮"
            ],
            "capacity": 600,
            "used": 572.4,
            "percent": 95.4,
            "gov": false,
            "status": "online",
            "note": "",
            "noteId": "",
            "key": "麥寮#1_coal"
        },
        {
            "type": "coal",
            "name": "麥寮#2",
            "unit_id": "2",
            "mappingName": [
                "麥寮"
            ],
            "capacity": 600,
            "used": 569,
            "percent": 94.83,
            "gov": false,
            "status": "online",
            "note": "",
            "noteId": "",
            "key": "麥寮#2_coal"
        },
        {
            "type": "coal",
            "name": "麥寮#3",
            "unit_id": "3",
            "mappingName": [
                "麥寮"
            ],
            "capacity": 600,
            "used": 547,
            "percent": 91.17,
            "gov": false,
            "status": "online",
            "note": "運轉限制",
            "noteId": "",
            "key": "麥寮#3_coal"
        },
        {
            "type": "lng",
            "name": "大潭CC#1",
            "unit_id": "1",
            "mappingName": [
                "大潭"
            ],
            "capacity": 742.7,
            "used": 610.7,
            "percent": 82.23,
            "gov": "1",
            "status": "online",
            "note": "",
            "noteId": "",
            "key": "大潭CC#1_lng"
        },
        {
            "type": "lng",
            "name": "大潭CC#2",
            "unit_id": "2",
            "mappingName": [
                "大潭"
            ],
            "capacity": 742.7,
            "used": 679.4,
            "percent": 91.48,
            "gov": "1",
            "status": "online",
            "note": "",
            "noteId": "",
            "key": "大潭CC#2_lng"
        },
        {
            "type": "lng",
            "name": "大潭CC#3",
            "unit_id": "3",
            "mappingName": [
                "大潭"
            ],
            "capacity": 724.7,
            "used": 247,
            "percent": 34.08,
            "gov": "1",
            "status": "online",
            "note": "部分檢修",
            "noteId": "",
            "key": "大潭CC#3_lng"
        },
        {
            "type": "lng",
            "name": "大潭CC#4",
            "unit_id": "4",
            "mappingName": [
                "大潭"
            ],
            "capacity": 724.7,
            "used": 661.5,
            "percent": 91.28,
            "gov": "1",
            "status": "online",
            "note": "",
            "noteId": "",
            "key": "大潭CC#4_lng"
        },
        {
            "type": "lng",
            "name": "大潭CC#5",
            "unit_id": "5",
            "mappingName": [
                "大潭"
            ],
            "capacity": 724.7,
            "used": 597.3,
            "percent": 82.42,
            "gov": "1",
            "status": "online",
            "note": "",
            "noteId": "",
            "key": "大潭CC#5_lng"
        },
        {
            "type": "lng",
            "name": "大潭CC#6",
            "unit_id": "6",
            "mappingName": [
                "大潭"
            ],
            "capacity": 724.7,
            "used": 0,
            "percent": 0,
            "gov": "1",
            "status": "fix",
            "note": "歲修",
            "noteId": "",
            "key": "大潭CC#6_lng"
        },
        {
            "type": "lng",
            "name": "大潭CC#7",
            "unit_id": "7",
            "mappingName": [
                "大潭"
            ],
            "capacity": 600,
            "used": 0,
            "percent": 0,
            "gov": "1",
            "status": "online",
            "note": "",
            "noteId": "",
            "key": "大潭CC#7_lng"
        },
        {
            "type": "lng",
            "name": "通霄CC#1",
            "unit_id": "1",
            "mappingName": [
                "通霄"
            ],
            "capacity": 892.6,
            "used": 888.6,
            "percent": 99.55,
            "gov": "1",
            "status": "online",
            "note": "",
            "noteId": "",
            "key": "通霄CC#1_lng"
        },
        {
            "type": "lng",
            "name": "通霄CC#2",
            "unit_id": "2",
            "mappingName": [
                "通霄"
            ],
            "capacity": 892.6,
            "used": 880.7,
            "percent": 98.67,
            "gov": "1",
            "status": "online",
            "note": "",
            "noteId": "",
            "key": "通霄CC#2_lng"
        },
        {
            "type": "lng",
            "name": "通霄CC#3",
            "unit_id": "3",
            "mappingName": [
                "通霄"
            ],
            "capacity": 892.6,
            "used": 885.5,
            "percent": 99.2,
            "gov": "1",
            "status": "online",
            "note": "",
            "noteId": "",
            "key": "通霄CC#3_lng"
        },
        {
            "type": "lng",
            "name": "通霄CC#4",
            "unit_id": "4",
            "mappingName": [
                "通霄"
            ],
            "capacity": 386,
            "used": 345.1,
            "percent": 89.4,
            "gov": "1",
            "status": "online",
            "note": "",
            "noteId": "",
            "key": "通霄CC#4_lng"
        },
        {
            "type": "lng",
            "name": "通霄CC#5",
            "unit_id": "5",
            "mappingName": [
                "通霄"
            ],
            "capacity": 386,
            "used": 0,
            "percent": 0,
            "gov": "1",
            "status": "fix",
            "note": "檢修",
            "noteId": "",
            "key": "通霄CC#5_lng"
        },
        {
            "type": "lng",
            "name": "通霄CC#6",
            "unit_id": "6",
            "mappingName": [
                "通霄"
            ],
            "capacity": 321.2,
            "used": 352,
            "percent": 109.59,
            "gov": "1",
            "status": "online",
            "note": "",
            "noteId": "",
            "key": "通霄CC#6_lng"
        },
        {
            "type": "lng",
            "name": "興達CC#1",
            "unit_id": "1",
            "mappingName": [
                "興達"
            ],
            "capacity": 445.2,
            "used": 195.4,
            "percent": 43.89,
            "gov": "1",
            "status": "online",
            "note": "部分檢修",
            "noteId": "",
            "key": "興達CC#1_lng"
        },
        {
            "type": "lng",
            "name": "興達CC#2",
            "unit_id": "2",
            "mappingName": [
                "興達"
            ],
            "capacity": 445.2,
            "used": 309.7,
            "percent": 69.56,
            "gov": "1",
            "status": "online",
            "note": "部分歲修",
            "noteId": "",
            "key": "興達CC#2_lng"
        },
        {
            "type": "lng",
            "name": "興達CC#3",
            "unit_id": "3",
            "mappingName": [
                "興達"
            ],
            "capacity": 445.2,
            "used": 244.1,
            "percent": 54.83,
            "gov": "1",
            "status": "online",
            "note": "部分檢修",
            "noteId": "",
            "key": "興達CC#3_lng"
        },
        {
            "type": "lng",
            "name": "興達CC#4",
            "unit_id": "4",
            "mappingName": [
                "興達"
            ],
            "capacity": 445.2,
            "used": 342.8,
            "percent": 77,
            "gov": "1",
            "status": "online",
            "note": "",
            "noteId": "",
            "key": "興達CC#4_lng"
        },
        {
            "type": "lng",
            "name": "興達CC#5",
            "unit_id": "5",
            "mappingName": [
                "興達"
            ],
            "capacity": 445.2,
            "used": 344.8,
            "percent": 77.45,
            "gov": "1",
            "status": "online",
            "note": "",
            "noteId": "",
            "key": "興達CC#5_lng"
        },
        {
            "type": "lng",
            "name": "南部CC#1",
            "unit_id": "1",
            "mappingName": [
                "南部"
            ],
            "capacity": 288.8,
            "used": 230.3,
            "percent": 79.74,
            "gov": "1",
            "status": "online",
            "note": "",
            "noteId": "",
            "key": "南部CC#1_lng"
        },
        {
            "type": "lng",
            "name": "南部CC#2",
            "unit_id": "2",
            "mappingName": [
                "南部"
            ],
            "capacity": 288.8,
            "used": 202.2,
            "percent": 70.01,
            "gov": "1",
            "status": "online",
            "note": "",
            "noteId": "",
            "key": "南部CC#2_lng"
        },
        {
            "type": "lng",
            "name": "南部CC#3",
            "unit_id": "3",
            "mappingName": [
                "南部"
            ],
            "capacity": 288.8,
            "used": 222.2,
            "percent": 76.94,
            "gov": "1",
            "status": "online",
            "note": "",
            "noteId": "",
            "key": "南部CC#3_lng"
        },
        {
            "type": "lng",
            "name": "南部CC#4",
            "unit_id": "4",
            "mappingName": [
                "南部"
            ],
            "capacity": 251.4,
            "used": 189,
            "percent": 75.18,
            "gov": "1",
            "status": "online",
            "note": "",
            "noteId": "",
            "key": "南部CC#4_lng"
        },
        {
            "type": "lng",
            "name": "大林#5",
            "unit_id": "5",
            "mappingName": [
                "大林"
            ],
            "capacity": 500,
            "used": 141.6,
            "percent": 28.32,
            "gov": "1",
            "status": "online",
            "note": "運轉限制",
            "noteId": "",
            "key": "大林#5_lng"
        },
        {
            "type": "lng",
            "name": "大林#6",
            "unit_id": "6",
            "mappingName": [
                "大林"
            ],
            "capacity": 550,
            "used": 0,
            "percent": 0,
            "gov": "1",
            "status": "fix",
            "note": "歲修",
            "noteId": "",
            "key": "大林#6_lng"
        },
        {
            "type": "lng",
            "name": "海湖#1",
            "unit_id": "1",
            "mappingName": [
                "海湖"
            ],
            "capacity": 450,
            "used": 0,
            "percent": 0,
            "gov": false,
            "status": "fix",
            "note": "檢修",
            "noteId": "",
            "key": "海湖#1_lng"
        },
        {
            "type": "lng",
            "name": "海湖#2",
            "unit_id": "2",
            "mappingName": [
                "海湖"
            ],
            "capacity": 450,
            "used": 398.3,
            "percent": 88.51,
            "gov": false,
            "status": "online",
            "note": "",
            "noteId": "",
            "key": "海湖#2_lng"
        },
        {
            "type": "lng",
            "name": "新桃#1",
            "unit_id": "1",
            "mappingName": [
                "新桃"
            ],
            "capacity": 600,
            "used": 0,
            "percent": 0,
            "gov": false,
            "status": "fix",
            "note": "檢修",
            "noteId": "",
            "key": "新桃#1_lng"
        },
        {
            "type": "lng",
            "name": "國光#1",
            "unit_id": "1",
            "mappingName": [
                "國光"
            ],
            "capacity": 480,
            "used": 402.8,
            "percent": 83.92,
            "gov": false,
            "status": "online",
            "note": "",
            "noteId": "",
            "key": "國光#1_lng"
        },
        {
            "type": "lng",
            "name": "星彰#1",
            "unit_id": "1",
            "mappingName": [
                "星彰"
            ],
            "capacity": 506.9,
            "used": 0,
            "percent": 0,
            "gov": false,
            "status": "limit",
            "note": "配合綠電先行",
            "noteId": "",
            "key": "星彰#1_lng"
        },
        {
            "type": "lng",
            "name": "星元#1",
            "unit_id": "1",
            "mappingName": [
                "星元"
            ],
            "capacity": 490,
            "used": 258.8,
            "percent": 52.82,
            "gov": false,
            "status": "online",
            "note": "",
            "noteId": "",
            "key": "星元#1_lng"
        },
        {
            "type": "lng",
            "name": "嘉惠#1",
            "unit_id": "1",
            "mappingName": [
                "嘉惠"
            ],
            "capacity": 670,
            "used": 0,
            "percent": 0,
            "gov": false,
            "status": "fix",
            "note": "檢修",
            "noteId": "",
            "key": "嘉惠#1_lng"
        },
        {
            "type": "lng",
            "name": "嘉惠#2",
            "unit_id": "2",
            "mappingName": [
                "嘉惠"
            ],
            "capacity": 0,
            "used": 0,
            "percent": 0,
            "gov": false,
            "status": "online",
            "note": "",
            "noteId": "10",
            "key": "嘉惠#2_lng"
        },
        {
            "type": "lng",
            "name": "豐德#1",
            "unit_id": "1",
            "mappingName": [
                "豐德"
            ],
            "capacity": 506.9,
            "used": 0,
            "percent": 0,
            "gov": false,
            "status": "limit",
            "note": "配合綠電先行",
            "noteId": "",
            "key": "豐德#1_lng"
        },
        {
            "type": "lng",
            "name": "豐德#2",
            "unit_id": "2",
            "mappingName": [
                "豐德"
            ],
            "capacity": 506.9,
            "used": 0,
            "percent": 0,
            "gov": false,
            "status": "limit",
            "note": "配合綠電先行",
            "noteId": "",
            "key": "豐德#2_lng"
        },
        {
            "type": "oil",
            "name": "協和#3",
            "unit_id": "3",
            "mappingName": [
                "協和"
            ],
            "capacity": 500,
            "used": 134.1,
            "percent": 26.82,
            "gov": "1",
            "status": "online",
            "note": "",
            "noteId": "",
            "key": "協和#3_oil"
        },
        {
            "type": "oil",
            "name": "協和#4",
            "unit_id": "4",
            "mappingName": [
                "協和"
            ],
            "capacity": 500,
            "used": 0,
            "percent": 0,
            "gov": "1",
            "status": "fix",
            "note": "歲修",
            "noteId": "",
            "key": "協和#4_oil"
        },
        {
            "type": "diesel",
            "name": "核二Gas1",
            "unit_id": "",
            "mappingName": [
                "核二"
            ],
            "capacity": 0,
            "used": 0,
            "percent": 0,
            "gov": "1",
            "status": "online",
            "note": "",
            "noteId": "",
            "key": "核二Gas1_diesel"
        },
        {
            "type": "diesel",
            "name": "核二Gas2",
            "unit_id": "",
            "mappingName": [
                "核二"
            ],
            "capacity": 0,
            "used": 0,
            "percent": 0,
            "gov": "1",
            "status": "online",
            "note": "",
            "noteId": "",
            "key": "核二Gas2_diesel"
        },
        {
            "type": "diesel",
            "name": "核三Gas1",
            "unit_id": "",
            "mappingName": [
                "核三"
            ],
            "capacity": 0,
            "used": 0,
            "percent": 0,
            "gov": "1",
            "status": "online",
            "note": "",
            "noteId": "",
            "key": "核三Gas1_diesel"
        },
        {
            "type": "diesel",
            "name": "核三Gas2",
            "unit_id": "",
            "mappingName": [
                "核三"
            ],
            "capacity": 0,
            "used": 0,
            "percent": 0,
            "gov": "1",
            "status": "online",
            "note": "",
            "noteId": "",
            "key": "核三Gas2_diesel"
        },
        {
            "type": "diesel",
            "name": "台中Gas1&2",
            "unit_id": "",
            "mappingName": [
                "台中"
            ],
            "capacity": 140,
            "used": 0,
            "percent": 0,
            "gov": "1",
            "status": "online",
            "note": "",
            "noteId": "",
            "key": "台中Gas12_diesel"
        },
        {
            "type": "diesel",
            "name": "台中Gas3&4",
            "unit_id": "",
            "mappingName": [
                "台中"
            ],
            "capacity": 140,
            "used": 0,
            "percent": 0,
            "gov": "1",
            "status": "online",
            "note": "",
            "noteId": "",
            "key": "台中Gas34_diesel"
        },
        {
            "type": "diesel",
            "name": "澎湖尖山",
            "unit_id": "",
            "mappingName": [
                "尖山"
            ],
            "capacity": 129.8,
            "used": 53.5,
            "percent": 41.22,
            "gov": "1",
            "status": "online",
            "note": "",
            "noteId": "4",
            "key": "澎湖尖山_diesel"
        },
        {
            "type": "diesel",
            "name": "金門塔山",
            "unit_id": "",
            "mappingName": [
                "塔山"
            ],
            "capacity": 113.3,
            "used": 31.5,
            "percent": 27.8,
            "gov": "1",
            "status": "online",
            "note": "",
            "noteId": "4",
            "key": "金門塔山_diesel"
        },
        {
            "type": "diesel",
            "name": "馬祖珠山",
            "unit_id": "",
            "mappingName": [
                "珠山",
                "南竿",
                "北竿"
            ],
            "capacity": 28.6,
            "used": 6.9,
            "percent": 24.13,
            "gov": "1",
            "status": "online",
            "note": "",
            "noteId": "4",
            "key": "馬祖珠山_diesel"
        },
        {
            "type": "diesel",
            "name": "離島其他",
            "unit_id": "",
            "mappingName": [
                "離島",
                "蘭嶼",
                "綠島",
                "旭光",
                "東引",
                "七美",
                "望安",
                "虎井"
            ],
            "capacity": 42.7,
            "used": 0,
            "percent": 0,
            "gov": "1",
            "status": "online",
            "note": "",
            "noteId": "4",
            "key": "離島其他_diesel"
        },
        {
            "type": "hydro",
            "name": "德基#1",
            "unit_id": "1",
            "mappingName": [
                "大甲溪"
            ],
            "capacity": 78,
            "used": 0,
            "percent": 0,
            "gov": "1",
            "status": "online",
            "note": "",
            "noteId": "",
            "key": "德基#1_hydro"
        },
        {
            "type": "hydro",
            "name": "德基#2",
            "unit_id": "2",
            "mappingName": [
                "大甲溪"
            ],
            "capacity": 78,
            "used": 0,
            "percent": 0,
            "gov": "1",
            "status": "online",
            "note": "",
            "noteId": "",
            "key": "德基#2_hydro"
        },
        {
            "type": "hydro",
            "name": "德基#3",
            "unit_id": "3",
            "mappingName": [
                "大甲溪"
            ],
            "capacity": 78,
            "used": 0,
            "percent": 0,
            "gov": "1",
            "status": "online",
            "note": "",
            "noteId": "",
            "key": "德基#3_hydro"
        },
        {
            "type": "hydro",
            "name": "青山#1",
            "unit_id": "1",
            "mappingName": [
                "大甲溪"
            ],
            "capacity": 92,
            "used": 0,
            "percent": 0,
            "gov": "1",
            "status": "online",
            "note": "",
            "noteId": "",
            "key": "青山#1_hydro"
        },
        {
            "type": "hydro",
            "name": "青山#2",
            "unit_id": "2",
            "mappingName": [
                "大甲溪"
            ],
            "capacity": 92,
            "used": 0,
            "percent": 0,
            "gov": "1",
            "status": "online",
            "note": "",
            "noteId": "",
            "key": "青山#2_hydro"
        },
        {
            "type": "hydro",
            "name": "青山#3",
            "unit_id": "3",
            "mappingName": [
                "大甲溪"
            ],
            "capacity": 92,
            "used": 0,
            "percent": 0,
            "gov": "1",
            "status": "online",
            "note": "",
            "noteId": "",
            "key": "青山#3_hydro"
        },
        {
            "type": "hydro",
            "name": "青山#4",
            "unit_id": "4",
            "mappingName": [
                "大甲溪"
            ],
            "capacity": 92,
            "used": 0,
            "percent": 0,
            "gov": "1",
            "status": "online",
            "note": "",
            "noteId": "",
            "key": "青山#4_hydro"
        },
        {
            "type": "hydro",
            "name": "谷關#1",
            "unit_id": "1",
            "mappingName": [
                "大甲溪"
            ],
            "capacity": 54.4,
            "used": 19.7,
            "percent": 36.21,
            "gov": "1",
            "status": "online",
            "note": "",
            "noteId": "",
            "key": "谷關#1_hydro"
        },
        {
            "type": "hydro",
            "name": "谷關#2",
            "unit_id": "2",
            "mappingName": [
                "大甲溪"
            ],
            "capacity": 54.4,
            "used": 0,
            "percent": 0,
            "gov": "1",
            "status": "online",
            "note": "",
            "noteId": "",
            "key": "谷關#2_hydro"
        },
        {
            "type": "hydro",
            "name": "谷關#3",
            "unit_id": "3",
            "mappingName": [
                "大甲溪"
            ],
            "capacity": 54.4,
            "used": 0,
            "percent": 0,
            "gov": "1",
            "status": "fix",
            "note": "歲修",
            "noteId": "",
            "key": "谷關#3_hydro"
        },
        {
            "type": "hydro",
            "name": "谷關#4",
            "unit_id": "4",
            "mappingName": [
                "大甲溪"
            ],
            "capacity": 54.4,
            "used": 20.1,
            "percent": 36.95,
            "gov": "1",
            "status": "online",
            "note": "",
            "noteId": "",
            "key": "谷關#4_hydro"
        },
        {
            "type": "hydro",
            "name": "天輪#1",
            "unit_id": "1",
            "mappingName": [
                "大甲溪"
            ],
            "capacity": 22.5,
            "used": 20.1,
            "percent": 89.33,
            "gov": "1",
            "status": "online",
            "note": "",
            "noteId": "",
            "key": "天輪#1_hydro"
        },
        {
            "type": "hydro",
            "name": "天輪#2",
            "unit_id": "2",
            "mappingName": [
                "大甲溪"
            ],
            "capacity": 22.5,
            "used": 20,
            "percent": 88.89,
            "gov": "1",
            "status": "online",
            "note": "",
            "noteId": "",
            "key": "天輪#2_hydro"
        },
        {
            "type": "hydro",
            "name": "天輪#3",
            "unit_id": "3",
            "mappingName": [
                "大甲溪"
            ],
            "capacity": 22.5,
            "used": 22.7,
            "percent": 100.89,
            "gov": "1",
            "status": "online",
            "note": "",
            "noteId": "",
            "key": "天輪#3_hydro"
        },
        {
            "type": "hydro",
            "name": "天輪#4",
            "unit_id": "4",
            "mappingName": [
                "大甲溪"
            ],
            "capacity": 22.5,
            "used": 0,
            "percent": 0,
            "gov": "1",
            "status": "online",
            "note": "",
            "noteId": "",
            "key": "天輪#4_hydro"
        },
        {
            "type": "hydro",
            "name": "天輪#5",
            "unit_id": "5",
            "mappingName": [
                "大甲溪"
            ],
            "capacity": 105,
            "used": 0,
            "percent": 0,
            "gov": "1",
            "status": "online",
            "note": "",
            "noteId": "",
            "key": "天輪#5_hydro"
        },
        {
            "type": "hydro",
            "name": "馬鞍#1",
            "unit_id": "1",
            "mappingName": [
                "大甲溪"
            ],
            "capacity": 66.7,
            "used": 18.9,
            "percent": 28.34,
            "gov": "1",
            "status": "online",
            "note": "",
            "noteId": "",
            "key": "馬鞍#1_hydro"
        },
        {
            "type": "hydro",
            "name": "馬鞍#2",
            "unit_id": "2",
            "mappingName": [
                "大甲溪"
            ],
            "capacity": 66.7,
            "used": 42.5,
            "percent": 63.72,
            "gov": "1",
            "status": "online",
            "note": "",
            "noteId": "",
            "key": "馬鞍#2_hydro"
        },
        {
            "type": "hydro",
            "name": "卓蘭#1",
            "unit_id": "1",
            "mappingName": [
                "卓蘭"
            ],
            "capacity": 40,
            "used": 40.5,
            "percent": 101.25,
            "gov": "1",
            "status": "online",
            "note": "",
            "noteId": "",
            "key": "卓蘭#1_hydro"
        },
        {
            "type": "hydro",
            "name": "卓蘭#2",
            "unit_id": "2",
            "mappingName": [
                "卓蘭"
            ],
            "capacity": 40,
            "used": 39.7,
            "percent": 99.25,
            "gov": "1",
            "status": "online",
            "note": "",
            "noteId": "",
            "key": "卓蘭#2_hydro"
        },
        {
            "type": "hydro",
            "name": "萬大#1",
            "unit_id": "1",
            "mappingName": [
                "萬大"
            ],
            "capacity": 10.4,
            "used": 0,
            "percent": 0,
            "gov": "1",
            "status": "online",
            "note": "",
            "noteId": "",
            "key": "萬大#1_hydro"
        },
        {
            "type": "hydro",
            "name": "萬大#2",
            "unit_id": "2",
            "mappingName": [
                "萬大"
            ],
            "capacity": 10.4,
            "used": 10.1,
            "percent": 97.12,
            "gov": "1",
            "status": "online",
            "note": "",
            "noteId": "",
            "key": "萬大#2_hydro"
        },
        {
            "type": "hydro",
            "name": "萬大#3",
            "unit_id": "3",
            "mappingName": [
                "萬大"
            ],
            "capacity": 15.3,
            "used": 0,
            "percent": 0,
            "gov": "1",
            "status": "online",
            "note": "",
            "noteId": "",
            "key": "萬大#3_hydro"
        },
        {
            "type": "hydro",
            "name": "萬大#4",
            "unit_id": "4",
            "mappingName": [
                "萬大"
            ],
            "capacity": 19.7,
            "used": 0,
            "percent": 0,
            "gov": "1",
            "status": "online",
            "note": "",
            "noteId": "",
            "key": "萬大#4_hydro"
        },
        {
            "type": "hydro",
            "name": "松林#1&2",
            "unit_id": "1",
            "mappingName": [
                "萬大"
            ],
            "capacity": 20.9,
            "used": 2.5,
            "percent": 11.96,
            "gov": "1",
            "status": "online",
            "note": "",
            "noteId": "",
            "key": "松林#12_hydro"
        },
        {
            "type": "hydro",
            "name": "大觀一#1",
            "unit_id": "1",
            "mappingName": [
                "大觀"
            ],
            "capacity": 22,
            "used": 2.3,
            "percent": 10.45,
            "gov": "1",
            "status": "online",
            "note": "",
            "noteId": "",
            "key": "大觀一#1_hydro"
        },
        {
            "type": "hydro",
            "name": "大觀一#2",
            "unit_id": "2",
            "mappingName": [
                "大觀"
            ],
            "capacity": 22,
            "used": 2,
            "percent": 9.09,
            "gov": "1",
            "status": "online",
            "note": "",
            "noteId": "",
            "key": "大觀一#2_hydro"
        },
        {
            "type": "hydro",
            "name": "大觀一#3",
            "unit_id": "3",
            "mappingName": [
                "大觀"
            ],
            "capacity": 22,
            "used": 1.5,
            "percent": 6.82,
            "gov": "1",
            "status": "online",
            "note": "",
            "noteId": "",
            "key": "大觀一#3_hydro"
        },
        {
            "type": "hydro",
            "name": "大觀一#4",
            "unit_id": "4",
            "mappingName": [
                "大觀"
            ],
            "capacity": 22,
            "used": 1.2,
            "percent": 5.45,
            "gov": "1",
            "status": "online",
            "note": "",
            "noteId": "",
            "key": "大觀一#4_hydro"
        },
        {
            "type": "hydro",
            "name": "大觀一#5",
            "unit_id": "5",
            "mappingName": [
                "大觀"
            ],
            "capacity": 22,
            "used": 0,
            "percent": 0,
            "gov": "1",
            "status": "fix",
            "note": "檢修",
            "noteId": "",
            "key": "大觀一#5_hydro"
        },
        {
            "type": "hydro",
            "name": "鉅工#1",
            "unit_id": "1",
            "mappingName": [
                "明潭"
            ],
            "capacity": 21.8,
            "used": 0,
            "percent": 0,
            "gov": "1",
            "status": "fix",
            "note": "歲修",
            "noteId": "",
            "key": "鉅工#1_hydro"
        },
        {
            "type": "hydro",
            "name": "鉅工#2",
            "unit_id": "2",
            "mappingName": [
                "明潭"
            ],
            "capacity": 21.8,
            "used": 3.2,
            "percent": 14.68,
            "gov": "1",
            "status": "online",
            "note": "",
            "noteId": "",
            "key": "鉅工#2_hydro"
        },
        {
            "type": "hydro",
            "name": "水里#1",
            "unit_id": "1",
            "mappingName": [
                "明潭"
            ],
            "capacity": 12.8,
            "used": 0,
            "percent": 0,
            "gov": "1",
            "status": "online",
            "note": "",
            "noteId": "",
            "key": "水里#1_hydro"
        },
        {
            "type": "hydro",
            "name": "立霧#1&#2",
            "unit_id": "",
            "mappingName": [
                "東部"
            ],
            "capacity": 32,
            "used": 10,
            "percent": 31.25,
            "gov": "1",
            "status": "online",
            "note": "",
            "noteId": "",
            "key": "立霧#1#2_hydro"
        },
        {
            "type": "hydro",
            "name": "龍澗#1",
            "unit_id": "1",
            "mappingName": [
                "東部"
            ],
            "capacity": 48.6,
            "used": 0,
            "percent": 0,
            "gov": "1",
            "status": "online",
            "note": "",
            "noteId": "",
            "key": "龍澗#1_hydro"
        },
        {
            "type": "hydro",
            "name": "龍澗#2",
            "unit_id": "2",
            "mappingName": [
                "東部"
            ],
            "capacity": 48.6,
            "used": 21.9,
            "percent": 45.06,
            "gov": "1",
            "status": "online",
            "note": "",
            "noteId": "",
            "key": "龍澗#2_hydro"
        },
        {
            "type": "hydro",
            "name": "碧海",
            "unit_id": "",
            "mappingName": [
                "東部"
            ],
            "capacity": 61.2,
            "used": 10.9,
            "percent": 17.81,
            "gov": "1",
            "status": "online",
            "note": "",
            "noteId": "",
            "key": "碧海_hydro"
        },
        {
            "type": "hydro",
            "name": "烏來&桂山&粗坑",
            "unit_id": "",
            "mappingName": [
                "烏來&桂山&粗坑"
            ],
            "capacity": 40.5,
            "used": 36.5,
            "percent": 90.12,
            "gov": "1",
            "status": "online",
            "note": "",
            "noteId": "",
            "key": "烏來桂山粗坑_hydro"
        },
        {
            "type": "hydro",
            "name": "北部小水力",
            "unit_id": "",
            "mappingName": [
                "蘭陽",
                "桂山"
            ],
            "capacity": 26.6,
            "used": 0,
            "percent": 0,
            "gov": "1",
            "status": "online",
            "note": "",
            "noteId": "6",
            "key": "北部小水力_hydro"
        },
        {
            "type": "hydro",
            "name": "中部小水力",
            "unit_id": "",
            "mappingName": [
                "大甲溪",
                "明潭"
            ],
            "capacity": 9.8,
            "used": 0,
            "percent": 0,
            "gov": "1",
            "status": "online",
            "note": "",
            "noteId": "6",
            "key": "中部小水力_hydro"
        },
        {
            "type": "hydro",
            "name": "南部小水力",
            "unit_id": "",
            "mappingName": [
                "高屏",
                "明潭"
            ],
            "capacity": 7.2,
            "used": 0,
            "percent": 0,
            "gov": "1",
            "status": "online",
            "note": "",
            "noteId": "6",
            "key": "南部小水力_hydro"
        },
        {
            "type": "hydro",
            "name": "東部小水力",
            "unit_id": "",
            "mappingName": [
                "東部"
            ],
            "capacity": 54.6,
            "used": 35,
            "percent": 64.1,
            "gov": "1",
            "status": "online",
            "note": "",
            "noteId": "6",
            "key": "東部小水力_hydro"
        },
        {
            "type": "hydro",
            "name": "翡翠#1",
            "unit_id": "1",
            "mappingName": [
                "桂山"
            ],
            "capacity": 70,
            "used": 0,
            "percent": 0,
            "gov": "1",
            "status": "online",
            "note": "",
            "noteId": "",
            "key": "翡翠#1_hydro"
        },
        {
            "type": "hydro",
            "name": "石門#1",
            "unit_id": "1",
            "mappingName": [
                "石門"
            ],
            "capacity": 45,
            "used": 0,
            "percent": 0,
            "gov": "1",
            "status": "online",
            "note": "",
            "noteId": "",
            "key": "石門#1_hydro"
        },
        {
            "type": "hydro",
            "name": "石門#2",
            "unit_id": "2",
            "mappingName": [
                "石門"
            ],
            "capacity": 45,
            "used": 0,
            "percent": 0,
            "gov": "1",
            "status": "online",
            "note": "",
            "noteId": "",
            "key": "石門#2_hydro"
        },
        {
            "type": "hydro",
            "name": "曾文#1",
            "unit_id": "1",
            "mappingName": [
                "曾文"
            ],
            "capacity": 50,
            "used": 0,
            "percent": 0,
            "gov": "1",
            "status": "online",
            "note": "",
            "noteId": "",
            "key": "曾文#1_hydro"
        },
        {
            "type": "hydro",
            "name": "義興#1",
            "unit_id": "1",
            "mappingName": [
                "石門"
            ],
            "capacity": 40,
            "used": 32.4,
            "percent": 81,
            "gov": "1",
            "status": "online",
            "note": "",
            "noteId": "",
            "key": "義興#1_hydro"
        },
        {
            "type": "hydro",
            "name": "名間",
            "unit_id": "",
            "mappingName": [
                "名間"
            ],
            "capacity": 16.7,
            "used": 14,
            "percent": 83.83,
            "gov": "1",
            "status": "online",
            "note": "",
            "noteId": "",
            "key": "名間_hydro"
        },
        {
            "type": "hydro",
            "name": "嘉南西口、烏山頭和八田",
            "unit_id": "",
            "mappingName": [
                "嘉南西口、烏山頭和八田"
            ],
            "capacity": 22.5,
            "used": 0.2,
            "percent": 0.89,
            "gov": "1",
            "status": "online",
            "note": "",
            "noteId": "",
            "key": "嘉南西口、烏山頭和八田_hydro"
        },
        {
            "type": "hydro",
            "name": "后里示範",
            "unit_id": "",
            "mappingName": [
                "大甲溪"
            ],
            "capacity": 0.1,
            "used": 0,
            "percent": 0,
            "gov": "1",
            "status": "online",
            "note": "",
            "noteId": "",
            "key": "后里示範_hydro"
        },
        {
            "type": "hydro",
            "name": "卑南",
            "unit_id": "",
            "mappingName": [
                "卑南上圳小型"
            ],
            "capacity": 2,
            "used": 0,
            "percent": 0,
            "gov": "1",
            "status": "online",
            "note": "",
            "noteId": "",
            "key": "卑南_hydro"
        },
        {
            "type": "hydro",
            "name": "捷祥關山",
            "unit_id": "",
            "mappingName": [
                "捷祥關山"
            ],
            "capacity": 1,
            "used": 0,
            "percent": 0,
            "gov": "1",
            "status": "online",
            "note": "",
            "noteId": "",
            "key": "捷祥關山_hydro"
        },
        {
            "type": "wind",
            "name": "石門",
            "unit_id": "",
            "mappingName": [
                "石門"
            ],
            "capacity": 4,
            "used": 0,
            "percent": 0,
            "gov": "1",
            "status": "online",
            "note": "",
            "noteId": "",
            "key": "石門_wind"
        },
        {
            "type": "wind",
            "name": "林口",
            "unit_id": "",
            "mappingName": [
                "林口"
            ],
            "capacity": 6,
            "used": 1.2,
            "percent": 20,
            "gov": "1",
            "status": "online",
            "note": "",
            "noteId": "",
            "key": "林口_wind"
        },
        {
            "type": "wind",
            "name": "蘆竹",
            "unit_id": "",
            "mappingName": [
                "蘆竹"
            ],
            "capacity": 7.2,
            "used": 1.5,
            "percent": 20.83,
            "gov": "1",
            "status": "online",
            "note": "",
            "noteId": "",
            "key": "蘆竹_wind"
        },
        {
            "type": "wind",
            "name": "大潭",
            "unit_id": "",
            "mappingName": [
                "大潭"
            ],
            "capacity": 15.1,
            "used": 1.2,
            "percent": 7.95,
            "gov": "1",
            "status": "online",
            "note": "",
            "noteId": "",
            "key": "大潭_wind"
        },
        {
            "type": "wind",
            "name": "觀園",
            "unit_id": "",
            "mappingName": [
                "觀園"
            ],
            "capacity": 30,
            "used": 4.4,
            "percent": 14.67,
            "gov": "1",
            "status": "online",
            "note": "",
            "noteId": "",
            "key": "觀園_wind"
        },
        {
            "type": "wind",
            "name": "香山",
            "unit_id": "",
            "mappingName": [
                "香山"
            ],
            "capacity": 12,
            "used": 0,
            "percent": 0,
            "gov": "1",
            "status": "online",
            "note": "",
            "noteId": "",
            "key": "香山_wind"
        },
        {
            "type": "wind",
            "name": "台中",
            "unit_id": "",
            "mappingName": [
                "台中"
            ],
            "capacity": 6,
            "used": 0,
            "percent": 0,
            "gov": "1",
            "status": "online",
            "note": "",
            "noteId": "",
            "key": "台中_wind"
        },
        {
            "type": "wind",
            "name": "台中港",
            "unit_id": "",
            "mappingName": [
                "台中港"
            ],
            "capacity": 36,
            "used": 0,
            "percent": 0,
            "gov": "1",
            "status": "online",
            "note": "",
            "noteId": "",
            "key": "台中港_wind"
        },
        {
            "type": "wind",
            "name": "王功",
            "unit_id": "",
            "mappingName": [
                "王功"
            ],
            "capacity": 23,
            "used": 1.9,
            "percent": 8.26,
            "gov": "1",
            "status": "online",
            "note": "",
            "noteId": "",
            "key": "王功_wind"
        },
        {
            "type": "wind",
            "name": "彰工",
            "unit_id": "",
            "mappingName": [
                "彰工"
            ],
            "capacity": 71.2,
            "used": 6.4,
            "percent": 8.99,
            "gov": "1",
            "status": "online",
            "note": "",
            "noteId": "",
            "key": "彰工_wind"
        },
        {
            "type": "wind",
            "name": "永興",
            "unit_id": "",
            "mappingName": [
                "永興"
            ],
            "capacity": 9.2,
            "used": 1.2,
            "percent": 13.04,
            "gov": "1",
            "status": "online",
            "note": "",
            "noteId": "",
            "key": "永興_wind"
        },
        {
            "type": "wind",
            "name": "離岸一期",
            "unit_id": "",
            "mappingName": [
                "離岸一期"
            ],
            "capacity": 0,
            "used": 0,
            "percent": 0,
            "gov": "1",
            "status": "online",
            "note": "",
            "noteId": "10",
            "key": "離岸一期_wind"
        },
        {
            "type": "wind",
            "name": "雲麥",
            "unit_id": "",
            "mappingName": [
                "雲麥"
            ],
            "capacity": 46,
            "used": 9.8,
            "percent": 21.3,
            "gov": "1",
            "status": "online",
            "note": "",
            "noteId": "",
            "key": "雲麥_wind"
        },
        {
            "type": "wind",
            "name": "四湖",
            "unit_id": "",
            "mappingName": [
                "四湖"
            ],
            "capacity": 28,
            "used": 15.1,
            "percent": 53.93,
            "gov": "1",
            "status": "online",
            "note": "",
            "noteId": "",
            "key": "四湖_wind"
        },
        {
            "type": "wind",
            "name": "恆春",
            "unit_id": "",
            "mappingName": [
                "恆春"
            ],
            "capacity": 4.5,
            "used": 1.5,
            "percent": 33.33,
            "gov": "1",
            "status": "online",
            "note": "",
            "noteId": "",
            "key": "恆春_wind"
        },
        {
            "type": "wind",
            "name": "澎湖中屯",
            "unit_id": "",
            "mappingName": [
                "澎湖中屯"
            ],
            "capacity": 4.8,
            "used": 0.2,
            "percent": 4.17,
            "gov": "1",
            "status": "online",
            "note": "",
            "noteId": "",
            "key": "澎湖中屯_wind"
        },
        {
            "type": "wind",
            "name": "金門金沙",
            "unit_id": "",
            "mappingName": [
                "金門金沙"
            ],
            "capacity": 4,
            "used": 0.9,
            "percent": 22.5,
            "gov": "1",
            "status": "online",
            "note": "",
            "noteId": "",
            "key": "金門金沙_wind"
        },
        {
            "type": "wind",
            "name": "澎湖湖西",
            "unit_id": "",
            "mappingName": [
                "湖西"
            ],
            "capacity": 5.4,
            "used": 0.1,
            "percent": 1.85,
            "gov": "1",
            "status": "online",
            "note": "",
            "noteId": "",
            "key": "澎湖湖西_wind"
        },
        {
            "type": "wind",
            "name": "苗栗竹南",
            "unit_id": "",
            "mappingName": [
                "竹南"
            ],
            "capacity": 7.8,
            "used": 0.1,
            "percent": 1.28,
            "gov": "1",
            "status": "online",
            "note": "",
            "noteId": "",
            "key": "苗栗竹南_wind"
        },
        {
            "type": "wind",
            "name": "苗栗大鵬",
            "unit_id": "",
            "mappingName": [
                "大鵬"
            ],
            "capacity": 42,
            "used": 0,
            "percent": 0,
            "gov": "1",
            "status": "online",
            "note": "",
            "noteId": "",
            "key": "苗栗大鵬_wind"
        },
        {
            "type": "wind",
            "name": "鹿威彰濱",
            "unit_id": "",
            "mappingName": [
                "鹿威彰濱"
            ],
            "capacity": 55.2,
            "used": 2,
            "percent": 3.62,
            "gov": "1",
            "status": "online",
            "note": "",
            "noteId": "",
            "key": "鹿威彰濱_wind"
        },
        {
            "type": "wind",
            "name": "鹿威鹿港",
            "unit_id": "",
            "mappingName": [
                "鹿威"
            ],
            "capacity": 41.4,
            "used": 0.6,
            "percent": 1.45,
            "gov": "1",
            "status": "online",
            "note": "",
            "noteId": "",
            "key": "鹿威鹿港_wind"
        },
        {
            "type": "wind",
            "name": "觀威觀音&桃威新屋",
            "unit_id": "",
            "mappingName": [
                "觀威觀音&桃威新屋"
            ],
            "capacity": 48.3,
            "used": 3.8,
            "percent": 7.87,
            "gov": "1",
            "status": "online",
            "note": "",
            "noteId": "",
            "key": "觀威觀音桃威新屋_wind"
        },
        {
            "type": "wind",
            "name": "中威大安",
            "unit_id": "",
            "mappingName": [
                "中威大安"
            ],
            "capacity": 75.9,
            "used": 0,
            "percent": 0,
            "gov": "1",
            "status": "online",
            "note": "",
            "noteId": "",
            "key": "中威大安_wind"
        },
        {
            "type": "wind",
            "name": "崎威崎頂",
            "unit_id": "",
            "mappingName": [
                "崎威崎頂"
            ],
            "capacity": 6.9,
            "used": 0,
            "percent": 0,
            "gov": "1",
            "status": "online",
            "note": "",
            "noteId": "",
            "key": "崎威崎頂_wind"
        },
        {
            "type": "wind",
            "name": "豐威",
            "unit_id": "",
            "mappingName": [
                "豐威"
            ],
            "capacity": 11.5,
            "used": 0.4,
            "percent": 3.48,
            "gov": "1",
            "status": "online",
            "note": "",
            "noteId": "",
            "key": "豐威_wind"
        },
        {
            "type": "wind",
            "name": "龍威後龍",
            "unit_id": "",
            "mappingName": [
                "龍威後龍"
            ],
            "capacity": 44.1,
            "used": 0.8,
            "percent": 1.81,
            "gov": "1",
            "status": "online",
            "note": "",
            "noteId": "",
            "key": "龍威後龍_wind"
        },
        {
            "type": "wind",
            "name": "苗栗通苑",
            "unit_id": "",
            "mappingName": [
                "苗栗通苑"
            ],
            "capacity": 39.1,
            "used": 0,
            "percent": 0,
            "gov": "1",
            "status": "online",
            "note": "",
            "noteId": "",
            "key": "苗栗通苑_wind"
        },
        {
            "type": "wind",
            "name": "安威",
            "unit_id": "",
            "mappingName": [
                "安威"
            ],
            "capacity": 11.5,
            "used": 0,
            "percent": 0,
            "gov": "1",
            "status": "online",
            "note": "",
            "noteId": "",
            "key": "安威_wind"
        },
        {
            "type": "wind",
            "name": "清風清水",
            "unit_id": "",
            "mappingName": [
                "清風清水"
            ],
            "capacity": 2.3,
            "used": 0,
            "percent": 0,
            "gov": "1",
            "status": "online",
            "note": "",
            "noteId": "",
            "key": "清風清水_wind"
        },
        {
            "type": "wind",
            "name": "東鋼龍港",
            "unit_id": "",
            "mappingName": [
                "東鋼龍港"
            ],
            "capacity": 11.5,
            "used": 0,
            "percent": 0,
            "gov": "1",
            "status": "online",
            "note": "",
            "noteId": "",
            "key": "東鋼龍港_wind"
        },
        {
            "type": "wind",
            "name": "海洋竹南",
            "unit_id": "",
            "mappingName": [
                "海洋竹南"
            ],
            "capacity": 128,
            "used": 8.8,
            "percent": 6.88,
            "gov": "1",
            "status": "online",
            "note": "",
            "noteId": "",
            "key": "海洋竹南_wind"
        },
        {
            "type": "wind",
            "name": "禾風麥寮",
            "unit_id": "",
            "mappingName": [
                "禾風麥寮"
            ],
            "capacity": 2.3,
            "used": 1,
            "percent": 43.48,
            "gov": "1",
            "status": "online",
            "note": "",
            "noteId": "",
            "key": "禾風麥寮_wind"
        },
        {
            "type": "solar",
            "name": "金門金沙",
            "unit_id": "",
            "mappingName": [
                "金門金沙"
            ],
            "capacity": 0.5,
            "used": 0.084,
            "percent": 16.8,
            "gov": "1",
            "status": "online",
            "note": "",
            "noteId": "",
            "key": "金門金沙_solar"
        },
        {
            "type": "solar",
            "name": "台中生水池",
            "unit_id": "",
            "mappingName": [
                "台中"
            ],
            "capacity": 2.1,
            "used": 0.005,
            "percent": 0.24,
            "gov": "1",
            "status": "online",
            "note": "",
            "noteId": "",
            "key": "台中生水池_solar"
        },
        {
            "type": "solar",
            "name": "興達生水池",
            "unit_id": "",
            "mappingName": [
                "興達"
            ],
            "capacity": 1.6,
            "used": 0.01,
            "percent": 0.63,
            "gov": "1",
            "status": "online",
            "note": "",
            "noteId": "",
            "key": "興達生水池_solar"
        },
        {
            "type": "solar",
            "name": "嘉義民雄",
            "unit_id": "",
            "mappingName": [
                "嘉義民雄"
            ],
            "capacity": 0.1,
            "used": 0,
            "percent": 0,
            "gov": "1",
            "status": "online",
            "note": "",
            "noteId": "",
            "key": "嘉義民雄_solar"
        },
        {
            "type": "solar",
            "name": "中部儲運",
            "unit_id": "",
            "mappingName": [
                "中部儲運"
            ],
            "capacity": 0.1,
            "used": 0,
            "percent": 0,
            "gov": "1",
            "status": "online",
            "note": "",
            "noteId": "",
            "key": "中部儲運_solar"
        },
        {
            "type": "solar",
            "name": "東勢新伯公",
            "unit_id": "",
            "mappingName": [
                "東勢新伯公"
            ],
            "capacity": 0.1,
            "used": 0,
            "percent": 0,
            "gov": "1",
            "status": "online",
            "note": "",
            "noteId": "",
            "key": "東勢新伯公_solar"
        },
        {
            "type": "solar",
            "name": "永安鹽灘地",
            "unit_id": "",
            "mappingName": [
                "永安鹽灘地"
            ],
            "capacity": 4.6,
            "used": 0.004,
            "percent": 0.09,
            "gov": "1",
            "status": "online",
            "note": "",
            "noteId": "",
            "key": "永安鹽灘地_solar"
        },
        {
            "type": "solar",
            "name": "路北",
            "unit_id": "",
            "mappingName": [
                "路北"
            ],
            "capacity": 0.1,
            "used": 0,
            "percent": 0,
            "gov": "1",
            "status": "online",
            "note": "",
            "noteId": "",
            "key": "路北_solar"
        },
        {
            "type": "solar",
            "name": "中原大學",
            "unit_id": "",
            "mappingName": [
                "中原大學"
            ],
            "capacity": 0,
            "used": 0.001,
            "percent": 0,
            "gov": "1",
            "status": "online",
            "note": "",
            "noteId": "",
            "key": "中原大學_solar"
        },
        {
            "type": "solar",
            "name": "大潭生水池",
            "unit_id": "",
            "mappingName": [
                "大潭"
            ],
            "capacity": 0.6,
            "used": 0.036,
            "percent": 6,
            "gov": "1",
            "status": "online",
            "note": "",
            "noteId": "",
            "key": "大潭生水池_solar"
        },
        {
            "type": "solar",
            "name": "核三生水池",
            "unit_id": "",
            "mappingName": [
                "核三"
            ],
            "capacity": 1.5,
            "used": 0.031,
            "percent": 2.07,
            "gov": "1",
            "status": "online",
            "note": "",
            "noteId": "",
            "key": "核三生水池_solar"
        },
        {
            "type": "solar",
            "name": "七美",
            "unit_id": "",
            "mappingName": [
                "七美"
            ],
            "capacity": 0.4,
            "used": 0.013,
            "percent": 3.25,
            "gov": "1",
            "status": "online",
            "note": "",
            "noteId": "",
            "key": "七美_solar"
        },
        {
            "type": "solar",
            "name": "尖山",
            "unit_id": "",
            "mappingName": [
                "尖山"
            ],
            "capacity": 0.1,
            "used": 0.037,
            "percent": 37,
            "gov": "1",
            "status": "online",
            "note": "",
            "noteId": "",
            "key": "尖山_solar"
        },
        {
            "type": "solar",
            "name": "卓蘭",
            "unit_id": "",
            "mappingName": [
                "卓蘭"
            ],
            "capacity": 0,
            "used": 0,
            "percent": 0,
            "gov": "1",
            "status": "online",
            "note": "",
            "noteId": "",
            "key": "卓蘭_solar"
        },
        {
            "type": "solar",
            "name": "后里",
            "unit_id": "",
            "mappingName": [
                "大甲溪"
            ],
            "capacity": 0.1,
            "used": 0,
            "percent": 0,
            "gov": "1",
            "status": "online",
            "note": "",
            "noteId": "",
            "key": "后里_solar"
        },
        {
            "type": "solar",
            "name": "台中龍井",
            "unit_id": "",
            "mappingName": [
                "台中龍井"
            ],
            "capacity": 6.5,
            "used": 0.042,
            "percent": 0.65,
            "gov": "1",
            "status": "online",
            "note": "",
            "noteId": "",
            "key": "台中龍井_solar"
        },
        {
            "type": "solar",
            "name": "七股",
            "unit_id": "",
            "mappingName": [
                "七股"
            ],
            "capacity": 1.8,
            "used": 0.061,
            "percent": 3.39,
            "gov": "1",
            "status": "online",
            "note": "",
            "noteId": "",
            "key": "七股_solar"
        },
        {
            "type": "solar",
            "name": "龍潭E/S",
            "unit_id": "",
            "mappingName": [
                "龍潭E/S"
            ],
            "capacity": 0.2,
            "used": 0.003,
            "percent": 1.5,
            "gov": "1",
            "status": "online",
            "note": "",
            "noteId": "",
            "key": "龍潭ES_solar"
        },
        {
            "type": "solar",
            "name": "竹工E/S",
            "unit_id": "",
            "mappingName": [
                "竹工E/S"
            ],
            "capacity": 0.2,
            "used": 0.005,
            "percent": 2.5,
            "gov": "1",
            "status": "online",
            "note": "",
            "noteId": "",
            "key": "竹工ES_solar"
        },
        {
            "type": "solar",
            "name": "中科E/S",
            "unit_id": "",
            "mappingName": [
                "中科E/S"
            ],
            "capacity": 0.2,
            "used": 0.001,
            "percent": 0.5,
            "gov": "1",
            "status": "online",
            "note": "",
            "noteId": "",
            "key": "中科ES_solar"
        },
        {
            "type": "solar",
            "name": "彰林E/S",
            "unit_id": "",
            "mappingName": [
                "彰林E/S"
            ],
            "capacity": 0.3,
            "used": 0.011,
            "percent": 3.67,
            "gov": "1",
            "status": "online",
            "note": "",
            "noteId": "",
            "key": "彰林ES_solar"
        },
        {
            "type": "solar",
            "name": "高雄E/S",
            "unit_id": "",
            "mappingName": [
                "高雄E/S"
            ],
            "capacity": 0.4,
            "used": 0.196,
            "percent": 49,
            "gov": "1",
            "status": "online",
            "note": "",
            "noteId": "",
            "key": "高雄ES_solar"
        },
        {
            "type": "solar",
            "name": "燕巢倉庫",
            "unit_id": "",
            "mappingName": [
                "燕巢倉庫"
            ],
            "capacity": 0.5,
            "used": 0.005,
            "percent": 1,
            "gov": "1",
            "status": "online",
            "note": "",
            "noteId": "",
            "key": "燕巢倉庫_solar"
        },
        {
            "type": "solar",
            "name": "大潭",
            "unit_id": "",
            "mappingName": [
                "大潭"
            ],
            "capacity": 0.7,
            "used": 0.05,
            "percent": 7.14,
            "gov": "1",
            "status": "online",
            "note": "",
            "noteId": "",
            "key": "大潭_solar"
        },
        {
            "type": "solar",
            "name": "北儲",
            "unit_id": "",
            "mappingName": [
                "北儲"
            ],
            "capacity": 0.9,
            "used": 0.076,
            "percent": 8.44,
            "gov": "1",
            "status": "online",
            "note": "",
            "noteId": "",
            "key": "北儲_solar"
        },
        {
            "type": "solar",
            "name": "彰濱光",
            "unit_id": "",
            "mappingName": [
                "彰濱光"
            ],
            "capacity": 100,
            "used": 0.28,
            "percent": 0.28,
            "gov": "1",
            "status": "online",
            "note": "",
            "noteId": "",
            "key": "彰濱光_solar"
        },
        {
            "type": "solar",
            "name": "南鹽光",
            "unit_id": "",
            "mappingName": [
                "南鹽光"
            ],
            "capacity": 0,
            "used": 5.53,
            "percent": 0,
            "gov": "1",
            "status": "online",
            "note": "",
            "noteId": "10",
            "key": "南鹽光_solar"
        },
        {
            "type": "solar",
            "name": "崙尾光",
            "unit_id": "",
            "mappingName": [
                "崙尾光"
            ],
            "capacity": 0,
            "used": 0.56,
            "percent": 0,
            "gov": "1",
            "status": "online",
            "note": "",
            "noteId": "10",
            "key": "崙尾光_solar"
        },
        {
            "type": "solar",
            "name": "太陽能購電",
            "unit_id": "",
            "mappingName": [
                "太陽能購電"
            ],
            "capacity": 5435.2,
            "used": 318.824,
            "percent": 5.87,
            "gov": "1",
            "status": "online",
            "note": "",
            "noteId": "7",
            "key": "太陽能購電_solar"
        },
        {
            "type": "pumping gen",
            "name": "大觀二#1",
            "unit_id": "1",
            "mappingName": [
                "大觀"
            ],
            "capacity": 250,
            "used": 0,
            "percent": 0,
            "gov": "1",
            "status": "online",
            "note": "",
            "noteId": "",
            "key": "大觀二#1_pumping gen"
        },
        {
            "type": "pumping gen",
            "name": "大觀二#2",
            "unit_id": "2",
            "mappingName": [
                "大觀"
            ],
            "capacity": 250,
            "used": 0,
            "percent": 0,
            "gov": "1",
            "status": "online",
            "note": "",
            "noteId": "",
            "key": "大觀二#2_pumping gen"
        },
        {
            "type": "pumping gen",
            "name": "大觀二#3",
            "unit_id": "3",
            "mappingName": [
                "大觀"
            ],
            "capacity": 250,
            "used": 187.1,
            "percent": 74.84,
            "gov": "1",
            "status": "online",
            "note": "",
            "noteId": "",
            "key": "大觀二#3_pumping gen"
        },
        {
            "type": "pumping gen",
            "name": "大觀二#4",
            "unit_id": "4",
            "mappingName": [
                "大觀"
            ],
            "capacity": 250,
            "used": 0,
            "percent": 0,
            "gov": "1",
            "status": "online",
            "note": "",
            "noteId": "",
            "key": "大觀二#4_pumping gen"
        },
        {
            "type": "pumping gen",
            "name": "明潭#1",
            "unit_id": "1",
            "mappingName": [
                "明潭"
            ],
            "capacity": 267,
            "used": 0,
            "percent": 0,
            "gov": "1",
            "status": "online",
            "note": "",
            "noteId": "",
            "key": "明潭#1_pumping gen"
        },
        {
            "type": "pumping gen",
            "name": "明潭#2",
            "unit_id": "2",
            "mappingName": [
                "明潭"
            ],
            "capacity": 267,
            "used": 0,
            "percent": 0,
            "gov": "1",
            "status": "online",
            "note": "",
            "noteId": "",
            "key": "明潭#2_pumping gen"
        },
        {
            "type": "pumping gen",
            "name": "明潭#3",
            "unit_id": "3",
            "mappingName": [
                "明潭"
            ],
            "capacity": 267,
            "used": 0,
            "percent": 0,
            "gov": "1",
            "status": "online",
            "note": "",
            "noteId": "",
            "key": "明潭#3_pumping gen"
        },
        {
            "type": "pumping gen",
            "name": "明潭#4",
            "unit_id": "4",
            "mappingName": [
                "明潭"
            ],
            "capacity": 267,
            "used": 0,
            "percent": 0,
            "gov": "1",
            "status": "online",
            "note": "",
            "noteId": "",
            "key": "明潭#4_pumping gen"
        },
        {
            "type": "pumping gen",
            "name": "明潭#5",
            "unit_id": "5",
            "mappingName": [
                "明潭"
            ],
            "capacity": 267,
            "used": 0,
            "percent": 0,
            "gov": "1",
            "status": "online",
            "note": "",
            "noteId": "",
            "key": "明潭#5_pumping gen"
        },
        {
            "type": "pumping gen",
            "name": "明潭#6",
            "unit_id": "6",
            "mappingName": [
                "明潭"
            ],
            "capacity": 267,
            "used": 0,
            "percent": 0,
            "gov": "1",
            "status": "online",
            "note": "",
            "noteId": "",
            "key": "明潭#6_pumping gen"
        },
        {
            "type": "pumping load",
            "name": "大觀二#1",
            "unit_id": "1",
            "mappingName": [
                "大觀"
            ],
            "capacity": 0,
            "used": 0,
            "percent": 0,
            "gov": "1",
            "status": "online",
            "note": "",
            "noteId": "",
            "key": "大觀二#1_pumping load"
        },
        {
            "type": "pumping load",
            "name": "大觀二#2",
            "unit_id": "2",
            "mappingName": [
                "大觀"
            ],
            "capacity": 0,
            "used": 0,
            "percent": 0,
            "gov": "1",
            "status": "online",
            "note": "",
            "noteId": "",
            "key": "大觀二#2_pumping load"
        },
        {
            "type": "pumping load",
            "name": "大觀二#3",
            "unit_id": "3",
            "mappingName": [
                "大觀"
            ],
            "capacity": 0,
            "used": 0,
            "percent": 0,
            "gov": "1",
            "status": "online",
            "note": "",
            "noteId": "",
            "key": "大觀二#3_pumping load"
        },
        {
            "type": "pumping load",
            "name": "大觀二#4",
            "unit_id": "4",
            "mappingName": [
                "大觀"
            ],
            "capacity": 0,
            "used": 0,
            "percent": 0,
            "gov": "1",
            "status": "online",
            "note": "",
            "noteId": "",
            "key": "大觀二#4_pumping load"
        },
        {
            "type": "pumping load",
            "name": "明潭#1",
            "unit_id": "1",
            "mappingName": [
                "明潭"
            ],
            "capacity": 0,
            "used": 0,
            "percent": 0,
            "gov": "1",
            "status": "online",
            "note": "",
            "noteId": "",
            "key": "明潭#1_pumping load"
        },
        {
            "type": "pumping load",
            "name": "明潭#2",
            "unit_id": "2",
            "mappingName": [
                "明潭"
            ],
            "capacity": 0,
            "used": -263.4,
            "percent": 0,
            "gov": "1",
            "status": "online",
            "note": "",
            "noteId": "",
            "key": "明潭#2_pumping load"
        },
        {
            "type": "pumping load",
            "name": "明潭#3",
            "unit_id": "3",
            "mappingName": [
                "明潭"
            ],
            "capacity": 0,
            "used": 0,
            "percent": 0,
            "gov": "1",
            "status": "online",
            "note": "",
            "noteId": "",
            "key": "明潭#3_pumping load"
        },
        {
            "type": "pumping load",
            "name": "明潭#4",
            "unit_id": "4",
            "mappingName": [
                "明潭"
            ],
            "capacity": 0,
            "used": 0,
            "percent": 0,
            "gov": "1",
            "status": "online",
            "note": "",
            "noteId": "",
            "key": "明潭#4_pumping load"
        },
        {
            "type": "pumping load",
            "name": "明潭#5",
            "unit_id": "5",
            "mappingName": [
                "明潭"
            ],
            "capacity": 0,
            "used": 0,
            "percent": 0,
            "gov": "1",
            "status": "online",
            "note": "",
            "noteId": "",
            "key": "明潭#5_pumping load"
        },
        {
            "type": "pumping load",
            "name": "明潭#6",
            "unit_id": "6",
            "mappingName": [
                "明潭"
            ],
            "capacity": 0,
            "used": 0,
            "percent": 0,
            "gov": "1",
            "status": "online",
            "note": "",
            "noteId": "",
            "key": "明潭#6_pumping load"
        },
        {
            "type": "geothermal",
            "name": "小型地熱能",
            "unit_id": "",
            "mappingName": [
                "小型地熱能"
            ],
            "capacity": 0.3,
            "used": 0.2,
            "percent": 66.67,
            "gov": "1",
            "status": "online",
            "note": "",
            "noteId": "",
            "key": "小型地熱能_geothermal"
        }
    ]
}