{
    "time": "2021-05-21 14:20",
    "info": [
        {
            "type": "nuclear",
            "name": "核二#1",
            "unit_id": "1",
            "mappingName": [
                "核二"
            ],
            "capacity": 985,
            "used": 856.6,
            "percent": 86.96,
            "gov": "1",
            "status": "online",
            "note": "燃料限制",
            "noteId": ""
        },
        {
            "type": "nuclear",
            "name": "核二#2",
            "unit_id": "2",
            "mappingName": [
                "核二"
            ],
            "capacity": 985,
            "used": 970.6,
            "percent": 98.54,
            "gov": "1",
            "status": "online",
            "note": "",
            "noteId": ""
        },
        {
            "type": "nuclear",
            "name": "核三#1",
            "unit_id": "1",
            "mappingName": [
                "核三"
            ],
            "capacity": 951,
            "used": 650.2,
            "percent": 68.37,
            "gov": "1",
            "status": "online",
            "note": "測試運轉",
            "noteId": ""
        },
        {
            "type": "nuclear",
            "name": "核三#2",
            "unit_id": "2",
            "mappingName": [
                "核三"
            ],
            "capacity": 951,
            "used": 938.1,
            "percent": 98.64,
            "gov": "1",
            "status": "online",
            "note": "",
            "noteId": ""
        },
        {
            "type": "coal",
            "name": "林口#1",
            "unit_id": "1",
            "mappingName": [
                "林口"
            ],
            "capacity": 800,
            "used": 758.2,
            "percent": 94.78,
            "gov": "1",
            "status": "online",
            "note": "",
            "noteId": ""
        },
        {
            "type": "coal",
            "name": "林口#2",
            "unit_id": "2",
            "mappingName": [
                "林口"
            ],
            "capacity": 800,
            "used": 762.1,
            "percent": 95.26,
            "gov": "1",
            "status": "online",
            "note": "",
            "noteId": ""
        },
        {
            "type": "coal",
            "name": "林口#3",
            "unit_id": "3",
            "mappingName": [
                "林口"
            ],
            "capacity": 800,
            "used": 757.7,
            "percent": 94.71,
            "gov": "1",
            "status": "online",
            "note": "",
            "noteId": ""
        },
        {
            "type": "coal",
            "name": "台中#1",
            "unit_id": "1",
            "mappingName": [
                "台中"
            ],
            "capacity": 550,
            "used": 486.8,
            "percent": 88.51,
            "gov": "1",
            "status": "online",
            "note": "運轉限制",
            "noteId": ""
        },
        {
            "type": "coal",
            "name": "台中#2",
            "unit_id": "2",
            "mappingName": [
                "台中"
            ],
            "capacity": 550,
            "used": 516.7,
            "percent": 93.95,
            "gov": "1",
            "status": "online",
            "note": "",
            "noteId": ""
        },
        {
            "type": "coal",
            "name": "台中#3",
            "unit_id": "3",
            "mappingName": [
                "台中"
            ],
            "capacity": 550,
            "used": 505.1,
            "percent": 91.84,
            "gov": "1",
            "status": "online",
            "note": "運轉限制",
            "noteId": ""
        },
        {
            "type": "coal",
            "name": "台中#4",
            "unit_id": "4",
            "mappingName": [
                "台中"
            ],
            "capacity": 550,
            "used": 510.5,
            "percent": 92.82,
            "gov": "1",
            "status": "online",
            "note": "",
            "noteId": ""
        },
        {
            "type": "coal",
            "name": "台中#5",
            "unit_id": "5",
            "mappingName": [
                "台中"
            ],
            "capacity": 550,
            "used": 533.5,
            "percent": 97,
            "gov": "1",
            "status": "online",
            "note": "",
            "noteId": ""
        },
        {
            "type": "coal",
            "name": "台中#6",
            "unit_id": "6",
            "mappingName": [
                "台中"
            ],
            "capacity": 550,
            "used": 521.4,
            "percent": 94.8,
            "gov": "1",
            "status": "online",
            "note": "",
            "noteId": ""
        },
        {
            "type": "coal",
            "name": "台中#7",
            "unit_id": "7",
            "mappingName": [
                "台中"
            ],
            "capacity": 550,
            "used": 522,
            "percent": 94.91,
            "gov": "1",
            "status": "online",
            "note": "",
            "noteId": ""
        },
        {
            "type": "coal",
            "name": "台中#8",
            "unit_id": "8",
            "mappingName": [
                "台中"
            ],
            "capacity": 550,
            "used": 528.8,
            "percent": 96.15,
            "gov": "1",
            "status": "online",
            "note": "",
            "noteId": ""
        },
        {
            "type": "coal",
            "name": "台中#9",
            "unit_id": "9",
            "mappingName": [
                "台中"
            ],
            "capacity": 550,
            "used": 0,
            "percent": 0,
            "gov": "1",
            "status": "fix",
            "note": "環保停機歲修",
            "noteId": ""
        },
        {
            "type": "coal",
            "name": "台中#10",
            "unit_id": "10",
            "mappingName": [
                "台中"
            ],
            "capacity": 550,
            "used": 527.1,
            "percent": 95.84,
            "gov": "1",
            "status": "online",
            "note": "",
            "noteId": ""
        },
        {
            "type": "coal",
            "name": "興達#1",
            "unit_id": "1",
            "mappingName": [
                "興達"
            ],
            "capacity": 500,
            "used": 468.3,
            "percent": 93.66,
            "gov": "1",
            "status": "online",
            "note": "",
            "noteId": "12"
        },
        {
            "type": "coal",
            "name": "興達#2",
            "unit_id": "2",
            "mappingName": [
                "興達"
            ],
            "capacity": 500,
            "used": 475.9,
            "percent": 95.18,
            "gov": "1",
            "status": "online",
            "note": "",
            "noteId": "12"
        },
        {
            "type": "coal",
            "name": "興達#3",
            "unit_id": "3",
            "mappingName": [
                "興達"
            ],
            "capacity": 550,
            "used": 523.7,
            "percent": 95.22,
            "gov": "1",
            "status": "online",
            "note": "",
            "noteId": "12"
        },
        {
            "type": "coal",
            "name": "興達#4",
            "unit_id": "4",
            "mappingName": [
                "興達"
            ],
            "capacity": 550,
            "used": 520.2,
            "percent": 94.58,
            "gov": "1",
            "status": "online",
            "note": "",
            "noteId": "12"
        },
        {
            "type": "coal",
            "name": "大林#1",
            "unit_id": "1",
            "mappingName": [
                "大林"
            ],
            "capacity": 800,
            "used": 761.6,
            "percent": 95.2,
            "gov": "1",
            "status": "online",
            "note": "",
            "noteId": ""
        },
        {
            "type": "coal",
            "name": "大林#2",
            "unit_id": "2",
            "mappingName": [
                "大林"
            ],
            "capacity": 800,
            "used": 762.5,
            "percent": 95.31,
            "gov": "1",
            "status": "online",
            "note": "",
            "noteId": ""
        },
        {
            "type": "co-gen",
            "name": "汽電共生",
            "unit_id": "",
            "mappingName": [
                "汽電共生"
            ],
            "capacity": 618,
            "used": 1151.5,
            "percent": 186.33,
            "gov": "1",
            "status": "online",
            "note": "",
            "noteId": ""
        },
        {
            "type": "coal",
            "name": "和平#1",
            "unit_id": "1",
            "mappingName": [
                "和平"
            ],
            "capacity": 648.6,
            "used": 606.8,
            "percent": 93.56,
            "gov": false,
            "status": "online",
            "note": "",
            "noteId": ""
        },
        {
            "type": "coal",
            "name": "和平#2",
            "unit_id": "2",
            "mappingName": [
                "和平"
            ],
            "capacity": 648.6,
            "used": 599.9,
            "percent": 92.49,
            "gov": false,
            "status": "online",
            "note": "",
            "noteId": ""
        },
        {
            "type": "coal",
            "name": "麥寮#1",
            "unit_id": "1",
            "mappingName": [
                "麥寮"
            ],
            "capacity": 600,
            "used": 569.8,
            "percent": 94.97,
            "gov": false,
            "status": "online",
            "note": "",
            "noteId": ""
        },
        {
            "type": "coal",
            "name": "麥寮#2",
            "unit_id": "2",
            "mappingName": [
                "麥寮"
            ],
            "capacity": 600,
            "used": 568.9,
            "percent": 94.82,
            "gov": false,
            "status": "online",
            "note": "",
            "noteId": ""
        },
        {
            "type": "coal",
            "name": "麥寮#3",
            "unit_id": "3",
            "mappingName": [
                "麥寮"
            ],
            "capacity": 600,
            "used": 427.2,
            "percent": 71.2,
            "gov": false,
            "status": "online",
            "note": "運轉限制",
            "noteId": ""
        },
        {
            "type": "lng",
            "name": "大潭CC#1",
            "unit_id": "1",
            "mappingName": [
                "大潭"
            ],
            "capacity": 742.7,
            "used": 710.8,
            "percent": 95.7,
            "gov": "1",
            "status": "online",
            "note": "",
            "noteId": ""
        },
        {
            "type": "lng",
            "name": "大潭CC#2",
            "unit_id": "2",
            "mappingName": [
                "大潭"
            ],
            "capacity": 742.7,
            "used": 733.7,
            "percent": 98.79,
            "gov": "1",
            "status": "online",
            "note": "",
            "noteId": ""
        },
        {
            "type": "lng",
            "name": "大潭CC#3",
            "unit_id": "3",
            "mappingName": [
                "大潭"
            ],
            "capacity": 724.7,
            "used": 657,
            "percent": 90.66,
            "gov": "1",
            "status": "online",
            "note": "",
            "noteId": ""
        },
        {
            "type": "lng",
            "name": "大潭CC#4",
            "unit_id": "4",
            "mappingName": [
                "大潭"
            ],
            "capacity": 724.7,
            "used": 678.2,
            "percent": 93.58,
            "gov": "1",
            "status": "online",
            "note": "",
            "noteId": ""
        },
        {
            "type": "lng",
            "name": "大潭CC#5",
            "unit_id": "5",
            "mappingName": [
                "大潭"
            ],
            "capacity": 724.7,
            "used": 680.4,
            "percent": 93.89,
            "gov": "1",
            "status": "online",
            "note": "",
            "noteId": ""
        },
        {
            "type": "lng",
            "name": "大潭CC#6",
            "unit_id": "6",
            "mappingName": [
                "大潭"
            ],
            "capacity": 724.7,
            "used": 0,
            "percent": 0,
            "gov": "1",
            "status": "fix",
            "note": "歲修",
            "noteId": ""
        },
        {
            "type": "lng",
            "name": "大潭CC#7",
            "unit_id": "7",
            "mappingName": [
                "大潭"
            ],
            "capacity": 600,
            "used": 278.4,
            "percent": 46.4,
            "gov": "1",
            "status": "online",
            "note": "",
            "noteId": ""
        },
        {
            "type": "lng",
            "name": "通霄CC#1",
            "unit_id": "1",
            "mappingName": [
                "通霄"
            ],
            "capacity": 892.6,
            "used": 869,
            "percent": 97.36,
            "gov": "1",
            "status": "online",
            "note": "",
            "noteId": ""
        },
        {
            "type": "lng",
            "name": "通霄CC#2",
            "unit_id": "2",
            "mappingName": [
                "通霄"
            ],
            "capacity": 892.6,
            "used": 864,
            "percent": 96.8,
            "gov": "1",
            "status": "online",
            "note": "",
            "noteId": ""
        },
        {
            "type": "lng",
            "name": "通霄CC#3",
            "unit_id": "3",
            "mappingName": [
                "通霄"
            ],
            "capacity": 892.6,
            "used": 862.2,
            "percent": 96.59,
            "gov": "1",
            "status": "online",
            "note": "",
            "noteId": ""
        },
        {
            "type": "lng",
            "name": "通霄CC#4",
            "unit_id": "4",
            "mappingName": [
                "通霄"
            ],
            "capacity": 386,
            "used": 363.5,
            "percent": 94.17,
            "gov": "1",
            "status": "online",
            "note": "",
            "noteId": ""
        },
        {
            "type": "lng",
            "name": "通霄CC#5",
            "unit_id": "5",
            "mappingName": [
                "通霄"
            ],
            "capacity": 386,
            "used": 364.4,
            "percent": 94.4,
            "gov": "1",
            "status": "online",
            "note": "",
            "noteId": ""
        },
        {
            "type": "lng",
            "name": "通霄CC#6",
            "unit_id": "6",
            "mappingName": [
                "通霄"
            ],
            "capacity": 321.2,
            "used": 343.8,
            "percent": 107.04,
            "gov": "1",
            "status": "online",
            "note": "",
            "noteId": ""
        },
        {
            "type": "lng",
            "name": "興達CC#1",
            "unit_id": "1",
            "mappingName": [
                "興達"
            ],
            "capacity": 445.2,
            "used": 441.9,
            "percent": 99.26,
            "gov": "1",
            "status": "online",
            "note": "",
            "noteId": ""
        },
        {
            "type": "lng",
            "name": "興達CC#2",
            "unit_id": "2",
            "mappingName": [
                "興達"
            ],
            "capacity": 445.2,
            "used": 0,
            "percent": 0,
            "gov": "1",
            "status": "fix",
            "note": "歲修",
            "noteId": ""
        },
        {
            "type": "lng",
            "name": "興達CC#3",
            "unit_id": "3",
            "mappingName": [
                "興達"
            ],
            "capacity": 445.2,
            "used": 399.8,
            "percent": 89.8,
            "gov": "1",
            "status": "online",
            "note": "",
            "noteId": ""
        },
        {
            "type": "lng",
            "name": "興達CC#4",
            "unit_id": "4",
            "mappingName": [
                "興達"
            ],
            "capacity": 445.2,
            "used": 387.2,
            "percent": 86.97,
            "gov": "1",
            "status": "online",
            "note": "",
            "noteId": ""
        },
        {
            "type": "lng",
            "name": "興達CC#5",
            "unit_id": "5",
            "mappingName": [
                "興達"
            ],
            "capacity": 445.2,
            "used": 449.6,
            "percent": 100.99,
            "gov": "1",
            "status": "online",
            "note": "",
            "noteId": ""
        },
        {
            "type": "lng",
            "name": "南部CC#1",
            "unit_id": "1",
            "mappingName": [
                "南部"
            ],
            "capacity": 288.8,
            "used": 289.4,
            "percent": 100.21,
            "gov": "1",
            "status": "online",
            "note": "",
            "noteId": ""
        },
        {
            "type": "lng",
            "name": "南部CC#2",
            "unit_id": "2",
            "mappingName": [
                "南部"
            ],
            "capacity": 288.8,
            "used": 277.8,
            "percent": 96.19,
            "gov": "1",
            "status": "online",
            "note": "",
            "noteId": ""
        },
        {
            "type": "lng",
            "name": "南部CC#3",
            "unit_id": "3",
            "mappingName": [
                "南部"
            ],
            "capacity": 288.8,
            "used": 260.5,
            "percent": 90.2,
            "gov": "1",
            "status": "online",
            "note": "",
            "noteId": ""
        },
        {
            "type": "lng",
            "name": "南部CC#4",
            "unit_id": "4",
            "mappingName": [
                "南部"
            ],
            "capacity": 251.4,
            "used": 0,
            "percent": 0,
            "gov": "1",
            "status": "fix",
            "note": "檢修",
            "noteId": ""
        },
        {
            "type": "lng",
            "name": "大林#5",
            "unit_id": "5",
            "mappingName": [
                "大林"
            ],
            "capacity": 500,
            "used": 445.9,
            "percent": 89.18,
            "gov": "1",
            "status": "online",
            "note": "運轉限制",
            "noteId": ""
        },
        {
            "type": "lng",
            "name": "大林#6",
            "unit_id": "6",
            "mappingName": [
                "大林"
            ],
            "capacity": 550,
            "used": 0,
            "percent": 0,
            "gov": "1",
            "status": "fix",
            "note": "歲修",
            "noteId": ""
        },
        {
            "type": "lng",
            "name": "海湖#1",
            "unit_id": "1",
            "mappingName": [
                "海湖"
            ],
            "capacity": 450,
            "used": 446.9,
            "percent": 99.31,
            "gov": false,
            "status": "online",
            "note": "",
            "noteId": ""
        },
        {
            "type": "lng",
            "name": "海湖#2",
            "unit_id": "2",
            "mappingName": [
                "海湖"
            ],
            "capacity": 450,
            "used": 449.3,
            "percent": 99.84,
            "gov": false,
            "status": "online",
            "note": "",
            "noteId": ""
        },
        {
            "type": "lng",
            "name": "新桃#1",
            "unit_id": "1",
            "mappingName": [
                "新桃"
            ],
            "capacity": 600,
            "used": 645,
            "percent": 107.5,
            "gov": false,
            "status": "online",
            "note": "",
            "noteId": ""
        },
        {
            "type": "lng",
            "name": "國光#1",
            "unit_id": "1",
            "mappingName": [
                "國光"
            ],
            "capacity": 480,
            "used": 445.4,
            "percent": 92.79,
            "gov": false,
            "status": "online",
            "note": "外溫高限制",
            "noteId": ""
        },
        {
            "type": "lng",
            "name": "星彰#1",
            "unit_id": "1",
            "mappingName": [
                "星彰"
            ],
            "capacity": 506.9,
            "used": 478.7,
            "percent": 94.44,
            "gov": false,
            "status": "online",
            "note": "外溫高限制",
            "noteId": ""
        },
        {
            "type": "lng",
            "name": "星元#1",
            "unit_id": "1",
            "mappingName": [
                "星元"
            ],
            "capacity": 490,
            "used": 251.6,
            "percent": 51.35,
            "gov": false,
            "status": "online",
            "note": "部分故障",
            "noteId": ""
        },
        {
            "type": "lng",
            "name": "嘉惠#1",
            "unit_id": "1",
            "mappingName": [
                "嘉惠"
            ],
            "capacity": 670,
            "used": 689,
            "percent": 102.84,
            "gov": false,
            "status": "online",
            "note": "",
            "noteId": ""
        },
        {
            "type": "lng",
            "name": "嘉惠#2",
            "unit_id": "2",
            "mappingName": [
                "嘉惠"
            ],
            "capacity": 0,
            "used": 298.9,
            "percent": 0,
            "gov": false,
            "status": "online",
            "note": "測試運轉",
            "noteId": "10"
        },
        {
            "type": "lng",
            "name": "豐德#1",
            "unit_id": "1",
            "mappingName": [
                "豐德"
            ],
            "capacity": 506.9,
            "used": 433.2,
            "percent": 85.46,
            "gov": false,
            "status": "online",
            "note": "外溫高限制",
            "noteId": ""
        },
        {
            "type": "lng",
            "name": "豐德#2",
            "unit_id": "2",
            "mappingName": [
                "豐德"
            ],
            "capacity": 506.9,
            "used": 402,
            "percent": 79.31,
            "gov": false,
            "status": "online",
            "note": "外溫高限制",
            "noteId": ""
        },
        {
            "type": "oil",
            "name": "協和#3",
            "unit_id": "3",
            "mappingName": [
                "協和"
            ],
            "capacity": 500,
            "used": 436.3,
            "percent": 87.26,
            "gov": "1",
            "status": "online",
            "note": "環保限制",
            "noteId": ""
        },
        {
            "type": "oil",
            "name": "協和#4",
            "unit_id": "4",
            "mappingName": [
                "協和"
            ],
            "capacity": 500,
            "used": 0,
            "percent": 0,
            "gov": "1",
            "status": "fix",
            "note": "歲修",
            "noteId": ""
        },
        {
            "type": "diesel",
            "name": "核二Gas1",
            "unit_id": "",
            "mappingName": [
                "核二"
            ],
            "capacity": 0,
            "used": 5.2,
            "percent": 0,
            "gov": "1",
            "status": "online",
            "note": "",
            "noteId": ""
        },
        {
            "type": "diesel",
            "name": "核二Gas2",
            "unit_id": "",
            "mappingName": [
                "核二"
            ],
            "capacity": 0,
            "used": 4.9,
            "percent": 0,
            "gov": "1",
            "status": "online",
            "note": "",
            "noteId": ""
        },
        {
            "type": "diesel",
            "name": "核三Gas1",
            "unit_id": "",
            "mappingName": [
                "核三"
            ],
            "capacity": 0,
            "used": 4.9,
            "percent": 0,
            "gov": "1",
            "status": "online",
            "note": "",
            "noteId": ""
        },
        {
            "type": "diesel",
            "name": "核三Gas2",
            "unit_id": "",
            "mappingName": [
                "核三"
            ],
            "capacity": 0,
            "used": 5,
            "percent": 0,
            "gov": "1",
            "status": "online",
            "note": "",
            "noteId": ""
        },
        {
            "type": "diesel",
            "name": "台中Gas1&2",
            "unit_id": "",
            "mappingName": [
                "台中&2"
            ],
            "capacity": 140,
            "used": 38.9,
            "percent": 27.79,
            "gov": "1",
            "status": "online",
            "note": "",
            "noteId": ""
        },
        {
            "type": "diesel",
            "name": "台中Gas3&4",
            "unit_id": "",
            "mappingName": [
                "台中"
            ],
            "capacity": 140,
            "used": 38.9,
            "percent": 27.79,
            "gov": "1",
            "status": "online",
            "note": "",
            "noteId": ""
        },
        {
            "type": "diesel",
            "name": "澎湖尖山",
            "unit_id": "",
            "mappingName": [
                [
                    "尖山"
                ]
            ],
            "capacity": 129.8,
            "used": 65.8,
            "percent": 50.69,
            "gov": "1",
            "status": "online",
            "note": "",
            "noteId": "4"
        },
        {
            "type": "diesel",
            "name": "金門塔山",
            "unit_id": "",
            "mappingName": [
                [
                    "塔山"
                ]
            ],
            "capacity": 113.3,
            "used": 42.6,
            "percent": 37.6,
            "gov": "1",
            "status": "online",
            "note": "",
            "noteId": "4"
        },
        {
            "type": "diesel",
            "name": "馬祖珠山",
            "unit_id": "",
            "mappingName": [
                [
                    "珠山",
                    "南竿",
                    "北竿"
                ]
            ],
            "capacity": 28.6,
            "used": 7.3,
            "percent": 25.52,
            "gov": "1",
            "status": "online",
            "note": "",
            "noteId": "4"
        },
        {
            "type": "diesel",
            "name": "離島其他",
            "unit_id": "",
            "mappingName": [
                [
                    "離島",
                    "蘭嶼",
                    "綠島",
                    "旭光",
                    "東引",
                    "七美",
                    "望安",
                    "虎井"
                ]
            ],
            "capacity": 42.7,
            "used": 0,
            "percent": 0,
            "gov": "1",
            "status": "online",
            "note": "",
            "noteId": "4"
        },
        {
            "type": "hydro",
            "name": "德基#1",
            "unit_id": "1",
            "mappingName": [
                "大甲溪"
            ],
            "capacity": 78,
            "used": 0,
            "percent": 0,
            "gov": "1",
            "status": "online",
            "note": "",
            "noteId": ""
        },
        {
            "type": "hydro",
            "name": "德基#2",
            "unit_id": "2",
            "mappingName": [
                "大甲溪"
            ],
            "capacity": 78,
            "used": 0,
            "percent": 0,
            "gov": "1",
            "status": "online",
            "note": "",
            "noteId": ""
        },
        {
            "type": "hydro",
            "name": "德基#3",
            "unit_id": "3",
            "mappingName": [
                "大甲溪"
            ],
            "capacity": 78,
            "used": 0,
            "percent": 0,
            "gov": "1",
            "status": "online",
            "note": "",
            "noteId": ""
        },
        {
            "type": "hydro",
            "name": "青山#1",
            "unit_id": "1",
            "mappingName": [
                "大甲溪"
            ],
            "capacity": 92,
            "used": 0,
            "percent": 0,
            "gov": "1",
            "status": "online",
            "note": "",
            "noteId": ""
        },
        {
            "type": "hydro",
            "name": "青山#2",
            "unit_id": "2",
            "mappingName": [
                "大甲溪"
            ],
            "capacity": 92,
            "used": 0,
            "percent": 0,
            "gov": "1",
            "status": "online",
            "note": "",
            "noteId": ""
        },
        {
            "type": "hydro",
            "name": "青山#3",
            "unit_id": "3",
            "mappingName": [
                "大甲溪"
            ],
            "capacity": 92,
            "used": 0,
            "percent": 0,
            "gov": "1",
            "status": "online",
            "note": "",
            "noteId": ""
        },
        {
            "type": "hydro",
            "name": "青山#4",
            "unit_id": "4",
            "mappingName": [
                "大甲溪"
            ],
            "capacity": 92,
            "used": 19.3,
            "percent": 20.98,
            "gov": "1",
            "status": "online",
            "note": "",
            "noteId": ""
        },
        {
            "type": "hydro",
            "name": "谷關#1",
            "unit_id": "1",
            "mappingName": [
                "大甲溪"
            ],
            "capacity": 54.4,
            "used": 16.5,
            "percent": 30.33,
            "gov": "1",
            "status": "online",
            "note": "",
            "noteId": ""
        },
        {
            "type": "hydro",
            "name": "谷關#2",
            "unit_id": "2",
            "mappingName": [
                "大甲溪"
            ],
            "capacity": 54.4,
            "used": 0,
            "percent": 0,
            "gov": "1",
            "status": "online",
            "note": "",
            "noteId": ""
        },
        {
            "type": "hydro",
            "name": "谷關#3",
            "unit_id": "3",
            "mappingName": [
                "大甲溪"
            ],
            "capacity": 54.4,
            "used": 0,
            "percent": 0,
            "gov": "1",
            "status": "fix",
            "note": "歲修",
            "noteId": ""
        },
        {
            "type": "hydro",
            "name": "谷關#4",
            "unit_id": "4",
            "mappingName": [
                "大甲溪"
            ],
            "capacity": 54.4,
            "used": 0,
            "percent": 0,
            "gov": "1",
            "status": "online",
            "note": "",
            "noteId": ""
        },
        {
            "type": "hydro",
            "name": "天輪#1",
            "unit_id": "1",
            "mappingName": [
                "大甲溪"
            ],
            "capacity": 22.5,
            "used": 18.4,
            "percent": 81.78,
            "gov": "1",
            "status": "online",
            "note": "",
            "noteId": ""
        },
        {
            "type": "hydro",
            "name": "天輪#2",
            "unit_id": "2",
            "mappingName": [
                "大甲溪"
            ],
            "capacity": 22.5,
            "used": 0,
            "percent": 0,
            "gov": "1",
            "status": "online",
            "note": "",
            "noteId": ""
        },
        {
            "type": "hydro",
            "name": "天輪#3",
            "unit_id": "3",
            "mappingName": [
                "大甲溪"
            ],
            "capacity": 22.5,
            "used": 0,
            "percent": 0,
            "gov": "1",
            "status": "fix",
            "note": "歲修",
            "noteId": ""
        },
        {
            "type": "hydro",
            "name": "天輪#4",
            "unit_id": "4",
            "mappingName": [
                "大甲溪"
            ],
            "capacity": 22.5,
            "used": 0,
            "percent": 0,
            "gov": "1",
            "status": "online",
            "note": "",
            "noteId": ""
        },
        {
            "type": "hydro",
            "name": "天輪#5",
            "unit_id": "5",
            "mappingName": [
                "大甲溪"
            ],
            "capacity": 105,
            "used": 0,
            "percent": 0,
            "gov": "1",
            "status": "fix",
            "note": "檢修",
            "noteId": ""
        },
        {
            "type": "hydro",
            "name": "馬鞍#1",
            "unit_id": "1",
            "mappingName": [
                "大甲溪"
            ],
            "capacity": 66.7,
            "used": 11.3,
            "percent": 16.94,
            "gov": "1",
            "status": "online",
            "note": "",
            "noteId": ""
        },
        {
            "type": "hydro",
            "name": "馬鞍#2",
            "unit_id": "2",
            "mappingName": [
                "大甲溪"
            ],
            "capacity": 66.7,
            "used": 0,
            "percent": 0,
            "gov": "1",
            "status": "online",
            "note": "",
            "noteId": ""
        },
        {
            "type": "hydro",
            "name": "卓蘭#1",
            "unit_id": "1",
            "mappingName": [
                "卓蘭"
            ],
            "capacity": 40,
            "used": 0,
            "percent": 0,
            "gov": "1",
            "status": "online",
            "note": "",
            "noteId": ""
        },
        {
            "type": "hydro",
            "name": "卓蘭#2",
            "unit_id": "2",
            "mappingName": [
                "卓蘭"
            ],
            "capacity": 40,
            "used": 0,
            "percent": 0,
            "gov": "1",
            "status": "online",
            "note": "",
            "noteId": ""
        },
        {
            "type": "hydro",
            "name": "萬大#1",
            "unit_id": "1",
            "mappingName": [
                "萬大"
            ],
            "capacity": 10.4,
            "used": 0,
            "percent": 0,
            "gov": "1",
            "status": "online",
            "note": "",
            "noteId": ""
        },
        {
            "type": "hydro",
            "name": "萬大#2",
            "unit_id": "2",
            "mappingName": [
                "萬大"
            ],
            "capacity": 10.4,
            "used": 0,
            "percent": 0,
            "gov": "1",
            "status": "online",
            "note": "",
            "noteId": ""
        },
        {
            "type": "hydro",
            "name": "萬大#3",
            "unit_id": "3",
            "mappingName": [
                "萬大"
            ],
            "capacity": 15.3,
            "used": 0,
            "percent": 0,
            "gov": "1",
            "status": "fix",
            "note": "檢修",
            "noteId": ""
        },
        {
            "type": "hydro",
            "name": "萬大#4",
            "unit_id": "4",
            "mappingName": [
                "萬大"
            ],
            "capacity": 19.7,
            "used": 0,
            "percent": 0,
            "gov": "1",
            "status": "online",
            "note": "",
            "noteId": ""
        },
        {
            "type": "hydro",
            "name": "松林#1&2",
            "unit_id": "1",
            "mappingName": [
                "萬大"
            ],
            "capacity": 20.9,
            "used": 0,
            "percent": 0,
            "gov": "1",
            "status": "online",
            "note": "",
            "noteId": ""
        },
        {
            "type": "hydro",
            "name": "大觀一#1",
            "unit_id": "1",
            "mappingName": [
                "大觀"
            ],
            "capacity": 22,
            "used": 8.4,
            "percent": 38.18,
            "gov": "1",
            "status": "online",
            "note": "",
            "noteId": ""
        },
        {
            "type": "hydro",
            "name": "大觀一#2",
            "unit_id": "2",
            "mappingName": [
                "大觀"
            ],
            "capacity": 22,
            "used": 8.5,
            "percent": 38.64,
            "gov": "1",
            "status": "online",
            "note": "",
            "noteId": ""
        },
        {
            "type": "hydro",
            "name": "大觀一#3",
            "unit_id": "3",
            "mappingName": [
                "大觀"
            ],
            "capacity": 22,
            "used": 7.7,
            "percent": 35,
            "gov": "1",
            "status": "online",
            "note": "",
            "noteId": ""
        },
        {
            "type": "hydro",
            "name": "大觀一#4",
            "unit_id": "4",
            "mappingName": [
                "大觀"
            ],
            "capacity": 22,
            "used": 7.5,
            "percent": 34.09,
            "gov": "1",
            "status": "online",
            "note": "",
            "noteId": ""
        },
        {
            "type": "hydro",
            "name": "大觀一#5",
            "unit_id": "5",
            "mappingName": [
                "大觀"
            ],
            "capacity": 22,
            "used": 0,
            "percent": 0,
            "gov": "1",
            "status": "fix",
            "note": "檢修",
            "noteId": ""
        },
        {
            "type": "hydro",
            "name": "鉅工#1",
            "unit_id": "1",
            "mappingName": [
                "明潭"
            ],
            "capacity": 21.8,
            "used": 0,
            "percent": 0,
            "gov": "1",
            "status": "fix",
            "note": "歲修",
            "noteId": ""
        },
        {
            "type": "hydro",
            "name": "鉅工#2",
            "unit_id": "2",
            "mappingName": [
                "明潭"
            ],
            "capacity": 21.8,
            "used": 12,
            "percent": 55.05,
            "gov": "1",
            "status": "online",
            "note": "",
            "noteId": ""
        },
        {
            "type": "hydro",
            "name": "水里#1",
            "unit_id": "1",
            "mappingName": [
                "明潭"
            ],
            "capacity": 12.8,
            "used": 0,
            "percent": 0,
            "gov": "1",
            "status": "online",
            "note": "",
            "noteId": ""
        },
        {
            "type": "hydro",
            "name": "立霧#1&#2",
            "unit_id": "2",
            "mappingName": [
                "立霧#1&amp;"
            ],
            "capacity": 32,
            "used": 7,
            "percent": 21.88,
            "gov": "1",
            "status": "online",
            "note": "",
            "noteId": ""
        },
        {
            "type": "hydro",
            "name": "龍澗#1",
            "unit_id": "1",
            "mappingName": [
                "東部"
            ],
            "capacity": 48.6,
            "used": 25.3,
            "percent": 52.06,
            "gov": "1",
            "status": "online",
            "note": "",
            "noteId": ""
        },
        {
            "type": "hydro",
            "name": "龍澗#2",
            "unit_id": "2",
            "mappingName": [
                "東部"
            ],
            "capacity": 48.6,
            "used": 0,
            "percent": 0,
            "gov": "1",
            "status": "online",
            "note": "",
            "noteId": ""
        },
        {
            "type": "hydro",
            "name": "碧海",
            "unit_id": "",
            "mappingName": [
                [
                    "東部"
                ]
            ],
            "capacity": 61.2,
            "used": 20.8,
            "percent": 33.99,
            "gov": "1",
            "status": "online",
            "note": "",
            "noteId": ""
        },
        {
            "type": "hydro",
            "name": "烏來&桂山&粗坑",
            "unit_id": "",
            "mappingName": [
                "烏來&桂山&粗坑"
            ],
            "capacity": 40.5,
            "used": 7,
            "percent": 17.28,
            "gov": "1",
            "status": "online",
            "note": "",
            "noteId": ""
        },
        {
            "type": "hydro",
            "name": "北部小水力",
            "unit_id": "",
            "mappingName": [
                [
                    "蘭陽",
                    "桂山"
                ]
            ],
            "capacity": 26.6,
            "used": 0,
            "percent": 0,
            "gov": "1",
            "status": "online",
            "note": "",
            "noteId": "6"
        },
        {
            "type": "hydro",
            "name": "中部小水力",
            "unit_id": "",
            "mappingName": [
                [
                    "大甲溪",
                    "明潭"
                ]
            ],
            "capacity": 9.8,
            "used": 0,
            "percent": 0,
            "gov": "1",
            "status": "online",
            "note": "",
            "noteId": "6"
        },
        {
            "type": "hydro",
            "name": "南部小水力",
            "unit_id": "",
            "mappingName": [
                [
                    "高屏",
                    "明潭"
                ]
            ],
            "capacity": 7.2,
            "used": 0,
            "percent": 0,
            "gov": "1",
            "status": "online",
            "note": "",
            "noteId": "6"
        },
        {
            "type": "hydro",
            "name": "東部小水力",
            "unit_id": "",
            "mappingName": [
                [
                    "東部",
                    "東興"
                ]
            ],
            "capacity": 54.6,
            "used": 16,
            "percent": 29.3,
            "gov": "1",
            "status": "online",
            "note": "",
            "noteId": "6"
        },
        {
            "type": "hydro",
            "name": "翡翠#1",
            "unit_id": "1",
            "mappingName": [
                "桂山"
            ],
            "capacity": 70,
            "used": 0,
            "percent": 0,
            "gov": "1",
            "status": "online",
            "note": "",
            "noteId": ""
        },
        {
            "type": "hydro",
            "name": "石門#1",
            "unit_id": "1",
            "mappingName": [
                "石門"
            ],
            "capacity": 45,
            "used": 0,
            "percent": 0,
            "gov": "1",
            "status": "online",
            "note": "",
            "noteId": ""
        },
        {
            "type": "hydro",
            "name": "石門#2",
            "unit_id": "2",
            "mappingName": [
                "石門"
            ],
            "capacity": 45,
            "used": 0,
            "percent": 0,
            "gov": "1",
            "status": "online",
            "note": "",
            "noteId": ""
        },
        {
            "type": "hydro",
            "name": "曾文#1",
            "unit_id": "1",
            "mappingName": [
                "曾文"
            ],
            "capacity": 50,
            "used": 0,
            "percent": 0,
            "gov": "1",
            "status": "online",
            "note": "",
            "noteId": ""
        },
        {
            "type": "hydro",
            "name": "義興#1",
            "unit_id": "1",
            "mappingName": [
                "石門"
            ],
            "capacity": 40,
            "used": 12.4,
            "percent": 31,
            "gov": "1",
            "status": "online",
            "note": "",
            "noteId": ""
        },
        {
            "type": "hydro",
            "name": "名間",
            "unit_id": "",
            "mappingName": [
                "名間"
            ],
            "capacity": 16.7,
            "used": 0,
            "percent": 0,
            "gov": "1",
            "status": "online",
            "note": "",
            "noteId": ""
        },
        {
            "type": "hydro",
            "name": "嘉南西口、烏山頭和八田",
            "unit_id": "",
            "mappingName": [
                "嘉南西口、烏山頭和八田"
            ],
            "capacity": 22.5,
            "used": 0,
            "percent": 0,
            "gov": "1",
            "status": "online",
            "note": "",
            "noteId": ""
        },
        {
            "type": "hydro",
            "name": "后里示範",
            "unit_id": "",
            "mappingName": [
                [
                    "后里"
                ]
            ],
            "capacity": 0.1,
            "used": 0,
            "percent": 0,
            "gov": "1",
            "status": "online",
            "note": "",
            "noteId": ""
        },
        {
            "type": "hydro",
            "name": "卑南",
            "unit_id": "",
            "mappingName": [
                [
                    "卑南上圳小型"
                ]
            ],
            "capacity": 2,
            "used": 0.7,
            "percent": 35,
            "gov": "1",
            "status": "online",
            "note": "",
            "noteId": ""
        },
        {
            "type": "hydro",
            "name": "捷祥關山",
            "unit_id": "",
            "mappingName": [
                "捷祥關山"
            ],
            "capacity": 1,
            "used": 0,
            "percent": 0,
            "gov": "1",
            "status": "online",
            "note": "",
            "noteId": ""
        },
        {
            "type": "wind",
            "name": "石門",
            "unit_id": "",
            "mappingName": [
                "石門"
            ],
            "capacity": 4,
            "used": 0.7,
            "percent": 17.5,
            "gov": "1",
            "status": "online",
            "note": "",
            "noteId": ""
        },
        {
            "type": "wind",
            "name": "林口",
            "unit_id": "",
            "mappingName": [
                "林口"
            ],
            "capacity": 6,
            "used": 1.6,
            "percent": 26.67,
            "gov": "1",
            "status": "online",
            "note": "",
            "noteId": ""
        },
        {
            "type": "wind",
            "name": "蘆竹",
            "unit_id": "",
            "mappingName": [
                "蘆竹"
            ],
            "capacity": 7.2,
            "used": 1.8,
            "percent": 25,
            "gov": "1",
            "status": "online",
            "note": "檢修",
            "noteId": ""
        },
        {
            "type": "wind",
            "name": "大潭",
            "unit_id": "",
            "mappingName": [
                "大潭"
            ],
            "capacity": 15.1,
            "used": 7.9,
            "percent": 52.32,
            "gov": "1",
            "status": "online",
            "note": "",
            "noteId": ""
        },
        {
            "type": "wind",
            "name": "觀園",
            "unit_id": "",
            "mappingName": [
                "觀園"
            ],
            "capacity": 30,
            "used": 12.7,
            "percent": 42.33,
            "gov": "1",
            "status": "online",
            "note": "",
            "noteId": ""
        },
        {
            "type": "wind",
            "name": "香山",
            "unit_id": "",
            "mappingName": [
                "香山"
            ],
            "capacity": 12,
            "used": 6.6,
            "percent": 55,
            "gov": "1",
            "status": "online",
            "note": "",
            "noteId": ""
        },
        {
            "type": "wind",
            "name": "台中",
            "unit_id": "",
            "mappingName": [
                "台中"
            ],
            "capacity": 6,
            "used": 0,
            "percent": 0,
            "gov": "1",
            "status": "online",
            "note": "",
            "noteId": ""
        },
        {
            "type": "wind",
            "name": "台中港",
            "unit_id": "",
            "mappingName": [
                "台中港"
            ],
            "capacity": 36,
            "used": 6,
            "percent": 16.67,
            "gov": "1",
            "status": "online",
            "note": "",
            "noteId": ""
        },
        {
            "type": "wind",
            "name": "王功",
            "unit_id": "",
            "mappingName": [
                "王功"
            ],
            "capacity": 23,
            "used": 9.3,
            "percent": 40.43,
            "gov": "1",
            "status": "online",
            "note": "",
            "noteId": ""
        },
        {
            "type": "wind",
            "name": "彰工",
            "unit_id": "",
            "mappingName": [
                "彰工"
            ],
            "capacity": 71.2,
            "used": 20,
            "percent": 28.09,
            "gov": "1",
            "status": "online",
            "note": "",
            "noteId": ""
        },
        {
            "type": "wind",
            "name": "永興",
            "unit_id": "",
            "mappingName": [
                "永興"
            ],
            "capacity": 9.2,
            "used": 4.5,
            "percent": 48.91,
            "gov": "1",
            "status": "online",
            "note": "",
            "noteId": ""
        },
        {
            "type": "wind",
            "name": "離岸一期",
            "unit_id": "",
            "mappingName": [
                "離岸一期"
            ],
            "capacity": 0,
            "used": 3.1,
            "percent": 0,
            "gov": "1",
            "status": "online",
            "note": "",
            "noteId": "10"
        },
        {
            "type": "wind",
            "name": "雲麥",
            "unit_id": "",
            "mappingName": [
                "雲麥"
            ],
            "capacity": 46,
            "used": 12.5,
            "percent": 27.17,
            "gov": "1",
            "status": "online",
            "note": "",
            "noteId": ""
        },
        {
            "type": "wind",
            "name": "四湖",
            "unit_id": "",
            "mappingName": [
                "四湖"
            ],
            "capacity": 28,
            "used": 8.5,
            "percent": 30.36,
            "gov": "1",
            "status": "online",
            "note": "",
            "noteId": ""
        },
        {
            "type": "wind",
            "name": "恆春",
            "unit_id": "",
            "mappingName": [
                "恆春"
            ],
            "capacity": 4.5,
            "used": 1.4,
            "percent": 31.11,
            "gov": "1",
            "status": "online",
            "note": "",
            "noteId": ""
        },
        {
            "type": "wind",
            "name": "澎湖中屯",
            "unit_id": "",
            "mappingName": [
                "澎湖中屯"
            ],
            "capacity": 4.8,
            "used": 0.2,
            "percent": 4.17,
            "gov": "1",
            "status": "online",
            "note": "",
            "noteId": ""
        },
        {
            "type": "wind",
            "name": "金門金沙",
            "unit_id": "",
            "mappingName": [
                "金門金沙"
            ],
            "capacity": 4,
            "used": 0,
            "percent": 0,
            "gov": "1",
            "status": "",
            "note": "通訊中斷",
            "noteId": ""
        },
        {
            "type": "wind",
            "name": "澎湖湖西",
            "unit_id": "",
            "mappingName": [
                [
                    "湖西"
                ]
            ],
            "capacity": 5.4,
            "used": 0.1,
            "percent": 1.85,
            "gov": "1",
            "status": "online",
            "note": "",
            "noteId": ""
        },
        {
            "type": "wind",
            "name": "苗栗竹南",
            "unit_id": "",
            "mappingName": [
                [
                    "竹南"
                ]
            ],
            "capacity": 7.8,
            "used": 6.1,
            "percent": 78.21,
            "gov": "1",
            "status": "online",
            "note": "",
            "noteId": ""
        },
        {
            "type": "wind",
            "name": "苗栗大鵬",
            "unit_id": "",
            "mappingName": [
                [
                    "大鵬"
                ]
            ],
            "capacity": 42,
            "used": 11.5,
            "percent": 27.38,
            "gov": "1",
            "status": "online",
            "note": "",
            "noteId": ""
        },
        {
            "type": "wind",
            "name": "鹿威彰濱",
            "unit_id": "",
            "mappingName": [
                "鹿威彰濱"
            ],
            "capacity": 55.2,
            "used": 15.1,
            "percent": 27.36,
            "gov": "1",
            "status": "online",
            "note": "",
            "noteId": ""
        },
        {
            "type": "wind",
            "name": "鹿威鹿港",
            "unit_id": "",
            "mappingName": [
                [
                    "鹿威"
                ]
            ],
            "capacity": 41.4,
            "used": 10.1,
            "percent": 24.4,
            "gov": "1",
            "status": "online",
            "note": "",
            "noteId": ""
        },
        {
            "type": "wind",
            "name": "觀威觀音&桃威新屋",
            "unit_id": "",
            "mappingName": [
                "觀威觀音&桃威新屋"
            ],
            "capacity": 48.3,
            "used": 22.6,
            "percent": 46.79,
            "gov": "1",
            "status": "online",
            "note": "",
            "noteId": ""
        },
        {
            "type": "wind",
            "name": "中威大安",
            "unit_id": "",
            "mappingName": [
                "中威大安"
            ],
            "capacity": 75.9,
            "used": 19.3,
            "percent": 25.43,
            "gov": "1",
            "status": "online",
            "note": "",
            "noteId": ""
        },
        {
            "type": "wind",
            "name": "崎威崎頂",
            "unit_id": "",
            "mappingName": [
                "崎威崎頂"
            ],
            "capacity": 6.9,
            "used": 5.8,
            "percent": 84.06,
            "gov": "1",
            "status": "online",
            "note": "",
            "noteId": ""
        },
        {
            "type": "wind",
            "name": "豐威",
            "unit_id": "",
            "mappingName": [
                "豐威"
            ],
            "capacity": 11.5,
            "used": 7.9,
            "percent": 68.7,
            "gov": "1",
            "status": "online",
            "note": "",
            "noteId": ""
        },
        {
            "type": "wind",
            "name": "龍威後龍",
            "unit_id": "",
            "mappingName": [
                "龍威後龍"
            ],
            "capacity": 44.1,
            "used": 25.3,
            "percent": 57.37,
            "gov": "1",
            "status": "online",
            "note": "",
            "noteId": ""
        },
        {
            "type": "wind",
            "name": "苗栗通苑",
            "unit_id": "",
            "mappingName": [
                "苗栗通苑"
            ],
            "capacity": 39.1,
            "used": 7.4,
            "percent": 18.93,
            "gov": "1",
            "status": "online",
            "note": "",
            "noteId": ""
        },
        {
            "type": "wind",
            "name": "安威",
            "unit_id": "",
            "mappingName": [
                "安威"
            ],
            "capacity": 11.5,
            "used": 0.7,
            "percent": 6.09,
            "gov": "1",
            "status": "online",
            "note": "",
            "noteId": ""
        },
        {
            "type": "wind",
            "name": "清風清水",
            "unit_id": "",
            "mappingName": [
                "清風清水"
            ],
            "capacity": 2.3,
            "used": 0.3,
            "percent": 13.04,
            "gov": "1",
            "status": "online",
            "note": "",
            "noteId": ""
        },
        {
            "type": "wind",
            "name": "東鋼龍港",
            "unit_id": "",
            "mappingName": [
                "東鋼龍港"
            ],
            "capacity": 11.5,
            "used": 3.7,
            "percent": 32.17,
            "gov": "1",
            "status": "online",
            "note": "",
            "noteId": ""
        },
        {
            "type": "wind",
            "name": "海洋竹南",
            "unit_id": "",
            "mappingName": [
                "海洋竹南"
            ],
            "capacity": 128,
            "used": 102.5,
            "percent": 80.08,
            "gov": "1",
            "status": "online",
            "note": "",
            "noteId": ""
        },
        {
            "type": "wind",
            "name": "禾風麥寮",
            "unit_id": "",
            "mappingName": [
                "禾風麥寮"
            ],
            "capacity": 2.3,
            "used": 0.7,
            "percent": 30.43,
            "gov": "1",
            "status": "online",
            "note": "",
            "noteId": ""
        },
        {
            "type": "solar",
            "name": "金門金沙",
            "unit_id": "",
            "mappingName": [
                "金門金沙"
            ],
            "capacity": 0.5,
            "used": 0.275,
            "percent": 55,
            "gov": "1",
            "status": "online",
            "note": "",
            "noteId": ""
        },
        {
            "type": "solar",
            "name": "台中生水池",
            "unit_id": "",
            "mappingName": [
                "台中"
            ],
            "capacity": 2.1,
            "used": 0.966,
            "percent": 46,
            "gov": "1",
            "status": "online",
            "note": "",
            "noteId": ""
        },
        {
            "type": "solar",
            "name": "興達生水池",
            "unit_id": "",
            "mappingName": [
                "興達"
            ],
            "capacity": 1.6,
            "used": 0.847,
            "percent": 52.94,
            "gov": "1",
            "status": "online",
            "note": "",
            "noteId": ""
        },
        {
            "type": "solar",
            "name": "嘉義民雄",
            "unit_id": "",
            "mappingName": [
                "嘉義民雄"
            ],
            "capacity": 0.1,
            "used": 0.011,
            "percent": 11,
            "gov": "1",
            "status": "online",
            "note": "",
            "noteId": ""
        },
        {
            "type": "solar",
            "name": "中部儲運",
            "unit_id": "",
            "mappingName": [
                "中部儲運"
            ],
            "capacity": 0.1,
            "used": 0.027,
            "percent": 27,
            "gov": "1",
            "status": "online",
            "note": "",
            "noteId": ""
        },
        {
            "type": "solar",
            "name": "東勢新伯公",
            "unit_id": "",
            "mappingName": [
                "東勢新伯公"
            ],
            "capacity": 0.1,
            "used": 0.019,
            "percent": 19,
            "gov": "1",
            "status": "online",
            "note": "",
            "noteId": ""
        },
        {
            "type": "solar",
            "name": "永安鹽灘地",
            "unit_id": "",
            "mappingName": [
                "永安鹽灘地"
            ],
            "capacity": 4.6,
            "used": 2.509,
            "percent": 54.54,
            "gov": "1",
            "status": "online",
            "note": "",
            "noteId": ""
        },
        {
            "type": "solar",
            "name": "路北",
            "unit_id": "",
            "mappingName": [
                "路北"
            ],
            "capacity": 0.1,
            "used": 0.028,
            "percent": 28,
            "gov": "1",
            "status": "online",
            "note": "",
            "noteId": ""
        },
        {
            "type": "solar",
            "name": "中原大學",
            "unit_id": "",
            "mappingName": [
                "中原大學"
            ],
            "capacity": 0,
            "used": 0.022,
            "percent": 0,
            "gov": "1",
            "status": "online",
            "note": "",
            "noteId": ""
        },
        {
            "type": "solar",
            "name": "大潭生水池",
            "unit_id": "",
            "mappingName": [
                "大潭"
            ],
            "capacity": 0.6,
            "used": 0.217,
            "percent": 36.17,
            "gov": "1",
            "status": "online",
            "note": "",
            "noteId": ""
        },
        {
            "type": "solar",
            "name": "核三生水池",
            "unit_id": "",
            "mappingName": [
                "核三"
            ],
            "capacity": 1.5,
            "used": 0.794,
            "percent": 52.93,
            "gov": "1",
            "status": "online",
            "note": "",
            "noteId": ""
        },
        {
            "type": "solar",
            "name": "七美",
            "unit_id": "",
            "mappingName": [
                "七美"
            ],
            "capacity": 0.4,
            "used": 0.028,
            "percent": 7,
            "gov": "1",
            "status": "online",
            "note": "",
            "noteId": ""
        },
        {
            "type": "solar",
            "name": "尖山",
            "unit_id": "",
            "mappingName": [
                "尖山"
            ],
            "capacity": 0.1,
            "used": 0.032,
            "percent": 32,
            "gov": "1",
            "status": "online",
            "note": "",
            "noteId": ""
        },
        {
            "type": "solar",
            "name": "卓蘭",
            "unit_id": "",
            "mappingName": [
                "卓蘭"
            ],
            "capacity": 0,
            "used": 0.017,
            "percent": 0,
            "gov": "1",
            "status": "online",
            "note": "",
            "noteId": ""
        },
        {
            "type": "solar",
            "name": "后里",
            "unit_id": "",
            "mappingName": [
                [
                    "大甲溪"
                ]
            ],
            "capacity": 0.1,
            "used": 0.064,
            "percent": 64,
            "gov": "1",
            "status": "online",
            "note": "",
            "noteId": ""
        },
        {
            "type": "solar",
            "name": "台中龍井",
            "unit_id": "",
            "mappingName": [
                "台中龍井"
            ],
            "capacity": 6.5,
            "used": 2.508,
            "percent": 38.58,
            "gov": "1",
            "status": "online",
            "note": "",
            "noteId": ""
        },
        {
            "type": "solar",
            "name": "七股",
            "unit_id": "",
            "mappingName": [
                "七股"
            ],
            "capacity": 1.8,
            "used": 0.798,
            "percent": 44.33,
            "gov": "1",
            "status": "online",
            "note": "資料維修中",
            "noteId": ""
        },
        {
            "type": "solar",
            "name": "龍潭E/S",
            "unit_id": "",
            "mappingName": [
                "龍潭E/S"
            ],
            "capacity": 0.2,
            "used": 0.05,
            "percent": 25,
            "gov": "1",
            "status": "online",
            "note": "",
            "noteId": ""
        },
        {
            "type": "solar",
            "name": "竹工E/S",
            "unit_id": "",
            "mappingName": [
                "竹工E/S"
            ],
            "capacity": 0.2,
            "used": 0.14,
            "percent": 70,
            "gov": "1",
            "status": "online",
            "note": "",
            "noteId": ""
        },
        {
            "type": "solar",
            "name": "中科E/S",
            "unit_id": "",
            "mappingName": [
                "中科E/S"
            ],
            "capacity": 0.2,
            "used": 0.142,
            "percent": 71,
            "gov": "1",
            "status": "online",
            "note": "",
            "noteId": ""
        },
        {
            "type": "solar",
            "name": "彰林E/S",
            "unit_id": "",
            "mappingName": [
                "彰林E/S"
            ],
            "capacity": 0.3,
            "used": 0.157,
            "percent": 52.33,
            "gov": "1",
            "status": "online",
            "note": "",
            "noteId": ""
        },
        {
            "type": "solar",
            "name": "高雄E/S",
            "unit_id": "",
            "mappingName": [
                "高雄E/S"
            ],
            "capacity": 0.4,
            "used": 0.181,
            "percent": 45.25,
            "gov": "1",
            "status": "online",
            "note": "資料維修中",
            "noteId": ""
        },
        {
            "type": "solar",
            "name": "燕巢倉庫",
            "unit_id": "",
            "mappingName": [
                "燕巢倉庫"
            ],
            "capacity": 0.5,
            "used": 0.272,
            "percent": 54.4,
            "gov": "1",
            "status": "online",
            "note": "",
            "noteId": ""
        },
        {
            "type": "solar",
            "name": "大潭",
            "unit_id": "",
            "mappingName": [
                "大潭"
            ],
            "capacity": 0.7,
            "used": 0.264,
            "percent": 37.71,
            "gov": "1",
            "status": "online",
            "note": "",
            "noteId": ""
        },
        {
            "type": "solar",
            "name": "北儲",
            "unit_id": "",
            "mappingName": [
                "北儲"
            ],
            "capacity": 0.9,
            "used": 0.324,
            "percent": 36,
            "gov": "1",
            "status": "online",
            "note": "",
            "noteId": ""
        },
        {
            "type": "solar",
            "name": "彰濱光",
            "unit_id": "",
            "mappingName": [
                "彰濱光"
            ],
            "capacity": 100,
            "used": 65.24,
            "percent": 65.24,
            "gov": "1",
            "status": "online",
            "note": "",
            "noteId": ""
        },
        {
            "type": "solar",
            "name": "南鹽光",
            "unit_id": "",
            "mappingName": [
                "南鹽光"
            ],
            "capacity": 0,
            "used": 97.02,
            "percent": 0,
            "gov": "1",
            "status": "online",
            "note": "",
            "noteId": "10"
        },
        {
            "type": "solar",
            "name": "崙尾光",
            "unit_id": "",
            "mappingName": [
                "崙尾光"
            ],
            "capacity": 0,
            "used": 89.88,
            "percent": 0,
            "gov": "1",
            "status": "online",
            "note": "",
            "noteId": "10"
        },
        {
            "type": "solar",
            "name": "太陽能購電",
            "unit_id": "",
            "mappingName": [
                "太陽能購電"
            ],
            "capacity": 5435.2,
            "used": 2627.041,
            "percent": 48.33,
            "gov": "1",
            "status": "online",
            "note": "",
            "noteId": "7"
        },
        {
            "type": "pumping gen",
            "name": "大觀二#1",
            "unit_id": "1",
            "mappingName": [
                "大觀"
            ],
            "capacity": 250,
            "used": 140.3,
            "percent": 56.12,
            "gov": "1",
            "status": "online",
            "note": "",
            "noteId": ""
        },
        {
            "type": "pumping gen",
            "name": "大觀二#2",
            "unit_id": "2",
            "mappingName": [
                "大觀"
            ],
            "capacity": 250,
            "used": 0,
            "percent": 0,
            "gov": "1",
            "status": "online",
            "note": "",
            "noteId": ""
        },
        {
            "type": "pumping gen",
            "name": "大觀二#3",
            "unit_id": "3",
            "mappingName": [
                "大觀"
            ],
            "capacity": 250,
            "used": 0,
            "percent": 0,
            "gov": "1",
            "status": "online",
            "note": "",
            "noteId": ""
        },
        {
            "type": "pumping gen",
            "name": "大觀二#4",
            "unit_id": "4",
            "mappingName": [
                "大觀"
            ],
            "capacity": 250,
            "used": 0,
            "percent": 0,
            "gov": "1",
            "status": "online",
            "note": "",
            "noteId": ""
        },
        {
            "type": "pumping gen",
            "name": "明潭#1",
            "unit_id": "1",
            "mappingName": [
                "明潭"
            ],
            "capacity": 267,
            "used": 243.9,
            "percent": 91.35,
            "gov": "1",
            "status": "online",
            "note": "",
            "noteId": ""
        },
        {
            "type": "pumping gen",
            "name": "明潭#2",
            "unit_id": "2",
            "mappingName": [
                "明潭"
            ],
            "capacity": 267,
            "used": 245.2,
            "percent": 91.84,
            "gov": "1",
            "status": "online",
            "note": "",
            "noteId": ""
        },
        {
            "type": "pumping gen",
            "name": "明潭#3",
            "unit_id": "3",
            "mappingName": [
                "明潭"
            ],
            "capacity": 267,
            "used": 0,
            "percent": 0,
            "gov": "1",
            "status": "online",
            "note": "",
            "noteId": ""
        },
        {
            "type": "pumping gen",
            "name": "明潭#4",
            "unit_id": "4",
            "mappingName": [
                "明潭"
            ],
            "capacity": 267,
            "used": 0,
            "percent": 0,
            "gov": "1",
            "status": "online",
            "note": "",
            "noteId": ""
        },
        {
            "type": "pumping gen",
            "name": "明潭#5",
            "unit_id": "5",
            "mappingName": [
                "明潭"
            ],
            "capacity": 267,
            "used": 0,
            "percent": 0,
            "gov": "1",
            "status": "online",
            "note": "",
            "noteId": ""
        },
        {
            "type": "pumping gen",
            "name": "明潭#6",
            "unit_id": "6",
            "mappingName": [
                "明潭"
            ],
            "capacity": 267,
            "used": 0,
            "percent": 0,
            "gov": "1",
            "status": "online",
            "note": "",
            "noteId": ""
        },
        {
            "type": "pumping load",
            "name": "大觀二#1",
            "unit_id": "1",
            "mappingName": [
                "大觀"
            ],
            "capacity": 0,
            "used": 0,
            "percent": 0,
            "gov": "1",
            "status": "online",
            "note": "",
            "noteId": ""
        },
        {
            "type": "pumping load",
            "name": "大觀二#2",
            "unit_id": "2",
            "mappingName": [
                "大觀"
            ],
            "capacity": 0,
            "used": 0,
            "percent": 0,
            "gov": "1",
            "status": "online",
            "note": "",
            "noteId": ""
        },
        {
            "type": "pumping load",
            "name": "大觀二#3",
            "unit_id": "3",
            "mappingName": [
                "大觀"
            ],
            "capacity": 0,
            "used": 0,
            "percent": 0,
            "gov": "1",
            "status": "online",
            "note": "",
            "noteId": ""
        },
        {
            "type": "pumping load",
            "name": "大觀二#4",
            "unit_id": "4",
            "mappingName": [
                "大觀"
            ],
            "capacity": 0,
            "used": 0,
            "percent": 0,
            "gov": "1",
            "status": "online",
            "note": "",
            "noteId": ""
        },
        {
            "type": "pumping load",
            "name": "明潭#1",
            "unit_id": "1",
            "mappingName": [
                "明潭"
            ],
            "capacity": 0,
            "used": 0,
            "percent": 0,
            "gov": "1",
            "status": "online",
            "note": "",
            "noteId": ""
        },
        {
            "type": "pumping load",
            "name": "明潭#2",
            "unit_id": "2",
            "mappingName": [
                "明潭"
            ],
            "capacity": 0,
            "used": 0,
            "percent": 0,
            "gov": "1",
            "status": "online",
            "note": "",
            "noteId": ""
        },
        {
            "type": "pumping load",
            "name": "明潭#3",
            "unit_id": "3",
            "mappingName": [
                "明潭"
            ],
            "capacity": 0,
            "used": 0,
            "percent": 0,
            "gov": "1",
            "status": "online",
            "note": "",
            "noteId": ""
        },
        {
            "type": "pumping load",
            "name": "明潭#4",
            "unit_id": "4",
            "mappingName": [
                "明潭"
            ],
            "capacity": 0,
            "used": 0,
            "percent": 0,
            "gov": "1",
            "status": "online",
            "note": "",
            "noteId": ""
        },
        {
            "type": "pumping load",
            "name": "明潭#5",
            "unit_id": "5",
            "mappingName": [
                "明潭"
            ],
            "capacity": 0,
            "used": 0,
            "percent": 0,
            "gov": "1",
            "status": "online",
            "note": "",
            "noteId": ""
        },
        {
            "type": "pumping load",
            "name": "明潭#6",
            "unit_id": "6",
            "mappingName": [
                "明潭"
            ],
            "capacity": 0,
            "used": 0,
            "percent": 0,
            "gov": "1",
            "status": "online",
            "note": "",
            "noteId": ""
        },
        {
            "type": "geothermal",
            "name": "小型地熱能",
            "unit_id": "",
            "mappingName": [
                "小型地熱能"
            ],
            "capacity": 0.3,
            "used": 0.2,
            "percent": 66.67,
            "gov": "1",
            "status": "online",
            "note": "",
            "noteId": ""
        }
    ]
}