{
    "2021-04-27 00:20": {
        "nuclear": {
            "cap": "2887",
            "used": "1927.9",
            "limit": "985",
            "fix": "0",
            "break": "0"
        },
        "coal": {
            "cap": "13547.2",
            "used": "9806.9",
            "limit": "1150",
            "fix": "0",
            "break": "0"
        },
        "co-gen": {
            "cap": "618",
            "used": "684.6",
            "limit": "0",
            "fix": "0",
            "break": "0"
        },
        "lng": {
            "cap": "14182.4",
            "used": "9058.4",
            "limit": "1242.7",
            "fix": "1894.6",
            "break": "490"
        },
        "oil": {
            "cap": "0",
            "used": "0",
            "limit": "1000",
            "fix": "0",
            "break": "0"
        },
        "diesel": {
            "cap": "594.4",
            "used": "88.3",
            "limit": "0",
            "fix": "0",
            "break": "0"
        },
        "hydro": {
            "cap": "2092.5",
            "used": "203.4",
            "limit": "0",
            "fix": "0",
            "break": "0"
        },
        "wind": {
            "cap": "840.2",
            "used": "45.9",
            "limit": "0",
            "fix": "0",
            "break": "0"
        },
        "geothermal": {
            "cap": "0.3",
            "used": "0.2",
            "limit": "0",
            "fix": "0",
            "break": "0"
        },
        "pumping gen": {
            "cap": "2602",
            "used": "0",
            "limit": "0",
            "fix": "0",
            "break": "0"
        },
        "pumping load": {
            "cap": "0",
            "used": "-775.3",
            "limit": "0",
            "fix": "0",
            "break": "0"
        },
        "solar": {
            "cap": "5433.2",
            "used": "0",
            "limit": "0",
            "fix": "0",
            "break": "0"
        },
        "ipp-coal": {
            "cap": "0",
            "used": "0",
            "limit": "0",
            "fix": "0",
            "break": "0"
        },
        "ipp-lng": {
            "cap": "0",
            "used": "0",
            "limit": "0",
            "fix": "0",
            "break": "0"
        }
    },
    "2021-04-27 10:00": {
        "nuclear": {
            "cap": "2887",
            "used": "1926.6",
            "limit": "985",
            "fix": "0",
            "break": "0"
        },
        "coal": {
            "cap": "12547.2",
            "used": "9494",
            "limit": "2150",
            "fix": "0",
            "break": "0"
        },
        "co-gen": {
            "cap": "618",
            "used": "1192.9",
            "limit": "0",
            "fix": "0",
            "break": "0"
        },
        "lng": {
            "cap": "14925.1",
            "used": "11505.6",
            "limit": "500",
            "fix": "1894.6",
            "break": "490"
        },
        "oil": {
            "cap": "0",
            "used": "0",
            "limit": "1000",
            "fix": "0",
            "break": "0"
        },
        "diesel": {
            "cap": "594.4",
            "used": "90.2",
            "limit": "0",
            "fix": "0",
            "break": "0"
        },
        "hydro": {
            "cap": "2092.5",
            "used": "110.2",
            "limit": "0",
            "fix": "0",
            "break": "0"
        },
        "wind": {
            "cap": "840.2",
            "used": "62.9",
            "limit": "0",
            "fix": "0",
            "break": "0"
        },
        "geothermal": {
            "cap": "0.3",
            "used": "0.2",
            "limit": "0",
            "fix": "0",
            "break": "0"
        },
        "pumping gen": {
            "cap": "2602",
            "used": "466.1",
            "limit": "0",
            "fix": "0",
            "break": "0"
        },
        "pumping load": {
            "cap": "0",
            "used": "0",
            "limit": "0",
            "fix": "0",
            "break": "0"
        },
        "solar": {
            "cap": "5433.2",
            "used": "1691.13",
            "limit": "0",
            "fix": "0",
            "break": "0"
        },
        "ipp-coal": {
            "cap": "0",
            "used": "0",
            "limit": "0",
            "fix": "0",
            "break": "0"
        },
        "ipp-lng": {
            "cap": "0",
            "used": "0",
            "limit": "0",
            "fix": "0",
            "break": "0"
        }
    },
    "2021-04-27 10:10": {
        "nuclear": {
            "cap": "2887",
            "used": "1926.6",
            "limit": "985",
            "fix": "0",
            "break": "0"
        },
        "coal": {
            "cap": "12547.2",
            "used": "9536.8",
            "limit": "2150",
            "fix": "0",
            "break": "0"
        },
        "co-gen": {
            "cap": "618",
            "used": "1162.3",
            "limit": "0",
            "fix": "0",
            "break": "0"
        },
        "lng": {
            "cap": "14925.1",
            "used": "11485.1",
            "limit": "500",
            "fix": "1894.6",
            "break": "490"
        },
        "oil": {
            "cap": "0",
            "used": "0",
            "limit": "1000",
            "fix": "0",
            "break": "0"
        },
        "diesel": {
            "cap": "594.4",
            "used": "90.5",
            "limit": "0",
            "fix": "0",
            "break": "0"
        },
        "hydro": {
            "cap": "2092.5",
            "used": "110.2",
            "limit": "0",
            "fix": "0",
            "break": "0"
        },
        "wind": {
            "cap": "840.2",
            "used": "70.5",
            "limit": "0",
            "fix": "0",
            "break": "0"
        },
        "geothermal": {
            "cap": "0.3",
            "used": "0.2",
            "limit": "0",
            "fix": "0",
            "break": "0"
        },
        "pumping gen": {
            "cap": "2602",
            "used": "489.2",
            "limit": "0",
            "fix": "0",
            "break": "0"
        },
        "pumping load": {
            "cap": "0",
            "used": "0",
            "limit": "0",
            "fix": "0",
            "break": "0"
        },
        "solar": {
            "cap": "5433.2",
            "used": "1711.1",
            "limit": "0",
            "fix": "0",
            "break": "0"
        },
        "ipp-coal": {
            "cap": "0",
            "used": "0",
            "limit": "0",
            "fix": "0",
            "break": "0"
        },
        "ipp-lng": {
            "cap": "0",
            "used": "0",
            "limit": "0",
            "fix": "0",
            "break": "0"
        }
    },
    "2021-04-27 10:20": {
        "nuclear": {
            "cap": "2887",
            "used": "1926.8",
            "limit": "985",
            "fix": "0",
            "break": "0"
        },
        "coal": {
            "cap": "11997.2",
            "used": "9003.6",
            "limit": "2700",
            "fix": "0",
            "break": "0"
        },
        "co-gen": {
            "cap": "618",
            "used": "1154.7",
            "limit": "0",
            "fix": "0",
            "break": "0"
        },
        "lng": {
            "cap": "14925.1",
            "used": "11634.3",
            "limit": "500",
            "fix": "1894.6",
            "break": "490"
        },
        "oil": {
            "cap": "0",
            "used": "0",
            "limit": "1000",
            "fix": "0",
            "break": "0"
        },
        "diesel": {
            "cap": "594.4",
            "used": "90.2",
            "limit": "0",
            "fix": "0",
            "break": "0"
        },
        "hydro": {
            "cap": "2092.5",
            "used": "109.4",
            "limit": "0",
            "fix": "0",
            "break": "0"
        },
        "wind": {
            "cap": "840.2",
            "used": "69.5",
            "limit": "0",
            "fix": "0",
            "break": "0"
        },
        "geothermal": {
            "cap": "0.3",
            "used": "0.2",
            "limit": "0",
            "fix": "0",
            "break": "0"
        },
        "pumping gen": {
            "cap": "2602",
            "used": "457",
            "limit": "0",
            "fix": "0",
            "break": "0"
        },
        "pumping load": {
            "cap": "0",
            "used": "0",
            "limit": "0",
            "fix": "0",
            "break": "0"
        },
        "solar": {
            "cap": "5433.2",
            "used": "1823.23",
            "limit": "0",
            "fix": "0",
            "break": "0"
        },
        "ipp-coal": {
            "cap": "0",
            "used": "0",
            "limit": "0",
            "fix": "0",
            "break": "0"
        },
        "ipp-lng": {
            "cap": "0",
            "used": "0",
            "limit": "0",
            "fix": "0",
            "break": "0"
        }
    },
    "2021-04-27 10:30": {
        "nuclear": {
            "cap": "2887",
            "used": "1925.5",
            "limit": "985",
            "fix": "0",
            "break": "0"
        },
        "coal": {
            "cap": "11997.2",
            "used": "8994.4",
            "limit": "2700",
            "fix": "0",
            "break": "0"
        },
        "co-gen": {
            "cap": "618",
            "used": "1040.8",
            "limit": "0",
            "fix": "0",
            "break": "0"
        },
        "lng": {
            "cap": "14925.1",
            "used": "11676.9",
            "limit": "500",
            "fix": "1894.6",
            "break": "490"
        },
        "oil": {
            "cap": "0",
            "used": "0",
            "limit": "1000",
            "fix": "0",
            "break": "0"
        },
        "diesel": {
            "cap": "594.4",
            "used": "90.4",
            "limit": "0",
            "fix": "0",
            "break": "0"
        },
        "hydro": {
            "cap": "2092.5",
            "used": "111",
            "limit": "0",
            "fix": "0",
            "break": "0"
        },
        "wind": {
            "cap": "840.2",
            "used": "64.9",
            "limit": "0",
            "fix": "0",
            "break": "0"
        },
        "geothermal": {
            "cap": "0.3",
            "used": "0.2",
            "limit": "0",
            "fix": "0",
            "break": "0"
        },
        "pumping gen": {
            "cap": "2602",
            "used": "526.1",
            "limit": "0",
            "fix": "0",
            "break": "0"
        },
        "pumping load": {
            "cap": "0",
            "used": "0",
            "limit": "0",
            "fix": "0",
            "break": "0"
        },
        "solar": {
            "cap": "5433.2",
            "used": "1921.8",
            "limit": "0",
            "fix": "0",
            "break": "0"
        },
        "ipp-coal": {
            "cap": "0",
            "used": "0",
            "limit": "0",
            "fix": "0",
            "break": "0"
        },
        "ipp-lng": {
            "cap": "0",
            "used": "0",
            "limit": "0",
            "fix": "0",
            "break": "0"
        }
    },
    "2021-04-27 10:40": {
        "nuclear": {
            "cap": "2887",
            "used": "1927.8",
            "limit": "985",
            "fix": "0",
            "break": "0"
        },
        "coal": {
            "cap": "12997.2",
            "used": "9946.6",
            "limit": "1700",
            "fix": "0",
            "break": "0"
        },
        "co-gen": {
            "cap": "618",
            "used": "1250",
            "limit": "0",
            "fix": "0",
            "break": "0"
        },
        "lng": {
            "cap": "14925.1",
            "used": "11630.8",
            "limit": "500",
            "fix": "1894.6",
            "break": "490"
        },
        "oil": {
            "cap": "0",
            "used": "0",
            "limit": "1000",
            "fix": "0",
            "break": "0"
        },
        "diesel": {
            "cap": "594.4",
            "used": "90.4",
            "limit": "0",
            "fix": "0",
            "break": "0"
        },
        "hydro": {
            "cap": "2092.5",
            "used": "111.5",
            "limit": "0",
            "fix": "0",
            "break": "0"
        },
        "wind": {
            "cap": "840.2",
            "used": "83.7",
            "limit": "0",
            "fix": "0",
            "break": "0"
        },
        "geothermal": {
            "cap": "0.3",
            "used": "0.2",
            "limit": "0",
            "fix": "0",
            "break": "0"
        },
        "pumping gen": {
            "cap": "2602",
            "used": "442.1",
            "limit": "0",
            "fix": "0",
            "break": "0"
        },
        "pumping load": {
            "cap": "0",
            "used": "0",
            "limit": "0",
            "fix": "0",
            "break": "0"
        },
        "solar": {
            "cap": "5433.2",
            "used": "1863.85",
            "limit": "0",
            "fix": "0",
            "break": "0"
        },
        "ipp-coal": {
            "cap": "0",
            "used": "0",
            "limit": "0",
            "fix": "0",
            "break": "0"
        },
        "ipp-lng": {
            "cap": "0",
            "used": "0",
            "limit": "0",
            "fix": "0",
            "break": "0"
        }
    },
    "2021-04-27 10:50": {
        "nuclear": {
            "cap": "2887",
            "used": "1927.9",
            "limit": "985",
            "fix": "0",
            "break": "0"
        },
        "coal": {
            "cap": "12997.2",
            "used": "9977.5",
            "limit": "1700",
            "fix": "0",
            "break": "0"
        },
        "co-gen": {
            "cap": "618",
            "used": "1182.6",
            "limit": "0",
            "fix": "0",
            "break": "0"
        },
        "lng": {
            "cap": "14325.1",
            "used": "11779.1",
            "limit": "500",
            "fix": "2494.6",
            "break": "490"
        },
        "oil": {
            "cap": "0",
            "used": "0",
            "limit": "1000",
            "fix": "0",
            "break": "0"
        },
        "diesel": {
            "cap": "594.4",
            "used": "90.6",
            "limit": "0",
            "fix": "0",
            "break": "0"
        },
        "hydro": {
            "cap": "2092.5",
            "used": "108.9",
            "limit": "0",
            "fix": "0",
            "break": "0"
        },
        "wind": {
            "cap": "840.2",
            "used": "81.2",
            "limit": "0",
            "fix": "0",
            "break": "0"
        },
        "geothermal": {
            "cap": "0.3",
            "used": "0.2",
            "limit": "0",
            "fix": "0",
            "break": "0"
        },
        "pumping gen": {
            "cap": "2602",
            "used": "506.3",
            "limit": "0",
            "fix": "0",
            "break": "0"
        },
        "pumping load": {
            "cap": "0",
            "used": "0",
            "limit": "0",
            "fix": "0",
            "break": "0"
        },
        "solar": {
            "cap": "5433.2",
            "used": "1937.39",
            "limit": "0",
            "fix": "0",
            "break": "0"
        },
        "ipp-coal": {
            "cap": "0",
            "used": "0",
            "limit": "0",
            "fix": "0",
            "break": "0"
        },
        "ipp-lng": {
            "cap": "0",
            "used": "0",
            "limit": "0",
            "fix": "0",
            "break": "0"
        }
    },
    "2021-04-27 11:00": {
        "nuclear": {
            "cap": "2887",
            "used": "1926.6",
            "limit": "985",
            "fix": "0",
            "break": "0"
        },
        "coal": {
            "cap": "12997.2",
            "used": "9989.7",
            "limit": "1700",
            "fix": "0",
            "break": "0"
        },
        "co-gen": {
            "cap": "618",
            "used": "1146.7",
            "limit": "0",
            "fix": "0",
            "break": "0"
        },
        "lng": {
            "cap": "14325.1",
            "used": "11906.3",
            "limit": "500",
            "fix": "2494.6",
            "break": "490"
        },
        "oil": {
            "cap": "0",
            "used": "0",
            "limit": "1000",
            "fix": "0",
            "break": "0"
        },
        "diesel": {
            "cap": "594.4",
            "used": "90.1",
            "limit": "0",
            "fix": "0",
            "break": "0"
        },
        "hydro": {
            "cap": "2092.5",
            "used": "108",
            "limit": "0",
            "fix": "0",
            "break": "0"
        },
        "wind": {
            "cap": "840.2",
            "used": "79.8",
            "limit": "0",
            "fix": "0",
            "break": "0"
        },
        "geothermal": {
            "cap": "0.3",
            "used": "0.2",
            "limit": "0",
            "fix": "0",
            "break": "0"
        },
        "pumping gen": {
            "cap": "2602",
            "used": "636.6",
            "limit": "0",
            "fix": "0",
            "break": "0"
        },
        "pumping load": {
            "cap": "0",
            "used": "0",
            "limit": "0",
            "fix": "0",
            "break": "0"
        },
        "solar": {
            "cap": "5433.2",
            "used": "1827.29",
            "limit": "0",
            "fix": "0",
            "break": "0"
        },
        "ipp-coal": {
            "cap": "0",
            "used": "0",
            "limit": "0",
            "fix": "0",
            "break": "0"
        },
        "ipp-lng": {
            "cap": "0",
            "used": "0",
            "limit": "0",
            "fix": "0",
            "break": "0"
        }
    },
    "2021-04-27 11:10": {
        "nuclear": {
            "cap": "2887",
            "used": "1927.8",
            "limit": "985",
            "fix": "0",
            "break": "0"
        },
        "coal": {
            "cap": "12997.2",
            "used": "9951.6",
            "limit": "1700",
            "fix": "0",
            "break": "0"
        },
        "co-gen": {
            "cap": "618",
            "used": "1408.6",
            "limit": "0",
            "fix": "0",
            "break": "0"
        },
        "lng": {
            "cap": "14325.1",
            "used": "12206.9",
            "limit": "500",
            "fix": "2494.6",
            "break": "490"
        },
        "oil": {
            "cap": "0",
            "used": "0",
            "limit": "1000",
            "fix": "0",
            "break": "0"
        },
        "diesel": {
            "cap": "594.4",
            "used": "90.9",
            "limit": "0",
            "fix": "0",
            "break": "0"
        },
        "hydro": {
            "cap": "2092.5",
            "used": "105.6",
            "limit": "0",
            "fix": "0",
            "break": "0"
        },
        "wind": {
            "cap": "840.2",
            "used": "80.3",
            "limit": "0",
            "fix": "0",
            "break": "0"
        },
        "geothermal": {
            "cap": "0.3",
            "used": "0.2",
            "limit": "0",
            "fix": "0",
            "break": "0"
        },
        "pumping gen": {
            "cap": "2602",
            "used": "439.4",
            "limit": "0",
            "fix": "0",
            "break": "0"
        },
        "pumping load": {
            "cap": "0",
            "used": "0",
            "limit": "0",
            "fix": "0",
            "break": "0"
        },
        "solar": {
            "cap": "5433.2",
            "used": "1707.67",
            "limit": "0",
            "fix": "0",
            "break": "0"
        },
        "ipp-coal": {
            "cap": "0",
            "used": "0",
            "limit": "0",
            "fix": "0",
            "break": "0"
        },
        "ipp-lng": {
            "cap": "0",
            "used": "0",
            "limit": "0",
            "fix": "0",
            "break": "0"
        }
    },
    "2021-04-27 11:20": {
        "nuclear": {
            "cap": "2887",
            "used": "1930.2",
            "limit": "985",
            "fix": "0",
            "break": "0"
        },
        "coal": {
            "cap": "12997.2",
            "used": "9942.7",
            "limit": "1700",
            "fix": "0",
            "break": "0"
        },
        "co-gen": {
            "cap": "618",
            "used": "1159.5",
            "limit": "0",
            "fix": "0",
            "break": "0"
        },
        "lng": {
            "cap": "14325.1",
            "used": "12232.9",
            "limit": "500",
            "fix": "2494.6",
            "break": "490"
        },
        "oil": {
            "cap": "0",
            "used": "0",
            "limit": "1000",
            "fix": "0",
            "break": "0"
        },
        "diesel": {
            "cap": "594.4",
            "used": "89.9",
            "limit": "0",
            "fix": "0",
            "break": "0"
        },
        "hydro": {
            "cap": "2092.5",
            "used": "110.3",
            "limit": "0",
            "fix": "0",
            "break": "0"
        },
        "wind": {
            "cap": "840.2",
            "used": "87.7",
            "limit": "0",
            "fix": "0",
            "break": "0"
        },
        "geothermal": {
            "cap": "0.3",
            "used": "0.2",
            "limit": "0",
            "fix": "0",
            "break": "0"
        },
        "pumping gen": {
            "cap": "2602",
            "used": "465.2",
            "limit": "0",
            "fix": "0",
            "break": "0"
        },
        "pumping load": {
            "cap": "0",
            "used": "0",
            "limit": "0",
            "fix": "0",
            "break": "0"
        },
        "solar": {
            "cap": "5433.2",
            "used": "1715.64",
            "limit": "0",
            "fix": "0",
            "break": "0"
        },
        "ipp-coal": {
            "cap": "0",
            "used": "0",
            "limit": "0",
            "fix": "0",
            "break": "0"
        },
        "ipp-lng": {
            "cap": "0",
            "used": "0",
            "limit": "0",
            "fix": "0",
            "break": "0"
        }
    },
    "2021-04-27 11:30": {
        "nuclear": {
            "cap": "2887",
            "used": "1927.9",
            "limit": "985",
            "fix": "0",
            "break": "0"
        },
        "coal": {
            "cap": "12997.2",
            "used": "9928.2",
            "limit": "1700",
            "fix": "0",
            "break": "0"
        },
        "co-gen": {
            "cap": "618",
            "used": "1166.6",
            "limit": "0",
            "fix": "0",
            "break": "0"
        },
        "lng": {
            "cap": "14325.1",
            "used": "12230.1",
            "limit": "500",
            "fix": "2494.6",
            "break": "490"
        },
        "oil": {
            "cap": "0",
            "used": "0",
            "limit": "1000",
            "fix": "0",
            "break": "0"
        },
        "diesel": {
            "cap": "594.4",
            "used": "92.8",
            "limit": "0",
            "fix": "0",
            "break": "0"
        },
        "hydro": {
            "cap": "2092.5",
            "used": "109.9",
            "limit": "0",
            "fix": "0",
            "break": "0"
        },
        "wind": {
            "cap": "840.2",
            "used": "88",
            "limit": "0",
            "fix": "0",
            "break": "0"
        },
        "geothermal": {
            "cap": "0.3",
            "used": "0.2",
            "limit": "0",
            "fix": "0",
            "break": "0"
        },
        "pumping gen": {
            "cap": "2602",
            "used": "458.5",
            "limit": "0",
            "fix": "0",
            "break": "0"
        },
        "pumping load": {
            "cap": "0",
            "used": "0",
            "limit": "0",
            "fix": "0",
            "break": "0"
        },
        "solar": {
            "cap": "5433.2",
            "used": "1717.09",
            "limit": "0",
            "fix": "0",
            "break": "0"
        },
        "ipp-coal": {
            "cap": "0",
            "used": "0",
            "limit": "0",
            "fix": "0",
            "break": "0"
        },
        "ipp-lng": {
            "cap": "0",
            "used": "0",
            "limit": "0",
            "fix": "0",
            "break": "0"
        }
    },
    "2021-04-27 11:40": {
        "nuclear": {
            "cap": "2887",
            "used": "1929.2",
            "limit": "985",
            "fix": "0",
            "break": "0"
        },
        "coal": {
            "cap": "12997.2",
            "used": "9933.5",
            "limit": "1700",
            "fix": "0",
            "break": "0"
        },
        "co-gen": {
            "cap": "618",
            "used": "1283.1",
            "limit": "0",
            "fix": "0",
            "break": "0"
        },
        "lng": {
            "cap": "14325.1",
            "used": "12245.2",
            "limit": "500",
            "fix": "2494.6",
            "break": "490"
        },
        "oil": {
            "cap": "0",
            "used": "0",
            "limit": "1000",
            "fix": "0",
            "break": "0"
        },
        "diesel": {
            "cap": "594.4",
            "used": "91.6",
            "limit": "0",
            "fix": "0",
            "break": "0"
        },
        "hydro": {
            "cap": "2092.5",
            "used": "112.9",
            "limit": "0",
            "fix": "0",
            "break": "0"
        },
        "wind": {
            "cap": "840.2",
            "used": "80.5",
            "limit": "0",
            "fix": "0",
            "break": "0"
        },
        "geothermal": {
            "cap": "0.3",
            "used": "0.2",
            "limit": "0",
            "fix": "0",
            "break": "0"
        },
        "pumping gen": {
            "cap": "2602",
            "used": "458.8",
            "limit": "0",
            "fix": "0",
            "break": "0"
        },
        "pumping load": {
            "cap": "0",
            "used": "0",
            "limit": "0",
            "fix": "0",
            "break": "0"
        },
        "solar": {
            "cap": "5433.2",
            "used": "1669.65",
            "limit": "0",
            "fix": "0",
            "break": "0"
        },
        "ipp-coal": {
            "cap": "0",
            "used": "0",
            "limit": "0",
            "fix": "0",
            "break": "0"
        },
        "ipp-lng": {
            "cap": "0",
            "used": "0",
            "limit": "0",
            "fix": "0",
            "break": "0"
        }
    },
    "2021-04-27 11:50": {
        "nuclear": {
            "cap": "2887",
            "used": "1925.5",
            "limit": "985",
            "fix": "0",
            "break": "0"
        },
        "coal": {
            "cap": "12997.2",
            "used": "9972.8",
            "limit": "1700",
            "fix": "0",
            "break": "0"
        },
        "co-gen": {
            "cap": "618",
            "used": "1241.1",
            "limit": "0",
            "fix": "0",
            "break": "0"
        },
        "lng": {
            "cap": "14925.1",
            "used": "12389",
            "limit": "500",
            "fix": "1894.6",
            "break": "490"
        },
        "oil": {
            "cap": "0",
            "used": "0",
            "limit": "1000",
            "fix": "0",
            "break": "0"
        },
        "diesel": {
            "cap": "594.4",
            "used": "92.1",
            "limit": "0",
            "fix": "0",
            "break": "0"
        },
        "hydro": {
            "cap": "2092.5",
            "used": "113.8",
            "limit": "0",
            "fix": "0",
            "break": "0"
        },
        "wind": {
            "cap": "840.2",
            "used": "80.6",
            "limit": "0",
            "fix": "0",
            "break": "0"
        },
        "geothermal": {
            "cap": "0.3",
            "used": "0.2",
            "limit": "0",
            "fix": "0",
            "break": "0"
        },
        "pumping gen": {
            "cap": "2602",
            "used": "322.2",
            "limit": "0",
            "fix": "0",
            "break": "0"
        },
        "pumping load": {
            "cap": "0",
            "used": "-6.3",
            "limit": "0",
            "fix": "0",
            "break": "0"
        },
        "solar": {
            "cap": "5433.2",
            "used": "1667.45",
            "limit": "0",
            "fix": "0",
            "break": "0"
        },
        "ipp-coal": {
            "cap": "0",
            "used": "0",
            "limit": "0",
            "fix": "0",
            "break": "0"
        },
        "ipp-lng": {
            "cap": "0",
            "used": "0",
            "limit": "0",
            "fix": "0",
            "break": "0"
        }
    },
    "2021-04-27 12:00": {
        "nuclear": {
            "cap": "2887",
            "used": "1927.8",
            "limit": "985",
            "fix": "0",
            "break": "0"
        },
        "coal": {
            "cap": "12997.2",
            "used": "9976.2",
            "limit": "1700",
            "fix": "0",
            "break": "0"
        },
        "co-gen": {
            "cap": "618",
            "used": "1347.1",
            "limit": "0",
            "fix": "0",
            "break": "0"
        },
        "lng": {
            "cap": "14925.1",
            "used": "12141.2",
            "limit": "500",
            "fix": "1894.6",
            "break": "490"
        },
        "oil": {
            "cap": "0",
            "used": "0",
            "limit": "1000",
            "fix": "0",
            "break": "0"
        },
        "diesel": {
            "cap": "594.4",
            "used": "91.9",
            "limit": "0",
            "fix": "0",
            "break": "0"
        },
        "hydro": {
            "cap": "2092.5",
            "used": "110.5",
            "limit": "0",
            "fix": "0",
            "break": "0"
        },
        "wind": {
            "cap": "840.2",
            "used": "63.4",
            "limit": "0",
            "fix": "0",
            "break": "0"
        },
        "geothermal": {
            "cap": "0.3",
            "used": "0.2",
            "limit": "0",
            "fix": "0",
            "break": "0"
        },
        "pumping gen": {
            "cap": "2602",
            "used": "0",
            "limit": "0",
            "fix": "0",
            "break": "0"
        },
        "pumping load": {
            "cap": "0",
            "used": "-247.9",
            "limit": "0",
            "fix": "0",
            "break": "0"
        },
        "solar": {
            "cap": "5433.2",
            "used": "1674.37",
            "limit": "0",
            "fix": "0",
            "break": "0"
        },
        "ipp-coal": {
            "cap": "0",
            "used": "0",
            "limit": "0",
            "fix": "0",
            "break": "0"
        },
        "ipp-lng": {
            "cap": "0",
            "used": "0",
            "limit": "0",
            "fix": "0",
            "break": "0"
        }
    },
    "2021-04-27 12:10": {
        "nuclear": {
            "cap": "2887",
            "used": "1926.6",
            "limit": "985",
            "fix": "0",
            "break": "0"
        },
        "coal": {
            "cap": "12997.2",
            "used": "9982.2",
            "limit": "1700",
            "fix": "0",
            "break": "0"
        },
        "co-gen": {
            "cap": "618",
            "used": "1553.3",
            "limit": "0",
            "fix": "0",
            "break": "0"
        },
        "lng": {
            "cap": "14925.1",
            "used": "11267.5",
            "limit": "500",
            "fix": "1894.6",
            "break": "490"
        },
        "oil": {
            "cap": "0",
            "used": "0",
            "limit": "1000",
            "fix": "0",
            "break": "0"
        },
        "diesel": {
            "cap": "594.4",
            "used": "92",
            "limit": "0",
            "fix": "0",
            "break": "0"
        },
        "hydro": {
            "cap": "2092.5",
            "used": "142.2",
            "limit": "0",
            "fix": "0",
            "break": "0"
        },
        "wind": {
            "cap": "840.2",
            "used": "55.1",
            "limit": "0",
            "fix": "0",
            "break": "0"
        },
        "geothermal": {
            "cap": "0.3",
            "used": "0.2",
            "limit": "0",
            "fix": "0",
            "break": "0"
        },
        "pumping gen": {
            "cap": "2602",
            "used": "0",
            "limit": "0",
            "fix": "0",
            "break": "0"
        },
        "pumping load": {
            "cap": "0",
            "used": "-751.5",
            "limit": "0",
            "fix": "0",
            "break": "0"
        },
        "solar": {
            "cap": "5433.2",
            "used": "1674.62",
            "limit": "0",
            "fix": "0",
            "break": "0"
        },
        "ipp-coal": {
            "cap": "0",
            "used": "0",
            "limit": "0",
            "fix": "0",
            "break": "0"
        },
        "ipp-lng": {
            "cap": "0",
            "used": "0",
            "limit": "0",
            "fix": "0",
            "break": "0"
        }
    },
    "2021-04-27 12:20": {
        "nuclear": {
            "cap": "2887",
            "used": "1922.8",
            "limit": "985",
            "fix": "0",
            "break": "0"
        },
        "coal": {
            "cap": "12997.2",
            "used": "9962.5",
            "limit": "1700",
            "fix": "0",
            "break": "0"
        },
        "co-gen": {
            "cap": "618",
            "used": "1240.3",
            "limit": "0",
            "fix": "0",
            "break": "0"
        },
        "lng": {
            "cap": "14925.1",
            "used": "11744",
            "limit": "500",
            "fix": "1894.6",
            "break": "490"
        },
        "oil": {
            "cap": "0",
            "used": "0",
            "limit": "1000",
            "fix": "0",
            "break": "0"
        },
        "diesel": {
            "cap": "594.4",
            "used": "92.8",
            "limit": "0",
            "fix": "0",
            "break": "0"
        },
        "hydro": {
            "cap": "2092.5",
            "used": "117.4",
            "limit": "0",
            "fix": "0",
            "break": "0"
        },
        "wind": {
            "cap": "840.2",
            "used": "63.4",
            "limit": "0",
            "fix": "0",
            "break": "0"
        },
        "geothermal": {
            "cap": "0.3",
            "used": "0.2",
            "limit": "0",
            "fix": "0",
            "break": "0"
        },
        "pumping gen": {
            "cap": "2602",
            "used": "0",
            "limit": "0",
            "fix": "0",
            "break": "0"
        },
        "pumping load": {
            "cap": "0",
            "used": "-1016.5",
            "limit": "0",
            "fix": "0",
            "break": "0"
        },
        "solar": {
            "cap": "5433.2",
            "used": "1594.82",
            "limit": "0",
            "fix": "0",
            "break": "0"
        },
        "ipp-coal": {
            "cap": "0",
            "used": "0",
            "limit": "0",
            "fix": "0",
            "break": "0"
        },
        "ipp-lng": {
            "cap": "0",
            "used": "0",
            "limit": "0",
            "fix": "0",
            "break": "0"
        }
    },
    "2021-04-27 12:30": {
        "nuclear": {
            "cap": "2887",
            "used": "1925.5",
            "limit": "985",
            "fix": "0",
            "break": "0"
        },
        "coal": {
            "cap": "12997.2",
            "used": "9991.8",
            "limit": "1700",
            "fix": "0",
            "break": "0"
        },
        "co-gen": {
            "cap": "618",
            "used": "1294",
            "limit": "0",
            "fix": "0",
            "break": "0"
        },
        "lng": {
            "cap": "14925.1",
            "used": "12006.8",
            "limit": "500",
            "fix": "1894.6",
            "break": "490"
        },
        "oil": {
            "cap": "0",
            "used": "0",
            "limit": "1000",
            "fix": "0",
            "break": "0"
        },
        "diesel": {
            "cap": "594.4",
            "used": "91.6",
            "limit": "0",
            "fix": "0",
            "break": "0"
        },
        "hydro": {
            "cap": "2092.5",
            "used": "116.2",
            "limit": "0",
            "fix": "0",
            "break": "0"
        },
        "wind": {
            "cap": "840.2",
            "used": "64.8",
            "limit": "0",
            "fix": "0",
            "break": "0"
        },
        "geothermal": {
            "cap": "0.3",
            "used": "0.2",
            "limit": "0",
            "fix": "0",
            "break": "0"
        },
        "pumping gen": {
            "cap": "2602",
            "used": "0",
            "limit": "0",
            "fix": "0",
            "break": "0"
        },
        "pumping load": {
            "cap": "0",
            "used": "-1257.2",
            "limit": "0",
            "fix": "0",
            "break": "0"
        },
        "solar": {
            "cap": "5433.2",
            "used": "1486.21",
            "limit": "0",
            "fix": "0",
            "break": "0"
        },
        "ipp-coal": {
            "cap": "0",
            "used": "0",
            "limit": "0",
            "fix": "0",
            "break": "0"
        },
        "ipp-lng": {
            "cap": "0",
            "used": "0",
            "limit": "0",
            "fix": "0",
            "break": "0"
        }
    },
    "2021-04-27 12:40": {
        "nuclear": {
            "cap": "2887",
            "used": "1926.6",
            "limit": "985",
            "fix": "0",
            "break": "0"
        },
        "coal": {
            "cap": "12997.2",
            "used": "9993.3",
            "limit": "1700",
            "fix": "0",
            "break": "0"
        },
        "co-gen": {
            "cap": "618",
            "used": "1165",
            "limit": "0",
            "fix": "0",
            "break": "0"
        },
        "lng": {
            "cap": "14925.1",
            "used": "12049.3",
            "limit": "500",
            "fix": "1894.6",
            "break": "490"
        },
        "oil": {
            "cap": "0",
            "used": "0",
            "limit": "1000",
            "fix": "0",
            "break": "0"
        },
        "diesel": {
            "cap": "594.4",
            "used": "90.2",
            "limit": "0",
            "fix": "0",
            "break": "0"
        },
        "hydro": {
            "cap": "2092.5",
            "used": "117.5",
            "limit": "0",
            "fix": "0",
            "break": "0"
        },
        "wind": {
            "cap": "840.2",
            "used": "50.4",
            "limit": "0",
            "fix": "0",
            "break": "0"
        },
        "geothermal": {
            "cap": "0.3",
            "used": "0.2",
            "limit": "0",
            "fix": "0",
            "break": "0"
        },
        "pumping gen": {
            "cap": "2602",
            "used": "0",
            "limit": "0",
            "fix": "0",
            "break": "0"
        },
        "pumping load": {
            "cap": "0",
            "used": "-1255.9",
            "limit": "0",
            "fix": "0",
            "break": "0"
        },
        "solar": {
            "cap": "5433.2",
            "used": "1481.03",
            "limit": "0",
            "fix": "0",
            "break": "0"
        },
        "ipp-coal": {
            "cap": "0",
            "used": "0",
            "limit": "0",
            "fix": "0",
            "break": "0"
        },
        "ipp-lng": {
            "cap": "0",
            "used": "0",
            "limit": "0",
            "fix": "0",
            "break": "0"
        }
    },
    "2021-04-27 12:50": {
        "nuclear": {
            "cap": "2887",
            "used": "1929.1",
            "limit": "985",
            "fix": "0",
            "break": "0"
        },
        "coal": {
            "cap": "12997.2",
            "used": "9941.5",
            "limit": "1700",
            "fix": "0",
            "break": "0"
        },
        "co-gen": {
            "cap": "618",
            "used": "1210.7",
            "limit": "0",
            "fix": "0",
            "break": "0"
        },
        "lng": {
            "cap": "14925.1",
            "used": "12166.4",
            "limit": "500",
            "fix": "1894.6",
            "break": "490"
        },
        "oil": {
            "cap": "0",
            "used": "0",
            "limit": "1000",
            "fix": "0",
            "break": "0"
        },
        "diesel": {
            "cap": "594.4",
            "used": "90.5",
            "limit": "0",
            "fix": "0",
            "break": "0"
        },
        "hydro": {
            "cap": "2092.5",
            "used": "120.5",
            "limit": "0",
            "fix": "0",
            "break": "0"
        },
        "wind": {
            "cap": "840.2",
            "used": "41.9",
            "limit": "0",
            "fix": "0",
            "break": "0"
        },
        "geothermal": {
            "cap": "0.3",
            "used": "0.2",
            "limit": "0",
            "fix": "0",
            "break": "0"
        },
        "pumping gen": {
            "cap": "2602",
            "used": "0",
            "limit": "0",
            "fix": "0",
            "break": "0"
        },
        "pumping load": {
            "cap": "0",
            "used": "-1246.2",
            "limit": "0",
            "fix": "0",
            "break": "0"
        },
        "solar": {
            "cap": "5433.2",
            "used": "1374.88",
            "limit": "0",
            "fix": "0",
            "break": "0"
        },
        "ipp-coal": {
            "cap": "0",
            "used": "0",
            "limit": "0",
            "fix": "0",
            "break": "0"
        },
        "ipp-lng": {
            "cap": "0",
            "used": "0",
            "limit": "0",
            "fix": "0",
            "break": "0"
        }
    },
    "2021-04-27 13:00": {
        "nuclear": {
            "cap": "2887",
            "used": "1926.6",
            "limit": "985",
            "fix": "0",
            "break": "0"
        },
        "coal": {
            "cap": "12997.2",
            "used": "9968.4",
            "limit": "1700",
            "fix": "0",
            "break": "0"
        },
        "co-gen": {
            "cap": "618",
            "used": "952",
            "limit": "0",
            "fix": "0",
            "break": "0"
        },
        "lng": {
            "cap": "14925.1",
            "used": "12381.3",
            "limit": "500",
            "fix": "1894.6",
            "break": "490"
        },
        "oil": {
            "cap": "0",
            "used": "0",
            "limit": "1000",
            "fix": "0",
            "break": "0"
        },
        "diesel": {
            "cap": "594.4",
            "used": "90.1",
            "limit": "0",
            "fix": "0",
            "break": "0"
        },
        "hydro": {
            "cap": "2092.5",
            "used": "123.9",
            "limit": "0",
            "fix": "0",
            "break": "0"
        },
        "wind": {
            "cap": "840.2",
            "used": "37",
            "limit": "0",
            "fix": "0",
            "break": "0"
        },
        "geothermal": {
            "cap": "0.3",
            "used": "0.2",
            "limit": "0",
            "fix": "0",
            "break": "0"
        },
        "pumping gen": {
            "cap": "2602",
            "used": "0",
            "limit": "0",
            "fix": "0",
            "break": "0"
        },
        "pumping load": {
            "cap": "0",
            "used": "-761.1",
            "limit": "0",
            "fix": "0",
            "break": "0"
        },
        "solar": {
            "cap": "5433.2",
            "used": "1331.91",
            "limit": "0",
            "fix": "0",
            "break": "0"
        },
        "ipp-coal": {
            "cap": "0",
            "used": "0",
            "limit": "0",
            "fix": "0",
            "break": "0"
        },
        "ipp-lng": {
            "cap": "0",
            "used": "0",
            "limit": "0",
            "fix": "0",
            "break": "0"
        }
    }
}