{
    "2021-05-28 23:10": 2,
    "2021-05-28 23:20": 3.6,
    "2021-05-28 23:30": 6.6,
    "2021-05-28 23:40": 5.9,
    "2021-05-28 23:50": 6.9,
    "2021-05-29 00:00": 7.7,
    "2021-05-29 00:10": 7.6,
    "2021-05-29 00:20": 7.8,
    "2021-05-29 00:30": 7.2,
    "2021-05-29 01:20": 6.3,
    "2021-05-29 01:30": 9.2,
    "2021-05-29 01:40": 7.4,
    "2021-05-29 01:50": 7.4,
    "2021-05-29 02:00": 11.3,
    "2021-05-29 02:10": 11.9,
    "2021-05-29 02:20": 11.4,
    "2021-05-29 02:30": 10.8,
    "2021-05-29 02:40": 11.4,
    "2021-05-29 02:50": 11.5,
    "2021-05-29 03:00": 9.6,
    "2021-05-29 03:10": 11.1,
    "2021-05-29 03:20": 10,
    "2021-05-29 03:30": 10.8,
    "2021-05-29 03:40": 12.3,
    "2021-05-29 03:50": 12.4,
    "2021-05-29 04:00": 10.2,
    "2021-05-29 04:10": 9,
    "2021-05-29 04:20": 7.6,
    "2021-05-29 04:30": 8.5,
    "2021-05-29 04:40": 7,
    "2021-05-29 04:50": 7,
    "2021-05-29 05:00": 7.9,
    "2021-05-29 05:10": 9,
    "2021-05-29 05:20": 9.4,
    "2021-05-29 05:30": 9.6,
    "2021-05-29 05:40": 8.2,
    "2021-05-29 05:50": 9.7,
    "2021-05-29 06:00": 11,
    "2021-05-29 06:10": 10.7,
    "2021-05-29 06:20": 13.6,
    "2021-05-29 06:30": 16.8,
    "2021-05-29 06:40": 18.8,
    "2021-05-29 06:50": 18.7,
    "2021-05-29 07:00": 21,
    "2021-05-29 07:10": 22.7,
    "2021-05-29 07:20": 21.3,
    "2021-05-29 07:30": 22.6,
    "2021-05-29 07:40": 21.9,
    "2021-05-29 07:50": 20.8,
    "2021-05-29 08:00": 20.4,
    "2021-05-29 08:10": 25.1,
    "2021-05-29 08:20": 26.5,
    "2021-05-29 08:30": 28.7,
    "2021-05-29 08:40": 32.3,
    "2021-05-29 08:50": 32.8,
    "2021-05-29 09:00": 26.8,
    "2021-05-29 09:10": 31,
    "2021-05-29 09:20": 28.2,
    "2021-05-29 09:30": 15.5,
    "2021-05-29 09:40": 21.3,
    "2021-05-29 09:50": 19.9,
    "2021-05-29 10:00": 9.7,
    "2021-05-29 10:10": 18.1,
    "2021-05-29 10:20": 32.9,
    "2021-05-29 10:30": 12.6,
    "2021-05-29 10:40": 5.6,
    "2021-05-29 10:50": 2.8,
    "2021-05-29 11:00": 2.8,
    "2021-05-29 11:10": 3.6,
    "2021-05-29 11:20": 3.9,
    "2021-05-29 11:30": 8.5,
    "2021-05-29 11:40": 4.7,
    "2021-05-29 11:50": 4.5,
    "2021-05-29 12:00": 3.9,
    "2021-05-29 12:10": 9,
    "2021-05-29 12:20": 17.2,
    "2021-05-29 12:30": 49.4,
    "2021-05-29 12:40": 38.2,
    "2021-05-29 12:50": 49.2,
    "2021-05-29 13:00": 59.9,
    "2021-05-29 13:10": 13.3,
    "2021-05-29 13:20": 7.3,
    "2021-05-29 13:30": 5.8,
    "2021-05-29 13:40": 12.5,
    "2021-05-29 13:50": 18.6,
    "2021-05-29 14:00": 32.4,
    "2021-05-29 14:10": 46,
    "2021-05-29 14:20": 51.8,
    "2021-05-29 14:30": 57.1,
    "2021-05-29 14:40": 53.3,
    "2021-05-29 14:50": 49.4,
    "2021-05-29 15:00": 43.7,
    "2021-05-29 15:10": 42.4,
    "2021-05-29 15:20": 39.8,
    "2021-05-29 15:30": 32,
    "2021-05-29 15:40": 35.1,
    "2021-05-29 15:50": 42.1,
    "2021-05-29 16:00": 40,
    "2021-05-29 16:10": 35.5,
    "2021-05-29 16:20": 42.7,
    "2021-05-29 16:30": 36.2,
    "2021-05-29 16:40": 34.5,
    "2021-05-29 16:50": 31.7,
    "2021-05-29 17:00": 33.6,
    "2021-05-29 17:10": 35.4,
    "2021-05-29 17:20": 30.4,
    "2021-05-29 17:30": 30.4,
    "2021-05-29 17:40": 25.1,
    "2021-05-29 17:50": 16.6,
    "2021-05-29 18:00": 12.3,
    "2021-05-29 18:10": 12.8,
    "2021-05-29 18:20": 14.8,
    "2021-05-29 18:30": 10.4,
    "2021-05-29 18:40": 13.1,
    "2021-05-29 18:50": 11.5,
    "2021-05-29 19:00": 9.1,
    "2021-05-29 19:10": 5.9,
    "2021-05-29 19:20": 5.1,
    "2021-05-29 19:30": 5.6,
    "2021-05-29 19:40": 5.6,
    "2021-05-29 19:50": 4.8,
    "2021-05-29 20:00": 5.8,
    "2021-05-29 20:10": 8,
    "2021-05-29 20:20": 6.5,
    "2021-05-29 20:30": 9.8,
    "2021-05-29 20:40": 11,
    "2021-05-29 20:50": 11.1,
    "2021-05-29 21:00": 11.9,
    "2021-05-30 00:10": 11.8,
    "2021-05-30 00:20": 14.9,
    "2021-05-30 00:30": 12.6,
    "2021-05-30 00:40": 14,
    "2021-05-30 00:50": 16.5,
    "2021-05-30 01:00": 14.7,
    "2021-05-30 01:10": 17.7,
    "2021-05-30 01:20": 14,
    "2021-05-30 01:30": 12.7,
    "2021-05-30 01:40": 11.4,
    "2021-05-30 01:50": 11.2,
    "2021-05-30 02:00": 10.8,
    "2021-05-30 02:10": 6.7,
    "2021-05-30 02:20": 5.5,
    "2021-05-30 02:30": 4.5,
    "2021-05-30 02:40": 3.9,
    "2021-05-30 02:50": 2.9,
    "2021-05-30 03:00": 3,
    "2021-05-30 03:10": 5,
    "2021-05-30 03:20": 3.9,
    "2021-05-30 03:30": 1.7,
    "2021-05-30 03:40": 0.4,
    "2021-05-30 03:50": 1.4,
    "2021-05-30 04:00": 0.8,
    "2021-05-30 04:10": 2,
    "2021-05-30 04:20": 4.9,
    "2021-05-30 04:30": 4.4,
    "2021-05-30 04:40": 1.9,
    "2021-05-30 04:50": 0.2,
    "2021-05-30 05:00": 0.2,
    "2021-05-30 05:10": 0.3,
    "2021-05-30 05:20": 0.3,
    "2021-05-30 05:30": 0.5,
    "2021-05-30 05:40": 3.8,
    "2021-05-30 05:50": 3.8,
    "2021-05-30 06:00": 5.3,
    "2021-05-30 06:10": 9,
    "2021-05-30 06:20": 7.8,
    "2021-05-30 06:30": 5.2,
    "2021-05-30 06:40": 5.7,
    "2021-05-30 06:50": 10.4,
    "2021-05-30 07:00": 16.5,
    "2021-05-30 07:10": 20.1,
    "2021-05-30 07:20": 36.9,
    "2021-05-30 07:30": 57.5,
    "2021-05-30 07:40": 48.1,
    "2021-05-30 07:50": 43.1,
    "2021-05-30 08:00": 33.3,
    "2021-05-30 08:10": 31.5,
    "2021-05-30 08:20": 44.3,
    "2021-05-30 08:30": 29.1,
    "2021-05-30 08:40": 37.7,
    "2021-05-30 08:50": 56.5,
    "2021-05-30 09:00": 57.2,
    "2021-05-30 09:10": 57.9,
    "2021-05-30 09:20": 59.1,
    "2021-05-30 09:30": 44.7,
    "2021-05-30 09:40": 28.5,
    "2021-05-30 09:50": 33.7,
    "2021-05-30 10:00": 28,
    "2021-05-30 10:10": 34,
    "2021-05-30 10:20": 35.9,
    "2021-05-30 10:30": 34.4,
    "2021-05-30 10:40": 36,
    "2021-05-30 10:50": 33.7,
    "2021-05-30 11:00": 34.5,
    "2021-05-30 11:10": 32.3,
    "2021-05-30 11:20": 23.5,
    "2021-05-30 11:30": 27.9,
    "2021-05-30 11:40": 30.6,
    "2021-05-30 11:50": 22.9,
    "2021-05-30 12:00": 17.1,
    "2021-05-30 12:10": 15.7,
    "2021-05-30 12:20": 13.3,
    "2021-05-30 12:30": 10.1,
    "2021-05-30 12:40": 11.6,
    "2021-05-30 12:50": 10.5,
    "2021-05-30 13:00": 9.7,
    "2021-05-30 13:10": 11.1,
    "2021-05-30 13:20": 13.7,
    "2021-05-30 13:30": 16.5,
    "2021-05-30 13:40": 13.4,
    "2021-05-30 13:50": 18.2,
    "2021-05-30 14:00": 18,
    "2021-05-30 14:10": 19,
    "2021-05-30 14:20": 16.5,
    "2021-05-30 14:30": 11.4,
    "2021-05-30 14:40": 15.1,
    "2021-05-30 14:50": 24.7,
    "2021-05-30 15:00": 34.4,
    "2021-05-30 15:10": 25.8,
    "2021-05-30 15:20": 27.7,
    "2021-05-30 15:30": 25.2,
    "2021-05-30 15:40": 19.6,
    "2021-05-30 15:50": 19.2,
    "2021-05-30 16:00": 22.6,
    "2021-05-30 16:10": 21.8,
    "2021-05-30 16:20": 17.7,
    "2021-05-30 16:30": 18.2,
    "2021-05-30 16:40": 16,
    "2021-05-30 17:20": 23.7,
    "2021-05-30 17:30": 21.6,
    "2021-05-30 17:50": 18.4,
    "2021-05-30 18:00": 13.6,
    "2021-05-30 18:10": 8.3,
    "2021-05-30 18:20": 6.8,
    "2021-05-30 18:30": 4.2,
    "2021-05-30 18:40": 1.9,
    "2021-05-30 18:50": 2.2,
    "2021-05-30 19:00": 1.1,
    "2021-05-30 19:10": 2,
    "2021-05-30 19:20": 8.6,
    "2021-05-30 19:30": 7.6,
    "2021-05-30 19:40": 4.8,
    "2021-05-30 19:50": 5.1,
    "2021-05-30 20:00": 4.1,
    "2021-05-30 20:10": 1.8,
    "2021-05-30 20:20": 1.1,
    "2021-05-30 20:30": 0.4,
    "2021-05-30 22:30": 0
}