{
    "2021-05-30 18:30": 15.3,
    "2021-05-30 18:40": 39.9,
    "2021-05-30 18:50": 40.2,
    "2021-05-30 19:00": 40.1,
    "2021-05-30 19:10": 40.1,
    "2021-05-30 19:20": 40.2,
    "2021-05-30 19:30": 40.2,
    "2021-05-30 19:40": 40.1,
    "2021-05-30 19:50": 40.1,
    "2021-05-30 20:00": 40.1,
    "2021-05-30 20:10": 40.2,
    "2021-05-30 20:20": 40.1,
    "2021-05-30 20:30": 40.1,
    "2021-05-30 20:40": 40.2,
    "2021-05-30 20:50": 40.1,
    "2021-05-30 21:00": 40.1,
    "2021-05-30 21:10": 40.1,
    "2021-05-30 21:20": 40.1,
    "2021-05-30 21:30": 40.1,
    "2021-05-30 21:40": 40,
    "2021-05-30 21:50": 40.1,
    "2021-05-30 22:00": 40,
    "2021-05-30 22:10": 40.1,
    "2021-05-30 22:20": 40.1,
    "2021-05-30 22:30": 40.1
}