{
    "2021-05-28 23:10": 17.5,
    "2021-05-28 23:20": 17.6,
    "2021-05-28 23:30": 25.3,
    "2021-05-28 23:40": 30.2,
    "2021-05-28 23:50": 30.2,
    "2021-05-29 16:00": 17,
    "2021-05-29 16:10": 17.4,
    "2021-05-29 16:20": 17.4,
    "2021-05-29 16:30": 17.4,
    "2021-05-29 16:40": 17.7,
    "2021-05-29 16:50": 17.5,
    "2021-05-29 17:00": 24.8,
    "2021-05-29 17:10": 25.4,
    "2021-05-29 17:20": 25.7,
    "2021-05-29 17:30": 25.1,
    "2021-05-29 17:40": 17.4,
    "2021-05-29 17:50": 17.4,
    "2021-05-29 18:00": 17.5,
    "2021-05-29 18:10": 17.4,
    "2021-05-29 18:20": 17.5,
    "2021-05-29 18:30": 17.4,
    "2021-05-29 18:40": 17.6,
    "2021-05-29 18:50": 17.7,
    "2021-05-29 19:00": 17.5,
    "2021-05-29 19:10": 17.6,
    "2021-05-29 19:20": 17.6,
    "2021-05-29 19:30": 17.4,
    "2021-05-29 19:40": 17.5,
    "2021-05-29 19:50": 17.5,
    "2021-05-29 20:00": 17.6,
    "2021-05-29 20:10": 17.6,
    "2021-05-29 20:20": 17.6,
    "2021-05-29 20:30": 17.5,
    "2021-05-29 20:40": 17.6,
    "2021-05-29 20:50": 17.5,
    "2021-05-29 21:00": 17.7,
    "2021-05-30 00:10": 17.4,
    "2021-05-30 00:20": 17.4,
    "2021-05-30 00:30": 17.4,
    "2021-05-30 00:40": 17.4,
    "2021-05-30 00:50": 17.3,
    "2021-05-30 01:00": 17.3,
    "2021-05-30 01:10": 17.2,
    "2021-05-30 01:20": 17.2,
    "2021-05-30 01:30": 17.4,
    "2021-05-30 01:40": 17.4,
    "2021-05-30 01:50": 17.3,
    "2021-05-30 02:00": 17.3,
    "2021-05-30 02:10": 17.3,
    "2021-05-30 02:20": 17.3,
    "2021-05-30 02:30": 17.3,
    "2021-05-30 02:40": 17.4,
    "2021-05-30 02:50": 17.2,
    "2021-05-30 03:00": 17.4,
    "2021-05-30 03:10": 17.3,
    "2021-05-30 03:20": 17.2,
    "2021-05-30 03:30": 17.3,
    "2021-05-30 03:40": 17.3,
    "2021-05-30 03:50": 17.3,
    "2021-05-30 16:00": 16.5,
    "2021-05-30 16:10": 17.7,
    "2021-05-30 16:20": 17.5,
    "2021-05-30 16:30": 39.2,
    "2021-05-30 16:40": 39.9,
    "2021-05-30 17:20": 39.9,
    "2021-05-30 17:30": 39.9,
    "2021-05-30 17:50": 39.9,
    "2021-05-30 18:00": 39.9,
    "2021-05-30 18:10": 39.9,
    "2021-05-30 18:20": 39.9,
    "2021-05-30 18:30": 39.4,
    "2021-05-30 18:40": 39.7,
    "2021-05-30 18:50": 39.9,
    "2021-05-30 19:00": 39.9,
    "2021-05-30 19:10": 39.9,
    "2021-05-30 19:20": 39.9,
    "2021-05-30 19:30": 39.9,
    "2021-05-30 19:40": 39.9,
    "2021-05-30 19:50": 39.9,
    "2021-05-30 20:00": 39.9,
    "2021-05-30 20:10": 39.9,
    "2021-05-30 20:20": 39.9,
    "2021-05-30 20:30": 39.9,
    "2021-05-30 20:40": 39.9,
    "2021-05-30 20:50": 39.9,
    "2021-05-30 21:00": 39.9,
    "2021-05-30 21:10": 39.9,
    "2021-05-30 21:20": 39.9,
    "2021-05-30 21:30": 39.9,
    "2021-05-30 21:40": 39.9,
    "2021-05-30 21:50": 39.9,
    "2021-05-30 22:00": 39.9,
    "2021-05-30 22:10": 39.9,
    "2021-05-30 22:20": 39.9,
    "2021-05-30 22:30": 39.9
}