{
    "2021-05-22 12:10": 134.1,
    "2021-05-22 12:20": 134.1,
    "2021-05-22 12:30": 132.9,
    "2021-05-22 12:40": 133.5,
    "2021-05-22 12:50": 134.1,
    "2021-05-22 13:00": 133.5,
    "2021-05-22 13:10": 134.1,
    "2021-05-22 13:20": 134.8,
    "2021-05-22 13:30": 135.4,
    "2021-05-22 13:40": 134.1,
    "2021-05-22 13:50": 134.1,
    "2021-05-22 14:00": 134.8,
    "2021-05-22 14:10": 134.1,
    "2021-05-22 14:20": 133.5,
    "2021-05-22 14:30": 134.8,
    "2021-05-22 14:40": 134.1,
    "2021-05-22 14:50": 134.8,
    "2021-05-22 15:00": 134.1,
    "2021-05-22 15:10": 134.8,
    "2021-05-22 15:20": 132.9,
    "2021-05-22 15:30": 132.9,
    "2021-05-22 15:40": 134.1,
    "2021-05-22 15:50": 133.5,
    "2021-05-22 16:00": 132.9,
    "2021-05-22 16:10": 132.9,
    "2021-05-22 16:20": 134.1,
    "2021-05-22 16:40": 132.9,
    "2021-05-22 16:50": 132.9,
    "2021-05-22 17:00": 132.9,
    "2021-05-22 17:10": 132.9,
    "2021-05-22 17:20": 131.6,
    "2021-05-22 17:30": 132.9,
    "2021-05-22 17:40": 132.9,
    "2021-05-22 17:50": 132.2,
    "2021-05-22 18:00": 132.9,
    "2021-05-22 18:10": 133.5,
    "2021-05-22 18:20": 132.9,
    "2021-05-22 18:40": 132.9,
    "2021-05-22 18:50": 132.9,
    "2021-05-22 19:10": 134.8,
    "2021-05-22 19:20": 136,
    "2021-05-22 19:30": 136.7,
    "2021-05-22 19:40": 136,
    "2021-05-22 20:00": 133.5,
    "2021-05-22 20:10": 133.5,
    "2021-05-22 20:20": 134.1,
    "2021-05-22 20:30": 133.5,
    "2021-05-22 20:40": 134.1,
    "2021-05-22 20:50": 133.5,
    "2021-05-22 21:00": 134.1,
    "2021-05-22 21:10": 134.1,
    "2021-05-22 21:20": 134.1,
    "2021-05-22 21:30": 134.1,
    "2021-05-22 21:40": 133.5,
    "2021-05-22 21:50": 134.8,
    "2021-05-22 22:00": 134.1,
    "2021-05-22 22:10": 134.1,
    "2021-05-22 22:20": 133.5,
    "2021-05-22 22:30": 134.1,
    "2021-05-22 22:40": 134.8,
    "2021-05-22 22:50": 134.8,
    "2021-05-22 23:00": 134.1,
    "2021-05-22 23:10": 134.1,
    "2021-05-22 23:20": 134.1,
    "2021-05-22 23:30": 132.9,
    "2021-05-22 23:40": 134.1,
    "2021-05-22 23:50": 133.5,
    "2021-05-23 00:00": 132.9,
    "2021-05-23 00:10": 133.5,
    "2021-05-23 00:20": 133.5,
    "2021-05-23 00:30": 134.1,
    "2021-05-23 00:40": 133.5,
    "2021-05-23 00:50": 133.5,
    "2021-05-23 01:00": 133.5,
    "2021-05-23 01:10": 133.5,
    "2021-05-23 01:20": 133.5,
    "2021-05-23 01:30": 134.1,
    "2021-05-23 01:40": 132.9,
    "2021-05-23 01:50": 132.2,
    "2021-05-23 02:00": 133.5,
    "2021-05-23 02:10": 133.5,
    "2021-05-23 02:20": 132.9,
    "2021-05-23 02:30": 133.5,
    "2021-05-23 02:40": 134.1,
    "2021-05-23 02:50": 133.5,
    "2021-05-23 03:00": 133.5,
    "2021-05-23 03:10": 132.9,
    "2021-05-23 03:20": 132.9,
    "2021-05-23 03:30": 133.5,
    "2021-05-23 03:40": 132.9,
    "2021-05-23 03:50": 132.9,
    "2021-05-23 04:10": 132.9,
    "2021-05-23 04:20": 134.1,
    "2021-05-23 04:30": 132.9,
    "2021-05-23 04:40": 132.9,
    "2021-05-23 04:50": 132.2,
    "2021-05-23 05:00": 132.9,
    "2021-05-23 05:10": 134.1,
    "2021-05-23 05:30": 132.9,
    "2021-05-23 05:40": 133.5,
    "2021-05-23 05:50": 134.1,
    "2021-05-23 06:00": 133.5,
    "2021-05-23 06:20": 133.5,
    "2021-05-23 06:30": 132.9,
    "2021-05-23 06:40": 133.5,
    "2021-05-23 06:50": 133.5,
    "2021-05-23 07:00": 132.2,
    "2021-05-23 07:10": 134.1,
    "2021-05-23 07:20": 133.5,
    "2021-05-23 07:40": 133.5,
    "2021-05-23 07:50": 132.9,
    "2021-05-23 08:00": 134.1,
    "2021-05-23 08:10": 134.8,
    "2021-05-23 08:30": 132.9,
    "2021-05-23 08:40": 133.5,
    "2021-05-23 08:50": 133.5,
    "2021-05-23 09:00": 133.5,
    "2021-05-23 09:10": 133.5,
    "2021-05-23 09:20": 133.5,
    "2021-05-23 09:30": 133.5,
    "2021-05-23 09:40": 134.8,
    "2021-05-23 09:50": 134.8,
    "2021-05-23 10:00": 134.8,
    "2021-05-23 10:10": 134.8,
    "2021-05-23 10:20": 133.5,
    "2021-05-23 10:40": 132.9,
    "2021-05-23 10:50": 133.5,
    "2021-05-23 11:00": 134.1,
    "2021-05-23 11:10": 132.9,
    "2021-05-23 11:20": 134.8,
    "2021-05-23 11:30": 133.5,
    "2021-05-23 11:50": 134.1,
    "2021-05-23 12:00": 132.9,
    "2021-05-23 12:10": 134.1,
    "2021-05-23 12:20": 133.5,
    "2021-05-23 12:30": 136.7,
    "2021-05-23 12:40": 133.5,
    "2021-05-23 12:50": 132.9,
    "2021-05-23 13:00": 132.9,
    "2021-05-23 13:10": 132.9,
    "2021-05-23 13:20": 132.9,
    "2021-05-23 13:30": 132.2,
    "2021-05-23 13:40": 132.2,
    "2021-05-23 13:50": 134.1,
    "2021-05-23 14:00": 132.2,
    "2021-05-23 14:10": 134.8,
    "2021-05-23 14:20": 138,
    "2021-05-23 14:30": 138,
    "2021-05-23 14:40": 137.3,
    "2021-05-23 14:50": 138,
    "2021-05-23 15:00": 138,
    "2021-05-23 15:10": 138.6,
    "2021-05-23 15:20": 137.3,
    "2021-05-23 15:30": 145,
    "2021-05-23 15:40": 161.6,
    "2021-05-23 15:50": 180.1,
    "2021-05-23 16:00": 205.7,
    "2021-05-23 16:10": 210.1,
    "2021-05-23 16:20": 212.7,
    "2021-05-23 16:30": 214,
    "2021-05-23 16:40": 214.6,
    "2021-05-23 16:50": 215.3,
    "2021-05-23 17:00": 202.5,
    "2021-05-23 17:10": 208.9,
    "2021-05-23 17:20": 225.5,
    "2021-05-23 17:30": 250.4,
    "2021-05-23 17:40": 277.9,
    "2021-05-23 17:50": 318.1,
    "2021-05-23 18:00": 360.9,
    "2021-05-23 18:10": 379.4,
    "2021-05-23 18:20": 397.9,
    "2021-05-23 18:30": 419.7,
    "2021-05-23 18:40": 422.9,
    "2021-05-23 18:50": 427.3,
    "2021-05-23 19:00": 429.9,
    "2021-05-23 19:10": 431.8,
    "2021-05-23 19:20": 431.2,
    "2021-05-23 19:30": 432.4,
    "2021-05-23 19:40": 431.8,
    "2021-05-23 19:50": 432.4,
    "2021-05-23 20:00": 428,
    "2021-05-23 20:10": 433.7,
    "2021-05-23 20:20": 431.2,
    "2021-05-23 20:30": 411.4,
    "2021-05-23 20:40": 359.6,
    "2021-05-23 20:50": 327,
    "2021-05-23 21:00": 299.6,
    "2021-05-23 21:10": 297,
    "2021-05-23 21:20": 291.9,
    "2021-05-23 21:30": 288.7,
    "2021-05-23 21:40": 261.9,
    "2021-05-23 21:50": 229.9,
    "2021-05-23 22:00": 216.5,
    "2021-05-23 22:10": 198,
    "2021-05-23 22:20": 173.1,
    "2021-05-23 22:30": 146.3,
    "2021-05-23 22:40": 135.4,
    "2021-05-23 22:50": 135.4,
    "2021-05-23 23:00": 135.4
}