{
    "2021-05-22 12:10": 226.3,
    "2021-05-22 12:20": 228.6,
    "2021-05-22 12:30": 233.7,
    "2021-05-22 12:40": 225.3,
    "2021-05-22 12:50": 228,
    "2021-05-22 13:00": 236.1,
    "2021-05-22 13:10": 237.1,
    "2021-05-22 13:20": 224.5,
    "2021-05-22 13:30": 225,
    "2021-05-22 13:40": 226.6,
    "2021-05-22 13:50": 227.1,
    "2021-05-22 14:00": 224.5,
    "2021-05-22 14:10": 225,
    "2021-05-22 14:20": 227,
    "2021-05-22 14:30": 226.8,
    "2021-05-22 14:40": 224.8,
    "2021-05-22 14:50": 223.3,
    "2021-05-22 15:00": 226.5,
    "2021-05-22 15:10": 226.2,
    "2021-05-22 15:20": 227.7,
    "2021-05-22 15:30": 226.5,
    "2021-05-22 15:40": 228.6,
    "2021-05-22 15:50": 227.1,
    "2021-05-22 16:00": 228.5,
    "2021-05-22 16:10": 227.9,
    "2021-05-22 16:20": 227.9,
    "2021-05-22 16:40": 227.4,
    "2021-05-22 16:50": 225.3,
    "2021-05-22 17:00": 221,
    "2021-05-22 17:10": 226.6,
    "2021-05-22 17:20": 228.9,
    "2021-05-22 17:30": 224.8,
    "2021-05-22 17:40": 228.5,
    "2021-05-22 17:50": 227.1,
    "2021-05-22 18:00": 227.3,
    "2021-05-22 18:10": 227.4,
    "2021-05-22 18:20": 227.9,
    "2021-05-22 18:40": 227.6,
    "2021-05-22 18:50": 259.1,
    "2021-05-22 19:10": 259.7,
    "2021-05-22 19:20": 260,
    "2021-05-22 19:30": 258.8,
    "2021-05-22 19:40": 259.4,
    "2021-05-22 20:00": 259.4,
    "2021-05-22 20:10": 259.9,
    "2021-05-22 20:20": 233.8,
    "2021-05-22 20:30": 228,
    "2021-05-22 20:40": 225.4,
    "2021-05-22 20:50": 227.3,
    "2021-05-22 21:00": 227.1,
    "2021-05-22 21:10": 227.6,
    "2021-05-22 21:20": 227.3,
    "2021-05-22 21:30": 232.6,
    "2021-05-22 21:40": 228.8,
    "2021-05-22 21:50": 226.8,
    "2021-05-22 22:00": 224.4,
    "2021-05-22 22:10": 227.1,
    "2021-05-22 22:20": 242.9,
    "2021-05-22 22:30": 227.7,
    "2021-05-22 22:40": 231.7,
    "2021-05-22 22:50": 259.9,
    "2021-05-22 23:00": 259.9,
    "2021-05-22 23:10": 260,
    "2021-05-22 23:20": 259.4,
    "2021-05-22 23:30": 259.1,
    "2021-05-22 23:40": 260.7,
    "2021-05-22 23:50": 259.6,
    "2021-05-23 00:00": 260.2,
    "2021-05-23 00:10": 259.7,
    "2021-05-23 00:20": 259.6,
    "2021-05-23 00:30": 259.7,
    "2021-05-23 00:40": 260.5,
    "2021-05-23 00:50": 259.7,
    "2021-05-23 01:00": 260,
    "2021-05-23 01:10": 260,
    "2021-05-23 01:20": 259.6,
    "2021-05-23 01:30": 260.2,
    "2021-05-23 01:40": 260.5,
    "2021-05-23 01:50": 259.7,
    "2021-05-23 02:00": 259.7,
    "2021-05-23 02:10": 259.7,
    "2021-05-23 02:20": 260.2,
    "2021-05-23 02:30": 260,
    "2021-05-23 02:40": 260.4,
    "2021-05-23 02:50": 260.4,
    "2021-05-23 03:00": 260.8,
    "2021-05-23 03:10": 260.5,
    "2021-05-23 03:20": 260.4,
    "2021-05-23 03:30": 260,
    "2021-05-23 03:40": 259.9,
    "2021-05-23 03:50": 259.3,
    "2021-05-23 04:10": 227.7,
    "2021-05-23 04:20": 227,
    "2021-05-23 04:30": 228,
    "2021-05-23 04:40": 233.4,
    "2021-05-23 04:50": 227.1,
    "2021-05-23 05:00": 227.6,
    "2021-05-23 05:10": 225.4,
    "2021-05-23 05:30": 232,
    "2021-05-23 05:40": 227.1,
    "2021-05-23 05:50": 227.9,
    "2021-05-23 06:00": 227,
    "2021-05-23 06:20": 227,
    "2021-05-23 06:30": 226.8,
    "2021-05-23 06:40": 225.3,
    "2021-05-23 06:50": 245.8,
    "2021-05-23 07:00": 230.8,
    "2021-05-23 07:10": 228.2,
    "2021-05-23 07:20": 224,
    "2021-05-23 07:40": 228.9,
    "2021-05-23 07:50": 228.2,
    "2021-05-23 08:00": 229.7,
    "2021-05-23 08:10": 228.6,
    "2021-05-23 08:30": 228.8,
    "2021-05-23 08:40": 222.4,
    "2021-05-23 08:50": 227.9,
    "2021-05-23 09:00": 222.7,
    "2021-05-23 09:10": 225.4,
    "2021-05-23 09:20": 224.2,
    "2021-05-23 09:30": 225.4,
    "2021-05-23 09:40": 227.7,
    "2021-05-23 09:50": 227.7,
    "2021-05-23 10:00": 225.9,
    "2021-05-23 10:10": 222.4,
    "2021-05-23 10:20": 227.9,
    "2021-05-23 10:40": 228,
    "2021-05-23 10:50": 229.4,
    "2021-05-23 11:00": 228,
    "2021-05-23 11:10": 229.7,
    "2021-05-23 11:20": 228.2,
    "2021-05-23 11:30": 234.3,
    "2021-05-23 11:50": 228.2,
    "2021-05-23 12:00": 235.2,
    "2021-05-23 12:10": 228,
    "2021-05-23 12:20": 229.3,
    "2021-05-23 12:30": 228.8,
    "2021-05-23 12:40": 228.6,
    "2021-05-23 12:50": 228.8,
    "2021-05-23 13:00": 228.6,
    "2021-05-23 13:10": 227.9,
    "2021-05-23 13:20": 227.7,
    "2021-05-23 13:30": 228.5,
    "2021-05-23 13:40": 228.6,
    "2021-05-23 13:50": 230.8,
    "2021-05-23 14:00": 227.4,
    "2021-05-23 14:10": 227.3,
    "2021-05-23 14:20": 227.9,
    "2021-05-23 14:30": 228.6,
    "2021-05-23 14:40": 227,
    "2021-05-23 14:50": 228.8,
    "2021-05-23 15:00": 225.6,
    "2021-05-23 15:10": 226.2,
    "2021-05-23 15:20": 227.3,
    "2021-05-23 15:30": 224.5,
    "2021-05-23 15:40": 227.7,
    "2021-05-23 15:50": 228.2,
    "2021-05-23 16:00": 227.7,
    "2021-05-23 16:10": 227.3,
    "2021-05-23 16:20": 229.3,
    "2021-05-23 16:30": 227.6,
    "2021-05-23 16:40": 227.6,
    "2021-05-23 16:50": 228.2,
    "2021-05-23 17:00": 228.2,
    "2021-05-23 17:10": 223,
    "2021-05-23 17:20": 227.9,
    "2021-05-23 17:30": 227.9,
    "2021-05-23 17:40": 229.3,
    "2021-05-23 17:50": 228.9,
    "2021-05-23 18:00": 228.5,
    "2021-05-23 18:10": 227.6,
    "2021-05-23 18:20": 225.7,
    "2021-05-23 18:30": 227.1,
    "2021-05-23 18:40": 227.6,
    "2021-05-23 18:50": 231.6,
    "2021-05-23 19:00": 227.7,
    "2021-05-23 19:10": 239.4,
    "2021-05-23 19:20": 260,
    "2021-05-23 19:30": 261.1,
    "2021-05-23 19:40": 258.8,
    "2021-05-23 19:50": 260,
    "2021-05-23 20:00": 259.7,
    "2021-05-23 20:10": 260,
    "2021-05-23 20:20": 260.2,
    "2021-05-23 20:30": 259.7,
    "2021-05-23 20:40": 260.2,
    "2021-05-23 20:50": 259.9,
    "2021-05-23 21:00": 259.6,
    "2021-05-23 21:10": 260.2,
    "2021-05-23 21:20": 260.4,
    "2021-05-23 21:30": 259.4,
    "2021-05-23 21:40": 260.2,
    "2021-05-23 21:50": 259.9,
    "2021-05-23 22:00": 235.5,
    "2021-05-23 22:10": 229.4,
    "2021-05-23 22:20": 227.1,
    "2021-05-23 22:30": 225.6,
    "2021-05-23 22:40": 226.6,
    "2021-05-23 22:50": 227.7,
    "2021-05-23 23:00": 227.3
}