{
    "2021-05-29 06:00": 5.95,
    "2021-05-29 06:10": 7.42,
    "2021-05-29 06:20": 14.07,
    "2021-05-29 06:30": 18.13,
    "2021-05-29 06:40": 23.52,
    "2021-05-29 06:50": 28,
    "2021-05-29 07:00": 29.19,
    "2021-05-29 07:10": 36.89,
    "2021-05-29 07:20": 42.63,
    "2021-05-29 07:30": 45.15,
    "2021-05-29 07:40": 60.55,
    "2021-05-29 07:50": 68.11,
    "2021-05-29 08:00": 62.23,
    "2021-05-29 08:10": 55.23,
    "2021-05-29 08:20": 45.5,
    "2021-05-29 08:30": 59.08,
    "2021-05-29 08:40": 80.01,
    "2021-05-29 08:50": 69.02,
    "2021-05-29 09:00": 83.65,
    "2021-05-29 09:10": 84.49,
    "2021-05-29 09:20": 90.3,
    "2021-05-29 09:30": 87.57,
    "2021-05-29 09:40": 92.26,
    "2021-05-29 09:50": 81.69,
    "2021-05-29 10:00": 92.19,
    "2021-05-29 10:10": 59.43,
    "2021-05-29 10:20": 78.4,
    "2021-05-29 10:30": 56.42,
    "2021-05-29 10:40": 67.41,
    "2021-05-29 10:50": 16.8,
    "2021-05-29 11:00": 44.1,
    "2021-05-29 11:10": 77.7,
    "2021-05-29 11:20": 42.07,
    "2021-05-29 11:30": 93.31,
    "2021-05-29 11:40": 107.94,
    "2021-05-29 11:50": 102.62,
    "2021-05-29 12:00": 103.39,
    "2021-05-29 12:10": 115.71,
    "2021-05-29 12:20": 118.02,
    "2021-05-29 12:30": 51.94,
    "2021-05-29 12:40": 15.4,
    "2021-05-29 12:50": 30.38,
    "2021-05-29 13:00": 17.36,
    "2021-05-29 13:10": 24.57,
    "2021-05-29 13:20": 39.27,
    "2021-05-29 13:30": 43.47,
    "2021-05-29 13:40": 35.91,
    "2021-05-29 13:50": 31.99,
    "2021-05-29 14:00": 45.15,
    "2021-05-29 14:10": 86.8,
    "2021-05-29 14:20": 84.77,
    "2021-05-29 14:30": 53.55,
    "2021-05-29 14:40": 65.73,
    "2021-05-29 14:50": 49,
    "2021-05-29 15:00": 63.35,
    "2021-05-29 15:10": 77.49,
    "2021-05-29 15:20": 80.43,
    "2021-05-29 15:30": 70.07,
    "2021-05-29 15:40": 69.65,
    "2021-05-29 15:50": 40.67,
    "2021-05-29 16:00": 44.59,
    "2021-05-29 16:10": 43.54,
    "2021-05-29 16:20": 41.3,
    "2021-05-29 16:30": 40.11,
    "2021-05-29 16:40": 33.25,
    "2021-05-29 16:50": 29.4,
    "2021-05-29 17:00": 21.7,
    "2021-05-29 17:10": 14.91,
    "2021-05-29 17:20": 11.06,
    "2021-05-29 17:30": 8.68,
    "2021-05-29 17:40": 8.82,
    "2021-05-29 17:50": 7.91,
    "2021-05-29 18:00": 4.41,
    "2021-05-29 18:10": 2.52,
    "2021-05-29 18:20": 0.56,
    "2021-05-30 06:00": 1.19,
    "2021-05-30 06:10": 4.2,
    "2021-05-30 06:20": 7.56,
    "2021-05-30 06:30": 5.81,
    "2021-05-30 06:40": 5.11,
    "2021-05-30 06:50": 4.83,
    "2021-05-30 07:00": 3.71,
    "2021-05-30 07:10": 3.08,
    "2021-05-30 07:20": 3.64,
    "2021-05-30 07:30": 2.59,
    "2021-05-30 07:40": 1.12,
    "2021-05-30 07:50": 2.03,
    "2021-05-30 08:00": 4.9,
    "2021-05-30 08:10": 5.67,
    "2021-05-30 08:20": 5.11,
    "2021-05-30 08:30": 6.09,
    "2021-05-30 08:40": 1.89,
    "2021-05-30 08:50": 3.99,
    "2021-05-30 09:00": 2.87,
    "2021-05-30 09:10": 1.05,
    "2021-05-30 09:20": 1.75,
    "2021-05-30 09:30": 3.08,
    "2021-05-30 09:40": 3.85,
    "2021-05-30 09:50": 3.22,
    "2021-05-30 10:00": 3.08,
    "2021-05-30 10:10": 3.57,
    "2021-05-30 10:20": 1.89,
    "2021-05-30 10:30": 1.33,
    "2021-05-30 10:40": 4.2,
    "2021-05-30 10:50": 4.2,
    "2021-05-30 11:00": 3.71,
    "2021-05-30 11:10": 4.76,
    "2021-05-30 11:20": 2.94,
    "2021-05-30 11:30": 2.31,
    "2021-05-30 11:40": 4.34,
    "2021-05-30 11:50": 7.91,
    "2021-05-30 12:00": 5.46,
    "2021-05-30 12:10": 4.2,
    "2021-05-30 12:20": 9.66,
    "2021-05-30 12:30": 6.65,
    "2021-05-30 12:40": 7.98,
    "2021-05-30 12:50": 1.75,
    "2021-05-30 13:00": 0.14,
    "2021-05-30 13:10": 0.77,
    "2021-05-30 13:20": 0.49,
    "2021-05-30 13:30": 0.21,
    "2021-05-30 13:40": 0.21,
    "2021-05-30 13:50": 0.21,
    "2021-05-30 14:00": 0.14,
    "2021-05-30 15:10": 0.14,
    "2021-05-30 15:20": 0.14,
    "2021-05-30 15:30": 1.05,
    "2021-05-30 15:40": 1.4,
    "2021-05-30 15:50": 1.05,
    "2021-05-30 16:00": 1.4,
    "2021-05-30 16:10": 1.33,
    "2021-05-30 16:20": 0.63,
    "2021-05-30 16:30": 1.54,
    "2021-05-30 16:40": 1.26,
    "2021-05-30 17:20": 0.28,
    "2021-05-30 17:30": 0.77,
    "2021-05-30 17:50": 0.14,
    "2021-05-30 22:30": 0
}