{
    "2021-05-22 12:10": 200.4,
    "2021-05-22 12:20": 231.3,
    "2021-05-22 12:30": 243.3,
    "2021-05-22 12:40": 215.3,
    "2021-05-22 12:50": 196.3,
    "2021-05-22 13:00": 229.1,
    "2021-05-22 13:10": 259.7,
    "2021-05-22 13:20": 253.9,
    "2021-05-22 13:30": 201.3,
    "2021-05-22 13:40": 208,
    "2021-05-22 13:50": 212.7,
    "2021-05-22 14:00": 191.7,
    "2021-05-22 14:10": 196.6,
    "2021-05-22 14:20": 201.8,
    "2021-05-22 14:30": 192.2,
    "2021-05-22 14:40": 190.8,
    "2021-05-22 14:50": 264.3,
    "2021-05-22 15:00": 270,
    "2021-05-22 15:10": 268.8,
    "2021-05-22 15:20": 271.4,
    "2021-05-22 15:30": 269.1,
    "2021-05-22 15:40": 272.6,
    "2021-05-22 15:50": 270.2,
    "2021-05-22 16:00": 271.8,
    "2021-05-22 16:10": 270.9,
    "2021-05-22 16:20": 271.1,
    "2021-05-22 16:40": 270.5,
    "2021-05-22 16:50": 267.1,
    "2021-05-22 17:00": 262,
    "2021-05-22 17:10": 267.9,
    "2021-05-22 17:20": 271.7,
    "2021-05-22 17:30": 266.4,
    "2021-05-22 17:40": 271.1,
    "2021-05-22 17:50": 271.4,
    "2021-05-22 18:00": 269.6,
    "2021-05-22 18:10": 271.1,
    "2021-05-22 18:20": 270.5,
    "2021-05-22 18:40": 271.5,
    "2021-05-22 18:50": 277.1,
    "2021-05-22 19:10": 277.5,
    "2021-05-22 19:20": 277.1,
    "2021-05-22 19:30": 277.5,
    "2021-05-22 19:40": 277.5,
    "2021-05-22 20:00": 277.9,
    "2021-05-22 20:10": 277.6,
    "2021-05-22 20:20": 257.1,
    "2021-05-22 20:30": 222.1,
    "2021-05-22 20:40": 191,
    "2021-05-22 20:50": 201.6,
    "2021-05-22 21:00": 192,
    "2021-05-22 21:10": 195.4,
    "2021-05-22 21:20": 198.4,
    "2021-05-22 21:30": 235.4,
    "2021-05-22 21:40": 196.3,
    "2021-05-22 21:50": 195.5,
    "2021-05-22 22:00": 193,
    "2021-05-22 22:10": 200.5,
    "2021-05-22 22:20": 257.7,
    "2021-05-22 22:30": 236.2,
    "2021-05-22 22:40": 214.2,
    "2021-05-22 22:50": 277.5,
    "2021-05-22 23:00": 277.5,
    "2021-05-22 23:10": 277.9,
    "2021-05-22 23:20": 276.8,
    "2021-05-22 23:30": 276.7,
    "2021-05-22 23:40": 277.6,
    "2021-05-22 23:50": 277.6,
    "2021-05-23 00:00": 277.6,
    "2021-05-23 00:10": 277.1,
    "2021-05-23 00:20": 278.2,
    "2021-05-23 00:30": 277.3,
    "2021-05-23 00:40": 278.4,
    "2021-05-23 00:50": 278.5,
    "2021-05-23 01:00": 277.8,
    "2021-05-23 01:10": 277.3,
    "2021-05-23 01:20": 277,
    "2021-05-23 01:30": 278.2,
    "2021-05-23 01:40": 278.1,
    "2021-05-23 01:50": 278.1,
    "2021-05-23 02:00": 277.5,
    "2021-05-23 02:10": 277.5,
    "2021-05-23 02:20": 277.8,
    "2021-05-23 02:30": 278.2,
    "2021-05-23 02:40": 277.6,
    "2021-05-23 02:50": 277.8,
    "2021-05-23 03:00": 277.5,
    "2021-05-23 03:10": 277.9,
    "2021-05-23 03:20": 277.8,
    "2021-05-23 03:30": 278.1,
    "2021-05-23 03:40": 277,
    "2021-05-23 03:50": 276.7,
    "2021-05-23 04:10": 209.8,
    "2021-05-23 04:20": 192.7,
    "2021-05-23 04:30": 215.1,
    "2021-05-23 04:40": 206.6,
    "2021-05-23 04:50": 211.9,
    "2021-05-23 05:00": 240.6,
    "2021-05-23 05:10": 200.8,
    "2021-05-23 05:30": 227.1,
    "2021-05-23 05:40": 197.4,
    "2021-05-23 05:50": 196,
    "2021-05-23 06:00": 195.7,
    "2021-05-23 06:20": 191.7,
    "2021-05-23 06:30": 192.3,
    "2021-05-23 06:40": 199.9,
    "2021-05-23 06:50": 233.9,
    "2021-05-23 07:00": 213.4,
    "2021-05-23 07:10": 217.7,
    "2021-05-23 07:20": 187.6,
    "2021-05-23 07:40": 205.7,
    "2021-05-23 07:50": 200.1,
    "2021-05-23 08:00": 203.4,
    "2021-05-23 08:10": 218.3,
    "2021-05-23 08:30": 221.6,
    "2021-05-23 08:40": 191.1,
    "2021-05-23 08:50": 198.6,
    "2021-05-23 09:00": 189,
    "2021-05-23 09:10": 201.8,
    "2021-05-23 09:20": 203.7,
    "2021-05-23 09:30": 200.5,
    "2021-05-23 09:40": 192.5,
    "2021-05-23 09:50": 192.5,
    "2021-05-23 10:00": 190.5,
    "2021-05-23 10:10": 189.8,
    "2021-05-23 10:20": 206.6,
    "2021-05-23 10:40": 202.8,
    "2021-05-23 10:50": 205.4,
    "2021-05-23 11:00": 206.6,
    "2021-05-23 11:10": 245.4,
    "2021-05-23 11:20": 197.1,
    "2021-05-23 11:30": 214.3,
    "2021-05-23 11:50": 215.6,
    "2021-05-23 12:00": 227.2,
    "2021-05-23 12:10": 215.6,
    "2021-05-23 12:20": 240,
    "2021-05-23 12:30": 197.7,
    "2021-05-23 12:40": 201.1,
    "2021-05-23 12:50": 200.5,
    "2021-05-23 13:00": 225.6,
    "2021-05-23 13:10": 223.9,
    "2021-05-23 13:20": 204.2,
    "2021-05-23 13:30": 211.3,
    "2021-05-23 13:40": 197.5,
    "2021-05-23 13:50": 222.1,
    "2021-05-23 14:00": 204.2,
    "2021-05-23 14:10": 193.3,
    "2021-05-23 14:20": 193.9,
    "2021-05-23 14:30": 196.7,
    "2021-05-23 14:40": 193,
    "2021-05-23 14:50": 200.5,
    "2021-05-23 15:00": 194.2,
    "2021-05-23 15:10": 198.1,
    "2021-05-23 15:20": 209.6,
    "2021-05-23 15:30": 192,
    "2021-05-23 15:40": 193.3,
    "2021-05-23 15:50": 197.4,
    "2021-05-23 16:00": 193.7,
    "2021-05-23 16:10": 196.7,
    "2021-05-23 16:20": 200.5,
    "2021-05-23 16:30": 192.2,
    "2021-05-23 16:40": 191.9,
    "2021-05-23 16:50": 204.3,
    "2021-05-23 17:00": 201.9,
    "2021-05-23 17:10": 193.9,
    "2021-05-23 17:20": 215,
    "2021-05-23 17:30": 218,
    "2021-05-23 17:40": 202.8,
    "2021-05-23 17:50": 213.4,
    "2021-05-23 18:00": 211.3,
    "2021-05-23 18:10": 209.5,
    "2021-05-23 18:20": 199.3,
    "2021-05-23 18:30": 200.8,
    "2021-05-23 18:40": 210.9,
    "2021-05-23 18:50": 238.6,
    "2021-05-23 19:00": 223.4,
    "2021-05-23 19:10": 241,
    "2021-05-23 19:20": 277.5,
    "2021-05-23 19:30": 278.1,
    "2021-05-23 19:40": 276.5,
    "2021-05-23 19:50": 277.8,
    "2021-05-23 20:00": 277.8,
    "2021-05-23 20:10": 277.5,
    "2021-05-23 20:20": 278.1,
    "2021-05-23 20:30": 278.2,
    "2021-05-23 20:40": 278.1,
    "2021-05-23 20:50": 277.8,
    "2021-05-23 21:00": 278.1,
    "2021-05-23 21:10": 277.5,
    "2021-05-23 21:20": 277.5,
    "2021-05-23 21:30": 278.2,
    "2021-05-23 21:40": 277.1,
    "2021-05-23 21:50": 278.8,
    "2021-05-23 22:00": 264.1,
    "2021-05-23 22:10": 212.8,
    "2021-05-23 22:20": 220.1,
    "2021-05-23 22:30": 200.5,
    "2021-05-23 22:40": 218.3,
    "2021-05-23 22:50": 220.1,
    "2021-05-23 23:00": 212.8
}