{
    "2021-05-22 12:10": 280.3,
    "2021-05-22 12:20": 283.7,
    "2021-05-22 12:30": 292.2,
    "2021-05-22 12:40": 285.3,
    "2021-05-22 12:50": 277.3,
    "2021-05-22 13:00": 289,
    "2021-05-22 13:10": 290.8,
    "2021-05-22 13:20": 277.1,
    "2021-05-22 13:30": 277.6,
    "2021-05-22 13:40": 281.9,
    "2021-05-22 13:50": 274.7,
    "2021-05-22 14:00": 272.3,
    "2021-05-22 14:10": 273.8,
    "2021-05-22 14:20": 279.7,
    "2021-05-22 14:30": 275,
    "2021-05-22 14:40": 278.2,
    "2021-05-22 14:50": 272.6,
    "2021-05-22 15:00": 277.9,
    "2021-05-22 15:10": 277.8,
    "2021-05-22 15:20": 280.3,
    "2021-05-22 15:30": 278.7,
    "2021-05-22 15:40": 275.9,
    "2021-05-22 15:50": 275.2,
    "2021-05-22 16:00": 282.2,
    "2021-05-22 16:10": 279.7,
    "2021-05-22 16:20": 270.8,
    "2021-05-22 16:40": 275.5,
    "2021-05-22 16:50": 272.1,
    "2021-05-22 17:00": 244.4,
    "2021-05-22 17:10": 273.2,
    "2021-05-22 17:20": 282.5,
    "2021-05-22 17:30": 284.9,
    "2021-05-22 17:40": 285.5,
    "2021-05-22 17:50": 280,
    "2021-05-22 18:00": 283.1,
    "2021-05-22 18:10": 278.7,
    "2021-05-22 18:20": 280,
    "2021-05-22 18:40": 277.3,
    "2021-05-22 18:50": 299,
    "2021-05-22 19:10": 300.2,
    "2021-05-22 19:20": 300.1,
    "2021-05-22 19:30": 300.5,
    "2021-05-22 19:40": 292.5,
    "2021-05-22 20:00": 292.8,
    "2021-05-22 20:10": 291.9,
    "2021-05-22 20:20": 284.7,
    "2021-05-22 20:30": 283.7,
    "2021-05-22 20:40": 259.1,
    "2021-05-22 20:50": 270.5,
    "2021-05-22 21:00": 245.3,
    "2021-05-22 21:10": 276.1,
    "2021-05-22 21:20": 279,
    "2021-05-22 21:30": 291.9,
    "2021-05-22 21:40": 284.3,
    "2021-05-22 21:50": 275.8,
    "2021-05-22 22:00": 273.1,
    "2021-05-22 22:10": 264.4,
    "2021-05-22 22:20": 289.7,
    "2021-05-22 22:30": 284.3,
    "2021-05-22 22:40": 283.1,
    "2021-05-22 22:50": 301.1,
    "2021-05-22 23:00": 296,
    "2021-05-22 23:10": 295.4,
    "2021-05-22 23:20": 294.7,
    "2021-05-22 23:30": 295.1,
    "2021-05-22 23:40": 295.7,
    "2021-05-22 23:50": 295.5,
    "2021-05-23 00:00": 294.9,
    "2021-05-23 00:10": 294.7,
    "2021-05-23 00:20": 294.9,
    "2021-05-23 00:30": 295.8,
    "2021-05-23 00:40": 295.4,
    "2021-05-23 00:50": 295.7,
    "2021-05-23 01:00": 295.7,
    "2021-05-23 01:10": 296,
    "2021-05-23 01:20": 295.7,
    "2021-05-23 01:30": 296.1,
    "2021-05-23 01:40": 296,
    "2021-05-23 01:50": 295.4,
    "2021-05-23 02:00": 295.7,
    "2021-05-23 02:10": 295.7,
    "2021-05-23 02:20": 295.2,
    "2021-05-23 02:30": 295.8,
    "2021-05-23 02:40": 295.4,
    "2021-05-23 02:50": 294.3,
    "2021-05-23 03:00": 295.5,
    "2021-05-23 03:10": 295.4,
    "2021-05-23 03:20": 295.7,
    "2021-05-23 03:30": 295.7,
    "2021-05-23 03:40": 295.5,
    "2021-05-23 03:50": 295.4,
    "2021-05-23 04:10": 290.5,
    "2021-05-23 04:20": 267.9,
    "2021-05-23 04:30": 283.1,
    "2021-05-23 04:40": 285.8,
    "2021-05-23 04:50": 262,
    "2021-05-23 05:00": 289,
    "2021-05-23 05:10": 277.3,
    "2021-05-23 05:30": 290,
    "2021-05-23 05:40": 265.6,
    "2021-05-23 05:50": 262,
    "2021-05-23 06:00": 274.7,
    "2021-05-23 06:20": 261.4,
    "2021-05-23 06:30": 228.3,
    "2021-05-23 06:40": 245.6,
    "2021-05-23 06:50": 289.7,
    "2021-05-23 07:00": 263,
    "2021-05-23 07:10": 265.9,
    "2021-05-23 07:20": 233.6,
    "2021-05-23 07:40": 280.2,
    "2021-05-23 07:50": 276.4,
    "2021-05-23 08:00": 253.8,
    "2021-05-23 08:10": 251.5,
    "2021-05-23 08:30": 274.4,
    "2021-05-23 08:40": 219,
    "2021-05-23 08:50": 255,
    "2021-05-23 09:00": 247,
    "2021-05-23 09:10": 252.4,
    "2021-05-23 09:20": 267.7,
    "2021-05-23 09:30": 279.7,
    "2021-05-23 09:40": 261.5,
    "2021-05-23 09:50": 271.5,
    "2021-05-23 10:00": 272.9,
    "2021-05-23 10:10": 274.4,
    "2021-05-23 10:20": 282.5,
    "2021-05-23 10:40": 280.9,
    "2021-05-23 10:50": 269.6,
    "2021-05-23 11:00": 279,
    "2021-05-23 11:10": 292.5,
    "2021-05-23 11:20": 275.2,
    "2021-05-23 11:30": 289,
    "2021-05-23 11:50": 292.5,
    "2021-05-23 12:00": 292.6,
    "2021-05-23 12:10": 277.1,
    "2021-05-23 12:20": 289.7,
    "2021-05-23 12:30": 271.2,
    "2021-05-23 12:40": 280,
    "2021-05-23 12:50": 247.6,
    "2021-05-23 13:00": 284.6,
    "2021-05-23 13:10": 286.4,
    "2021-05-23 13:20": 280.3,
    "2021-05-23 13:30": 281.1,
    "2021-05-23 13:40": 272.1,
    "2021-05-23 13:50": 287.6,
    "2021-05-23 14:00": 283.4,
    "2021-05-23 14:10": 270,
    "2021-05-23 14:20": 266.8,
    "2021-05-23 14:30": 265.8,
    "2021-05-23 14:40": 272.8,
    "2021-05-23 14:50": 256.2,
    "2021-05-23 15:00": 230.3,
    "2021-05-23 15:10": 225.6,
    "2021-05-23 15:20": 257.1,
    "2021-05-23 15:30": 233.2,
    "2021-05-23 15:40": 230.3,
    "2021-05-23 15:50": 229.1,
    "2021-05-23 16:00": 229.5,
    "2021-05-23 16:10": 236.5,
    "2021-05-23 16:20": 243.6,
    "2021-05-23 16:30": 230.1,
    "2021-05-23 16:40": 228.6,
    "2021-05-23 16:50": 258.9,
    "2021-05-23 17:00": 270.5,
    "2021-05-23 17:10": 250,
    "2021-05-23 17:20": 262.3,
    "2021-05-23 17:30": 274.4,
    "2021-05-23 17:40": 268.5,
    "2021-05-23 17:50": 284.3,
    "2021-05-23 18:00": 285.2,
    "2021-05-23 18:10": 282.9,
    "2021-05-23 18:20": 260.3,
    "2021-05-23 18:30": 271.7,
    "2021-05-23 18:40": 279.4,
    "2021-05-23 18:50": 291.1,
    "2021-05-23 19:00": 286.1,
    "2021-05-23 19:10": 288.8,
    "2021-05-23 19:20": 296,
    "2021-05-23 19:30": 290,
    "2021-05-23 19:40": 289,
    "2021-05-23 19:50": 288.7,
    "2021-05-23 20:00": 289.3,
    "2021-05-23 20:10": 288.4,
    "2021-05-23 20:20": 289.3,
    "2021-05-23 20:30": 289.3,
    "2021-05-23 20:40": 288.7,
    "2021-05-23 20:50": 288.5,
    "2021-05-23 21:00": 288.7,
    "2021-05-23 21:10": 289.3,
    "2021-05-23 21:20": 288.8,
    "2021-05-23 21:30": 289.1,
    "2021-05-23 21:40": 289.1,
    "2021-05-23 21:50": 289.7,
    "2021-05-23 22:00": 292.2,
    "2021-05-23 22:10": 276.7,
    "2021-05-23 22:20": 287.2,
    "2021-05-23 22:30": 281.2,
    "2021-05-23 22:40": 278.7,
    "2021-05-23 22:50": 286.4,
    "2021-05-23 23:00": 284.9
}