{
    "2021-05-28 23:10": 506.4,
    "2021-05-28 23:20": 512.5,
    "2021-05-28 23:30": 507.1,
    "2021-05-28 23:40": 512.5,
    "2021-05-28 23:50": 508.8,
    "2021-05-29 00:00": 512.3,
    "2021-05-29 00:10": 509.3,
    "2021-05-29 00:20": 510.6,
    "2021-05-29 00:30": 513.2,
    "2021-05-29 01:20": 474.4,
    "2021-05-29 01:30": 451,
    "2021-05-29 01:40": 425.6,
    "2021-05-29 01:50": 420.1,
    "2021-05-29 02:00": 419.1,
    "2021-05-29 02:10": 420.1,
    "2021-05-29 02:20": 420.9,
    "2021-05-29 02:30": 420.7,
    "2021-05-29 02:40": 423,
    "2021-05-29 02:50": 421.9,
    "2021-05-29 03:00": 422.8,
    "2021-05-29 03:10": 423.4,
    "2021-05-29 03:20": 420.7,
    "2021-05-29 03:30": 422.1,
    "2021-05-29 03:40": 422.2,
    "2021-05-29 03:50": 420.5,
    "2021-05-29 04:00": 420.7,
    "2021-05-29 04:10": 424.6,
    "2021-05-29 04:20": 424.6,
    "2021-05-29 04:30": 420.8,
    "2021-05-29 04:40": 422.2,
    "2021-05-29 04:50": 423,
    "2021-05-29 05:00": 422.1,
    "2021-05-29 05:10": 411.9,
    "2021-05-29 05:20": 384.4,
    "2021-05-29 05:30": 367.1,
    "2021-05-29 05:40": 370.1,
    "2021-05-29 05:50": 369.4,
    "2021-05-29 06:00": 370.8,
    "2021-05-29 06:10": 371.7,
    "2021-05-29 06:20": 373.1,
    "2021-05-29 06:30": 373.8,
    "2021-05-29 06:40": 373.9,
    "2021-05-29 06:50": 374.3,
    "2021-05-29 07:00": 371.6,
    "2021-05-29 07:10": 371.9,
    "2021-05-29 07:20": 372.1,
    "2021-05-29 07:30": 372.7,
    "2021-05-29 07:40": 373.6,
    "2021-05-29 07:50": 374.7,
    "2021-05-29 08:00": 372.8,
    "2021-05-29 08:10": 369.2,
    "2021-05-29 08:20": 368.4,
    "2021-05-29 08:30": 370.6,
    "2021-05-29 08:40": 374.6,
    "2021-05-29 08:50": 374.8,
    "2021-05-29 09:00": 374.6,
    "2021-05-29 09:10": 372.2,
    "2021-05-29 09:20": 370.1,
    "2021-05-29 09:30": 374.4,
    "2021-05-29 09:40": 373.4,
    "2021-05-29 09:50": 371.8,
    "2021-05-29 10:00": 369.7,
    "2021-05-29 10:10": 375.2,
    "2021-05-29 10:20": 375,
    "2021-05-29 10:30": 371.1,
    "2021-05-29 10:40": 373.4,
    "2021-05-29 10:50": 394.1,
    "2021-05-29 11:00": 419.6,
    "2021-05-29 11:10": 424.7,
    "2021-05-29 11:20": 426.3,
    "2021-05-29 11:30": 425.6,
    "2021-05-29 11:40": 420.8,
    "2021-05-29 11:50": 426.3,
    "2021-05-29 12:00": 424.1,
    "2021-05-29 12:10": 427.2,
    "2021-05-29 12:20": 424.2,
    "2021-05-29 12:30": 425,
    "2021-05-29 12:40": 426.3,
    "2021-05-29 12:50": 424.7,
    "2021-05-29 13:00": 424.1,
    "2021-05-29 13:10": 426.5,
    "2021-05-29 13:20": 425.8,
    "2021-05-29 13:30": 428.3,
    "2021-05-29 13:40": 425.2,
    "2021-05-29 13:50": 423.7,
    "2021-05-29 14:00": 426.4,
    "2021-05-29 14:10": 424.1,
    "2021-05-29 14:20": 427.3,
    "2021-05-29 14:30": 426.4,
    "2021-05-29 14:40": 423.2,
    "2021-05-29 14:50": 421.4,
    "2021-05-29 15:00": 393.4,
    "2021-05-29 15:10": 374.9,
    "2021-05-29 15:20": 372.5,
    "2021-05-29 15:30": 365.2,
    "2021-05-29 15:40": 355.9,
    "2021-05-29 15:50": 350.3,
    "2021-05-29 16:00": 351.8,
    "2021-05-29 16:10": 354.2,
    "2021-05-29 16:20": 354.2,
    "2021-05-29 16:30": 351,
    "2021-05-29 16:40": 353.5,
    "2021-05-29 16:50": 363.3,
    "2021-05-29 17:00": 378.1,
    "2021-05-29 17:10": 374.2,
    "2021-05-29 17:20": 373.3,
    "2021-05-29 17:30": 372.4,
    "2021-05-29 17:40": 371.6,
    "2021-05-29 17:50": 376.4,
    "2021-05-29 18:00": 372.9,
    "2021-05-29 18:10": 374.3,
    "2021-05-29 18:20": 374.3,
    "2021-05-29 18:30": 373.4,
    "2021-05-29 18:40": 373.7,
    "2021-05-29 18:50": 370.4,
    "2021-05-29 19:00": 372.7,
    "2021-05-29 19:10": 373.6,
    "2021-05-29 19:20": 371.1,
    "2021-05-29 19:30": 374.5,
    "2021-05-29 19:40": 375.1,
    "2021-05-29 19:50": 373.4,
    "2021-05-29 20:00": 374.3,
    "2021-05-29 20:10": 375,
    "2021-05-29 20:20": 372,
    "2021-05-29 20:30": 374.1,
    "2021-05-29 20:40": 373.2,
    "2021-05-29 20:50": 373.3,
    "2021-05-29 21:00": 375.5,
    "2021-05-30 00:10": 375.7,
    "2021-05-30 00:20": 378.2,
    "2021-05-30 00:30": 372.7,
    "2021-05-30 00:40": 370.5,
    "2021-05-30 00:50": 372.1,
    "2021-05-30 01:00": 375.1,
    "2021-05-30 01:10": 378.4,
    "2021-05-30 01:20": 372.7,
    "2021-05-30 01:30": 368.9,
    "2021-05-30 01:40": 372.8,
    "2021-05-30 01:50": 372.8,
    "2021-05-30 02:00": 375.2,
    "2021-05-30 02:10": 374.9,
    "2021-05-30 02:20": 376,
    "2021-05-30 02:30": 373.6,
    "2021-05-30 02:40": 373.6,
    "2021-05-30 02:50": 377.4,
    "2021-05-30 03:00": 377.4,
    "2021-05-30 03:10": 373.6,
    "2021-05-30 03:20": 375.1,
    "2021-05-30 03:30": 371.3,
    "2021-05-30 03:40": 372.7,
    "2021-05-30 03:50": 374.4,
    "2021-05-30 04:00": 374.3,
    "2021-05-30 04:10": 371.2,
    "2021-05-30 04:20": 374.4,
    "2021-05-30 04:30": 373.4,
    "2021-05-30 04:40": 375.2,
    "2021-05-30 04:50": 373.5,
    "2021-05-30 05:00": 375.9,
    "2021-05-30 05:10": 372.1,
    "2021-05-30 05:20": 372.7,
    "2021-05-30 05:30": 372.7,
    "2021-05-30 05:40": 375.9,
    "2021-05-30 05:50": 376.6,
    "2021-05-30 06:00": 373.5,
    "2021-05-30 06:10": 372.1,
    "2021-05-30 06:20": 374,
    "2021-05-30 06:30": 373.3,
    "2021-05-30 06:40": 372.9,
    "2021-05-30 06:50": 375.9,
    "2021-05-30 07:00": 371.9,
    "2021-05-30 07:10": 370.8,
    "2021-05-30 07:20": 370.6,
    "2021-05-30 07:30": 372,
    "2021-05-30 07:40": 373.3,
    "2021-05-30 07:50": 372.2,
    "2021-05-30 08:00": 359.5,
    "2021-05-30 08:10": 338.7,
    "2021-05-30 08:20": 326.2,
    "2021-05-30 08:30": 327.4,
    "2021-05-30 08:40": 328.1,
    "2021-05-30 08:50": 324.8,
    "2021-05-30 09:00": 328.6,
    "2021-05-30 09:10": 327.1,
    "2021-05-30 09:20": 328,
    "2021-05-30 09:30": 327.6,
    "2021-05-30 09:40": 325.3,
    "2021-05-30 09:50": 327.6,
    "2021-05-30 10:00": 330.9,
    "2021-05-30 10:10": 331.1,
    "2021-05-30 10:20": 327.1,
    "2021-05-30 10:30": 325.6,
    "2021-05-30 10:40": 329.2,
    "2021-05-30 10:50": 329.1,
    "2021-05-30 11:00": 329.9,
    "2021-05-30 11:10": 327.3,
    "2021-05-30 11:20": 328.2,
    "2021-05-30 11:30": 327.8,
    "2021-05-30 11:40": 326.7,
    "2021-05-30 11:50": 325.3,
    "2021-05-30 12:00": 326.7,
    "2021-05-30 12:10": 329.9,
    "2021-05-30 12:20": 328.3,
    "2021-05-30 12:30": 327.7,
    "2021-05-30 12:40": 326.1,
    "2021-05-30 12:50": 329.9,
    "2021-05-30 13:00": 325.5,
    "2021-05-30 13:10": 328.3,
    "2021-05-30 13:20": 328.3,
    "2021-05-30 13:30": 327.6,
    "2021-05-30 13:40": 327.8,
    "2021-05-30 13:50": 326.9,
    "2021-05-30 14:00": 326.8,
    "2021-05-30 14:10": 330,
    "2021-05-30 14:20": 326.8,
    "2021-05-30 14:30": 327.6,
    "2021-05-30 14:40": 327.8,
    "2021-05-30 14:50": 330.3,
    "2021-05-30 15:00": 328,
    "2021-05-30 15:10": 326.1,
    "2021-05-30 15:20": 329.4,
    "2021-05-30 15:30": 326.8,
    "2021-05-30 15:40": 326.8,
    "2021-05-30 15:50": 328.3,
    "2021-05-30 16:00": 326.8,
    "2021-05-30 16:10": 326.8,
    "2021-05-30 16:20": 326.9,
    "2021-05-30 16:30": 326.7,
    "2021-05-30 16:40": 328.5,
    "2021-05-30 17:20": 329.2,
    "2021-05-30 17:30": 326.2,
    "2021-05-30 17:50": 329.1,
    "2021-05-30 18:00": 329.9,
    "2021-05-30 18:10": 326.8,
    "2021-05-30 18:20": 326.1,
    "2021-05-30 18:30": 326.7,
    "2021-05-30 18:40": 325.9,
    "2021-05-30 18:50": 325.9,
    "2021-05-30 19:00": 329,
    "2021-05-30 19:10": 330.2,
    "2021-05-30 19:20": 329.2,
    "2021-05-30 19:30": 327.7,
    "2021-05-30 19:40": 326.7,
    "2021-05-30 19:50": 326.5,
    "2021-05-30 20:00": 328.2,
    "2021-05-30 20:10": 329,
    "2021-05-30 20:20": 329,
    "2021-05-30 20:30": 327.6,
    "2021-05-30 20:40": 324.4,
    "2021-05-30 20:50": 326,
    "2021-05-30 21:00": 327.4,
    "2021-05-30 21:10": 327.2,
    "2021-05-30 21:20": 326,
    "2021-05-30 21:30": 327.4,
    "2021-05-30 21:40": 329.1,
    "2021-05-30 21:50": 326.9,
    "2021-05-30 22:00": 326.9,
    "2021-05-30 22:10": 329.4,
    "2021-05-30 22:20": 328.7,
    "2021-05-30 22:30": 330.2
}