{
    "2021-05-22 12:10": 399.4,
    "2021-05-22 12:20": 393.1,
    "2021-05-22 12:30": 395.7,
    "2021-05-22 12:40": 392.3,
    "2021-05-22 12:50": 397.8,
    "2021-05-22 13:00": 396.3,
    "2021-05-22 13:10": 395.6,
    "2021-05-22 13:20": 421,
    "2021-05-22 13:30": 443.6,
    "2021-05-22 13:40": 461.3,
    "2021-05-22 13:50": 479.3,
    "2021-05-22 14:00": 487.2,
    "2021-05-22 14:10": 497.1,
    "2021-05-22 14:20": 519.5,
    "2021-05-22 14:30": 512.9,
    "2021-05-22 14:40": 521.7,
    "2021-05-22 14:50": 515.2,
    "2021-05-22 15:00": 521.9,
    "2021-05-22 15:10": 515.5,
    "2021-05-22 15:20": 518.6,
    "2021-05-22 15:30": 517.5,
    "2021-05-22 15:40": 517.8,
    "2021-05-22 15:50": 516,
    "2021-05-22 16:00": 518.5,
    "2021-05-22 16:10": 513,
    "2021-05-22 16:20": 521.5,
    "2021-05-22 16:40": 519.3,
    "2021-05-22 16:50": 521,
    "2021-05-22 17:00": 518.4,
    "2021-05-22 17:10": 521.1,
    "2021-05-22 17:20": 517.1,
    "2021-05-22 17:30": 507,
    "2021-05-22 17:40": 518.2,
    "2021-05-22 17:50": 529.6,
    "2021-05-22 18:00": 517.2,
    "2021-05-22 18:10": 524.3,
    "2021-05-22 18:20": 521.8,
    "2021-05-22 18:40": 524.4,
    "2021-05-22 18:50": 515.6,
    "2021-05-22 19:10": 514.8,
    "2021-05-22 19:20": 522.1,
    "2021-05-22 19:30": 520.4,
    "2021-05-22 19:40": 525.2,
    "2021-05-22 20:00": 519.7,
    "2021-05-22 20:10": 515.1,
    "2021-05-22 20:20": 517.5,
    "2021-05-22 20:30": 507,
    "2021-05-22 20:40": 516.7,
    "2021-05-22 20:50": 514.6,
    "2021-05-22 21:00": 509.9,
    "2021-05-22 21:10": 517.9,
    "2021-05-22 21:20": 514.5,
    "2021-05-22 21:30": 522.3,
    "2021-05-22 21:40": 524.7,
    "2021-05-22 21:50": 520.8,
    "2021-05-22 22:00": 517.9,
    "2021-05-22 22:10": 520.4,
    "2021-05-22 22:20": 516.6,
    "2021-05-22 22:30": 521.9,
    "2021-05-22 22:40": 527.4,
    "2021-05-22 22:50": 516.2,
    "2021-05-22 23:00": 515.6,
    "2021-05-22 23:10": 525.8,
    "2021-05-22 23:20": 517.9,
    "2021-05-22 23:30": 517.4,
    "2021-05-22 23:40": 514.3,
    "2021-05-22 23:50": 521.1,
    "2021-05-23 00:00": 516.5,
    "2021-05-23 00:10": 512.6,
    "2021-05-23 00:20": 511.1,
    "2021-05-23 00:30": 515,
    "2021-05-23 00:40": 511.8,
    "2021-05-23 00:50": 522.6,
    "2021-05-23 01:00": 524.4,
    "2021-05-23 01:10": 523.6,
    "2021-05-23 01:20": 515.8,
    "2021-05-23 01:30": 521.2,
    "2021-05-23 01:40": 505.4,
    "2021-05-23 01:50": 491.9,
    "2021-05-23 02:00": 449,
    "2021-05-23 02:10": 429.2,
    "2021-05-23 02:20": 397.9,
    "2021-05-23 02:30": 390.1,
    "2021-05-23 02:40": 378.7,
    "2021-05-23 02:50": 384.7,
    "2021-05-23 03:00": 386.2,
    "2021-05-23 03:10": 372.5,
    "2021-05-23 03:20": 379.2,
    "2021-05-23 03:30": 378.3,
    "2021-05-23 03:40": 387.2,
    "2021-05-23 03:50": 377.6,
    "2021-05-23 04:10": 379.4,
    "2021-05-23 04:20": 386.4,
    "2021-05-23 04:30": 387.3,
    "2021-05-23 04:40": 385.9,
    "2021-05-23 04:50": 378.7,
    "2021-05-23 05:00": 379.8,
    "2021-05-23 05:10": 379.2,
    "2021-05-23 05:30": 382.6,
    "2021-05-23 05:40": 385.5,
    "2021-05-23 05:50": 381.1,
    "2021-05-23 06:00": 387.2,
    "2021-05-23 06:20": 379.4,
    "2021-05-23 06:30": 385.7,
    "2021-05-23 06:40": 372.9,
    "2021-05-23 06:50": 381,
    "2021-05-23 07:00": 382.9,
    "2021-05-23 07:10": 376.5,
    "2021-05-23 07:20": 387.5,
    "2021-05-23 07:40": 383.1,
    "2021-05-23 07:50": 375.1,
    "2021-05-23 08:00": 386.1,
    "2021-05-23 08:10": 383.7,
    "2021-05-23 08:30": 382.9,
    "2021-05-23 08:40": 405.3,
    "2021-05-23 08:50": 357.5,
    "2021-05-23 09:00": 348.6,
    "2021-05-23 09:10": 344.4,
    "2021-05-23 09:20": 340.6,
    "2021-05-23 09:30": 330.6,
    "2021-05-23 09:40": 331,
    "2021-05-23 09:50": 329.5,
    "2021-05-23 10:00": 326.2,
    "2021-05-23 10:10": 330.9,
    "2021-05-23 10:20": 331.7,
    "2021-05-23 10:40": 337.1,
    "2021-05-23 10:50": 367.3,
    "2021-05-23 11:00": 373.2,
    "2021-05-23 11:10": 379.7,
    "2021-05-23 11:20": 374.4,
    "2021-05-23 11:30": 387.4,
    "2021-05-23 11:50": 428.5,
    "2021-05-23 12:00": 414.1,
    "2021-05-23 12:10": 427.3,
    "2021-05-23 12:20": 438.7,
    "2021-05-23 12:30": 446.1,
    "2021-05-23 12:40": 443,
    "2021-05-23 12:50": 442.2,
    "2021-05-23 13:00": 442.9,
    "2021-05-23 13:10": 443.7,
    "2021-05-23 13:20": 445.3,
    "2021-05-23 13:30": 452.4,
    "2021-05-23 13:40": 455.1,
    "2021-05-23 13:50": 457.6,
    "2021-05-23 14:00": 455.1,
    "2021-05-23 14:10": 453.6,
    "2021-05-23 14:20": 449.7,
    "2021-05-23 14:30": 453.7,
    "2021-05-23 14:40": 452.9,
    "2021-05-23 14:50": 456.2,
    "2021-05-23 15:00": 449.7,
    "2021-05-23 15:10": 451.2,
    "2021-05-23 15:20": 454.4,
    "2021-05-23 15:30": 458.1,
    "2021-05-23 15:40": 477,
    "2021-05-23 15:50": 474.1,
    "2021-05-23 16:00": 469.4,
    "2021-05-23 16:10": 475.4,
    "2021-05-23 16:20": 476.3,
    "2021-05-23 16:30": 475.5,
    "2021-05-23 16:40": 476.9,
    "2021-05-23 16:50": 473.4,
    "2021-05-23 17:00": 477.3,
    "2021-05-23 17:10": 499.2,
    "2021-05-23 17:20": 506.1,
    "2021-05-23 17:30": 521.9,
    "2021-05-23 17:40": 529.7,
    "2021-05-23 17:50": 526.9,
    "2021-05-23 18:00": 525.3,
    "2021-05-23 18:10": 519,
    "2021-05-23 18:20": 519.7,
    "2021-05-23 18:30": 523.5,
    "2021-05-23 18:40": 526.9,
    "2021-05-23 18:50": 526.2,
    "2021-05-23 19:00": 519,
    "2021-05-23 19:10": 523.6,
    "2021-05-23 19:20": 520.5,
    "2021-05-23 19:30": 523.6,
    "2021-05-23 19:40": 525.4,
    "2021-05-23 19:50": 525.3,
    "2021-05-23 20:00": 536.8,
    "2021-05-23 20:10": 531.5,
    "2021-05-23 20:20": 526.1,
    "2021-05-23 20:30": 519.5,
    "2021-05-23 20:40": 528.5,
    "2021-05-23 20:50": 524,
    "2021-05-23 21:00": 520.2,
    "2021-05-23 21:10": 516.5,
    "2021-05-23 21:20": 527.6,
    "2021-05-23 21:30": 522.1,
    "2021-05-23 21:40": 522.6,
    "2021-05-23 21:50": 523.1,
    "2021-05-23 22:00": 521.6,
    "2021-05-23 22:10": 529.6,
    "2021-05-23 22:20": 527.2,
    "2021-05-23 22:30": 518.7,
    "2021-05-23 22:40": 521.7,
    "2021-05-23 22:50": 527.9,
    "2021-05-23 23:00": 525.6
}