{
    "2021-05-22 12:10": 416.8,
    "2021-05-22 12:20": 417.9,
    "2021-05-22 12:30": 419.4,
    "2021-05-22 12:40": 418,
    "2021-05-22 12:50": 419.3,
    "2021-05-22 13:00": 419.6,
    "2021-05-22 13:10": 418.3,
    "2021-05-22 13:20": 434.7,
    "2021-05-22 13:30": 477.6,
    "2021-05-22 13:40": 476.8,
    "2021-05-22 13:50": 477,
    "2021-05-22 14:00": 475.9,
    "2021-05-22 14:10": 474.3,
    "2021-05-22 14:20": 475.3,
    "2021-05-22 14:30": 475.3,
    "2021-05-22 14:40": 476,
    "2021-05-22 14:50": 475.2,
    "2021-05-22 15:00": 476.1,
    "2021-05-22 15:10": 476.1,
    "2021-05-22 15:20": 477.1,
    "2021-05-22 15:30": 476,
    "2021-05-22 15:40": 478.2,
    "2021-05-22 15:50": 476.8,
    "2021-05-22 16:00": 477.6,
    "2021-05-22 16:10": 496.3,
    "2021-05-22 16:20": 525.4,
    "2021-05-22 16:40": 525.3,
    "2021-05-22 16:50": 523.5,
    "2021-05-22 17:00": 521.7,
    "2021-05-22 17:10": 521.6,
    "2021-05-22 17:20": 523.3,
    "2021-05-22 17:30": 525.4,
    "2021-05-22 17:40": 524,
    "2021-05-22 17:50": 525.4,
    "2021-05-22 18:00": 524.6,
    "2021-05-22 18:10": 523.6,
    "2021-05-22 18:20": 524.3,
    "2021-05-22 18:40": 524.2,
    "2021-05-22 18:50": 522.8,
    "2021-05-22 19:10": 524.9,
    "2021-05-22 19:20": 525.5,
    "2021-05-22 19:30": 524.4,
    "2021-05-22 19:40": 526.6,
    "2021-05-22 20:00": 526.3,
    "2021-05-22 20:10": 525.5,
    "2021-05-22 20:20": 527.2,
    "2021-05-22 20:30": 526.3,
    "2021-05-22 20:40": 523.7,
    "2021-05-22 20:50": 525.8,
    "2021-05-22 21:00": 527.4,
    "2021-05-22 21:10": 525.8,
    "2021-05-22 21:20": 526.4,
    "2021-05-22 21:30": 523.8,
    "2021-05-22 21:40": 525.8,
    "2021-05-22 21:50": 524.2,
    "2021-05-22 22:00": 523.7,
    "2021-05-22 22:10": 525,
    "2021-05-22 22:20": 525.3,
    "2021-05-22 22:30": 525.7,
    "2021-05-22 22:40": 526.7,
    "2021-05-22 22:50": 526.2,
    "2021-05-22 23:00": 525.4,
    "2021-05-22 23:10": 527.5,
    "2021-05-22 23:20": 525.3,
    "2021-05-22 23:30": 527,
    "2021-05-22 23:40": 524.9,
    "2021-05-22 23:50": 526.9,
    "2021-05-23 00:00": 525.7,
    "2021-05-23 00:10": 522.9,
    "2021-05-23 00:20": 522.9,
    "2021-05-23 00:30": 524.5,
    "2021-05-23 00:40": 523.6,
    "2021-05-23 00:50": 525.5,
    "2021-05-23 01:00": 522,
    "2021-05-23 01:10": 525.9,
    "2021-05-23 01:20": 525.6,
    "2021-05-23 01:30": 524.1,
    "2021-05-23 01:40": 524.2,
    "2021-05-23 01:50": 524.8,
    "2021-05-23 02:00": 526.8,
    "2021-05-23 02:10": 524.8,
    "2021-05-23 02:20": 526,
    "2021-05-23 02:30": 526.6,
    "2021-05-23 02:40": 524.5,
    "2021-05-23 02:50": 526.5,
    "2021-05-23 03:00": 524.3,
    "2021-05-23 03:10": 524.1,
    "2021-05-23 03:20": 526.8,
    "2021-05-23 03:30": 524.6,
    "2021-05-23 03:40": 526.9,
    "2021-05-23 03:50": 524.9,
    "2021-05-23 04:10": 525.7,
    "2021-05-23 04:20": 525.6,
    "2021-05-23 04:30": 525.9,
    "2021-05-23 04:40": 527,
    "2021-05-23 04:50": 509,
    "2021-05-23 05:00": 475.9,
    "2021-05-23 05:10": 476.1,
    "2021-05-23 05:30": 479.2,
    "2021-05-23 05:40": 476.6,
    "2021-05-23 05:50": 477.7,
    "2021-05-23 06:00": 475.7,
    "2021-05-23 06:20": 476.1,
    "2021-05-23 06:30": 470.2,
    "2021-05-23 06:40": 431.1,
    "2021-05-23 06:50": 429,
    "2021-05-23 07:00": 430.5,
    "2021-05-23 07:10": 429.6,
    "2021-05-23 07:20": 427.4,
    "2021-05-23 07:40": 408.6,
    "2021-05-23 07:50": 408.3,
    "2021-05-23 08:00": 410.2,
    "2021-05-23 08:10": 410.1,
    "2021-05-23 08:30": 408.7,
    "2021-05-23 08:40": 409.5,
    "2021-05-23 08:50": 408.8,
    "2021-05-23 09:00": 407.2,
    "2021-05-23 09:10": 408.6,
    "2021-05-23 09:20": 407.8,
    "2021-05-23 09:30": 407.5,
    "2021-05-23 09:40": 407.8,
    "2021-05-23 09:50": 408.2,
    "2021-05-23 10:00": 408.4,
    "2021-05-23 10:10": 406.4,
    "2021-05-23 10:20": 406.4,
    "2021-05-23 10:40": 407.7,
    "2021-05-23 10:50": 410,
    "2021-05-23 11:00": 407.8,
    "2021-05-23 11:10": 409,
    "2021-05-23 11:20": 408.5,
    "2021-05-23 11:30": 425.6,
    "2021-05-23 11:50": 454.1,
    "2021-05-23 12:00": 477,
    "2021-05-23 12:10": 476.7,
    "2021-05-23 12:20": 476.4,
    "2021-05-23 12:30": 477.2,
    "2021-05-23 12:40": 478,
    "2021-05-23 12:50": 455.4,
    "2021-05-23 13:00": 426,
    "2021-05-23 13:10": 426.1,
    "2021-05-23 13:20": 426.7,
    "2021-05-23 13:30": 426.6,
    "2021-05-23 13:40": 427.9,
    "2021-05-23 13:50": 429.1,
    "2021-05-23 14:00": 428.2,
    "2021-05-23 14:10": 426.8,
    "2021-05-23 14:20": 427.4,
    "2021-05-23 14:30": 428.1,
    "2021-05-23 14:40": 427.4,
    "2021-05-23 14:50": 428.3,
    "2021-05-23 15:00": 426.7,
    "2021-05-23 15:10": 426.8,
    "2021-05-23 15:20": 428.1,
    "2021-05-23 15:30": 426.9,
    "2021-05-23 15:40": 427.1,
    "2021-05-23 15:50": 426.3,
    "2021-05-23 16:00": 428.3,
    "2021-05-23 16:10": 427.8,
    "2021-05-23 16:20": 429.4,
    "2021-05-23 16:30": 426.6,
    "2021-05-23 16:40": 434.5,
    "2021-05-23 16:50": 464.3,
    "2021-05-23 17:00": 476.2,
    "2021-05-23 17:10": 474.8,
    "2021-05-23 17:20": 476.3,
    "2021-05-23 17:30": 480.3,
    "2021-05-23 17:40": 511.3,
    "2021-05-23 17:50": 525.6,
    "2021-05-23 18:00": 523.9,
    "2021-05-23 18:10": 524.3,
    "2021-05-23 18:20": 523.6,
    "2021-05-23 18:30": 523.5,
    "2021-05-23 18:40": 525.4,
    "2021-05-23 18:50": 526.8,
    "2021-05-23 19:00": 525.2,
    "2021-05-23 19:10": 526.4,
    "2021-05-23 19:20": 523.8,
    "2021-05-23 19:30": 525.2,
    "2021-05-23 19:40": 525.8,
    "2021-05-23 19:50": 525.6,
    "2021-05-23 20:00": 522.8,
    "2021-05-23 20:10": 527.3,
    "2021-05-23 20:20": 525.9,
    "2021-05-23 20:30": 525.8,
    "2021-05-23 20:40": 526.1,
    "2021-05-23 20:50": 526.3,
    "2021-05-23 21:00": 525.4,
    "2021-05-23 21:10": 523,
    "2021-05-23 21:20": 526,
    "2021-05-23 21:30": 526.5,
    "2021-05-23 21:40": 525.7,
    "2021-05-23 21:50": 526.3,
    "2021-05-23 22:00": 524.4,
    "2021-05-23 22:10": 524,
    "2021-05-23 22:20": 524.5,
    "2021-05-23 22:30": 524.9,
    "2021-05-23 22:40": 527.1,
    "2021-05-23 22:50": 525.2,
    "2021-05-23 23:00": 525.8
}