{
    "2021-05-29 06:00": 0.204,
    "2021-05-29 06:10": 0.362,
    "2021-05-29 06:20": 0.357,
    "2021-05-29 06:30": 0.586,
    "2021-05-29 06:40": 0.761,
    "2021-05-29 06:50": 0.865,
    "2021-05-29 07:00": 0.969,
    "2021-05-29 07:10": 1.287,
    "2021-05-29 07:20": 1.282,
    "2021-05-29 07:30": 1.591,
    "2021-05-29 07:40": 1.573,
    "2021-05-29 07:50": 1.718,
    "2021-05-29 08:00": 1.93,
    "2021-05-29 08:10": 2.162,
    "2021-05-29 08:20": 2.382,
    "2021-05-29 08:30": 2.6,
    "2021-05-29 08:40": 2.585,
    "2021-05-29 08:50": 2.27,
    "2021-05-29 09:00": 3.365,
    "2021-05-29 09:10": 3.174,
    "2021-05-29 09:20": 0.593,
    "2021-05-29 09:30": 0.326,
    "2021-05-29 09:40": 0.088,
    "2021-05-29 09:50": 0.008,
    "2021-05-29 10:00": 0.018,
    "2021-05-29 10:10": 0.128,
    "2021-05-29 10:20": 0.165,
    "2021-05-29 10:30": 0.167,
    "2021-05-29 10:40": 0.182,
    "2021-05-29 10:50": 0.153,
    "2021-05-29 11:00": 0.169,
    "2021-05-29 11:10": 0.208,
    "2021-05-29 11:20": 0.143,
    "2021-05-29 11:30": 0.166,
    "2021-05-29 11:40": 0.153,
    "2021-05-29 11:50": 0.087,
    "2021-05-29 12:00": 0.047,
    "2021-05-29 12:10": 0.052,
    "2021-05-29 12:20": 0.081,
    "2021-05-29 12:30": 0.157,
    "2021-05-29 12:40": 0.25,
    "2021-05-29 12:50": 0.236,
    "2021-05-29 13:00": 0.488,
    "2021-05-29 13:10": 0.765,
    "2021-05-29 13:20": 0.627,
    "2021-05-29 13:30": 0.868,
    "2021-05-29 13:40": 1.044,
    "2021-05-29 13:50": 1.445,
    "2021-05-29 14:00": 1.524,
    "2021-05-29 14:10": 1.579,
    "2021-05-29 14:20": 1.198,
    "2021-05-29 14:30": 1.334,
    "2021-05-29 14:40": 0.887,
    "2021-05-29 14:50": 0.516,
    "2021-05-29 15:00": 0.747,
    "2021-05-29 15:10": 1.322,
    "2021-05-29 15:20": 1.286,
    "2021-05-29 15:30": 1.127,
    "2021-05-29 15:40": 0.789,
    "2021-05-29 15:50": 0.809,
    "2021-05-29 16:00": 0.874,
    "2021-05-29 16:10": 0.82,
    "2021-05-29 16:20": 0.818,
    "2021-05-29 16:30": 0.673,
    "2021-05-29 16:40": 0.468,
    "2021-05-29 16:50": 0.538,
    "2021-05-29 17:00": 0.625,
    "2021-05-29 17:10": 0.446,
    "2021-05-29 17:20": 0.378,
    "2021-05-29 17:30": 0.323,
    "2021-05-29 17:40": 0.225,
    "2021-05-29 17:50": 0.246,
    "2021-05-29 18:00": 0.141,
    "2021-05-29 18:10": 0.064,
    "2021-05-29 18:20": 0.029,
    "2021-05-29 18:30": 0.007,
    "2021-05-29 18:40": 0.017,
    "2021-05-29 18:50": 0.02,
    "2021-05-29 19:00": 0.013,
    "2021-05-29 19:10": 0.009,
    "2021-05-29 19:20": 0.008,
    "2021-05-29 19:30": 0.008,
    "2021-05-29 19:40": 0.008,
    "2021-05-30 06:00": 0.021,
    "2021-05-30 06:10": 0.023,
    "2021-05-30 06:20": 0.021,
    "2021-05-30 06:30": 0.023,
    "2021-05-30 06:40": 0.017,
    "2021-05-30 06:50": 0.023,
    "2021-05-30 07:00": 0.016,
    "2021-05-30 07:10": 0.016,
    "2021-05-30 07:20": 0.017,
    "2021-05-30 07:30": 0.023,
    "2021-05-30 07:40": 0.194,
    "2021-05-30 07:50": 0.093,
    "2021-05-30 08:00": 0.094,
    "2021-05-30 08:10": 0.144,
    "2021-05-30 08:20": 0.071,
    "2021-05-30 08:30": 0.152,
    "2021-05-30 08:40": 0.366,
    "2021-05-30 08:50": 0.68,
    "2021-05-30 09:00": 1.504,
    "2021-05-30 09:10": 0.893,
    "2021-05-30 09:20": 1.503,
    "2021-05-30 09:30": 1.252,
    "2021-05-30 09:40": 3.77,
    "2021-05-30 09:50": 2.454,
    "2021-05-30 10:00": 2.611,
    "2021-05-30 10:10": 2.781,
    "2021-05-30 10:20": 3,
    "2021-05-30 10:30": 0.492,
    "2021-05-30 10:40": 1.193,
    "2021-05-30 10:50": 1.697,
    "2021-05-30 11:00": 0.715,
    "2021-05-30 11:10": 0.538,
    "2021-05-30 11:20": 1.2,
    "2021-05-30 11:30": 1.119,
    "2021-05-30 11:40": 0.363,
    "2021-05-30 11:50": 0.212,
    "2021-05-30 12:00": 0.669,
    "2021-05-30 12:10": 0.634,
    "2021-05-30 12:20": 0.782,
    "2021-05-30 12:30": 1.145,
    "2021-05-30 12:40": 1.093,
    "2021-05-30 12:50": 0.555,
    "2021-05-30 13:00": 1.039,
    "2021-05-30 13:10": 0.353,
    "2021-05-30 13:20": 1.121,
    "2021-05-30 13:30": 0.552,
    "2021-05-30 13:40": 0.295,
    "2021-05-30 13:50": 0.293,
    "2021-05-30 14:00": 0.271,
    "2021-05-30 14:10": 0.532,
    "2021-05-30 14:20": 0.418,
    "2021-05-30 14:30": 0.734,
    "2021-05-30 14:40": 0.214,
    "2021-05-30 14:50": 0.129,
    "2021-05-30 15:00": 0.187,
    "2021-05-30 15:10": 0.132,
    "2021-05-30 15:20": 0.169,
    "2021-05-30 15:30": 0.335,
    "2021-05-30 15:40": 0.252,
    "2021-05-30 15:50": 0.377,
    "2021-05-30 16:00": 0.606,
    "2021-05-30 16:10": 0.1,
    "2021-05-30 16:20": 0.093,
    "2021-05-30 16:30": 0.101,
    "2021-05-30 16:40": 0.029,
    "2021-05-30 17:20": 0.018,
    "2021-05-30 17:30": 0.063,
    "2021-05-30 17:50": 0.011,
    "2021-05-30 18:00": 0.009,
    "2021-05-30 18:10": 0.016,
    "2021-05-30 18:20": 0.009,
    "2021-05-30 18:30": 0.022,
    "2021-05-30 18:40": 0.018,
    "2021-05-30 18:50": 0.01,
    "2021-05-30 19:00": 0.009,
    "2021-05-30 19:10": 0.009,
    "2021-05-30 19:20": 0.009,
    "2021-05-30 22:30": 0
}