{
    "2021-05-28 23:10": 521.3,
    "2021-05-28 23:20": 519.3,
    "2021-05-28 23:30": 521.6,
    "2021-05-28 23:40": 519.8,
    "2021-05-28 23:50": 517.7,
    "2021-05-29 00:00": 518.5,
    "2021-05-29 00:10": 520.5,
    "2021-05-29 00:20": 518.9,
    "2021-05-29 00:30": 520.5,
    "2021-05-29 01:20": 480.6,
    "2021-05-29 01:30": 450.7,
    "2021-05-29 01:40": 424.4,
    "2021-05-29 01:50": 421.6,
    "2021-05-29 02:00": 423.1,
    "2021-05-29 02:10": 423.9,
    "2021-05-29 02:20": 423.9,
    "2021-05-29 02:30": 421.8,
    "2021-05-29 02:40": 422.4,
    "2021-05-29 02:50": 423.9,
    "2021-05-29 03:00": 422.5,
    "2021-05-29 03:10": 421.6,
    "2021-05-29 03:20": 422.3,
    "2021-05-29 03:30": 421.5,
    "2021-05-29 03:40": 423.4,
    "2021-05-29 03:50": 422.2,
    "2021-05-29 04:00": 423.2,
    "2021-05-29 04:10": 423.9,
    "2021-05-29 04:20": 422.5,
    "2021-05-29 04:30": 424.3,
    "2021-05-29 04:40": 422.4,
    "2021-05-29 04:50": 423.1,
    "2021-05-29 05:00": 423.2,
    "2021-05-29 05:10": 395,
    "2021-05-29 05:20": 373.7,
    "2021-05-29 05:30": 373.8,
    "2021-05-29 05:40": 374.3,
    "2021-05-29 05:50": 375.2,
    "2021-05-29 06:00": 375.1,
    "2021-05-29 06:10": 373.6,
    "2021-05-29 06:20": 375,
    "2021-05-29 06:30": 373.6,
    "2021-05-29 06:40": 374.4,
    "2021-05-29 06:50": 373.6,
    "2021-05-29 07:00": 374.4,
    "2021-05-29 07:10": 374.3,
    "2021-05-29 07:20": 374.4,
    "2021-05-29 07:30": 375.7,
    "2021-05-29 07:40": 374.5,
    "2021-05-29 07:50": 373.8,
    "2021-05-29 08:00": 375.3,
    "2021-05-29 08:10": 374.7,
    "2021-05-29 08:20": 375.3,
    "2021-05-29 08:30": 373.9,
    "2021-05-29 08:40": 375.6,
    "2021-05-29 08:50": 375.4,
    "2021-05-29 09:00": 374.7,
    "2021-05-29 09:10": 375.3,
    "2021-05-29 09:20": 375.4,
    "2021-05-29 09:30": 375.7,
    "2021-05-29 09:40": 374.6,
    "2021-05-29 09:50": 373.9,
    "2021-05-29 10:00": 375.4,
    "2021-05-29 10:10": 373.9,
    "2021-05-29 10:20": 373.1,
    "2021-05-29 10:30": 373.1,
    "2021-05-29 10:40": 376,
    "2021-05-29 10:50": 396.7,
    "2021-05-29 11:00": 422.6,
    "2021-05-29 11:10": 422.5,
    "2021-05-29 11:20": 422.2,
    "2021-05-29 11:30": 423.7,
    "2021-05-29 11:40": 422.3,
    "2021-05-29 11:50": 423.3,
    "2021-05-29 12:00": 421.2,
    "2021-05-29 12:10": 423.3,
    "2021-05-29 12:20": 424,
    "2021-05-29 12:30": 424.7,
    "2021-05-29 12:40": 423.4,
    "2021-05-29 12:50": 421.7,
    "2021-05-29 13:00": 423.9,
    "2021-05-29 13:10": 422.7,
    "2021-05-29 13:20": 424.8,
    "2021-05-29 13:30": 422.6,
    "2021-05-29 13:40": 423.6,
    "2021-05-29 13:50": 421.2,
    "2021-05-29 14:00": 424.8,
    "2021-05-29 14:10": 421.9,
    "2021-05-29 14:20": 421.2,
    "2021-05-29 14:30": 423.2,
    "2021-05-29 14:40": 423.4,
    "2021-05-29 14:50": 421.1,
    "2021-05-29 15:00": 393.6,
    "2021-05-29 15:10": 376.1,
    "2021-05-29 15:20": 372.4,
    "2021-05-29 15:30": 364.9,
    "2021-05-29 15:40": 335.7,
    "2021-05-29 15:50": 329.3,
    "2021-05-29 16:00": 332.2,
    "2021-05-29 16:10": 331.3,
    "2021-05-29 16:20": 330.8,
    "2021-05-29 16:30": 330.5,
    "2021-05-29 16:40": 332.2,
    "2021-05-29 16:50": 353.8,
    "2021-05-29 17:00": 374.8,
    "2021-05-29 17:10": 374.5,
    "2021-05-29 17:20": 375.4,
    "2021-05-29 17:30": 373.9,
    "2021-05-29 17:40": 374.8,
    "2021-05-29 17:50": 374.8,
    "2021-05-29 18:00": 374.9,
    "2021-05-29 18:10": 375,
    "2021-05-29 18:20": 374.9,
    "2021-05-29 18:30": 375.5,
    "2021-05-29 18:40": 375.3,
    "2021-05-29 18:50": 375.4,
    "2021-05-29 19:00": 375.4,
    "2021-05-29 19:10": 375.3,
    "2021-05-29 19:20": 375.2,
    "2021-05-29 19:30": 375.9,
    "2021-05-29 19:40": 375.8,
    "2021-05-29 19:50": 375.2,
    "2021-05-29 20:00": 373.8,
    "2021-05-29 20:10": 375.4,
    "2021-05-29 20:20": 374.6,
    "2021-05-29 20:30": 373.7,
    "2021-05-29 20:40": 374.7,
    "2021-05-29 20:50": 376.1,
    "2021-05-29 21:00": 375.4,
    "2021-05-30 00:10": 374.7,
    "2021-05-30 00:20": 374.4,
    "2021-05-30 00:30": 374,
    "2021-05-30 00:40": 373.7,
    "2021-05-30 00:50": 373.8,
    "2021-05-30 01:00": 373.3,
    "2021-05-30 01:10": 374,
    "2021-05-30 01:20": 373.6,
    "2021-05-30 01:30": 373.9,
    "2021-05-30 01:40": 375.3,
    "2021-05-30 01:50": 375.2,
    "2021-05-30 02:00": 373.8,
    "2021-05-30 02:10": 373.9,
    "2021-05-30 02:20": 374.6,
    "2021-05-30 02:30": 375.3,
    "2021-05-30 02:40": 373.6,
    "2021-05-30 02:50": 373.7,
    "2021-05-30 03:00": 373.5,
    "2021-05-30 03:10": 374.4,
    "2021-05-30 03:20": 373.7,
    "2021-05-30 03:30": 374.6,
    "2021-05-30 03:40": 374.1,
    "2021-05-30 03:50": 374.5,
    "2021-05-30 04:00": 373.6,
    "2021-05-30 04:10": 373.7,
    "2021-05-30 04:20": 374.3,
    "2021-05-30 04:30": 373,
    "2021-05-30 04:40": 374.4,
    "2021-05-30 04:50": 372.9,
    "2021-05-30 05:00": 373.6,
    "2021-05-30 05:10": 373.9,
    "2021-05-30 05:20": 372.8,
    "2021-05-30 05:30": 372.9,
    "2021-05-30 05:40": 373.6,
    "2021-05-30 05:50": 373.9,
    "2021-05-30 06:00": 373.6,
    "2021-05-30 06:10": 374.7,
    "2021-05-30 06:20": 373.6,
    "2021-05-30 06:30": 373,
    "2021-05-30 06:40": 374.5,
    "2021-05-30 06:50": 374.6,
    "2021-05-30 07:00": 373.5,
    "2021-05-30 07:10": 374.3,
    "2021-05-30 07:20": 372.8,
    "2021-05-30 07:30": 373.5,
    "2021-05-30 07:40": 368.8,
    "2021-05-30 07:50": 347.7,
    "2021-05-30 08:00": 330.7,
    "2021-05-30 08:10": 328.4,
    "2021-05-30 08:20": 331.4,
    "2021-05-30 08:30": 331.6,
    "2021-05-30 08:40": 332.6,
    "2021-05-30 08:50": 329.5,
    "2021-05-30 09:00": 331.7,
    "2021-05-30 09:10": 332.3,
    "2021-05-30 09:20": 329.3,
    "2021-05-30 09:30": 328.4,
    "2021-05-30 09:40": 331.8,
    "2021-05-30 09:50": 328.2,
    "2021-05-30 10:00": 328.3,
    "2021-05-30 10:10": 329.7,
    "2021-05-30 10:20": 328.3,
    "2021-05-30 10:30": 331.5,
    "2021-05-30 10:40": 329.6,
    "2021-05-30 10:50": 331,
    "2021-05-30 11:00": 331.3,
    "2021-05-30 11:10": 329.2,
    "2021-05-30 11:20": 330,
    "2021-05-30 11:30": 331.6,
    "2021-05-30 11:40": 329.1,
    "2021-05-30 11:50": 330.1,
    "2021-05-30 12:00": 330.3,
    "2021-05-30 12:10": 329.5,
    "2021-05-30 12:20": 331.1,
    "2021-05-30 12:30": 328.4,
    "2021-05-30 12:40": 332.1,
    "2021-05-30 12:50": 329.3,
    "2021-05-30 13:00": 333.7,
    "2021-05-30 13:10": 331.3,
    "2021-05-30 13:20": 331.9,
    "2021-05-30 13:30": 333.2,
    "2021-05-30 13:40": 333.9,
    "2021-05-30 13:50": 331.7,
    "2021-05-30 14:00": 331.8,
    "2021-05-30 14:10": 332.1,
    "2021-05-30 14:20": 333.9,
    "2021-05-30 14:30": 333.1,
    "2021-05-30 14:40": 331.9,
    "2021-05-30 14:50": 334.2,
    "2021-05-30 15:00": 334.7,
    "2021-05-30 15:10": 332.4,
    "2021-05-30 15:20": 333.9,
    "2021-05-30 15:30": 331.1,
    "2021-05-30 15:40": 332,
    "2021-05-30 15:50": 334.5,
    "2021-05-30 16:00": 333.2,
    "2021-05-30 16:10": 333.3,
    "2021-05-30 16:20": 334.6,
    "2021-05-30 16:30": 331.3,
    "2021-05-30 16:40": 333.6,
    "2021-05-30 17:20": 335.2,
    "2021-05-30 17:30": 334.3,
    "2021-05-30 17:50": 334.6,
    "2021-05-30 18:00": 332.5,
    "2021-05-30 18:10": 331.7,
    "2021-05-30 18:20": 334.1,
    "2021-05-30 18:30": 331.9,
    "2021-05-30 18:40": 331.6,
    "2021-05-30 18:50": 333.2,
    "2021-05-30 19:00": 333.2,
    "2021-05-30 19:10": 334.7,
    "2021-05-30 19:20": 332,
    "2021-05-30 19:30": 333.2,
    "2021-05-30 19:40": 331.9,
    "2021-05-30 19:50": 334.5,
    "2021-05-30 20:00": 333.9,
    "2021-05-30 20:10": 331.7,
    "2021-05-30 20:20": 332.4,
    "2021-05-30 20:30": 333.7,
    "2021-05-30 20:40": 333.9,
    "2021-05-30 20:50": 332.4,
    "2021-05-30 21:00": 331.9,
    "2021-05-30 21:10": 332.5,
    "2021-05-30 21:20": 333.3,
    "2021-05-30 21:30": 331.8,
    "2021-05-30 21:40": 333.9,
    "2021-05-30 21:50": 332,
    "2021-05-30 22:00": 332.8,
    "2021-05-30 22:10": 332.6,
    "2021-05-30 22:20": 333.4,
    "2021-05-30 22:30": 332.6
}