{
    "2021-05-28 23:10": 509.5,
    "2021-05-28 23:20": 509.6,
    "2021-05-28 23:30": 513.2,
    "2021-05-28 23:40": 509.5,
    "2021-05-28 23:50": 512.4,
    "2021-05-29 00:00": 503.8,
    "2021-05-29 00:10": 512.5,
    "2021-05-29 00:20": 500.7,
    "2021-05-29 00:30": 513.3,
    "2021-05-29 01:20": 486.6,
    "2021-05-29 01:30": 452.2,
    "2021-05-29 01:40": 429.8,
    "2021-05-29 01:50": 429.7,
    "2021-05-29 02:00": 428.1,
    "2021-05-29 02:10": 434.6,
    "2021-05-29 02:20": 428.3,
    "2021-05-29 02:30": 427.4,
    "2021-05-29 02:40": 432.1,
    "2021-05-29 02:50": 429.8,
    "2021-05-29 03:00": 437.4,
    "2021-05-29 03:10": 433.5,
    "2021-05-29 03:20": 435.3,
    "2021-05-29 03:30": 433.4,
    "2021-05-29 03:40": 429.8,
    "2021-05-29 03:50": 428.1,
    "2021-05-29 04:00": 431.3,
    "2021-05-29 04:10": 433.7,
    "2021-05-29 04:20": 438.2,
    "2021-05-29 04:30": 437,
    "2021-05-29 04:40": 436.1,
    "2021-05-29 04:50": 432.4,
    "2021-05-29 05:00": 435.4,
    "2021-05-29 05:10": 425.9,
    "2021-05-29 05:20": 428.2,
    "2021-05-29 05:30": 437.6,
    "2021-05-29 05:40": 432.1,
    "2021-05-29 05:50": 435.4,
    "2021-05-29 06:00": 432.4,
    "2021-05-29 06:10": 411.9,
    "2021-05-29 06:20": 389.1,
    "2021-05-29 06:30": 377.3,
    "2021-05-29 06:40": 384.7,
    "2021-05-29 06:50": 383.9,
    "2021-05-29 07:00": 379.8,
    "2021-05-29 07:10": 384,
    "2021-05-29 07:20": 379.9,
    "2021-05-29 07:30": 387,
    "2021-05-29 07:40": 387,
    "2021-05-29 07:50": 378.3,
    "2021-05-29 08:00": 385.2,
    "2021-05-29 08:10": 383.6,
    "2021-05-29 08:20": 381.2,
    "2021-05-29 08:30": 392.2,
    "2021-05-29 08:40": 390.1,
    "2021-05-29 08:50": 383.8,
    "2021-05-29 09:00": 371.4,
    "2021-05-29 09:10": 365,
    "2021-05-29 09:20": 369.7,
    "2021-05-29 09:30": 365,
    "2021-05-29 09:40": 379.6,
    "2021-05-29 09:50": 384.9,
    "2021-05-29 10:00": 392.2,
    "2021-05-29 10:10": 386.6,
    "2021-05-29 10:20": 389,
    "2021-05-29 10:30": 381.8,
    "2021-05-29 10:40": 389.9,
    "2021-05-29 10:50": 378,
    "2021-05-29 11:00": 383.6,
    "2021-05-29 11:10": 384.3,
    "2021-05-29 11:20": 397.3,
    "2021-05-29 11:30": 429.6,
    "2021-05-29 11:40": 431.2,
    "2021-05-29 11:50": 428.9,
    "2021-05-29 12:00": 422.4,
    "2021-05-29 12:10": 433.5,
    "2021-05-29 12:20": 432,
    "2021-05-29 12:30": 430.5,
    "2021-05-29 12:40": 431.8,
    "2021-05-29 12:50": 421.6,
    "2021-05-29 13:00": 431.1,
    "2021-05-29 13:10": 426.3,
    "2021-05-29 13:20": 432.9,
    "2021-05-29 13:30": 429.5,
    "2021-05-29 13:40": 427.2,
    "2021-05-29 13:50": 429.5,
    "2021-05-29 14:00": 431.2,
    "2021-05-29 14:10": 431.9,
    "2021-05-29 14:20": 429.6,
    "2021-05-29 14:30": 425.4,
    "2021-05-29 14:40": 430.2,
    "2021-05-29 14:50": 423.9,
    "2021-05-29 15:00": 419.4,
    "2021-05-29 15:10": 425.1,
    "2021-05-29 15:20": 393.1,
    "2021-05-29 15:30": 415,
    "2021-05-29 15:40": 369.9,
    "2021-05-29 15:50": 336.6,
    "2021-05-29 16:00": 329.8,
    "2021-05-29 16:10": 334.7,
    "2021-05-29 16:20": 326.8,
    "2021-05-29 16:30": 341.6,
    "2021-05-29 16:40": 335.4,
    "2021-05-29 16:50": 349.9,
    "2021-05-29 17:00": 376.1,
    "2021-05-29 17:10": 386.5,
    "2021-05-29 17:20": 387.2,
    "2021-05-29 17:30": 388.2,
    "2021-05-29 17:40": 391.9,
    "2021-05-29 17:50": 383.4,
    "2021-05-29 18:00": 386,
    "2021-05-29 18:10": 384.4,
    "2021-05-29 18:20": 385.8,
    "2021-05-29 18:30": 385.8,
    "2021-05-29 18:40": 389.8,
    "2021-05-29 18:50": 385.1,
    "2021-05-29 19:00": 383.4,
    "2021-05-29 19:10": 381.2,
    "2021-05-29 19:20": 389,
    "2021-05-29 19:30": 389.7,
    "2021-05-29 19:40": 385.8,
    "2021-05-29 19:50": 385.1,
    "2021-05-29 20:00": 380.4,
    "2021-05-29 20:10": 388.2,
    "2021-05-29 20:20": 387.4,
    "2021-05-29 20:30": 385,
    "2021-05-29 20:40": 388.1,
    "2021-05-29 20:50": 389,
    "2021-05-29 21:00": 386.4,
    "2021-05-30 00:10": 382.8,
    "2021-05-30 00:20": 386.7,
    "2021-05-30 00:30": 385.9,
    "2021-05-30 00:40": 381.2,
    "2021-05-30 00:50": 382,
    "2021-05-30 01:00": 381.9,
    "2021-05-30 01:10": 385.2,
    "2021-05-30 01:20": 385.9,
    "2021-05-30 01:30": 382.8,
    "2021-05-30 01:40": 389,
    "2021-05-30 01:50": 386.8,
    "2021-05-30 02:00": 388.3,
    "2021-05-30 02:10": 378,
    "2021-05-30 02:20": 381.1,
    "2021-05-30 02:30": 379.7,
    "2021-05-30 02:40": 384.3,
    "2021-05-30 02:50": 382.9,
    "2021-05-30 03:00": 382.7,
    "2021-05-30 03:10": 378.7,
    "2021-05-30 03:20": 405.1,
    "2021-05-30 03:30": 433.5,
    "2021-05-30 03:40": 443.1,
    "2021-05-30 03:50": 416.9,
    "2021-05-30 04:00": 390.8,
    "2021-05-30 04:10": 386,
    "2021-05-30 04:20": 382.2,
    "2021-05-30 04:30": 378.6,
    "2021-05-30 04:40": 386.8,
    "2021-05-30 04:50": 383.6,
    "2021-05-30 05:00": 381.9,
    "2021-05-30 05:10": 388.4,
    "2021-05-30 05:20": 375.7,
    "2021-05-30 05:30": 380.5,
    "2021-05-30 05:40": 390.8,
    "2021-05-30 05:50": 386.1,
    "2021-05-30 06:00": 388.3,
    "2021-05-30 06:10": 382.5,
    "2021-05-30 06:20": 386.5,
    "2021-05-30 06:30": 384.3,
    "2021-05-30 06:40": 382.8,
    "2021-05-30 06:50": 395.5,
    "2021-05-30 07:00": 384.4,
    "2021-05-30 07:10": 389.9,
    "2021-05-30 07:20": 376.4,
    "2021-05-30 07:30": 377.2,
    "2021-05-30 07:40": 384.4,
    "2021-05-30 07:50": 383.5,
    "2021-05-30 08:00": 386.6,
    "2021-05-30 08:10": 385.8,
    "2021-05-30 08:20": 388.3,
    "2021-05-30 08:30": 382,
    "2021-05-30 08:40": 387.4,
    "2021-05-30 08:50": 384.1,
    "2021-05-30 09:00": 380.4,
    "2021-05-30 09:10": 389.8,
    "2021-05-30 09:20": 377.2,
    "2021-05-30 09:30": 384.3,
    "2021-05-30 09:40": 363.9,
    "2021-05-30 09:50": 414.1,
    "2021-05-30 10:00": 380.4,
    "2021-05-30 10:10": 381.1,
    "2021-05-30 10:20": 381.2,
    "2021-05-30 10:30": 377.3,
    "2021-05-30 10:40": 388.3,
    "2021-05-30 10:50": 385.1,
    "2021-05-30 11:00": 386.8,
    "2021-05-30 11:10": 381.9,
    "2021-05-30 11:20": 389,
    "2021-05-30 11:30": 385.2,
    "2021-05-30 11:40": 381.1,
    "2021-05-30 11:50": 387.6,
    "2021-05-30 12:00": 391.4,
    "2021-05-30 12:10": 385.9,
    "2021-05-30 12:20": 389.8,
    "2021-05-30 12:30": 379.6,
    "2021-05-30 12:40": 385.9,
    "2021-05-30 12:50": 385.1,
    "2021-05-30 13:00": 386.1,
    "2021-05-30 13:10": 385.1,
    "2021-05-30 13:20": 387.4,
    "2021-05-30 13:30": 381.8,
    "2021-05-30 13:40": 385.1,
    "2021-05-30 13:50": 388.7,
    "2021-05-30 14:00": 381.8,
    "2021-05-30 14:10": 382.7,
    "2021-05-30 14:20": 381.2,
    "2021-05-30 14:30": 385.1,
    "2021-05-30 14:40": 380.3,
    "2021-05-30 14:50": 377.1,
    "2021-05-30 15:00": 389.7,
    "2021-05-30 15:10": 384.3,
    "2021-05-30 15:20": 382.7,
    "2021-05-30 15:30": 360.6,
    "2021-05-30 15:40": 334.8,
    "2021-05-30 15:50": 343.5,
    "2021-05-30 16:00": 338,
    "2021-05-30 16:10": 340.3,
    "2021-05-30 16:20": 340.3,
    "2021-05-30 16:30": 342.5,
    "2021-05-30 16:40": 340.2,
    "2021-05-30 17:20": 344.9,
    "2021-05-30 17:30": 345,
    "2021-05-30 17:50": 338.6,
    "2021-05-30 18:00": 339.5,
    "2021-05-30 18:10": 335.4,
    "2021-05-30 18:20": 343.4,
    "2021-05-30 18:30": 339.5,
    "2021-05-30 18:40": 341.8,
    "2021-05-30 18:50": 340.1,
    "2021-05-30 19:00": 342.6,
    "2021-05-30 19:10": 339.5,
    "2021-05-30 19:20": 343.3,
    "2021-05-30 19:30": 340.2,
    "2021-05-30 19:40": 340.2,
    "2021-05-30 19:50": 342.6,
    "2021-05-30 20:00": 337.9,
    "2021-05-30 20:10": 344,
    "2021-05-30 20:20": 343.4,
    "2021-05-30 20:30": 340.2,
    "2021-05-30 20:40": 345.7,
    "2021-05-30 20:50": 336.9,
    "2021-05-30 21:00": 342.3,
    "2021-05-30 21:10": 339,
    "2021-05-30 21:20": 343.1,
    "2021-05-30 21:30": 337,
    "2021-05-30 21:40": 343.4,
    "2021-05-30 21:50": 340.9,
    "2021-05-30 22:00": 342.5,
    "2021-05-30 22:10": 343.3,
    "2021-05-30 22:20": 337.1,
    "2021-05-30 22:30": 343.2
}