{
    "2021-05-28 23:10": 488.1,
    "2021-05-28 23:20": 501.3,
    "2021-05-28 23:30": 495.4,
    "2021-05-28 23:40": 508.5,
    "2021-05-28 23:50": 497.6,
    "2021-05-29 00:00": 492,
    "2021-05-29 00:10": 495.3,
    "2021-05-29 00:20": 489,
    "2021-05-29 00:30": 492.9,
    "2021-05-29 01:20": 468.7,
    "2021-05-29 01:30": 446.6,
    "2021-05-29 01:40": 440.3,
    "2021-05-29 01:50": 430.9,
    "2021-05-29 02:00": 431.7,
    "2021-05-29 02:10": 434.3,
    "2021-05-29 02:20": 431.2,
    "2021-05-29 02:30": 429.2,
    "2021-05-29 02:40": 430.1,
    "2021-05-29 02:50": 435.7,
    "2021-05-29 03:00": 432.5,
    "2021-05-29 03:10": 436.4,
    "2021-05-29 03:20": 427.8,
    "2021-05-29 03:30": 427,
    "2021-05-29 03:40": 440.2,
    "2021-05-29 03:50": 426.7,
    "2021-05-29 04:00": 435.9,
    "2021-05-29 04:10": 433.4,
    "2021-05-29 04:20": 428.1,
    "2021-05-29 04:30": 432.7,
    "2021-05-29 04:40": 430.9,
    "2021-05-29 04:50": 434.1,
    "2021-05-29 05:00": 432.4,
    "2021-05-29 05:10": 430.8,
    "2021-05-29 05:20": 432.5,
    "2021-05-29 05:30": 427.8,
    "2021-05-29 05:40": 427.8,
    "2021-05-29 05:50": 437.3,
    "2021-05-29 06:00": 428.9,
    "2021-05-29 06:10": 419.7,
    "2021-05-29 06:20": 398.7,
    "2021-05-29 06:30": 378,
    "2021-05-29 06:40": 380,
    "2021-05-29 06:50": 383.9,
    "2021-05-29 07:00": 384,
    "2021-05-29 07:10": 385.8,
    "2021-05-29 07:20": 384.9,
    "2021-05-29 07:30": 390.5,
    "2021-05-29 07:40": 386.5,
    "2021-05-29 07:50": 382.6,
    "2021-05-29 08:00": 386.5,
    "2021-05-29 08:10": 384,
    "2021-05-29 08:20": 385.2,
    "2021-05-29 08:30": 389.5,
    "2021-05-29 08:40": 391.2,
    "2021-05-29 08:50": 397.6,
    "2021-05-29 09:00": 364.4,
    "2021-05-29 09:10": 350.5,
    "2021-05-29 09:20": 352.8,
    "2021-05-29 09:30": 352.9,
    "2021-05-29 09:40": 354.2,
    "2021-05-29 09:50": 346.2,
    "2021-05-29 10:00": 348.8,
    "2021-05-29 10:10": 354.3,
    "2021-05-29 10:20": 352.6,
    "2021-05-29 10:30": 350.6,
    "2021-05-29 10:40": 371,
    "2021-05-29 10:50": 380.1,
    "2021-05-29 11:00": 381,
    "2021-05-29 11:10": 378.6,
    "2021-05-29 11:20": 385.9,
    "2021-05-29 11:30": 409.7,
    "2021-05-29 11:40": 426.4,
    "2021-05-29 11:50": 425.9,
    "2021-05-29 12:00": 428.9,
    "2021-05-29 12:10": 411.3,
    "2021-05-29 12:20": 384.3,
    "2021-05-29 12:30": 379.5,
    "2021-05-29 12:40": 372.2,
    "2021-05-29 12:50": 373.6,
    "2021-05-29 13:00": 379.4,
    "2021-05-29 13:10": 380.2,
    "2021-05-29 13:20": 381.2,
    "2021-05-29 13:30": 377.2,
    "2021-05-29 13:40": 381.7,
    "2021-05-29 13:50": 384,
    "2021-05-29 14:00": 380.8,
    "2021-05-29 14:10": 383,
    "2021-05-29 14:20": 376.2,
    "2021-05-29 14:30": 374.6,
    "2021-05-29 14:40": 375.6,
    "2021-05-29 14:50": 379.4,
    "2021-05-29 15:00": 378.3,
    "2021-05-29 15:10": 388.9,
    "2021-05-29 15:20": 374.8,
    "2021-05-29 15:30": 372.2,
    "2021-05-29 15:40": 346.7,
    "2021-05-29 15:50": 345.7,
    "2021-05-29 16:00": 349.1,
    "2021-05-29 16:10": 346.7,
    "2021-05-29 16:20": 341.2,
    "2021-05-29 16:30": 340.9,
    "2021-05-29 16:40": 341,
    "2021-05-29 16:50": 362.1,
    "2021-05-29 17:00": 382.2,
    "2021-05-29 17:10": 383.6,
    "2021-05-29 17:20": 378.3,
    "2021-05-29 17:30": 380.1,
    "2021-05-29 17:40": 378.8,
    "2021-05-29 17:50": 374.9,
    "2021-05-29 18:00": 372.5,
    "2021-05-29 18:10": 378.3,
    "2021-05-29 18:20": 376.5,
    "2021-05-29 18:30": 371.9,
    "2021-05-29 18:40": 375,
    "2021-05-29 18:50": 381.2,
    "2021-05-29 19:00": 376.6,
    "2021-05-29 19:10": 379,
    "2021-05-29 19:20": 374.9,
    "2021-05-29 19:30": 376.9,
    "2021-05-29 19:40": 377.2,
    "2021-05-29 19:50": 377.3,
    "2021-05-29 20:00": 377.5,
    "2021-05-29 20:10": 374.3,
    "2021-05-29 20:20": 378.2,
    "2021-05-29 20:30": 374.2,
    "2021-05-29 20:40": 375.5,
    "2021-05-29 20:50": 372.3,
    "2021-05-29 21:00": 376.3,
    "2021-05-30 00:10": 372.8,
    "2021-05-30 00:20": 379.8,
    "2021-05-30 00:30": 373.6,
    "2021-05-30 00:40": 371.1,
    "2021-05-30 00:50": 375,
    "2021-05-30 01:00": 374.3,
    "2021-05-30 01:10": 382.2,
    "2021-05-30 01:20": 376.2,
    "2021-05-30 01:30": 376.4,
    "2021-05-30 01:40": 382.2,
    "2021-05-30 01:50": 376.8,
    "2021-05-30 02:00": 378.2,
    "2021-05-30 02:10": 375.9,
    "2021-05-30 02:20": 377.3,
    "2021-05-30 02:30": 376.8,
    "2021-05-30 02:40": 378.2,
    "2021-05-30 02:50": 379,
    "2021-05-30 03:00": 372.5,
    "2021-05-30 03:10": 376,
    "2021-05-30 03:20": 391.7,
    "2021-05-30 03:30": 419.9,
    "2021-05-30 03:40": 435.2,
    "2021-05-30 03:50": 415.6,
    "2021-05-30 04:00": 380.9,
    "2021-05-30 04:10": 376.9,
    "2021-05-30 04:20": 375.2,
    "2021-05-30 04:30": 381.2,
    "2021-05-30 04:40": 386.9,
    "2021-05-30 04:50": 375.1,
    "2021-05-30 05:00": 375.8,
    "2021-05-30 05:10": 374.2,
    "2021-05-30 05:20": 373.6,
    "2021-05-30 05:30": 378.3,
    "2021-05-30 05:40": 385.4,
    "2021-05-30 05:50": 378.6,
    "2021-05-30 06:00": 379.5,
    "2021-05-30 06:10": 387.6,
    "2021-05-30 06:20": 380.1,
    "2021-05-30 06:30": 388.1,
    "2021-05-30 06:40": 385.1,
    "2021-05-30 06:50": 382,
    "2021-05-30 07:00": 379.8,
    "2021-05-30 07:10": 384.4,
    "2021-05-30 07:20": 376.3,
    "2021-05-30 07:30": 373.2,
    "2021-05-30 07:40": 382.1,
    "2021-05-30 07:50": 382.8,
    "2021-05-30 08:00": 382.1,
    "2021-05-30 08:10": 385.1,
    "2021-05-30 08:20": 388.3,
    "2021-05-30 08:30": 388.2,
    "2021-05-30 08:40": 375.9,
    "2021-05-30 08:50": 372.5,
    "2021-05-30 09:00": 387.6,
    "2021-05-30 09:10": 383.5,
    "2021-05-30 09:20": 380.2,
    "2021-05-30 09:30": 379.4,
    "2021-05-30 09:40": 380.3,
    "2021-05-30 09:50": 381.9,
    "2021-05-30 10:00": 377.2,
    "2021-05-30 10:10": 381.8,
    "2021-05-30 10:20": 381.1,
    "2021-05-30 10:30": 385.1,
    "2021-05-30 10:40": 383.5,
    "2021-05-30 10:50": 376.4,
    "2021-05-30 11:00": 389,
    "2021-05-30 11:10": 376.1,
    "2021-05-30 11:20": 381.1,
    "2021-05-30 11:30": 387.5,
    "2021-05-30 11:40": 378.6,
    "2021-05-30 11:50": 377.6,
    "2021-05-30 12:00": 381,
    "2021-05-30 12:10": 377.9,
    "2021-05-30 12:20": 379,
    "2021-05-30 12:30": 377.2,
    "2021-05-30 12:40": 385.3,
    "2021-05-30 12:50": 375.6,
    "2021-05-30 13:00": 379.7,
    "2021-05-30 13:10": 377.1,
    "2021-05-30 13:20": 386.4,
    "2021-05-30 13:30": 386.5,
    "2021-05-30 13:40": 381.3,
    "2021-05-30 13:50": 382,
    "2021-05-30 14:00": 381.8,
    "2021-05-30 14:10": 371.4,
    "2021-05-30 14:20": 382.2,
    "2021-05-30 14:30": 381.2,
    "2021-05-30 14:40": 378.8,
    "2021-05-30 14:50": 379.7,
    "2021-05-30 15:00": 384.4,
    "2021-05-30 15:10": 380.4,
    "2021-05-30 15:20": 385.2,
    "2021-05-30 15:30": 368.9,
    "2021-05-30 15:40": 347.5,
    "2021-05-30 15:50": 336.2,
    "2021-05-30 16:00": 338.3,
    "2021-05-30 16:10": 343.1,
    "2021-05-30 16:20": 321.9,
    "2021-05-30 16:30": 334.1,
    "2021-05-30 16:40": 342.4,
    "2021-05-30 17:20": 338.4,
    "2021-05-30 17:30": 343.8,
    "2021-05-30 17:50": 336.8,
    "2021-05-30 18:00": 334.3,
    "2021-05-30 18:10": 334.3,
    "2021-05-30 18:20": 338.4,
    "2021-05-30 18:30": 338.1,
    "2021-05-30 18:40": 334.1,
    "2021-05-30 18:50": 339.1,
    "2021-05-30 19:00": 335.2,
    "2021-05-30 19:10": 335.2,
    "2021-05-30 19:20": 335.9,
    "2021-05-30 19:30": 334.4,
    "2021-05-30 19:40": 335.9,
    "2021-05-30 19:50": 335.9,
    "2021-05-30 20:00": 338.5,
    "2021-05-30 20:10": 337.5,
    "2021-05-30 20:20": 338.4,
    "2021-05-30 20:30": 333.7,
    "2021-05-30 20:40": 339.2,
    "2021-05-30 20:50": 336.7,
    "2021-05-30 21:00": 334.4,
    "2021-05-30 21:10": 336.5,
    "2021-05-30 21:20": 338.9,
    "2021-05-30 21:30": 332.9,
    "2021-05-30 21:40": 336.3,
    "2021-05-30 21:50": 331.8,
    "2021-05-30 22:00": 338.3,
    "2021-05-30 22:10": 339.2,
    "2021-05-30 22:20": 340.9,
    "2021-05-30 22:30": 336.2
}