{
    "2021-05-22 12:10": 389.4,
    "2021-05-22 12:20": 387.7,
    "2021-05-22 12:30": 388.6,
    "2021-05-22 12:40": 387.8,
    "2021-05-22 12:50": 391,
    "2021-05-22 13:00": 389.3,
    "2021-05-22 13:10": 388.6,
    "2021-05-22 13:20": 402.3,
    "2021-05-22 13:30": 430.9,
    "2021-05-22 13:40": 439.4,
    "2021-05-22 13:50": 441.9,
    "2021-05-22 14:00": 446.3,
    "2021-05-22 14:10": 476.2,
    "2021-05-22 14:20": 487.8,
    "2021-05-22 14:30": 487.7,
    "2021-05-22 14:40": 489.4,
    "2021-05-22 14:50": 484.7,
    "2021-05-22 15:00": 485.6,
    "2021-05-22 15:10": 487.1,
    "2021-05-22 15:20": 488,
    "2021-05-22 15:30": 487.1,
    "2021-05-22 15:40": 488,
    "2021-05-22 15:50": 486.6,
    "2021-05-22 16:00": 484.1,
    "2021-05-22 16:10": 500.2,
    "2021-05-22 16:20": 522.1,
    "2021-05-22 16:40": 527.4,
    "2021-05-22 16:50": 530.6,
    "2021-05-22 17:00": 530.7,
    "2021-05-22 17:10": 526.9,
    "2021-05-22 17:20": 529.3,
    "2021-05-22 17:30": 530.7,
    "2021-05-22 17:40": 533.1,
    "2021-05-22 17:50": 530.1,
    "2021-05-22 18:00": 530.7,
    "2021-05-22 18:10": 530.1,
    "2021-05-22 18:20": 530,
    "2021-05-22 18:40": 532.3,
    "2021-05-22 18:50": 529.9,
    "2021-05-22 19:10": 532.9,
    "2021-05-22 19:20": 530.7,
    "2021-05-22 19:30": 533.1,
    "2021-05-22 19:40": 533.2,
    "2021-05-22 20:00": 532.4,
    "2021-05-22 20:10": 529.2,
    "2021-05-22 20:20": 528.5,
    "2021-05-22 20:30": 531.4,
    "2021-05-22 20:40": 533.6,
    "2021-05-22 20:50": 526.8,
    "2021-05-22 21:00": 531.4,
    "2021-05-22 21:10": 531.5,
    "2021-05-22 21:20": 529,
    "2021-05-22 21:30": 529.9,
    "2021-05-22 21:40": 530.7,
    "2021-05-22 21:50": 533,
    "2021-05-22 22:00": 530.6,
    "2021-05-22 22:10": 533.8,
    "2021-05-22 22:20": 533.8,
    "2021-05-22 22:30": 530.7,
    "2021-05-22 22:40": 529.2,
    "2021-05-22 22:50": 529.9,
    "2021-05-22 23:00": 530.7,
    "2021-05-22 23:10": 530.7,
    "2021-05-22 23:20": 532.2,
    "2021-05-22 23:30": 532.3,
    "2021-05-22 23:40": 529.2,
    "2021-05-22 23:50": 529.2,
    "2021-05-23 00:00": 532.2,
    "2021-05-23 00:10": 529,
    "2021-05-23 00:20": 531.3,
    "2021-05-23 00:30": 530.7,
    "2021-05-23 00:40": 530.6,
    "2021-05-23 00:50": 531.4,
    "2021-05-23 01:00": 529.8,
    "2021-05-23 01:10": 530.6,
    "2021-05-23 01:20": 530.7,
    "2021-05-23 01:30": 529.6,
    "2021-05-23 01:40": 530.5,
    "2021-05-23 01:50": 531.4,
    "2021-05-23 02:00": 532.9,
    "2021-05-23 02:10": 531.4,
    "2021-05-23 02:20": 532.4,
    "2021-05-23 02:30": 530.7,
    "2021-05-23 02:40": 529.9,
    "2021-05-23 02:50": 531.7,
    "2021-05-23 03:00": 531.5,
    "2021-05-23 03:10": 529.8,
    "2021-05-23 03:20": 530.8,
    "2021-05-23 03:30": 531.3,
    "2021-05-23 03:40": 532.4,
    "2021-05-23 03:50": 530.1,
    "2021-05-23 04:10": 531.7,
    "2021-05-23 04:20": 530.8,
    "2021-05-23 04:30": 533,
    "2021-05-23 04:40": 530.8,
    "2021-05-23 04:50": 513.2,
    "2021-05-23 05:00": 490.4,
    "2021-05-23 05:10": 480.3,
    "2021-05-23 05:30": 480.3,
    "2021-05-23 05:40": 481,
    "2021-05-23 05:50": 480.2,
    "2021-05-23 06:00": 480.9,
    "2021-05-23 06:20": 481.7,
    "2021-05-23 06:30": 472.4,
    "2021-05-23 06:40": 443.4,
    "2021-05-23 06:50": 432.6,
    "2021-05-23 07:00": 431.7,
    "2021-05-23 07:10": 434.8,
    "2021-05-23 07:20": 435.5,
    "2021-05-23 07:40": 390.9,
    "2021-05-23 07:50": 384.7,
    "2021-05-23 08:00": 383.8,
    "2021-05-23 08:10": 387.4,
    "2021-05-23 08:30": 382.5,
    "2021-05-23 08:40": 375.6,
    "2021-05-23 08:50": 344,
    "2021-05-23 09:00": 336,
    "2021-05-23 09:10": 339.4,
    "2021-05-23 09:20": 338.6,
    "2021-05-23 09:30": 341.2,
    "2021-05-23 09:40": 338.9,
    "2021-05-23 09:50": 341.3,
    "2021-05-23 10:00": 339.9,
    "2021-05-23 10:10": 338.9,
    "2021-05-23 10:20": 340.5,
    "2021-05-23 10:40": 339.6,
    "2021-05-23 10:50": 343,
    "2021-05-23 11:00": 339.7,
    "2021-05-23 11:10": 342.1,
    "2021-05-23 11:20": 378.6,
    "2021-05-23 11:30": 390.4,
    "2021-05-23 11:50": 438.6,
    "2021-05-23 12:00": 441.7,
    "2021-05-23 12:10": 444,
    "2021-05-23 12:20": 441.6,
    "2021-05-23 12:30": 441.7,
    "2021-05-23 12:40": 440.2,
    "2021-05-23 12:50": 441.8,
    "2021-05-23 13:00": 435.4,
    "2021-05-23 13:10": 439.3,
    "2021-05-23 13:20": 443.4,
    "2021-05-23 13:30": 438.6,
    "2021-05-23 13:40": 442.3,
    "2021-05-23 13:50": 440.6,
    "2021-05-23 14:00": 440,
    "2021-05-23 14:10": 442.3,
    "2021-05-23 14:20": 439.2,
    "2021-05-23 14:30": 440,
    "2021-05-23 14:40": 439.2,
    "2021-05-23 14:50": 441.7,
    "2021-05-23 15:00": 440.8,
    "2021-05-23 15:10": 440,
    "2021-05-23 15:20": 440.8,
    "2021-05-23 15:30": 440.8,
    "2021-05-23 15:40": 440.8,
    "2021-05-23 15:50": 440,
    "2021-05-23 16:00": 439.3,
    "2021-05-23 16:10": 440.7,
    "2021-05-23 16:20": 441.7,
    "2021-05-23 16:30": 441.9,
    "2021-05-23 16:40": 447.2,
    "2021-05-23 16:50": 473.5,
    "2021-05-23 17:00": 485.7,
    "2021-05-23 17:10": 488.8,
    "2021-05-23 17:20": 488.8,
    "2021-05-23 17:30": 490.4,
    "2021-05-23 17:40": 508.3,
    "2021-05-23 17:50": 524.1,
    "2021-05-23 18:00": 530.3,
    "2021-05-23 18:10": 523.4,
    "2021-05-23 18:20": 529.1,
    "2021-05-23 18:30": 529.8,
    "2021-05-23 18:40": 530.6,
    "2021-05-23 18:50": 532.1,
    "2021-05-23 19:00": 533.7,
    "2021-05-23 19:10": 529.1,
    "2021-05-23 19:20": 529.1,
    "2021-05-23 19:30": 529,
    "2021-05-23 19:40": 527.5,
    "2021-05-23 19:50": 525.2,
    "2021-05-23 20:00": 526.5,
    "2021-05-23 20:10": 528.1,
    "2021-05-23 20:20": 527.3,
    "2021-05-23 20:30": 530.4,
    "2021-05-23 20:40": 528.9,
    "2021-05-23 20:50": 526.7,
    "2021-05-23 21:00": 528.3,
    "2021-05-23 21:10": 527.5,
    "2021-05-23 21:20": 527.7,
    "2021-05-23 21:30": 529.3,
    "2021-05-23 21:40": 530.1,
    "2021-05-23 21:50": 526.2,
    "2021-05-23 22:00": 527.7,
    "2021-05-23 22:10": 529.3,
    "2021-05-23 22:20": 528.6,
    "2021-05-23 22:30": 531,
    "2021-05-23 22:40": 530.3,
    "2021-05-23 22:50": 526.3,
    "2021-05-23 23:00": 525.7
}