{
    "2021-05-28 23:10": 506.1,
    "2021-05-28 23:20": 510,
    "2021-05-28 23:30": 489.7,
    "2021-05-28 23:40": 521.2,
    "2021-05-28 23:50": 522.1,
    "2021-05-29 00:00": 511.1,
    "2021-05-29 00:10": 508.2,
    "2021-05-29 00:20": 510.5,
    "2021-05-29 00:30": 507.3,
    "2021-05-29 01:20": 474.5,
    "2021-05-29 01:30": 448.1,
    "2021-05-29 01:40": 428.7,
    "2021-05-29 01:50": 412.8,
    "2021-05-29 02:00": 416,
    "2021-05-29 02:10": 416.1,
    "2021-05-29 02:20": 418.5,
    "2021-05-29 02:30": 419.6,
    "2021-05-29 02:40": 419.9,
    "2021-05-29 02:50": 427.8,
    "2021-05-29 03:00": 406.5,
    "2021-05-29 03:10": 422.3,
    "2021-05-29 03:20": 426.8,
    "2021-05-29 03:30": 418.8,
    "2021-05-29 03:40": 426,
    "2021-05-29 03:50": 416.3,
    "2021-05-29 04:00": 419.8,
    "2021-05-29 04:10": 423.9,
    "2021-05-29 04:20": 422.9,
    "2021-05-29 04:30": 417.7,
    "2021-05-29 04:40": 424.6,
    "2021-05-29 04:50": 423.9,
    "2021-05-29 05:00": 424.6,
    "2021-05-29 05:10": 418.9,
    "2021-05-29 05:20": 421.5,
    "2021-05-29 05:30": 417.5,
    "2021-05-29 05:40": 421.4,
    "2021-05-29 05:50": 424.6,
    "2021-05-29 06:00": 418.1,
    "2021-05-29 06:10": 412.6,
    "2021-05-29 06:20": 392.4,
    "2021-05-29 06:30": 375,
    "2021-05-29 06:40": 370.6,
    "2021-05-29 06:50": 369.2,
    "2021-05-29 07:00": 366.5,
    "2021-05-29 07:10": 370.1,
    "2021-05-29 07:20": 369,
    "2021-05-29 07:30": 381,
    "2021-05-29 07:40": 373,
    "2021-05-29 07:50": 365.9,
    "2021-05-29 08:00": 377.5,
    "2021-05-29 08:10": 376.1,
    "2021-05-29 08:20": 373.3,
    "2021-05-29 08:30": 380.4,
    "2021-05-29 08:40": 375.8,
    "2021-05-29 08:50": 376.7,
    "2021-05-29 09:00": 372.6,
    "2021-05-29 09:10": 349.3,
    "2021-05-29 09:20": 354.9,
    "2021-05-29 09:30": 355.6,
    "2021-05-29 09:40": 336.7,
    "2021-05-29 09:50": 372.3,
    "2021-05-29 10:00": 372.5,
    "2021-05-29 10:10": 370,
    "2021-05-29 10:20": 373.1,
    "2021-05-29 10:30": 365.3,
    "2021-05-29 10:40": 372.9,
    "2021-05-29 10:50": 367.9,
    "2021-05-29 11:00": 365.4,
    "2021-05-29 11:10": 368.5,
    "2021-05-29 11:20": 373.9,
    "2021-05-29 11:30": 403.8,
    "2021-05-29 11:40": 409.3,
    "2021-05-29 11:50": 424.4,
    "2021-05-29 12:00": 412.4,
    "2021-05-29 12:10": 421.9,
    "2021-05-29 12:20": 422.2,
    "2021-05-29 12:30": 421.3,
    "2021-05-29 12:40": 412.4,
    "2021-05-29 12:50": 413.9,
    "2021-05-29 13:00": 407,
    "2021-05-29 13:10": 413.4,
    "2021-05-29 13:20": 420.7,
    "2021-05-29 13:30": 417,
    "2021-05-29 13:40": 420.9,
    "2021-05-29 13:50": 417.6,
    "2021-05-29 14:00": 416.5,
    "2021-05-29 14:10": 413.5,
    "2021-05-29 14:20": 413.7,
    "2021-05-29 14:30": 416.1,
    "2021-05-29 14:40": 411.5,
    "2021-05-29 14:50": 415.6,
    "2021-05-29 15:00": 393,
    "2021-05-29 15:10": 373.1,
    "2021-05-29 15:20": 367.3,
    "2021-05-29 15:30": 390.8,
    "2021-05-29 15:40": 327.3,
    "2021-05-29 15:50": 319.4,
    "2021-05-29 16:00": 327,
    "2021-05-29 16:10": 324.6,
    "2021-05-29 16:20": 324.2,
    "2021-05-29 16:30": 338.5,
    "2021-05-29 16:40": 332.2,
    "2021-05-29 16:50": 334.1,
    "2021-05-29 17:00": 359.3,
    "2021-05-29 17:10": 374.3,
    "2021-05-29 17:20": 383.3,
    "2021-05-29 17:30": 378.6,
    "2021-05-29 17:40": 384.1,
    "2021-05-29 17:50": 372,
    "2021-05-29 18:00": 375,
    "2021-05-29 18:10": 380.8,
    "2021-05-29 18:20": 379,
    "2021-05-29 18:30": 377.3,
    "2021-05-29 18:40": 373.4,
    "2021-05-29 18:50": 373.3,
    "2021-05-29 19:00": 374,
    "2021-05-29 19:10": 381.2,
    "2021-05-29 19:20": 372.4,
    "2021-05-29 19:30": 368.6,
    "2021-05-29 19:40": 373.3,
    "2021-05-29 19:50": 380.4,
    "2021-05-29 20:00": 375.6,
    "2021-05-29 20:10": 379.5,
    "2021-05-29 20:20": 372.5,
    "2021-05-29 20:30": 370,
    "2021-05-29 20:40": 376.4,
    "2021-05-29 20:50": 377.8,
    "2021-05-29 21:00": 377.9,
    "2021-05-30 00:10": 371.8,
    "2021-05-30 00:20": 373.5,
    "2021-05-30 00:30": 379.9,
    "2021-05-30 00:40": 368.3,
    "2021-05-30 00:50": 384.4,
    "2021-05-30 01:00": 370.3,
    "2021-05-30 01:10": 376.1,
    "2021-05-30 01:20": 371.7,
    "2021-05-30 01:30": 379.6,
    "2021-05-30 01:40": 376.9,
    "2021-05-30 01:50": 378.5,
    "2021-05-30 02:00": 375.4,
    "2021-05-30 02:10": 380,
    "2021-05-30 02:20": 375.3,
    "2021-05-30 02:30": 367.5,
    "2021-05-30 02:40": 367.3,
    "2021-05-30 02:50": 374.4,
    "2021-05-30 03:00": 373.5,
    "2021-05-30 03:10": 379.1,
    "2021-05-30 03:20": 399,
    "2021-05-30 03:30": 427.8,
    "2021-05-30 03:40": 430.7,
    "2021-05-30 03:50": 401,
    "2021-05-30 04:00": 375.4,
    "2021-05-30 04:10": 377.9,
    "2021-05-30 04:20": 369.8,
    "2021-05-30 04:30": 361.1,
    "2021-05-30 04:40": 377.6,
    "2021-05-30 04:50": 375.2,
    "2021-05-30 05:00": 371.1,
    "2021-05-30 05:10": 373.6,
    "2021-05-30 05:20": 372.8,
    "2021-05-30 05:30": 370.4,
    "2021-05-30 05:40": 377.6,
    "2021-05-30 05:50": 372.6,
    "2021-05-30 06:00": 376.5,
    "2021-05-30 06:10": 374.2,
    "2021-05-30 06:20": 376.2,
    "2021-05-30 06:30": 379.1,
    "2021-05-30 06:40": 374.7,
    "2021-05-30 06:50": 374.2,
    "2021-05-30 07:00": 381.2,
    "2021-05-30 07:10": 374.9,
    "2021-05-30 07:20": 366.8,
    "2021-05-30 07:30": 367.5,
    "2021-05-30 07:40": 373.3,
    "2021-05-30 07:50": 370.8,
    "2021-05-30 08:00": 378.7,
    "2021-05-30 08:10": 369.1,
    "2021-05-30 08:20": 378.7,
    "2021-05-30 08:30": 377.1,
    "2021-05-30 08:40": 376.4,
    "2021-05-30 08:50": 373.6,
    "2021-05-30 09:00": 378.7,
    "2021-05-30 09:10": 371,
    "2021-05-30 09:20": 369,
    "2021-05-30 09:30": 367.5,
    "2021-05-30 09:40": 372.2,
    "2021-05-30 09:50": 374.5,
    "2021-05-30 10:00": 369.8,
    "2021-05-30 10:10": 373.3,
    "2021-05-30 10:20": 376.5,
    "2021-05-30 10:30": 378.3,
    "2021-05-30 10:40": 374.3,
    "2021-05-30 10:50": 373.6,
    "2021-05-30 11:00": 381.4,
    "2021-05-30 11:10": 373.3,
    "2021-05-30 11:20": 377.3,
    "2021-05-30 11:30": 384.7,
    "2021-05-30 11:40": 371.8,
    "2021-05-30 11:50": 375.7,
    "2021-05-30 12:00": 378.3,
    "2021-05-30 12:10": 372.1,
    "2021-05-30 12:20": 377.6,
    "2021-05-30 12:30": 371.1,
    "2021-05-30 12:40": 375.2,
    "2021-05-30 12:50": 369.4,
    "2021-05-30 13:00": 381.5,
    "2021-05-30 13:10": 376.1,
    "2021-05-30 13:20": 376.1,
    "2021-05-30 13:30": 374.8,
    "2021-05-30 13:40": 378.6,
    "2021-05-30 13:50": 379.5,
    "2021-05-30 14:00": 373,
    "2021-05-30 14:10": 367.4,
    "2021-05-30 14:20": 366.9,
    "2021-05-30 14:30": 370.9,
    "2021-05-30 14:40": 376.3,
    "2021-05-30 14:50": 378,
    "2021-05-30 15:00": 379.7,
    "2021-05-30 15:10": 368.6,
    "2021-05-30 15:20": 373.5,
    "2021-05-30 15:30": 356.4,
    "2021-05-30 15:40": 333.4,
    "2021-05-30 15:50": 322.4,
    "2021-05-30 16:00": 325.3,
    "2021-05-30 16:10": 328.7,
    "2021-05-30 16:20": 327.7,
    "2021-05-30 16:30": 322.1,
    "2021-05-30 16:40": 326.1,
    "2021-05-30 17:20": 330.9,
    "2021-05-30 17:30": 329.3,
    "2021-05-30 17:50": 327.7,
    "2021-05-30 18:00": 320.7,
    "2021-05-30 18:10": 329.9,
    "2021-05-30 18:20": 332.7,
    "2021-05-30 18:30": 320.4,
    "2021-05-30 18:40": 330.3,
    "2021-05-30 18:50": 324.4,
    "2021-05-30 19:00": 328.2,
    "2021-05-30 19:10": 328.2,
    "2021-05-30 19:20": 329.8,
    "2021-05-30 19:30": 331.4,
    "2021-05-30 19:40": 324.2,
    "2021-05-30 19:50": 332.3,
    "2021-05-30 20:00": 328.4,
    "2021-05-30 20:10": 325.9,
    "2021-05-30 20:20": 329.1,
    "2021-05-30 20:30": 327.5,
    "2021-05-30 20:40": 330.6,
    "2021-05-30 20:50": 322.6,
    "2021-05-30 21:00": 330.5,
    "2021-05-30 21:10": 320.9,
    "2021-05-30 21:20": 331.5,
    "2021-05-30 21:30": 322.2,
    "2021-05-30 21:40": 323.2,
    "2021-05-30 21:50": 336.3,
    "2021-05-30 22:00": 323.7,
    "2021-05-30 22:10": 326.8,
    "2021-05-30 22:20": 333.1,
    "2021-05-30 22:30": 331.9
}