{
    "2021-05-28 23:10": 532.4,
    "2021-05-28 23:20": 537.8,
    "2021-05-28 23:30": 537.5,
    "2021-05-28 23:40": 536.2,
    "2021-05-28 23:50": 532.4,
    "2021-05-29 00:00": 536.2,
    "2021-05-29 00:10": 537.8,
    "2021-05-29 00:20": 536.7,
    "2021-05-29 00:30": 538.5,
    "2021-05-29 01:20": 491.9,
    "2021-05-29 01:30": 468.1,
    "2021-05-29 01:40": 438.4,
    "2021-05-29 01:50": 434.4,
    "2021-05-29 02:00": 434.1,
    "2021-05-29 02:10": 438.3,
    "2021-05-29 02:20": 436.1,
    "2021-05-29 02:30": 435.8,
    "2021-05-29 02:40": 434.9,
    "2021-05-29 02:50": 434.3,
    "2021-05-29 03:00": 436.4,
    "2021-05-29 03:10": 438,
    "2021-05-29 03:20": 434.9,
    "2021-05-29 03:30": 435.7,
    "2021-05-29 03:40": 434.3,
    "2021-05-29 03:50": 434.8,
    "2021-05-29 04:00": 434.9,
    "2021-05-29 04:10": 434.8,
    "2021-05-29 04:20": 436.4,
    "2021-05-29 04:30": 437.4,
    "2021-05-29 04:40": 432.6,
    "2021-05-29 04:50": 435.9,
    "2021-05-29 05:00": 438.2,
    "2021-05-29 05:10": 435.6,
    "2021-05-29 05:20": 410.5,
    "2021-05-29 05:30": 388.1,
    "2021-05-29 05:40": 381.8,
    "2021-05-29 05:50": 387.4,
    "2021-05-29 06:00": 385.7,
    "2021-05-29 06:10": 382.5,
    "2021-05-29 06:20": 384.8,
    "2021-05-29 06:30": 385.4,
    "2021-05-29 06:40": 386.1,
    "2021-05-29 06:50": 384.9,
    "2021-05-29 07:00": 386.4,
    "2021-05-29 07:10": 382.5,
    "2021-05-29 07:20": 385.5,
    "2021-05-29 07:30": 386.5,
    "2021-05-29 07:40": 388.7,
    "2021-05-29 07:50": 384,
    "2021-05-29 08:00": 388.7,
    "2021-05-29 08:10": 386.4,
    "2021-05-29 08:20": 384.8,
    "2021-05-29 08:30": 384.7,
    "2021-05-29 08:40": 384.6,
    "2021-05-29 08:50": 380.8,
    "2021-05-29 09:00": 371.5,
    "2021-05-29 09:10": 364.7,
    "2021-05-29 09:20": 359.9,
    "2021-05-29 09:30": 366.8,
    "2021-05-29 09:40": 365.9,
    "2021-05-29 09:50": 384.6,
    "2021-05-29 10:00": 391.5,
    "2021-05-29 10:10": 390,
    "2021-05-29 10:20": 391.5,
    "2021-05-29 10:30": 390.7,
    "2021-05-29 10:40": 392.4,
    "2021-05-29 10:50": 392.4,
    "2021-05-29 11:00": 390.8,
    "2021-05-29 11:10": 390.8,
    "2021-05-29 11:20": 398.5,
    "2021-05-29 11:30": 421.1,
    "2021-05-29 11:40": 431.5,
    "2021-05-29 11:50": 437.8,
    "2021-05-29 12:00": 439.8,
    "2021-05-29 12:10": 437.7,
    "2021-05-29 12:20": 439.9,
    "2021-05-29 12:30": 436.9,
    "2021-05-29 12:40": 437.7,
    "2021-05-29 12:50": 437.4,
    "2021-05-29 13:00": 435.3,
    "2021-05-29 13:10": 441.5,
    "2021-05-29 13:20": 437.1,
    "2021-05-29 13:30": 434.7,
    "2021-05-29 13:40": 436.2,
    "2021-05-29 13:50": 438.7,
    "2021-05-29 14:00": 437,
    "2021-05-29 14:10": 435.3,
    "2021-05-29 14:20": 437.7,
    "2021-05-29 14:30": 433.9,
    "2021-05-29 14:40": 437,
    "2021-05-29 14:50": 433.8,
    "2021-05-29 15:00": 416.4,
    "2021-05-29 15:10": 396.7,
    "2021-05-29 15:20": 386.4,
    "2021-05-29 15:30": 385.6,
    "2021-05-29 15:40": 387.9,
    "2021-05-29 15:50": 386.3,
    "2021-05-29 16:00": 389.5,
    "2021-05-29 16:10": 387.2,
    "2021-05-29 16:20": 386.4,
    "2021-05-29 16:30": 390.4,
    "2021-05-29 16:40": 387.2,
    "2021-05-29 16:50": 389.5,
    "2021-05-29 17:00": 392,
    "2021-05-29 17:10": 387.2,
    "2021-05-29 17:20": 388.8,
    "2021-05-29 17:30": 389.4,
    "2021-05-29 17:40": 387.8,
    "2021-05-29 17:50": 387.8,
    "2021-05-29 18:00": 387.8,
    "2021-05-29 18:10": 387.8,
    "2021-05-29 18:20": 387.7,
    "2021-05-29 18:30": 388.5,
    "2021-05-29 18:40": 389.1,
    "2021-05-29 18:50": 385.5,
    "2021-05-29 19:00": 389.3,
    "2021-05-29 19:10": 389,
    "2021-05-29 19:20": 386,
    "2021-05-29 19:30": 389.8,
    "2021-05-29 19:40": 385.5,
    "2021-05-29 19:50": 390.2,
    "2021-05-29 20:00": 389.3,
    "2021-05-29 20:10": 388.6,
    "2021-05-29 20:20": 386.3,
    "2021-05-29 20:30": 386.3,
    "2021-05-29 20:40": 385.5,
    "2021-05-29 20:50": 389.4,
    "2021-05-29 21:00": 388.7,
    "2021-05-30 00:10": 390.5,
    "2021-05-30 00:20": 389.1,
    "2021-05-30 00:30": 388.3,
    "2021-05-30 00:40": 386,
    "2021-05-30 00:50": 387.5,
    "2021-05-30 01:00": 385.2,
    "2021-05-30 01:10": 389.1,
    "2021-05-30 01:20": 386.6,
    "2021-05-30 01:30": 387.5,
    "2021-05-30 01:40": 388.4,
    "2021-05-30 01:50": 390.7,
    "2021-05-30 02:00": 389.8,
    "2021-05-30 02:10": 388.2,
    "2021-05-30 02:20": 389.9,
    "2021-05-30 02:30": 387.5,
    "2021-05-30 02:40": 389,
    "2021-05-30 02:50": 391.4,
    "2021-05-30 03:00": 386.6,
    "2021-05-30 03:10": 389,
    "2021-05-30 03:20": 387.5,
    "2021-05-30 03:30": 389.9,
    "2021-05-30 03:40": 386,
    "2021-05-30 03:50": 390.7,
    "2021-05-30 04:00": 386,
    "2021-05-30 04:10": 390.7,
    "2021-05-30 04:20": 391.4,
    "2021-05-30 04:30": 387.4,
    "2021-05-30 04:40": 388.3,
    "2021-05-30 04:50": 389.6,
    "2021-05-30 05:00": 386.6,
    "2021-05-30 05:10": 390.5,
    "2021-05-30 05:20": 389.6,
    "2021-05-30 05:30": 387.3,
    "2021-05-30 05:40": 386.6,
    "2021-05-30 05:50": 388.2,
    "2021-05-30 06:00": 384.2,
    "2021-05-30 06:10": 389.3,
    "2021-05-30 06:20": 387.7,
    "2021-05-30 06:30": 389,
    "2021-05-30 06:40": 386.8,
    "2021-05-30 06:50": 387,
    "2021-05-30 07:00": 390.3,
    "2021-05-30 07:10": 390,
    "2021-05-30 07:20": 390,
    "2021-05-30 07:30": 388.1,
    "2021-05-30 07:40": 386.5,
    "2021-05-30 07:50": 388.1,
    "2021-05-30 08:00": 370.1,
    "2021-05-30 08:10": 351.6,
    "2021-05-30 08:20": 336.9,
    "2021-05-30 08:30": 336,
    "2021-05-30 08:40": 339.3,
    "2021-05-30 08:50": 337.5,
    "2021-05-30 09:00": 338.5,
    "2021-05-30 09:10": 337.5,
    "2021-05-30 09:20": 339.3,
    "2021-05-30 09:30": 340.9,
    "2021-05-30 09:40": 336.5,
    "2021-05-30 09:50": 338,
    "2021-05-30 10:00": 339.5,
    "2021-05-30 10:10": 338.6,
    "2021-05-30 10:20": 337.1,
    "2021-05-30 10:30": 338.7,
    "2021-05-30 10:40": 338.8,
    "2021-05-30 10:50": 335.8,
    "2021-05-30 11:00": 336.3,
    "2021-05-30 11:10": 337.8,
    "2021-05-30 11:20": 340.4,
    "2021-05-30 11:30": 337.5,
    "2021-05-30 11:40": 334.9,
    "2021-05-30 11:50": 335,
    "2021-05-30 12:00": 338,
    "2021-05-30 12:10": 336.6,
    "2021-05-30 12:20": 338,
    "2021-05-30 12:30": 336.3,
    "2021-05-30 12:40": 335,
    "2021-05-30 12:50": 334.9,
    "2021-05-30 13:00": 337.2,
    "2021-05-30 13:10": 337.1,
    "2021-05-30 13:20": 341.1,
    "2021-05-30 13:30": 339.6,
    "2021-05-30 13:40": 340.6,
    "2021-05-30 13:50": 338.3,
    "2021-05-30 14:00": 339.3,
    "2021-05-30 14:10": 340.7,
    "2021-05-30 14:20": 340.9,
    "2021-05-30 14:30": 339.2,
    "2021-05-30 14:40": 339.3,
    "2021-05-30 14:50": 339.4,
    "2021-05-30 15:00": 339.4,
    "2021-05-30 15:10": 336.9,
    "2021-05-30 15:20": 337.7,
    "2021-05-30 15:30": 338.4,
    "2021-05-30 15:40": 338.5,
    "2021-05-30 15:50": 337.7,
    "2021-05-30 16:00": 339.3,
    "2021-05-30 16:10": 337.7,
    "2021-05-30 16:20": 339.3,
    "2021-05-30 16:30": 338.5,
    "2021-05-30 16:40": 338.5,
    "2021-05-30 17:20": 337.6,
    "2021-05-30 17:30": 337.7,
    "2021-05-30 17:50": 337.6,
    "2021-05-30 18:00": 338.3,
    "2021-05-30 18:10": 338.3,
    "2021-05-30 18:20": 338.5,
    "2021-05-30 18:30": 336.7,
    "2021-05-30 18:40": 337.5,
    "2021-05-30 18:50": 338.4,
    "2021-05-30 19:00": 338,
    "2021-05-30 19:10": 338.3,
    "2021-05-30 19:20": 338.1,
    "2021-05-30 19:30": 335.8,
    "2021-05-30 19:40": 339,
    "2021-05-30 19:50": 335.9,
    "2021-05-30 20:00": 339,
    "2021-05-30 20:10": 339.7,
    "2021-05-30 20:20": 340.5,
    "2021-05-30 20:30": 338.1,
    "2021-05-30 20:40": 339.2,
    "2021-05-30 20:50": 338.1,
    "2021-05-30 21:00": 339.8,
    "2021-05-30 21:10": 338.7,
    "2021-05-30 21:20": 337.5,
    "2021-05-30 21:30": 335.1,
    "2021-05-30 21:40": 336.7,
    "2021-05-30 21:50": 339,
    "2021-05-30 22:00": 338.5,
    "2021-05-30 22:10": 341.6,
    "2021-05-30 22:20": 341,
    "2021-05-30 22:30": 341.6
}