{
    "2021-05-22 12:10": 605.3,
    "2021-05-22 12:20": 600.8,
    "2021-05-22 12:30": 592.5,
    "2021-05-22 12:40": 598.7,
    "2021-05-22 12:50": 600.2,
    "2021-05-22 13:00": 603.4,
    "2021-05-22 13:10": 602.2,
    "2021-05-22 13:20": 597.9,
    "2021-05-22 13:30": 600,
    "2021-05-22 13:40": 604.5,
    "2021-05-22 13:50": 604.9,
    "2021-05-22 14:00": 600.3,
    "2021-05-22 14:10": 596.7,
    "2021-05-22 14:20": 603.6,
    "2021-05-22 14:30": 594.3,
    "2021-05-22 14:40": 602.7,
    "2021-05-22 14:50": 601.3,
    "2021-05-22 15:00": 597.8,
    "2021-05-22 15:10": 596.6,
    "2021-05-22 15:20": 602,
    "2021-05-22 15:30": 598,
    "2021-05-22 15:40": 597.3,
    "2021-05-22 15:50": 603.8,
    "2021-05-22 16:00": 599.5,
    "2021-05-22 16:10": 596.7,
    "2021-05-22 16:20": 603.1,
    "2021-05-22 16:40": 598.4,
    "2021-05-22 16:50": 602.3,
    "2021-05-22 17:00": 599,
    "2021-05-22 17:10": 595,
    "2021-05-22 17:20": 598.9,
    "2021-05-22 17:30": 595.4,
    "2021-05-22 17:40": 597.9,
    "2021-05-22 17:50": 601.6,
    "2021-05-22 18:00": 599,
    "2021-05-22 18:10": 603.6,
    "2021-05-22 18:20": 603.3,
    "2021-05-22 18:40": 594.9,
    "2021-05-22 18:50": 603.5,
    "2021-05-22 19:10": 599.5,
    "2021-05-22 19:20": 601.6,
    "2021-05-22 19:30": 602.5,
    "2021-05-22 19:40": 609,
    "2021-05-22 20:00": 601,
    "2021-05-22 20:10": 602.4,
    "2021-05-22 20:20": 605.4,
    "2021-05-22 20:30": 601.7,
    "2021-05-22 20:40": 597.6,
    "2021-05-22 20:50": 600.3,
    "2021-05-22 21:00": 598.7,
    "2021-05-22 21:10": 597.6,
    "2021-05-22 21:20": 597.8,
    "2021-05-22 21:30": 598,
    "2021-05-22 21:40": 597.6,
    "2021-05-22 21:50": 592.8,
    "2021-05-22 22:00": 574.7,
    "2021-05-22 22:10": 571.1,
    "2021-05-22 22:20": 576.9,
    "2021-05-22 22:30": 564.7,
    "2021-05-22 22:40": 558.9,
    "2021-05-22 22:50": 568.5,
    "2021-05-22 23:00": 570.3,
    "2021-05-22 23:10": 568.7,
    "2021-05-22 23:20": 568.1,
    "2021-05-22 23:30": 570.4,
    "2021-05-22 23:40": 570.1,
    "2021-05-22 23:50": 565.9,
    "2021-05-23 00:00": 566.4,
    "2021-05-23 00:10": 570.1,
    "2021-05-23 00:20": 567.1,
    "2021-05-23 00:30": 564.6,
    "2021-05-23 00:40": 566.9,
    "2021-05-23 00:50": 567.8,
    "2021-05-23 01:00": 567.3,
    "2021-05-23 01:10": 565.7,
    "2021-05-23 01:20": 567.3,
    "2021-05-23 01:30": 564.2,
    "2021-05-23 01:40": 566.7,
    "2021-05-23 01:50": 567.3,
    "2021-05-23 02:00": 567.6,
    "2021-05-23 02:10": 568.7,
    "2021-05-23 02:20": 566.8,
    "2021-05-23 02:30": 569.5,
    "2021-05-23 02:40": 568,
    "2021-05-23 02:50": 566,
    "2021-05-23 03:00": 570.7,
    "2021-05-23 03:10": 561.8,
    "2021-05-23 03:20": 560.6,
    "2021-05-23 03:30": 564.8,
    "2021-05-23 03:40": 567.3,
    "2021-05-23 03:50": 563,
    "2021-05-23 04:10": 571.2,
    "2021-05-23 04:20": 571.4,
    "2021-05-23 04:30": 562.5,
    "2021-05-23 04:40": 568.3,
    "2021-05-23 04:50": 567.3,
    "2021-05-23 05:00": 565.7,
    "2021-05-23 05:10": 569.9,
    "2021-05-23 05:30": 567,
    "2021-05-23 05:40": 567.6,
    "2021-05-23 05:50": 564.6,
    "2021-05-23 06:00": 575,
    "2021-05-23 06:20": 563.3,
    "2021-05-23 06:30": 569.5,
    "2021-05-23 06:40": 566.2,
    "2021-05-23 06:50": 570.1,
    "2021-05-23 07:00": 569.1,
    "2021-05-23 07:10": 567.5,
    "2021-05-23 07:20": 571.4,
    "2021-05-23 07:40": 574.6,
    "2021-05-23 07:50": 568.6,
    "2021-05-23 08:00": 575.6,
    "2021-05-23 08:10": 562.5,
    "2021-05-23 08:30": 567,
    "2021-05-23 08:40": 577.7,
    "2021-05-23 08:50": 563.9,
    "2021-05-23 09:00": 572.7,
    "2021-05-23 09:10": 553.1,
    "2021-05-23 09:20": 523.7,
    "2021-05-23 09:30": 476,
    "2021-05-23 09:40": 469.2,
    "2021-05-23 09:50": 467.3,
    "2021-05-23 10:00": 495.1,
    "2021-05-23 10:10": 493.4,
    "2021-05-23 10:20": 492,
    "2021-05-23 10:40": 496.5,
    "2021-05-23 10:50": 457.2,
    "2021-05-23 11:00": 468.8,
    "2021-05-23 11:10": 465.5,
    "2021-05-23 11:20": 498.7,
    "2021-05-23 11:30": 495.7,
    "2021-05-23 11:50": 450,
    "2021-05-23 12:00": 434,
    "2021-05-23 12:10": 479.6,
    "2021-05-23 12:20": 490.7,
    "2021-05-23 12:30": 475.4,
    "2021-05-23 12:40": 487.1,
    "2021-05-23 12:50": 478.3,
    "2021-05-23 13:00": 469.6,
    "2021-05-23 13:10": 473.7,
    "2021-05-23 13:20": 466.7,
    "2021-05-23 13:30": 461.2,
    "2021-05-23 13:40": 461,
    "2021-05-23 13:50": 465.7,
    "2021-05-23 14:00": 482.4,
    "2021-05-23 14:10": 477.1,
    "2021-05-23 14:20": 502.9,
    "2021-05-23 14:30": 470.4,
    "2021-05-23 14:40": 495.3,
    "2021-05-23 14:50": 491.1,
    "2021-05-23 15:00": 503.3,
    "2021-05-23 15:10": 514,
    "2021-05-23 15:20": 522.2,
    "2021-05-23 15:30": 538.2,
    "2021-05-23 15:40": 541.6,
    "2021-05-23 15:50": 551.1,
    "2021-05-23 16:00": 562.7,
    "2021-05-23 16:10": 571.7,
    "2021-05-23 16:20": 578.2,
    "2021-05-23 16:30": 580.9,
    "2021-05-23 16:40": 573.7,
    "2021-05-23 16:50": 569.8,
    "2021-05-23 17:00": 567,
    "2021-05-23 17:10": 574.8,
    "2021-05-23 17:20": 569.5,
    "2021-05-23 17:30": 568.2,
    "2021-05-23 17:40": 575.5,
    "2021-05-23 17:50": 576.6,
    "2021-05-23 18:00": 571.9,
    "2021-05-23 18:10": 567.5,
    "2021-05-23 18:20": 578.3,
    "2021-05-23 18:30": 568.9,
    "2021-05-23 18:40": 573.1,
    "2021-05-23 18:50": 578.6,
    "2021-05-23 19:00": 575.2,
    "2021-05-23 19:10": 569.2,
    "2021-05-23 19:20": 570.7,
    "2021-05-23 19:30": 571.6,
    "2021-05-23 19:40": 573.4,
    "2021-05-23 19:50": 578.7,
    "2021-05-23 20:00": 572.4,
    "2021-05-23 20:10": 572.2,
    "2021-05-23 20:20": 568,
    "2021-05-23 20:30": 574.3,
    "2021-05-23 20:40": 574.3,
    "2021-05-23 20:50": 572,
    "2021-05-23 21:00": 577.9,
    "2021-05-23 21:10": 568.4,
    "2021-05-23 21:20": 572.5,
    "2021-05-23 21:30": 570.7,
    "2021-05-23 21:40": 570.6,
    "2021-05-23 21:50": 576,
    "2021-05-23 22:00": 570.9,
    "2021-05-23 22:10": 576.3,
    "2021-05-23 22:20": 573.2,
    "2021-05-23 22:30": 572.8,
    "2021-05-23 22:40": 569.4,
    "2021-05-23 22:50": 568.2,
    "2021-05-23 23:00": 580
}