{
    "2021-05-22 12:10": 604.9,
    "2021-05-22 12:20": 599.2,
    "2021-05-22 12:30": 601.9,
    "2021-05-22 12:40": 606.2,
    "2021-05-22 12:50": 607.9,
    "2021-05-22 13:00": 600.8,
    "2021-05-22 13:10": 605.2,
    "2021-05-22 13:20": 605.5,
    "2021-05-22 13:30": 602,
    "2021-05-22 13:40": 600.9,
    "2021-05-22 13:50": 598.9,
    "2021-05-22 14:00": 597.4,
    "2021-05-22 14:10": 604.4,
    "2021-05-22 14:20": 595.9,
    "2021-05-22 14:30": 594.8,
    "2021-05-22 14:40": 593.2,
    "2021-05-22 14:50": 602.3,
    "2021-05-22 15:00": 603.8,
    "2021-05-22 15:10": 595.8,
    "2021-05-22 15:20": 590.3,
    "2021-05-22 15:30": 602.3,
    "2021-05-22 15:40": 603.7,
    "2021-05-22 15:50": 600.1,
    "2021-05-22 16:00": 604.9,
    "2021-05-22 16:10": 603.5,
    "2021-05-22 16:20": 601.9,
    "2021-05-22 16:40": 598.2,
    "2021-05-22 16:50": 603.9,
    "2021-05-22 17:00": 599.8,
    "2021-05-22 17:10": 598.4,
    "2021-05-22 17:20": 605.9,
    "2021-05-22 17:30": 604.3,
    "2021-05-22 17:40": 606.5,
    "2021-05-22 17:50": 593.6,
    "2021-05-22 18:00": 600.5,
    "2021-05-22 18:10": 605.3,
    "2021-05-22 18:20": 601.4,
    "2021-05-22 18:40": 603.3,
    "2021-05-22 18:50": 597.8,
    "2021-05-22 19:10": 603.3,
    "2021-05-22 19:20": 601.8,
    "2021-05-22 19:30": 603.5,
    "2021-05-22 19:40": 608.1,
    "2021-05-22 20:00": 606.1,
    "2021-05-22 20:10": 601.1,
    "2021-05-22 20:20": 598,
    "2021-05-22 20:30": 600.1,
    "2021-05-22 20:40": 602.6,
    "2021-05-22 20:50": 600.6,
    "2021-05-22 21:00": 594.8,
    "2021-05-22 21:10": 603.2,
    "2021-05-22 21:20": 606.1,
    "2021-05-22 21:30": 603.7,
    "2021-05-22 21:40": 599.1,
    "2021-05-22 21:50": 590.3,
    "2021-05-22 22:00": 587,
    "2021-05-22 22:10": 586,
    "2021-05-22 22:20": 581.7,
    "2021-05-22 22:30": 567.8,
    "2021-05-22 22:40": 576.6,
    "2021-05-22 22:50": 578.8,
    "2021-05-22 23:00": 567.8,
    "2021-05-22 23:10": 567,
    "2021-05-22 23:20": 572.8,
    "2021-05-22 23:30": 570.2,
    "2021-05-22 23:40": 571.5,
    "2021-05-22 23:50": 572.8,
    "2021-05-23 00:00": 570.1,
    "2021-05-23 00:10": 557.6,
    "2021-05-23 00:20": 569.7,
    "2021-05-23 00:30": 567.3,
    "2021-05-23 00:40": 578.2,
    "2021-05-23 00:50": 568.1,
    "2021-05-23 01:00": 567.5,
    "2021-05-23 01:10": 567.4,
    "2021-05-23 01:20": 569.5,
    "2021-05-23 01:30": 575.6,
    "2021-05-23 01:40": 569.2,
    "2021-05-23 01:50": 572.9,
    "2021-05-23 02:00": 565.5,
    "2021-05-23 02:10": 572.3,
    "2021-05-23 02:20": 568,
    "2021-05-23 02:30": 574.9,
    "2021-05-23 02:40": 567.4,
    "2021-05-23 02:50": 572,
    "2021-05-23 03:00": 574.6,
    "2021-05-23 03:10": 572.1,
    "2021-05-23 03:20": 568.2,
    "2021-05-23 03:30": 568,
    "2021-05-23 03:40": 567.5,
    "2021-05-23 03:50": 573.9,
    "2021-05-23 04:10": 568,
    "2021-05-23 04:20": 572.2,
    "2021-05-23 04:30": 569.3,
    "2021-05-23 04:40": 560.9,
    "2021-05-23 04:50": 566.9,
    "2021-05-23 05:00": 563.3,
    "2021-05-23 05:10": 570.1,
    "2021-05-23 05:30": 539.8,
    "2021-05-23 05:40": 504.6,
    "2021-05-23 05:50": 489.5,
    "2021-05-23 06:00": 499.2,
    "2021-05-23 06:20": 527.9,
    "2021-05-23 06:30": 552.8,
    "2021-05-23 06:40": 565,
    "2021-05-23 06:50": 566.2,
    "2021-05-23 07:00": 573.9,
    "2021-05-23 07:10": 568.3,
    "2021-05-23 07:20": 577.6,
    "2021-05-23 07:40": 567.6,
    "2021-05-23 07:50": 569.3,
    "2021-05-23 08:00": 572.6,
    "2021-05-23 08:10": 571,
    "2021-05-23 08:30": 565.6,
    "2021-05-23 08:40": 584,
    "2021-05-23 08:50": 570.5,
    "2021-05-23 09:00": 567.7,
    "2021-05-23 09:10": 573.9,
    "2021-05-23 09:20": 575.1,
    "2021-05-23 09:30": 578.9,
    "2021-05-23 09:40": 576.4,
    "2021-05-23 09:50": 577.7,
    "2021-05-23 10:00": 572,
    "2021-05-23 10:10": 574.3,
    "2021-05-23 10:20": 572.1,
    "2021-05-23 10:40": 573.9,
    "2021-05-23 10:50": 575.1,
    "2021-05-23 11:00": 573.6,
    "2021-05-23 11:10": 574.7,
    "2021-05-23 11:20": 573.4,
    "2021-05-23 11:30": 577.7,
    "2021-05-23 11:50": 574.1,
    "2021-05-23 12:00": 571.3,
    "2021-05-23 12:10": 575.4,
    "2021-05-23 12:20": 575,
    "2021-05-23 12:30": 573,
    "2021-05-23 12:40": 574,
    "2021-05-23 12:50": 571.1,
    "2021-05-23 13:00": 570.3,
    "2021-05-23 13:10": 571.9,
    "2021-05-23 13:20": 577.3,
    "2021-05-23 13:30": 575.6,
    "2021-05-23 13:40": 575.8,
    "2021-05-23 13:50": 568.2,
    "2021-05-23 14:00": 586,
    "2021-05-23 14:10": 575.2,
    "2021-05-23 14:20": 574.5,
    "2021-05-23 14:30": 576.3,
    "2021-05-23 14:40": 577.2,
    "2021-05-23 14:50": 570.6,
    "2021-05-23 15:00": 577.2,
    "2021-05-23 15:10": 576.4,
    "2021-05-23 15:20": 558.6,
    "2021-05-23 15:30": 558.2,
    "2021-05-23 15:40": 548.6,
    "2021-05-23 15:50": 560.1,
    "2021-05-23 16:00": 572.9,
    "2021-05-23 16:10": 580.2,
    "2021-05-23 16:20": 574.9,
    "2021-05-23 16:30": 580.7,
    "2021-05-23 16:40": 566.4,
    "2021-05-23 16:50": 571.6,
    "2021-05-23 17:00": 580.1,
    "2021-05-23 17:10": 580,
    "2021-05-23 17:20": 570.5,
    "2021-05-23 17:30": 572.3,
    "2021-05-23 17:40": 574.4,
    "2021-05-23 17:50": 571.4,
    "2021-05-23 18:00": 573.6,
    "2021-05-23 18:10": 577.4,
    "2021-05-23 18:20": 579.4,
    "2021-05-23 18:30": 571.7,
    "2021-05-23 18:40": 574.9,
    "2021-05-23 18:50": 570,
    "2021-05-23 19:00": 579.7,
    "2021-05-23 19:10": 571.9,
    "2021-05-23 19:20": 575.2,
    "2021-05-23 19:30": 574.7,
    "2021-05-23 19:40": 577.7,
    "2021-05-23 19:50": 573.1,
    "2021-05-23 20:00": 572.5,
    "2021-05-23 20:10": 573.6,
    "2021-05-23 20:20": 570.9,
    "2021-05-23 20:30": 577.1,
    "2021-05-23 20:40": 576.3,
    "2021-05-23 20:50": 573,
    "2021-05-23 21:00": 574.7,
    "2021-05-23 21:10": 578,
    "2021-05-23 21:20": 574,
    "2021-05-23 21:30": 570.5,
    "2021-05-23 21:40": 573.7,
    "2021-05-23 21:50": 578.8,
    "2021-05-23 22:00": 575.1,
    "2021-05-23 22:10": 574.2,
    "2021-05-23 22:20": 577.3,
    "2021-05-23 22:30": 573.7,
    "2021-05-23 22:40": 567.8,
    "2021-05-23 22:50": 580.1,
    "2021-05-23 23:00": 575.4
}