{
    "2021-05-22 12:10": 55.2,
    "2021-05-22 12:20": 55,
    "2021-05-22 12:30": 49.2,
    "2021-05-22 12:40": 55.7,
    "2021-05-22 12:50": 54.1,
    "2021-05-22 13:00": 49,
    "2021-05-22 13:10": 55.5,
    "2021-05-22 13:20": 47,
    "2021-05-22 13:30": 52.3,
    "2021-05-22 13:40": 52.3,
    "2021-05-22 13:50": 46.6,
    "2021-05-22 14:00": 46.3,
    "2021-05-22 14:10": 45.5,
    "2021-05-22 14:20": 45.5,
    "2021-05-22 14:30": 46.6,
    "2021-05-22 14:40": 44.5,
    "2021-05-22 14:50": 46,
    "2021-05-22 15:00": 51.4,
    "2021-05-22 15:10": 46.3,
    "2021-05-22 15:20": 51.7,
    "2021-05-22 15:30": 50.5,
    "2021-05-22 15:40": 47.1,
    "2021-05-22 15:50": 52.1,
    "2021-05-23 23:00": 0
}