{
    "2021-05-29 09:10": 5.8,
    "2021-05-29 09:20": 50.5,
    "2021-05-29 09:30": 131.6,
    "2021-05-29 09:40": 195.2,
    "2021-05-29 09:50": 253.7,
    "2021-05-29 10:00": 457.4,
    "2021-05-29 10:10": 670.6,
    "2021-05-29 10:20": 666.5,
    "2021-05-29 10:30": 666,
    "2021-05-29 10:40": 664.6,
    "2021-05-29 10:50": 665.5,
    "2021-05-29 11:00": 666.4,
    "2021-05-29 11:10": 666.2,
    "2021-05-29 11:20": 666,
    "2021-05-29 11:30": 665.1,
    "2021-05-29 11:40": 665,
    "2021-05-29 11:50": 666.5,
    "2021-05-29 12:00": 664.8,
    "2021-05-29 12:10": 666.2,
    "2021-05-29 12:20": 665.3,
    "2021-05-29 12:30": 664,
    "2021-05-29 12:40": 666.6,
    "2021-05-29 12:50": 664.5,
    "2021-05-29 13:00": 665.2,
    "2021-05-29 13:10": 666.4,
    "2021-05-29 13:20": 666.7,
    "2021-05-29 13:30": 666.6,
    "2021-05-29 13:40": 666.4,
    "2021-05-29 13:50": 664.7,
    "2021-05-29 14:00": 667.1,
    "2021-05-29 14:10": 664.5,
    "2021-05-29 14:20": 666.1,
    "2021-05-29 14:30": 664.7,
    "2021-05-29 14:40": 665.2,
    "2021-05-29 14:50": 664.5,
    "2021-05-29 15:00": 665.2,
    "2021-05-29 15:10": 665.4,
    "2021-05-29 15:20": 666.1,
    "2021-05-29 15:30": 664.3,
    "2021-05-29 15:40": 664.4,
    "2021-05-29 15:50": 665.6,
    "2021-05-29 16:00": 666.2,
    "2021-05-29 16:10": 664.2,
    "2021-05-29 16:20": 665.3,
    "2021-05-29 16:30": 664.7,
    "2021-05-29 16:40": 666.6,
    "2021-05-29 16:50": 666.1,
    "2021-05-29 17:00": 666.4,
    "2021-05-29 17:10": 665.3,
    "2021-05-29 17:20": 666.5,
    "2021-05-29 17:30": 666.9,
    "2021-05-29 17:40": 666.9,
    "2021-05-29 17:50": 667.4,
    "2021-05-29 18:00": 666.7,
    "2021-05-29 18:10": 664.9,
    "2021-05-29 18:20": 665.3,
    "2021-05-29 18:30": 664.3,
    "2021-05-29 18:40": 666.3,
    "2021-05-29 18:50": 666.2,
    "2021-05-29 19:00": 664.6,
    "2021-05-29 19:10": 665.6,
    "2021-05-29 19:20": 665.3,
    "2021-05-29 19:30": 664.9,
    "2021-05-29 19:40": 664.6,
    "2021-05-29 19:50": 666.3,
    "2021-05-29 20:00": 667.5,
    "2021-05-29 20:10": 664.4,
    "2021-05-29 20:20": 664.1,
    "2021-05-29 20:30": 665.4,
    "2021-05-29 20:40": 665.7,
    "2021-05-29 20:50": 665.2,
    "2021-05-29 21:00": 464.5,
    "2021-05-30 05:00": 1,
    "2021-05-30 05:50": 0.1,
    "2021-05-30 22:30": 0
}