{
    "2021-05-22 13:00": 57.3,
    "2021-05-22 13:10": 97.3,
    "2021-05-22 13:20": 97.5,
    "2021-05-22 13:30": 125.8,
    "2021-05-22 13:40": 234.8,
    "2021-05-22 13:50": 287.8,
    "2021-05-22 14:00": 287.2,
    "2021-05-22 14:10": 280.1,
    "2021-05-22 14:20": 327,
    "2021-05-22 14:30": 437.5,
    "2021-05-22 14:40": 441.4,
    "2021-05-22 14:50": 443.5,
    "2021-05-22 15:00": 450.8,
    "2021-05-22 15:10": 453.8,
    "2021-05-22 15:20": 452.6,
    "2021-05-22 15:30": 457.8,
    "2021-05-22 15:40": 456.8,
    "2021-05-22 15:50": 459.4,
    "2021-05-22 16:00": 459,
    "2021-05-22 16:10": 461.5,
    "2021-05-22 16:20": 462.5,
    "2021-05-22 16:40": 463.7,
    "2021-05-22 16:50": 463.8,
    "2021-05-22 17:00": 465.4,
    "2021-05-22 17:10": 390.2,
    "2021-05-22 17:20": 391.4,
    "2021-05-22 17:30": 391.3,
    "2021-05-22 17:40": 390.7,
    "2021-05-22 17:50": 390.4,
    "2021-05-22 18:00": 391.8,
    "2021-05-22 18:10": 456.5,
    "2021-05-22 18:20": 464.1,
    "2021-05-22 18:40": 467.4,
    "2021-05-22 18:50": 466.1,
    "2021-05-22 19:10": 467.1,
    "2021-05-22 19:20": 467.3,
    "2021-05-22 19:30": 466.6,
    "2021-05-22 19:40": 467.2,
    "2021-05-22 20:00": 466.3,
    "2021-05-22 20:10": 468.3,
    "2021-05-22 20:20": 466.7,
    "2021-05-22 20:30": 468.4,
    "2021-05-22 20:40": 469.4,
    "2021-05-22 20:50": 466.9,
    "2021-05-22 21:00": 469.3,
    "2021-05-22 21:10": 468.5,
    "2021-05-22 21:20": 469.4,
    "2021-05-22 21:30": 468.7,
    "2021-05-22 21:40": 467.2,
    "2021-05-22 21:50": 468.1,
    "2021-05-22 22:00": 469.4,
    "2021-05-22 22:10": 469.5,
    "2021-05-22 22:20": 469.4,
    "2021-05-22 22:30": 469.4,
    "2021-05-22 22:40": 468.9,
    "2021-05-22 22:50": 469.4,
    "2021-05-22 23:00": 469.1,
    "2021-05-22 23:10": 468.2,
    "2021-05-22 23:20": 470.1,
    "2021-05-22 23:30": 468.7,
    "2021-05-22 23:40": 469,
    "2021-05-22 23:50": 407.8,
    "2021-05-23 00:00": 296.8,
    "2021-05-23 00:10": 142.6,
    "2021-05-23 00:20": 53,
    "2021-05-23 12:30": 12.6,
    "2021-05-23 12:40": 59.7,
    "2021-05-23 12:50": 96.9,
    "2021-05-23 13:00": 95.9,
    "2021-05-23 13:10": 128.2,
    "2021-05-23 13:20": 275.9,
    "2021-05-23 13:30": 284.5,
    "2021-05-23 13:40": 294,
    "2021-05-23 13:50": 289.8,
    "2021-05-23 14:00": 354.1,
    "2021-05-23 14:10": 437.7,
    "2021-05-23 14:20": 440,
    "2021-05-23 14:30": 437.3,
    "2021-05-23 14:40": 441.1,
    "2021-05-23 14:50": 440,
    "2021-05-23 15:00": 443.7,
    "2021-05-23 15:10": 442.9,
    "2021-05-23 15:20": 443.9,
    "2021-05-23 15:30": 445.1,
    "2021-05-23 15:40": 444.4,
    "2021-05-23 15:50": 447,
    "2021-05-23 16:00": 447.3,
    "2021-05-23 16:10": 446.5,
    "2021-05-23 16:20": 446.4,
    "2021-05-23 16:30": 449.3,
    "2021-05-23 16:40": 449.8,
    "2021-05-23 16:50": 391.3,
    "2021-05-23 17:00": 391.2,
    "2021-05-23 17:10": 446.4,
    "2021-05-23 17:20": 450.1,
    "2021-05-23 17:30": 450.2,
    "2021-05-23 17:40": 450.4,
    "2021-05-23 17:50": 452.2,
    "2021-05-23 18:00": 453.1,
    "2021-05-23 18:10": 454.1,
    "2021-05-23 18:20": 454.1,
    "2021-05-23 18:30": 455.3,
    "2021-05-23 18:40": 455.5,
    "2021-05-23 18:50": 454.9,
    "2021-05-23 19:00": 455.3,
    "2021-05-23 19:10": 457.2,
    "2021-05-23 19:20": 458.1,
    "2021-05-23 19:30": 459,
    "2021-05-23 19:40": 457.9,
    "2021-05-23 19:50": 457.6,
    "2021-05-23 20:00": 458.6,
    "2021-05-23 20:10": 458.6,
    "2021-05-23 20:20": 458.9,
    "2021-05-23 20:30": 460.7,
    "2021-05-23 20:40": 461.2,
    "2021-05-23 20:50": 458.7,
    "2021-05-23 21:00": 460.3,
    "2021-05-23 21:10": 460.3,
    "2021-05-23 21:20": 459.4,
    "2021-05-23 21:30": 459.9,
    "2021-05-23 21:40": 460.5,
    "2021-05-23 21:50": 461,
    "2021-05-23 22:00": 459.5,
    "2021-05-23 22:10": 460.5,
    "2021-05-23 22:20": 460.6,
    "2021-05-23 22:30": 461.5,
    "2021-05-23 22:40": 459.6,
    "2021-05-23 22:50": 458.8,
    "2021-05-23 23:00": 461.3
}