{
    "2021-05-28 23:10": 739.4,
    "2021-05-28 23:20": 738.9,
    "2021-05-28 23:30": 740.4,
    "2021-05-28 23:40": 737.2,
    "2021-05-28 23:50": 739.2,
    "2021-05-29 00:00": 730.3,
    "2021-05-29 00:10": 737.3,
    "2021-05-29 00:20": 733.8,
    "2021-05-29 00:30": 736.4,
    "2021-05-29 01:20": 737.9,
    "2021-05-29 01:30": 738.5,
    "2021-05-29 01:40": 737.8,
    "2021-05-29 01:50": 731.1,
    "2021-05-29 02:00": 741.7,
    "2021-05-29 02:10": 736.8,
    "2021-05-29 02:20": 739.5,
    "2021-05-29 02:30": 740.1,
    "2021-05-29 02:40": 730.7,
    "2021-05-29 02:50": 735.3,
    "2021-05-29 03:00": 739,
    "2021-05-29 03:10": 719.8,
    "2021-05-29 03:20": 619.9,
    "2021-05-29 03:30": 609.2,
    "2021-05-29 03:40": 610.5,
    "2021-05-29 03:50": 626.2,
    "2021-05-29 04:00": 609.7,
    "2021-05-29 04:10": 630.9,
    "2021-05-29 04:20": 625,
    "2021-05-29 04:30": 610,
    "2021-05-29 04:40": 685.3,
    "2021-05-29 04:50": 633.2,
    "2021-05-29 05:00": 614,
    "2021-05-29 05:10": 606.4,
    "2021-05-29 05:20": 608.2,
    "2021-05-29 05:30": 608.1,
    "2021-05-29 05:40": 611.9,
    "2021-05-29 05:50": 616.4,
    "2021-05-29 06:00": 610.1,
    "2021-05-29 06:10": 623.7,
    "2021-05-29 06:20": 612.3,
    "2021-05-29 06:30": 608.8,
    "2021-05-29 06:40": 609.4,
    "2021-05-29 06:50": 614.1,
    "2021-05-29 07:00": 608.5,
    "2021-05-29 07:10": 643,
    "2021-05-29 07:20": 620.1,
    "2021-05-29 07:30": 611.8,
    "2021-05-29 07:40": 615.9,
    "2021-05-29 07:50": 627.4,
    "2021-05-29 08:00": 610.6,
    "2021-05-29 08:10": 616.1,
    "2021-05-29 08:20": 626.8,
    "2021-05-29 08:30": 630.9,
    "2021-05-29 08:40": 615.3,
    "2021-05-29 08:50": 540.2,
    "2021-05-29 09:00": 522.1,
    "2021-05-29 09:10": 525.8,
    "2021-05-29 09:20": 507.5,
    "2021-05-29 09:30": 510.9,
    "2021-05-29 09:40": 615.3,
    "2021-05-29 09:50": 653.9,
    "2021-05-29 10:00": 611.7,
    "2021-05-29 10:10": 618.2,
    "2021-05-29 10:20": 504.7,
    "2021-05-29 10:30": 591.7,
    "2021-05-29 10:40": 663.4,
    "2021-05-29 10:50": 656.1,
    "2021-05-29 11:00": 676.1,
    "2021-05-29 11:10": 616,
    "2021-05-29 11:20": 686.1,
    "2021-05-29 11:30": 616.9,
    "2021-05-29 11:40": 614.4,
    "2021-05-29 11:50": 611.8,
    "2021-05-29 12:00": 606.7,
    "2021-05-29 12:10": 628.7,
    "2021-05-29 12:20": 614.1,
    "2021-05-29 12:30": 621.3,
    "2021-05-29 12:40": 659.1,
    "2021-05-29 12:50": 638.5,
    "2021-05-29 13:00": 620.4,
    "2021-05-29 13:10": 630.1,
    "2021-05-29 13:20": 707.3,
    "2021-05-29 13:30": 693.3,
    "2021-05-29 13:40": 665,
    "2021-05-29 13:50": 613,
    "2021-05-29 14:00": 611.6,
    "2021-05-29 14:10": 608.7,
    "2021-05-29 14:20": 607.3,
    "2021-05-29 14:30": 607.7,
    "2021-05-29 14:40": 611.9,
    "2021-05-29 14:50": 607.3,
    "2021-05-29 15:00": 604.8,
    "2021-05-29 15:10": 607.3,
    "2021-05-29 15:20": 610.3,
    "2021-05-29 15:30": 518.8,
    "2021-05-29 15:40": 673,
    "2021-05-29 15:50": 728.2,
    "2021-05-29 16:00": 721,
    "2021-05-29 16:10": 722.2,
    "2021-05-29 16:20": 695.7,
    "2021-05-29 16:30": 647.5,
    "2021-05-29 16:40": 650.3,
    "2021-05-29 16:50": 629.4,
    "2021-05-29 17:00": 619,
    "2021-05-29 17:10": 610.5,
    "2021-05-29 17:20": 610.3,
    "2021-05-29 17:30": 685.4,
    "2021-05-29 17:40": 613.7,
    "2021-05-29 17:50": 610.3,
    "2021-05-29 18:00": 654.4,
    "2021-05-29 18:10": 705.8,
    "2021-05-29 18:20": 725.7,
    "2021-05-29 18:30": 671,
    "2021-05-29 18:40": 724.9,
    "2021-05-29 18:50": 707.9,
    "2021-05-29 19:00": 684,
    "2021-05-29 19:10": 725.7,
    "2021-05-29 19:20": 726.5,
    "2021-05-29 19:30": 700.9,
    "2021-05-29 19:40": 627.3,
    "2021-05-29 19:50": 625.2,
    "2021-05-29 20:00": 702,
    "2021-05-29 20:10": 695.1,
    "2021-05-29 20:20": 612.1,
    "2021-05-29 20:30": 694.8,
    "2021-05-29 20:40": 649.6,
    "2021-05-29 20:50": 627.5,
    "2021-05-29 21:00": 671.5,
    "2021-05-30 00:10": 653.6,
    "2021-05-30 00:20": 612.5,
    "2021-05-30 00:30": 665.8,
    "2021-05-30 00:40": 703.5,
    "2021-05-30 00:50": 726.1,
    "2021-05-30 01:00": 712.7,
    "2021-05-30 01:10": 611,
    "2021-05-30 01:20": 611.4,
    "2021-05-30 01:30": 611.4,
    "2021-05-30 01:40": 713.1,
    "2021-05-30 01:50": 731.1,
    "2021-05-30 02:00": 656.6,
    "2021-05-30 02:10": 691.8,
    "2021-05-30 02:20": 695.1,
    "2021-05-30 02:30": 692.9,
    "2021-05-30 02:40": 732.7,
    "2021-05-30 02:50": 737.8,
    "2021-05-30 03:00": 695.5,
    "2021-05-30 03:10": 735.9,
    "2021-05-30 03:20": 722.5,
    "2021-05-30 03:30": 618.5,
    "2021-05-30 03:40": 608.5,
    "2021-05-30 03:50": 609,
    "2021-05-30 04:00": 621.7,
    "2021-05-30 04:10": 620.7,
    "2021-05-30 04:20": 712.8,
    "2021-05-30 04:30": 633.7,
    "2021-05-30 04:40": 615,
    "2021-05-30 04:50": 613.1,
    "2021-05-30 05:00": 613.2,
    "2021-05-30 05:10": 640,
    "2021-05-30 05:20": 609.7,
    "2021-05-30 05:30": 633.9,
    "2021-05-30 05:40": 625.8,
    "2021-05-30 05:50": 665.3,
    "2021-05-30 06:00": 615.2,
    "2021-05-30 06:10": 629.7,
    "2021-05-30 06:20": 610,
    "2021-05-30 06:30": 608.6,
    "2021-05-30 06:40": 606.7,
    "2021-05-30 06:50": 609.3,
    "2021-05-30 07:00": 605.6,
    "2021-05-30 07:10": 604.2,
    "2021-05-30 07:20": 620.4,
    "2021-05-30 07:30": 614.2,
    "2021-05-30 07:40": 606.8,
    "2021-05-30 07:50": 608.8,
    "2021-05-30 08:00": 517.9,
    "2021-05-30 08:10": 500.6,
    "2021-05-30 08:20": 500.9,
    "2021-05-30 08:30": 514.9,
    "2021-05-30 08:40": 504.8,
    "2021-05-30 08:50": 502.5,
    "2021-05-30 09:00": 503,
    "2021-05-30 09:10": 501.7,
    "2021-05-30 09:20": 500.7,
    "2021-05-30 09:30": 500.5,
    "2021-05-30 09:40": 510.1,
    "2021-05-30 09:50": 498.6,
    "2021-05-30 10:00": 499.5,
    "2021-05-30 10:10": 499.8,
    "2021-05-30 10:20": 500.2,
    "2021-05-30 10:30": 509.9,
    "2021-05-30 10:40": 499.1,
    "2021-05-30 10:50": 550.6,
    "2021-05-30 11:00": 643.4,
    "2021-05-30 11:10": 616.7,
    "2021-05-30 11:20": 659.4,
    "2021-05-30 11:30": 633.8,
    "2021-05-30 11:40": 707.9,
    "2021-05-30 11:50": 612.6,
    "2021-05-30 12:00": 609.6,
    "2021-05-30 12:10": 590,
    "2021-05-30 12:20": 502.3,
    "2021-05-30 12:30": 502.5,
    "2021-05-30 12:40": 505.4,
    "2021-05-30 12:50": 502.7,
    "2021-05-30 13:00": 504.5,
    "2021-05-30 13:10": 499.3,
    "2021-05-30 13:20": 502.1,
    "2021-05-30 13:30": 500.2,
    "2021-05-30 13:40": 499.4,
    "2021-05-30 13:50": 499.3,
    "2021-05-30 14:00": 499.2,
    "2021-05-30 14:10": 507,
    "2021-05-30 14:20": 516.7,
    "2021-05-30 14:30": 503.2,
    "2021-05-30 14:40": 504.6,
    "2021-05-30 14:50": 506.7,
    "2021-05-30 15:00": 506.3,
    "2021-05-30 15:10": 503,
    "2021-05-30 15:20": 506.6,
    "2021-05-30 15:30": 506.6,
    "2021-05-30 15:40": 506.1,
    "2021-05-30 15:50": 508.2,
    "2021-05-30 16:00": 504.1,
    "2021-05-30 16:10": 506.1,
    "2021-05-30 16:20": 510,
    "2021-05-30 16:30": 518.9,
    "2021-05-30 16:40": 676.2,
    "2021-05-30 17:20": 680.4,
    "2021-05-30 17:30": 646.1,
    "2021-05-30 17:50": 624.4,
    "2021-05-30 18:00": 613.7,
    "2021-05-30 18:10": 707.4,
    "2021-05-30 18:20": 685.7,
    "2021-05-30 18:30": 705.7,
    "2021-05-30 18:40": 730.2,
    "2021-05-30 18:50": 735.4,
    "2021-05-30 19:00": 727.4,
    "2021-05-30 19:10": 735.2,
    "2021-05-30 19:20": 696.6,
    "2021-05-30 19:30": 670,
    "2021-05-30 19:40": 635.5,
    "2021-05-30 19:50": 621.8,
    "2021-05-30 20:00": 656.8,
    "2021-05-30 20:10": 633.5,
    "2021-05-30 20:20": 631,
    "2021-05-30 20:30": 612.4,
    "2021-05-30 20:40": 612.7,
    "2021-05-30 20:50": 630.4,
    "2021-05-30 21:00": 678.6,
    "2021-05-30 21:10": 641.4,
    "2021-05-30 21:20": 655.9,
    "2021-05-30 21:30": 665.4,
    "2021-05-30 21:40": 624.5,
    "2021-05-30 21:50": 672.8,
    "2021-05-30 22:00": 715.3,
    "2021-05-30 22:10": 617.9,
    "2021-05-30 22:20": 627.1,
    "2021-05-30 22:30": 648.3
}