{
    "2021-05-22 12:10": 670.6,
    "2021-05-22 12:20": 675.9,
    "2021-05-22 12:30": 678.5,
    "2021-05-22 12:40": 672.5,
    "2021-05-22 12:50": 673.5,
    "2021-05-22 13:00": 673.6,
    "2021-05-22 13:10": 677,
    "2021-05-22 13:20": 666.6,
    "2021-05-22 13:30": 674.5,
    "2021-05-22 13:40": 672.5,
    "2021-05-22 13:50": 664.8,
    "2021-05-22 14:00": 657.4,
    "2021-05-22 14:10": 633.1,
    "2021-05-22 14:20": 632.1,
    "2021-05-22 14:30": 607.3,
    "2021-05-22 14:40": 608.8,
    "2021-05-22 14:50": 597.6,
    "2021-05-22 15:00": 591.7,
    "2021-05-22 15:10": 604.3,
    "2021-05-22 15:20": 600.5,
    "2021-05-22 15:30": 601.9,
    "2021-05-22 15:40": 599.1,
    "2021-05-22 15:50": 593.6,
    "2021-05-22 16:00": 600.9,
    "2021-05-22 16:10": 609.7,
    "2021-05-22 16:20": 598,
    "2021-05-22 16:40": 595.2,
    "2021-05-22 16:50": 595.1,
    "2021-05-22 17:00": 590.2,
    "2021-05-22 17:10": 614,
    "2021-05-22 17:20": 612.2,
    "2021-05-22 17:30": 620,
    "2021-05-22 17:40": 616.6,
    "2021-05-22 17:50": 615.6,
    "2021-05-22 18:00": 614.7,
    "2021-05-22 18:10": 619.5,
    "2021-05-22 18:20": 616.6,
    "2021-05-22 18:40": 622.5,
    "2021-05-22 18:50": 649.9,
    "2021-05-22 19:10": 643.2,
    "2021-05-22 19:20": 631.7,
    "2021-05-22 19:30": 627.7,
    "2021-05-22 19:40": 635.2,
    "2021-05-22 20:00": 634.1,
    "2021-05-22 20:10": 637.6,
    "2021-05-22 20:20": 622.1,
    "2021-05-22 20:30": 639.9,
    "2021-05-22 20:40": 624.9,
    "2021-05-22 20:50": 632.7,
    "2021-05-22 21:00": 625.8,
    "2021-05-22 21:10": 641,
    "2021-05-22 21:20": 642.4,
    "2021-05-22 21:30": 663.4,
    "2021-05-22 21:40": 654.6,
    "2021-05-22 21:50": 648.3,
    "2021-05-22 22:00": 646.8,
    "2021-05-22 22:10": 642.9,
    "2021-05-22 22:20": 676,
    "2021-05-22 22:30": 680,
    "2021-05-22 22:40": 673.1,
    "2021-05-22 22:50": 670.2,
    "2021-05-22 23:00": 649.2,
    "2021-05-22 23:10": 617.5,
    "2021-05-22 23:20": 632.2,
    "2021-05-22 23:30": 660.5,
    "2021-05-22 23:40": 677.1,
    "2021-05-22 23:50": 677.6,
    "2021-05-23 00:00": 663.9,
    "2021-05-23 00:10": 672.2,
    "2021-05-23 00:20": 667.7,
    "2021-05-23 00:30": 675,
    "2021-05-23 00:40": 665.3,
    "2021-05-23 00:50": 674.6,
    "2021-05-23 01:00": 667.2,
    "2021-05-23 01:10": 666.2,
    "2021-05-23 01:20": 651.7,
    "2021-05-23 01:30": 626.8,
    "2021-05-23 01:40": 660,
    "2021-05-23 01:50": 642.9,
    "2021-05-23 02:00": 611.3,
    "2021-05-23 02:10": 624.4,
    "2021-05-23 02:20": 637.2,
    "2021-05-23 02:30": 660,
    "2021-05-23 02:40": 664.7,
    "2021-05-23 02:50": 641.9,
    "2021-05-23 03:00": 617.9,
    "2021-05-23 03:10": 627.7,
    "2021-05-23 03:20": 625.3,
    "2021-05-23 03:30": 612.1,
    "2021-05-23 03:40": 622.5,
    "2021-05-23 03:50": 590.1,
    "2021-05-23 04:10": 613.2,
    "2021-05-23 04:20": 608.4,
    "2021-05-23 04:30": 611.3,
    "2021-05-23 04:40": 608.4,
    "2021-05-23 04:50": 612.8,
    "2021-05-23 05:00": 625.3,
    "2021-05-23 05:10": 621,
    "2021-05-23 05:30": 612.8,
    "2021-05-23 05:40": 589.3,
    "2021-05-23 05:50": 584.9,
    "2021-05-23 06:00": 589.3,
    "2021-05-23 06:20": 588.3,
    "2021-05-23 06:30": 584.4,
    "2021-05-23 06:40": 594.2,
    "2021-05-23 06:50": 631.8,
    "2021-05-23 07:00": 606.9,
    "2021-05-23 07:10": 599.6,
    "2021-05-23 07:20": 586.8,
    "2021-05-23 07:40": 622,
    "2021-05-23 07:50": 618.7,
    "2021-05-23 08:00": 595.2,
    "2021-05-23 08:10": 595.2,
    "2021-05-23 08:30": 625.4,
    "2021-05-23 08:40": 568.3,
    "2021-05-23 08:50": 592.7,
    "2021-05-23 09:00": 608.2,
    "2021-05-23 09:10": 603,
    "2021-05-23 09:20": 602.8,
    "2021-05-23 09:30": 610.1,
    "2021-05-23 09:40": 600.1,
    "2021-05-23 09:50": 601.5,
    "2021-05-23 10:00": 598.4,
    "2021-05-23 10:10": 600,
    "2021-05-23 10:20": 608.4,
    "2021-05-23 10:40": 613.1,
    "2021-05-23 10:50": 606.3,
    "2021-05-23 11:00": 610.7,
    "2021-05-23 11:10": 628.3,
    "2021-05-23 11:20": 617.5,
    "2021-05-23 11:30": 629.3,
    "2021-05-23 11:50": 638,
    "2021-05-23 12:00": 652.5,
    "2021-05-23 12:10": 644.3,
    "2021-05-23 12:20": 668.2,
    "2021-05-23 12:30": 658,
    "2021-05-23 12:40": 657.1,
    "2021-05-23 12:50": 628.8,
    "2021-05-23 13:00": 635.5,
    "2021-05-23 13:10": 640.4,
    "2021-05-23 13:20": 628.7,
    "2021-05-23 13:30": 618.9,
    "2021-05-23 13:40": 611.7,
    "2021-05-23 13:50": 611.8,
    "2021-05-23 14:00": 617.5,
    "2021-05-23 14:10": 615,
    "2021-05-23 14:20": 597.9,
    "2021-05-23 14:30": 605.3,
    "2021-05-23 14:40": 593.1,
    "2021-05-23 14:50": 610.2,
    "2021-05-23 15:00": 592.1,
    "2021-05-23 15:10": 587.7,
    "2021-05-23 15:20": 602.5,
    "2021-05-23 15:30": 587.6,
    "2021-05-23 15:40": 593.5,
    "2021-05-23 15:50": 594.5,
    "2021-05-23 16:00": 600.3,
    "2021-05-23 16:10": 599,
    "2021-05-23 16:20": 611.2,
    "2021-05-23 16:30": 595.6,
    "2021-05-23 16:40": 594.1,
    "2021-05-23 16:50": 611.3,
    "2021-05-23 17:00": 614.5,
    "2021-05-23 17:10": 664.2,
    "2021-05-23 17:20": 683.4,
    "2021-05-23 17:30": 686.7,
    "2021-05-23 17:40": 685.9,
    "2021-05-23 17:50": 686.7,
    "2021-05-23 18:00": 688.1,
    "2021-05-23 18:10": 687.7,
    "2021-05-23 18:20": 680.3,
    "2021-05-23 18:30": 683.7,
    "2021-05-23 18:40": 685.8,
    "2021-05-23 18:50": 687.7,
    "2021-05-23 19:00": 687.6,
    "2021-05-23 19:10": 687.2,
    "2021-05-23 19:20": 688.1,
    "2021-05-23 19:30": 684.7,
    "2021-05-23 19:40": 681.4,
    "2021-05-23 19:50": 684.2,
    "2021-05-23 20:00": 686.7,
    "2021-05-23 20:10": 683.7,
    "2021-05-23 20:20": 686.2,
    "2021-05-23 20:30": 686.7,
    "2021-05-23 20:40": 686.7,
    "2021-05-23 20:50": 686.2,
    "2021-05-23 21:00": 687.2,
    "2021-05-23 21:10": 680.3,
    "2021-05-23 21:20": 689.2,
    "2021-05-23 21:30": 684.9,
    "2021-05-23 21:40": 686.2,
    "2021-05-23 21:50": 679.9,
    "2021-05-23 22:00": 686.7,
    "2021-05-23 22:10": 683.8,
    "2021-05-23 22:20": 681.8,
    "2021-05-23 22:30": 674.6,
    "2021-05-23 22:40": 678.9,
    "2021-05-23 22:50": 682.4,
    "2021-05-23 23:00": 678.9
}