{
    "2021-05-28 23:10": 689.1,
    "2021-05-28 23:20": 688.9,
    "2021-05-28 23:30": 689.4,
    "2021-05-28 23:40": 687,
    "2021-05-28 23:50": 689.1,
    "2021-05-29 00:00": 683.1,
    "2021-05-29 00:10": 688.5,
    "2021-05-29 00:20": 685.6,
    "2021-05-29 00:30": 664.2,
    "2021-05-29 01:20": 679.8,
    "2021-05-29 01:30": 679.8,
    "2021-05-29 01:40": 672,
    "2021-05-29 01:50": 675.7,
    "2021-05-29 02:00": 685.6,
    "2021-05-29 02:10": 680.7,
    "2021-05-29 02:20": 684.2,
    "2021-05-29 02:30": 665.7,
    "2021-05-29 02:40": 666.4,
    "2021-05-29 02:50": 670.1,
    "2021-05-29 03:00": 666.5,
    "2021-05-29 03:10": 661.2,
    "2021-05-29 03:20": 673.3,
    "2021-05-29 03:30": 666.4,
    "2021-05-29 03:40": 660.3,
    "2021-05-29 03:50": 671.3,
    "2021-05-29 04:00": 662.2,
    "2021-05-29 04:10": 679.2,
    "2021-05-29 04:20": 676.7,
    "2021-05-29 04:30": 663.7,
    "2021-05-29 04:40": 679.7,
    "2021-05-29 04:50": 678.8,
    "2021-05-29 05:00": 676.2,
    "2021-05-29 05:10": 668.9,
    "2021-05-29 05:20": 663,
    "2021-05-29 05:30": 662,
    "2021-05-29 05:40": 664,
    "2021-05-29 05:50": 662.7,
    "2021-05-29 06:00": 672,
    "2021-05-29 06:10": 674.9,
    "2021-05-29 06:20": 668.4,
    "2021-05-29 06:30": 663.1,
    "2021-05-29 06:40": 666.5,
    "2021-05-29 06:50": 674,
    "2021-05-29 07:00": 661.1,
    "2021-05-29 07:10": 669,
    "2021-05-29 07:20": 667,
    "2021-05-29 07:30": 660.8,
    "2021-05-29 07:40": 661.6,
    "2021-05-29 07:50": 666.4,
    "2021-05-29 08:00": 659.1,
    "2021-05-29 08:10": 667.9,
    "2021-05-29 08:20": 668.4,
    "2021-05-29 08:30": 658.6,
    "2021-05-29 08:40": 662.1,
    "2021-05-29 08:50": 661.8,
    "2021-05-29 09:00": 666.4,
    "2021-05-29 09:10": 681.6,
    "2021-05-29 09:20": 672,
    "2021-05-29 09:30": 682.1,
    "2021-05-29 09:40": 677.3,
    "2021-05-29 09:50": 680,
    "2021-05-29 10:00": 665.8,
    "2021-05-29 10:10": 665.7,
    "2021-05-29 10:20": 663.5,
    "2021-05-29 10:30": 684.5,
    "2021-05-29 10:40": 667,
    "2021-05-29 10:50": 665.6,
    "2021-05-29 11:00": 675.9,
    "2021-05-29 11:10": 666.6,
    "2021-05-29 11:20": 677.2,
    "2021-05-29 11:30": 661.8,
    "2021-05-29 11:40": 672.9,
    "2021-05-29 11:50": 668.6,
    "2021-05-29 12:00": 659.2,
    "2021-05-29 12:10": 675.3,
    "2021-05-29 12:20": 662.7,
    "2021-05-29 12:30": 667.6,
    "2021-05-29 12:40": 671,
    "2021-05-29 12:50": 673.5,
    "2021-05-29 13:00": 670.1,
    "2021-05-29 13:10": 670.4,
    "2021-05-29 13:20": 677.9,
    "2021-05-29 13:30": 674.4,
    "2021-05-29 13:40": 664.6,
    "2021-05-29 13:50": 666,
    "2021-05-29 14:00": 665.7,
    "2021-05-29 14:10": 662.5,
    "2021-05-29 14:20": 659.3,
    "2021-05-29 14:30": 658.8,
    "2021-05-29 14:40": 665.2,
    "2021-05-29 14:50": 663.5,
    "2021-05-29 15:00": 661.1,
    "2021-05-29 15:10": 665.7,
    "2021-05-29 15:20": 666.6,
    "2021-05-29 15:30": 663.2,
    "2021-05-29 15:40": 672.8,
    "2021-05-29 15:50": 670.8,
    "2021-05-29 16:00": 670.5,
    "2021-05-29 16:10": 677.3,
    "2021-05-29 16:20": 680.6,
    "2021-05-29 16:30": 673.3,
    "2021-05-29 16:40": 683.1,
    "2021-05-29 16:50": 679.2,
    "2021-05-29 17:00": 675.8,
    "2021-05-29 17:10": 671.4,
    "2021-05-29 17:20": 677.7,
    "2021-05-29 17:30": 681.1,
    "2021-05-29 17:40": 670.9,
    "2021-05-29 17:50": 673.9,
    "2021-05-29 18:00": 676.8,
    "2021-05-29 18:10": 679.7,
    "2021-05-29 18:20": 685.5,
    "2021-05-29 18:30": 677.9,
    "2021-05-29 18:40": 682.3,
    "2021-05-29 18:50": 681.8,
    "2021-05-29 19:00": 680.8,
    "2021-05-29 19:10": 682.6,
    "2021-05-29 19:20": 684.1,
    "2021-05-29 19:30": 678.8,
    "2021-05-29 19:40": 683.8,
    "2021-05-29 19:50": 681.7,
    "2021-05-29 20:00": 684.5,
    "2021-05-29 20:10": 677.8,
    "2021-05-29 20:20": 680.6,
    "2021-05-29 20:30": 683,
    "2021-05-29 20:40": 683.1,
    "2021-05-29 20:50": 678.7,
    "2021-05-29 21:00": 682.7,
    "2021-05-30 00:10": 675.2,
    "2021-05-30 00:20": 673.9,
    "2021-05-30 00:30": 686.1,
    "2021-05-30 00:40": 686.7,
    "2021-05-30 00:50": 684.2,
    "2021-05-30 01:00": 682.6,
    "2021-05-30 01:10": 670.1,
    "2021-05-30 01:20": 684.1,
    "2021-05-30 01:30": 678.8,
    "2021-05-30 01:40": 688.5,
    "2021-05-30 01:50": 683.2,
    "2021-05-30 02:00": 683.2,
    "2021-05-30 02:10": 682.7,
    "2021-05-30 02:20": 686.2,
    "2021-05-30 02:30": 678.8,
    "2021-05-30 02:40": 682.6,
    "2021-05-30 02:50": 687.1,
    "2021-05-30 03:00": 685,
    "2021-05-30 03:10": 684.6,
    "2021-05-30 03:20": 684.1,
    "2021-05-30 03:30": 682.7,
    "2021-05-30 03:40": 670.9,
    "2021-05-30 03:50": 679.8,
    "2021-05-30 04:00": 678.7,
    "2021-05-30 04:10": 682.2,
    "2021-05-30 04:20": 687,
    "2021-05-30 04:30": 683,
    "2021-05-30 04:40": 684.6,
    "2021-05-30 04:50": 673.3,
    "2021-05-30 05:00": 672.3,
    "2021-05-30 05:10": 678.6,
    "2021-05-30 05:20": 672.3,
    "2021-05-30 05:30": 680.1,
    "2021-05-30 05:40": 676.2,
    "2021-05-30 05:50": 684.6,
    "2021-05-30 06:00": 686.9,
    "2021-05-30 06:10": 687.4,
    "2021-05-30 06:20": 685.5,
    "2021-05-30 06:30": 681.7,
    "2021-05-30 06:40": 671.4,
    "2021-05-30 06:50": 675.3,
    "2021-05-30 07:00": 674.8,
    "2021-05-30 07:10": 672.8,
    "2021-05-30 07:20": 672.3,
    "2021-05-30 07:30": 679.6,
    "2021-05-30 07:40": 669.6,
    "2021-05-30 07:50": 675.2,
    "2021-05-30 08:00": 674.3,
    "2021-05-30 08:10": 670.1,
    "2021-05-30 08:20": 680.7,
    "2021-05-30 08:30": 677.4,
    "2021-05-30 08:40": 672.5,
    "2021-05-30 08:50": 673.3,
    "2021-05-30 09:00": 668.5,
    "2021-05-30 09:10": 673.9,
    "2021-05-30 09:20": 672.8,
    "2021-05-30 09:30": 668.4,
    "2021-05-30 09:40": 674.4,
    "2021-05-30 09:50": 666.9,
    "2021-05-30 10:00": 671.9,
    "2021-05-30 10:10": 670.3,
    "2021-05-30 10:20": 671.3,
    "2021-05-30 10:30": 671.3,
    "2021-05-30 10:40": 671.5,
    "2021-05-30 10:50": 681.3,
    "2021-05-30 11:00": 669.6,
    "2021-05-30 11:10": 673.3,
    "2021-05-30 11:20": 674.9,
    "2021-05-30 11:30": 681,
    "2021-05-30 11:40": 677.2,
    "2021-05-30 11:50": 668.6,
    "2021-05-30 12:00": 673,
    "2021-05-30 12:10": 676.4,
    "2021-05-30 12:20": 678.4,
    "2021-05-30 12:30": 678.7,
    "2021-05-30 12:40": 674.4,
    "2021-05-30 12:50": 672.9,
    "2021-05-30 13:00": 679.3,
    "2021-05-30 13:10": 671,
    "2021-05-30 13:20": 674.2,
    "2021-05-30 13:30": 670.5,
    "2021-05-30 13:40": 671,
    "2021-05-30 13:50": 668.6,
    "2021-05-30 14:00": 669.9,
    "2021-05-30 14:10": 680.8,
    "2021-05-30 14:20": 678.4,
    "2021-05-30 14:30": 681.8,
    "2021-05-30 14:40": 675.8,
    "2021-05-30 14:50": 677.4,
    "2021-05-30 15:00": 675.4,
    "2021-05-30 15:10": 671.5,
    "2021-05-30 15:20": 674.9,
    "2021-05-30 15:30": 671.4,
    "2021-05-30 15:40": 673,
    "2021-05-30 15:50": 674.4,
    "2021-05-30 16:00": 670.4,
    "2021-05-30 16:10": 682.7,
    "2021-05-30 16:20": 681.8,
    "2021-05-30 16:30": 679.7,
    "2021-05-30 16:40": 671.4,
    "2021-05-30 17:20": 682.6,
    "2021-05-30 17:30": 675.4,
    "2021-05-30 17:50": 678.8,
    "2021-05-30 18:00": 682.1,
    "2021-05-30 18:10": 684.1,
    "2021-05-30 18:20": 685.7,
    "2021-05-30 18:30": 682.2,
    "2021-05-30 18:40": 683.6,
    "2021-05-30 18:50": 683.7,
    "2021-05-30 19:00": 683.6,
    "2021-05-30 19:10": 686.8,
    "2021-05-30 19:20": 677.2,
    "2021-05-30 19:30": 681.2,
    "2021-05-30 19:40": 676.3,
    "2021-05-30 19:50": 677.9,
    "2021-05-30 20:00": 677.9,
    "2021-05-30 20:10": 673.8,
    "2021-05-30 20:20": 672.5,
    "2021-05-30 20:30": 679.3,
    "2021-05-30 20:40": 673.5,
    "2021-05-30 20:50": 675.9,
    "2021-05-30 21:00": 678.3,
    "2021-05-30 21:10": 674.9,
    "2021-05-30 21:20": 680.7,
    "2021-05-30 21:30": 677.8,
    "2021-05-30 21:40": 684.2,
    "2021-05-30 21:50": 675.2,
    "2021-05-30 22:00": 678.2,
    "2021-05-30 22:10": 674.9,
    "2021-05-30 22:20": 673,
    "2021-05-30 22:30": 675.9
}