{
    "2021-05-22 12:10": 141.6,
    "2021-05-22 12:20": 141.6,
    "2021-05-22 12:30": 141.6,
    "2021-05-22 12:40": 144.2,
    "2021-05-22 12:50": 140.3,
    "2021-05-22 13:00": 139.6,
    "2021-05-22 13:10": 142.9,
    "2021-05-22 13:20": 140.9,
    "2021-05-22 13:30": 166.4,
    "2021-05-22 13:40": 196.4,
    "2021-05-22 13:50": 226.5,
    "2021-05-22 14:00": 246.1,
    "2021-05-22 14:10": 244.8,
    "2021-05-22 14:20": 244.1,
    "2021-05-22 14:30": 257.2,
    "2021-05-22 14:40": 241.5,
    "2021-05-22 14:50": 244.1,
    "2021-05-22 15:00": 243.5,
    "2021-05-22 15:10": 244.1,
    "2021-05-22 15:20": 244.8,
    "2021-05-22 15:30": 243.5,
    "2021-05-22 15:40": 244.1,
    "2021-05-22 15:50": 243.5,
    "2021-05-22 16:00": 243.5,
    "2021-05-22 16:10": 242.8,
    "2021-05-22 16:20": 242.8,
    "2021-05-22 16:40": 244.8,
    "2021-05-22 16:50": 242.8,
    "2021-05-22 17:00": 242.8,
    "2021-05-22 17:10": 244.1,
    "2021-05-22 17:20": 246.1,
    "2021-05-22 17:30": 267.6,
    "2021-05-22 17:40": 295.1,
    "2021-05-22 17:50": 329.7,
    "2021-05-22 18:00": 359.7,
    "2021-05-22 18:10": 384.5,
    "2021-05-22 18:20": 412.6,
    "2021-05-22 18:40": 443.3,
    "2021-05-22 18:50": 445.2,
    "2021-05-22 19:10": 445.9,
    "2021-05-22 19:20": 448.5,
    "2021-05-22 19:30": 446.6,
    "2021-05-22 19:40": 446.6,
    "2021-05-22 20:00": 447.9,
    "2021-05-22 20:10": 448.5,
    "2021-05-22 20:20": 449.2,
    "2021-05-22 20:30": 449.8,
    "2021-05-22 20:40": 447.9,
    "2021-05-22 20:50": 448.5,
    "2021-05-22 21:00": 449.2,
    "2021-05-22 21:10": 447.2,
    "2021-05-22 21:20": 451.8,
    "2021-05-22 21:30": 447.9,
    "2021-05-22 21:40": 448.5,
    "2021-05-22 21:50": 445.9,
    "2021-05-22 22:00": 451.1,
    "2021-05-22 22:10": 451.1,
    "2021-05-22 22:20": 448.5,
    "2021-05-22 22:30": 449.2,
    "2021-05-22 22:40": 449.8,
    "2021-05-22 22:50": 448.5,
    "2021-05-22 23:00": 438.1,
    "2021-05-22 23:10": 410.6,
    "2021-05-22 23:20": 398.2,
    "2021-05-22 23:30": 352.5,
    "2021-05-22 23:40": 311.4,
    "2021-05-22 23:50": 267,
    "2021-05-23 00:00": 218,
    "2021-05-23 00:10": 172.3,
    "2021-05-23 00:20": 145.5,
    "2021-05-23 00:30": 142.9,
    "2021-05-23 00:40": 144.2,
    "2021-05-23 00:50": 144.2,
    "2021-05-23 01:00": 144.2,
    "2021-05-23 01:10": 140.3,
    "2021-05-23 01:20": 139.6,
    "2021-05-23 01:30": 142.2,
    "2021-05-23 01:40": 142.2,
    "2021-05-23 01:50": 139,
    "2021-05-23 02:00": 140.9,
    "2021-05-23 02:10": 139.6,
    "2021-05-23 02:20": 141.6,
    "2021-05-23 02:30": 140.9,
    "2021-05-23 02:40": 140.3,
    "2021-05-23 02:50": 140.9,
    "2021-05-23 03:00": 141.6,
    "2021-05-23 03:10": 143.6,
    "2021-05-23 03:20": 140.9,
    "2021-05-23 03:30": 140.9,
    "2021-05-23 03:40": 140.9,
    "2021-05-23 03:50": 139.6,
    "2021-05-23 04:10": 140.3,
    "2021-05-23 04:20": 140.3,
    "2021-05-23 04:30": 141.6,
    "2021-05-23 04:40": 141.6,
    "2021-05-23 04:50": 140.9,
    "2021-05-23 05:00": 142.9,
    "2021-05-23 05:10": 141.6,
    "2021-05-23 05:30": 142.9,
    "2021-05-23 05:40": 141.6,
    "2021-05-23 05:50": 142.2,
    "2021-05-23 06:00": 142.2,
    "2021-05-23 06:20": 141.6,
    "2021-05-23 06:30": 140.9,
    "2021-05-23 06:40": 142.9,
    "2021-05-23 06:50": 141.6,
    "2021-05-23 07:00": 142.2,
    "2021-05-23 07:10": 140.9,
    "2021-05-23 07:20": 142.2,
    "2021-05-23 07:40": 142.9,
    "2021-05-23 07:50": 139.6,
    "2021-05-23 08:00": 139,
    "2021-05-23 08:10": 139,
    "2021-05-23 08:30": 140.3,
    "2021-05-23 08:40": 142.9,
    "2021-05-23 08:50": 142.2,
    "2021-05-23 09:00": 140.9,
    "2021-05-23 09:10": 140.9,
    "2021-05-23 09:20": 140.9,
    "2021-05-23 09:30": 141.6,
    "2021-05-23 09:40": 141.6,
    "2021-05-23 09:50": 140.9,
    "2021-05-23 10:00": 142.2,
    "2021-05-23 10:10": 144.2,
    "2021-05-23 10:20": 141.6,
    "2021-05-23 10:40": 140.9,
    "2021-05-23 10:50": 140.3,
    "2021-05-23 11:00": 141.6,
    "2021-05-23 11:10": 142.2,
    "2021-05-23 11:20": 142.2,
    "2021-05-23 11:30": 140.9,
    "2021-05-23 11:50": 140.3,
    "2021-05-23 12:00": 139,
    "2021-05-23 12:10": 139.6,
    "2021-05-23 12:20": 142.2,
    "2021-05-23 12:30": 140.3,
    "2021-05-23 12:40": 140.9,
    "2021-05-23 12:50": 139,
    "2021-05-23 13:00": 139.6,
    "2021-05-23 13:10": 142.9,
    "2021-05-23 13:20": 141.6,
    "2021-05-23 13:30": 142.2,
    "2021-05-23 13:40": 142.2,
    "2021-05-23 13:50": 141.6,
    "2021-05-23 14:00": 141.6,
    "2021-05-23 14:10": 144.9,
    "2021-05-23 14:20": 140.3,
    "2021-05-23 14:30": 141.6,
    "2021-05-23 14:40": 140.9,
    "2021-05-23 14:50": 140.9,
    "2021-05-23 15:00": 140.9,
    "2021-05-23 15:10": 140.9,
    "2021-05-23 15:20": 140.9,
    "2021-05-23 15:30": 142.2,
    "2021-05-23 15:40": 142.2,
    "2021-05-23 15:50": 141.6,
    "2021-05-23 16:00": 141.6,
    "2021-05-23 16:10": 140.9,
    "2021-05-23 16:20": 140.9,
    "2021-05-23 16:30": 140.3,
    "2021-05-23 16:40": 142.2,
    "2021-05-23 16:50": 142.9,
    "2021-05-23 17:00": 140.9,
    "2021-05-23 17:10": 165.1,
    "2021-05-23 17:20": 194.5,
    "2021-05-23 17:30": 229.8,
    "2021-05-23 17:40": 265,
    "2021-05-23 17:50": 297.7,
    "2021-05-23 18:00": 334.2,
    "2021-05-23 18:10": 370.1,
    "2021-05-23 18:20": 404.1,
    "2021-05-23 18:30": 436.8,
    "2021-05-23 18:40": 443.3,
    "2021-05-23 18:50": 442.6,
    "2021-05-23 19:00": 447.2,
    "2021-05-23 19:10": 446.6,
    "2021-05-23 19:20": 447.2,
    "2021-05-23 19:30": 447.2,
    "2021-05-23 19:40": 447.2,
    "2021-05-23 19:50": 447.2,
    "2021-05-23 20:00": 447.2,
    "2021-05-23 20:10": 445.2,
    "2021-05-23 20:20": 447.2,
    "2021-05-23 20:30": 446.6,
    "2021-05-23 20:40": 449.2,
    "2021-05-23 20:50": 445.9,
    "2021-05-23 21:00": 445.2,
    "2021-05-23 21:10": 447.2,
    "2021-05-23 21:20": 449.8,
    "2021-05-23 21:30": 447.9,
    "2021-05-23 21:40": 447.9,
    "2021-05-23 21:50": 447.2,
    "2021-05-23 22:00": 443.3,
    "2021-05-23 22:10": 419.1,
    "2021-05-23 22:20": 398.9,
    "2021-05-23 22:30": 397.6,
    "2021-05-23 22:40": 400.2,
    "2021-05-23 22:50": 401.5,
    "2021-05-23 23:00": 386.5
}