{
    "2021-05-22 12:10": 13.3,
    "2021-05-22 12:20": 12.6,
    "2021-05-22 12:30": 13.8,
    "2021-05-22 12:40": 13.2,
    "2021-05-22 12:50": 13.4,
    "2021-05-22 13:00": 12.5,
    "2021-05-22 13:10": 12.5,
    "2021-05-22 13:20": 12.6,
    "2021-05-22 13:30": 11.8,
    "2021-05-22 13:40": 11.4,
    "2021-05-22 13:50": 10.6,
    "2021-05-22 14:00": 7.7,
    "2021-05-22 14:10": 7.2,
    "2021-05-22 14:20": 5.3,
    "2021-05-22 14:30": 5.1,
    "2021-05-22 14:40": 3.5,
    "2021-05-22 14:50": 1.5,
    "2021-05-22 15:00": 1.5,
    "2021-05-22 15:10": 1,
    "2021-05-22 15:20": 0.9,
    "2021-05-22 15:30": 0.8,
    "2021-05-22 15:40": 0.6,
    "2021-05-22 15:50": 0.4,
    "2021-05-22 16:00": 0.1,
    "2021-05-22 16:10": 0.3,
    "2021-05-22 16:20": 0.1,
    "2021-05-22 16:40": 0.1,
    "2021-05-22 16:50": 0.1,
    "2021-05-22 17:00": 0.1,
    "2021-05-22 17:10": 0.1,
    "2021-05-22 17:20": 0.1,
    "2021-05-22 17:30": 0.1,
    "2021-05-22 18:50": 0.1,
    "2021-05-22 19:20": 0.1,
    "2021-05-22 19:40": 0.1,
    "2021-05-22 20:00": 0.1,
    "2021-05-22 20:10": 0.2,
    "2021-05-22 20:20": 0.3,
    "2021-05-22 20:30": 0.2,
    "2021-05-22 20:40": 0.3,
    "2021-05-22 20:50": 0.5,
    "2021-05-22 21:00": 0.9,
    "2021-05-22 21:10": 0.7,
    "2021-05-22 21:20": 1,
    "2021-05-22 21:30": 0.9,
    "2021-05-22 21:40": 0.6,
    "2021-05-22 21:50": 0.5,
    "2021-05-22 22:00": 0.6,
    "2021-05-22 22:10": 0.4,
    "2021-05-22 22:20": 0.4,
    "2021-05-22 22:30": 0.2,
    "2021-05-22 22:40": 0.3,
    "2021-05-22 22:50": 0.1,
    "2021-05-22 23:00": 0.2,
    "2021-05-22 23:10": 0.1,
    "2021-05-22 23:20": 0.2,
    "2021-05-22 23:30": 0.2,
    "2021-05-22 23:40": 0.2,
    "2021-05-23 00:00": 0.1,
    "2021-05-23 00:20": 0.1,
    "2021-05-23 10:40": 0.1,
    "2021-05-23 10:50": 0.1,
    "2021-05-23 11:00": 0.1,
    "2021-05-23 11:20": 0.1,
    "2021-05-23 11:30": 0.1,
    "2021-05-23 11:50": 0.1,
    "2021-05-23 12:00": 0.1,
    "2021-05-23 12:10": 0.1,
    "2021-05-23 12:20": 0.1,
    "2021-05-23 12:30": 0.1,
    "2021-05-23 12:40": 0.1,
    "2021-05-23 12:50": 0.1,
    "2021-05-23 13:00": 0.1,
    "2021-05-23 14:20": 0.1,
    "2021-05-23 14:30": 0.2,
    "2021-05-23 14:40": 0.2,
    "2021-05-23 14:50": 0.1,
    "2021-05-23 15:00": 0.3,
    "2021-05-23 15:10": 0.1,
    "2021-05-23 15:20": 0.3,
    "2021-05-23 15:30": 0.4,
    "2021-05-23 15:40": 0.6,
    "2021-05-23 15:50": 0.4,
    "2021-05-23 16:00": 0.4,
    "2021-05-23 16:10": 0.4,
    "2021-05-23 16:20": 0.3,
    "2021-05-23 16:30": 0.4,
    "2021-05-23 16:40": 0.4,
    "2021-05-23 16:50": 0.4,
    "2021-05-23 17:00": 0.4,
    "2021-05-23 17:10": 0.5,
    "2021-05-23 17:20": 0.2,
    "2021-05-23 17:30": 0.4,
    "2021-05-23 17:40": 0.5,
    "2021-05-23 17:50": 0.3,
    "2021-05-23 18:00": 0.3,
    "2021-05-23 18:10": 0.3,
    "2021-05-23 18:20": 0.4,
    "2021-05-23 18:30": 0.2,
    "2021-05-23 18:40": 0.4,
    "2021-05-23 18:50": 0.4,
    "2021-05-23 19:00": 0.4,
    "2021-05-23 19:10": 0.2,
    "2021-05-23 19:20": 0.1,
    "2021-05-23 19:30": 0.2,
    "2021-05-23 19:40": 0.1,
    "2021-05-23 19:50": 0.3,
    "2021-05-23 20:00": 0.3,
    "2021-05-23 20:10": 0.5,
    "2021-05-23 20:20": 0.3,
    "2021-05-23 20:30": 0.1,
    "2021-05-23 20:40": 0.1,
    "2021-05-23 20:50": 0.1,
    "2021-05-23 21:00": 0.1,
    "2021-05-23 21:10": 0.1,
    "2021-05-23 21:20": 0.1,
    "2021-05-23 21:30": 0.1,
    "2021-05-23 21:40": 0.2,
    "2021-05-23 21:50": 0.1,
    "2021-05-23 22:00": 0.1,
    "2021-05-23 22:10": 0.3,
    "2021-05-23 22:20": 0.4,
    "2021-05-23 22:30": 0.4,
    "2021-05-23 22:40": 0.3,
    "2021-05-23 22:50": 0.2,
    "2021-05-23 23:00": 0.1
}