{
    "2021-05-28 23:10": 707.4,
    "2021-05-28 23:20": 706.9,
    "2021-05-28 23:30": 707.5,
    "2021-05-28 23:40": 705.2,
    "2021-05-28 23:50": 704.7,
    "2021-05-29 00:00": 701,
    "2021-05-29 00:10": 707.4,
    "2021-05-29 00:20": 703.6,
    "2021-05-29 00:30": 704.8,
    "2021-05-29 01:20": 707.4,
    "2021-05-29 01:30": 706.9,
    "2021-05-29 01:40": 707,
    "2021-05-29 01:50": 702.8,
    "2021-05-29 02:00": 709.7,
    "2021-05-29 02:10": 707.5,
    "2021-05-29 02:20": 707.5,
    "2021-05-29 02:30": 708.7,
    "2021-05-29 02:40": 702.2,
    "2021-05-29 02:50": 705.6,
    "2021-05-29 03:00": 708.8,
    "2021-05-29 03:10": 689.7,
    "2021-05-29 03:20": 674.3,
    "2021-05-29 03:30": 647.6,
    "2021-05-29 03:40": 634.8,
    "2021-05-29 03:50": 667.1,
    "2021-05-29 04:00": 636.6,
    "2021-05-29 04:10": 697.8,
    "2021-05-29 04:20": 674.7,
    "2021-05-29 04:30": 639.8,
    "2021-05-29 04:40": 704.5,
    "2021-05-29 04:50": 706.3,
    "2021-05-29 05:00": 687.3,
    "2021-05-29 05:10": 642.2,
    "2021-05-29 05:20": 636.3,
    "2021-05-29 05:30": 638.1,
    "2021-05-29 05:40": 680,
    "2021-05-29 05:50": 699.1,
    "2021-05-29 06:00": 685.4,
    "2021-05-29 06:10": 672.5,
    "2021-05-29 06:20": 665.8,
    "2021-05-29 06:30": 638.3,
    "2021-05-29 06:40": 638.7,
    "2021-05-29 06:50": 656.5,
    "2021-05-29 07:00": 636,
    "2021-05-29 07:10": 647.4,
    "2021-05-29 07:20": 647,
    "2021-05-29 07:30": 634.5,
    "2021-05-29 07:40": 685.4,
    "2021-05-29 07:50": 681,
    "2021-05-29 08:00": 643.3,
    "2021-05-29 08:10": 666.3,
    "2021-05-29 08:20": 654,
    "2021-05-29 08:30": 646.5,
    "2021-05-29 08:40": 652.9,
    "2021-05-29 08:50": 569.5,
    "2021-05-29 09:00": 497,
    "2021-05-29 09:10": 481.5,
    "2021-05-29 09:20": 490.5,
    "2021-05-29 09:30": 492.1,
    "2021-05-29 09:40": 623.4,
    "2021-05-29 09:50": 693.6,
    "2021-05-29 10:00": 678.2,
    "2021-05-29 10:10": 680.3,
    "2021-05-29 10:20": 689,
    "2021-05-29 10:30": 634.8,
    "2021-05-29 10:40": 652.8,
    "2021-05-29 10:50": 611.3,
    "2021-05-29 11:00": 689,
    "2021-05-29 11:10": 645.7,
    "2021-05-29 11:20": 697.9,
    "2021-05-29 11:30": 620.2,
    "2021-05-29 11:40": 647,
    "2021-05-29 11:50": 631.8,
    "2021-05-29 12:00": 603.5,
    "2021-05-29 12:10": 647.8,
    "2021-05-29 12:20": 642,
    "2021-05-29 12:30": 690,
    "2021-05-29 12:40": 699.2,
    "2021-05-29 12:50": 681.8,
    "2021-05-29 13:00": 630.2,
    "2021-05-29 13:10": 693.2,
    "2021-05-29 13:20": 706.6,
    "2021-05-29 13:30": 686,
    "2021-05-29 13:40": 635.4,
    "2021-05-29 13:50": 625.4,
    "2021-05-29 14:00": 606.1,
    "2021-05-29 14:10": 606.8,
    "2021-05-29 14:20": 600.4,
    "2021-05-29 14:30": 607.9,
    "2021-05-29 14:40": 607.1,
    "2021-05-29 14:50": 598.4,
    "2021-05-29 15:00": 599.2,
    "2021-05-29 15:10": 652.8,
    "2021-05-29 15:20": 626.2,
    "2021-05-29 15:30": 581.9,
    "2021-05-29 15:40": 682.1,
    "2021-05-29 15:50": 700.1,
    "2021-05-29 16:00": 686.5,
    "2021-05-29 16:10": 694.3,
    "2021-05-29 16:20": 707.1,
    "2021-05-29 16:30": 693.1,
    "2021-05-29 16:40": 706.6,
    "2021-05-29 16:50": 633.3,
    "2021-05-29 17:00": 633.2,
    "2021-05-29 17:10": 611.7,
    "2021-05-29 17:20": 663.9,
    "2021-05-29 17:30": 704.5,
    "2021-05-29 17:40": 650,
    "2021-05-29 17:50": 679,
    "2021-05-29 18:00": 706.8,
    "2021-05-29 18:10": 708.4,
    "2021-05-29 18:20": 711.9,
    "2021-05-29 18:30": 696.8,
    "2021-05-29 18:40": 711.1,
    "2021-05-29 18:50": 703.5,
    "2021-05-29 19:00": 689.4,
    "2021-05-29 19:10": 707.2,
    "2021-05-29 19:20": 705.4,
    "2021-05-29 19:30": 691.5,
    "2021-05-29 19:40": 705.9,
    "2021-05-29 19:50": 690,
    "2021-05-29 20:00": 688.1,
    "2021-05-29 20:10": 659.1,
    "2021-05-29 20:20": 618.9,
    "2021-05-29 20:30": 661,
    "2021-05-29 20:40": 682.1,
    "2021-05-29 20:50": 679.9,
    "2021-05-29 21:00": 692.2,
    "2021-05-30 00:10": 695.5,
    "2021-05-30 00:20": 623.5,
    "2021-05-30 00:30": 694.8,
    "2021-05-30 00:40": 707.4,
    "2021-05-30 00:50": 712.5,
    "2021-05-30 01:00": 690.9,
    "2021-05-30 01:10": 613.5,
    "2021-05-30 01:20": 678.8,
    "2021-05-30 01:30": 690.7,
    "2021-05-30 01:40": 710.3,
    "2021-05-30 01:50": 715,
    "2021-05-30 02:00": 702.4,
    "2021-05-30 02:10": 702.3,
    "2021-05-30 02:20": 705.8,
    "2021-05-30 02:30": 708.8,
    "2021-05-30 02:40": 712.2,
    "2021-05-30 02:50": 714.6,
    "2021-05-30 03:00": 709.2,
    "2021-05-30 03:10": 716.3,
    "2021-05-30 03:20": 708.4,
    "2021-05-30 03:30": 629.6,
    "2021-05-30 03:40": 605.6,
    "2021-05-30 03:50": 631.2,
    "2021-05-30 04:00": 608.6,
    "2021-05-30 04:10": 485.1,
    "2021-05-30 04:20": 481.8,
    "2021-05-30 04:30": 482.9,
    "2021-05-30 04:40": 481.3,
    "2021-05-30 04:50": 659.3,
    "2021-05-30 05:00": 676.6,
    "2021-05-30 05:10": 683.1,
    "2021-05-30 05:20": 624.3,
    "2021-05-30 05:30": 659.1,
    "2021-05-30 05:40": 661.1,
    "2021-05-30 05:50": 497.2,
    "2021-05-30 06:00": 482.1,
    "2021-05-30 06:10": 482.2,
    "2021-05-30 06:20": 480.6,
    "2021-05-30 06:30": 481.6,
    "2021-05-30 06:40": 481.2,
    "2021-05-30 06:50": 481.2,
    "2021-05-30 07:00": 480.7,
    "2021-05-30 07:10": 481.7,
    "2021-05-30 07:20": 480.8,
    "2021-05-30 07:30": 482.1,
    "2021-05-30 07:40": 481.3,
    "2021-05-30 07:50": 481.1,
    "2021-05-30 08:00": 481.7,
    "2021-05-30 08:10": 592.1,
    "2021-05-30 08:20": 605.6,
    "2021-05-30 08:30": 652.1,
    "2021-05-30 08:40": 635,
    "2021-05-30 08:50": 663.7,
    "2021-05-30 09:00": 644.1,
    "2021-05-30 09:10": 667.9,
    "2021-05-30 09:20": 670.7,
    "2021-05-30 09:30": 661.1,
    "2021-05-30 09:40": 628.9,
    "2021-05-30 09:50": 611.8,
    "2021-05-30 10:00": 618,
    "2021-05-30 10:10": 627.5,
    "2021-05-30 10:20": 682,
    "2021-05-30 10:30": 671,
    "2021-05-30 10:40": 665.8,
    "2021-05-30 10:50": 686.6,
    "2021-05-30 11:00": 643.8,
    "2021-05-30 11:10": 652.1,
    "2021-05-30 11:20": 656,
    "2021-05-30 11:30": 674.5,
    "2021-05-30 11:40": 675.1,
    "2021-05-30 11:50": 605.9,
    "2021-05-30 12:00": 619,
    "2021-05-30 12:10": 507.4,
    "2021-05-30 12:20": 481.8,
    "2021-05-30 12:30": 483,
    "2021-05-30 12:40": 486.4,
    "2021-05-30 12:50": 481.7,
    "2021-05-30 13:00": 485.6,
    "2021-05-30 13:10": 481.3,
    "2021-05-30 13:20": 483.5,
    "2021-05-30 13:30": 481.8,
    "2021-05-30 13:40": 481.9,
    "2021-05-30 13:50": 481.3,
    "2021-05-30 14:00": 481.8,
    "2021-05-30 14:10": 481.3,
    "2021-05-30 14:20": 493.4,
    "2021-05-30 14:30": 481.8,
    "2021-05-30 14:40": 482.2,
    "2021-05-30 14:50": 483.5,
    "2021-05-30 15:00": 484.4,
    "2021-05-30 15:10": 479.5,
    "2021-05-30 15:20": 484,
    "2021-05-30 15:30": 481.7,
    "2021-05-30 15:40": 481.8,
    "2021-05-30 15:50": 484.3,
    "2021-05-30 16:00": 480.8,
    "2021-05-30 16:10": 480.6,
    "2021-05-30 16:20": 481.8,
    "2021-05-30 16:30": 494,
    "2021-05-30 16:40": 651.8,
    "2021-05-30 17:20": 705,
    "2021-05-30 17:30": 702,
    "2021-05-30 17:50": 702,
    "2021-05-30 18:00": 702.4,
    "2021-05-30 18:10": 702.6,
    "2021-05-30 18:20": 705.7,
    "2021-05-30 18:30": 705,
    "2021-05-30 18:40": 702.5,
    "2021-05-30 18:50": 706.1,
    "2021-05-30 19:00": 705.6,
    "2021-05-30 19:10": 704.3,
    "2021-05-30 19:20": 697,
    "2021-05-30 19:30": 706,
    "2021-05-30 19:40": 701.9,
    "2021-05-30 19:50": 700.6,
    "2021-05-30 20:00": 704.6,
    "2021-05-30 20:10": 699.2,
    "2021-05-30 20:20": 693.6,
    "2021-05-30 20:30": 701.8,
    "2021-05-30 20:40": 704.3,
    "2021-05-30 20:50": 702.6,
    "2021-05-30 21:00": 698.9,
    "2021-05-30 21:10": 705,
    "2021-05-30 21:20": 706,
    "2021-05-30 21:30": 700.8,
    "2021-05-30 21:40": 697.7,
    "2021-05-30 21:50": 680.7,
    "2021-05-30 22:00": 692.7,
    "2021-05-30 22:10": 637.5,
    "2021-05-30 22:20": 668.3,
    "2021-05-30 22:30": 650.8
}