{
    "2021-05-28 23:10": 669.8,
    "2021-05-28 23:20": 664.4,
    "2021-05-28 23:30": 665.9,
    "2021-05-28 23:40": 671.4,
    "2021-05-28 23:50": 671.4,
    "2021-05-29 00:00": 670.5,
    "2021-05-29 00:10": 669,
    "2021-05-29 00:20": 667.4,
    "2021-05-29 00:30": 669,
    "2021-05-29 01:20": 667.4,
    "2021-05-29 01:30": 667.4,
    "2021-05-29 01:40": 670.5,
    "2021-05-29 01:50": 667.4,
    "2021-05-29 02:00": 665.9,
    "2021-05-29 02:10": 670.5,
    "2021-05-29 02:20": 670.5,
    "2021-05-29 02:30": 665.9,
    "2021-05-29 02:40": 667.4,
    "2021-05-29 02:50": 672,
    "2021-05-29 03:00": 667.4,
    "2021-05-29 03:10": 673.5,
    "2021-05-29 03:20": 662.9,
    "2021-05-29 03:30": 665.9,
    "2021-05-29 03:40": 670.5,
    "2021-05-29 03:50": 664.4,
    "2021-05-29 04:00": 667.4,
    "2021-05-29 04:10": 667.4,
    "2021-05-29 04:20": 669,
    "2021-05-29 04:30": 669,
    "2021-05-29 04:40": 667.4,
    "2021-05-29 04:50": 670.5,
    "2021-05-29 05:00": 667.4,
    "2021-05-29 05:10": 664.4,
    "2021-05-29 05:20": 667.4,
    "2021-05-29 05:30": 667.4,
    "2021-05-29 05:40": 665.9,
    "2021-05-29 05:50": 673.5,
    "2021-05-29 06:00": 665.9,
    "2021-05-29 06:10": 664.4,
    "2021-05-29 06:20": 669,
    "2021-05-29 06:30": 665.9,
    "2021-05-29 06:40": 665.9,
    "2021-05-29 06:50": 665.9,
    "2021-05-29 07:00": 661.3,
    "2021-05-29 07:10": 661.3,
    "2021-05-29 07:20": 661.3,
    "2021-05-29 07:30": 669,
    "2021-05-29 07:40": 669,
    "2021-05-29 07:50": 666.8,
    "2021-05-29 08:00": 670.5,
    "2021-05-29 08:10": 664.4,
    "2021-05-29 08:20": 662.9,
    "2021-05-29 08:30": 667.4,
    "2021-05-29 08:40": 670.5,
    "2021-05-29 08:50": 678.1,
    "2021-05-29 09:00": 668.3,
    "2021-05-29 09:10": 669.8,
    "2021-05-29 09:20": 670.5,
    "2021-05-29 09:30": 668.3,
    "2021-05-29 09:40": 668.3,
    "2021-05-29 09:50": 668.3,
    "2021-05-29 10:00": 671.4,
    "2021-05-29 10:10": 667.4,
    "2021-05-29 10:20": 671.4,
    "2021-05-29 10:30": 666.8,
    "2021-05-29 10:40": 677.5,
    "2021-05-29 10:50": 668.3,
    "2021-05-29 11:00": 660.7,
    "2021-05-29 11:10": 667.4,
    "2021-05-29 11:20": 668.3,
    "2021-05-29 11:30": 672.9,
    "2021-05-29 11:40": 668.3,
    "2021-05-29 11:50": 668.3,
    "2021-05-29 12:00": 669.8,
    "2021-05-29 12:10": 665.9,
    "2021-05-29 12:20": 667.4,
    "2021-05-29 12:30": 672,
    "2021-05-29 12:40": 664.4,
    "2021-05-29 12:50": 664.4,
    "2021-05-29 13:00": 665.9,
    "2021-05-29 13:10": 665.9,
    "2021-05-29 13:20": 673.5,
    "2021-05-29 13:30": 667.4,
    "2021-05-29 13:40": 667.4,
    "2021-05-29 13:50": 664.4,
    "2021-05-29 14:00": 667.4,
    "2021-05-29 14:10": 669,
    "2021-05-29 14:20": 665.9,
    "2021-05-29 14:30": 668.3,
    "2021-05-29 14:40": 668.3,
    "2021-05-29 14:50": 666.8,
    "2021-05-29 15:00": 665.9,
    "2021-05-29 15:10": 670.5,
    "2021-05-29 15:20": 665.9,
    "2021-05-29 15:30": 670.5,
    "2021-05-29 15:40": 669,
    "2021-05-29 15:50": 662.9,
    "2021-05-29 16:00": 670.5,
    "2021-05-29 16:10": 670.5,
    "2021-05-29 16:20": 667.4,
    "2021-05-29 16:30": 667.4,
    "2021-05-29 16:40": 662,
    "2021-05-29 16:50": 663.5,
    "2021-05-29 17:00": 665,
    "2021-05-29 17:10": 665,
    "2021-05-29 17:20": 665,
    "2021-05-29 17:30": 661.3,
    "2021-05-29 17:40": 669,
    "2021-05-29 17:50": 666.6,
    "2021-05-29 18:00": 663.5,
    "2021-05-29 18:10": 672,
    "2021-05-29 18:20": 665,
    "2021-05-29 18:30": 669,
    "2021-05-29 18:40": 670.5,
    "2021-05-29 18:50": 672,
    "2021-05-29 19:00": 667.4,
    "2021-05-29 19:10": 667.4,
    "2021-05-29 19:20": 667.4,
    "2021-05-29 19:30": 666.6,
    "2021-05-29 19:40": 664.4,
    "2021-05-29 19:50": 664.4,
    "2021-05-29 20:00": 665.9,
    "2021-05-29 20:10": 665.9,
    "2021-05-29 20:20": 667.4,
    "2021-05-29 20:30": 662.9,
    "2021-05-29 20:40": 662,
    "2021-05-29 20:50": 663.5,
    "2021-05-29 21:00": 668.1,
    "2021-05-30 00:10": 664.4,
    "2021-05-30 00:20": 669,
    "2021-05-30 00:30": 665.9,
    "2021-05-30 00:40": 665.9,
    "2021-05-30 00:50": 665,
    "2021-05-30 01:00": 667.4,
    "2021-05-30 01:10": 665.9,
    "2021-05-30 01:20": 661.3,
    "2021-05-30 01:30": 665.9,
    "2021-05-30 01:40": 669,
    "2021-05-30 01:50": 670.5,
    "2021-05-30 02:00": 665.9,
    "2021-05-30 02:10": 665,
    "2021-05-30 02:20": 662,
    "2021-05-30 02:30": 665.9,
    "2021-05-30 02:40": 665.9,
    "2021-05-30 02:50": 662,
    "2021-05-30 03:00": 656.8,
    "2021-05-30 03:10": 664.4,
    "2021-05-30 03:20": 664.4,
    "2021-05-30 03:30": 667.4,
    "2021-05-30 03:40": 665.9,
    "2021-05-30 03:50": 665,
    "2021-05-30 04:00": 665,
    "2021-05-30 04:10": 665,
    "2021-05-30 04:20": 667.4,
    "2021-05-30 04:30": 659.8,
    "2021-05-30 04:40": 665.9,
    "2021-05-30 04:50": 663.5,
    "2021-05-30 05:00": 663.5,
    "2021-05-30 05:10": 667.4,
    "2021-05-30 05:20": 663.5,
    "2021-05-30 05:30": 658.9,
    "2021-05-30 05:40": 669,
    "2021-05-30 05:50": 667.4,
    "2021-05-30 06:00": 665.9,
    "2021-05-30 06:10": 667.4,
    "2021-05-30 06:20": 659.8,
    "2021-05-30 06:30": 665,
    "2021-05-30 06:40": 665,
    "2021-05-30 06:50": 665,
    "2021-05-30 07:00": 666.6,
    "2021-05-30 07:10": 669,
    "2021-05-30 07:20": 662,
    "2021-05-30 07:30": 662.9,
    "2021-05-30 07:40": 665.9,
    "2021-05-30 07:50": 667.4,
    "2021-05-30 08:00": 667.4,
    "2021-05-30 08:10": 661.3,
    "2021-05-30 08:20": 670.5,
    "2021-05-30 08:30": 669,
    "2021-05-30 08:40": 668.1,
    "2021-05-30 08:50": 654.4,
    "2021-05-30 09:00": 669.6,
    "2021-05-30 09:10": 666.6,
    "2021-05-30 09:20": 658.3,
    "2021-05-30 09:30": 665.9,
    "2021-05-30 09:40": 667.4,
    "2021-05-30 09:50": 667.4,
    "2021-05-30 10:00": 665.9,
    "2021-05-30 10:10": 669,
    "2021-05-30 10:20": 664.4,
    "2021-05-30 10:30": 662.9,
    "2021-05-30 10:40": 665.9,
    "2021-05-30 10:50": 671.4,
    "2021-05-30 11:00": 671.4,
    "2021-05-30 11:10": 663.7,
    "2021-05-30 11:20": 674.4,
    "2021-05-30 11:30": 674.4,
    "2021-05-30 11:40": 665.3,
    "2021-05-30 11:50": 669,
    "2021-05-30 12:00": 669.8,
    "2021-05-30 12:10": 666.8,
    "2021-05-30 12:20": 669.8,
    "2021-05-30 12:30": 665.3,
    "2021-05-30 12:40": 672.9,
    "2021-05-30 12:50": 661.3,
    "2021-05-30 13:00": 669.8,
    "2021-05-30 13:10": 665.3,
    "2021-05-30 13:20": 665.3,
    "2021-05-30 13:30": 671.4,
    "2021-05-30 13:40": 669.8,
    "2021-05-30 13:50": 671.4,
    "2021-05-30 14:00": 666.8,
    "2021-05-30 14:10": 666.8,
    "2021-05-30 14:20": 675.9,
    "2021-05-30 14:30": 668.3,
    "2021-05-30 14:40": 665.3,
    "2021-05-30 14:50": 671.4,
    "2021-05-30 15:00": 674.4,
    "2021-05-30 15:10": 668.3,
    "2021-05-30 15:20": 671.4,
    "2021-05-30 15:30": 665.3,
    "2021-05-30 15:40": 666.8,
    "2021-05-30 15:50": 672.9,
    "2021-05-30 16:00": 669.8,
    "2021-05-30 16:10": 669.8,
    "2021-05-30 16:20": 665.3,
    "2021-05-30 16:30": 668.3,
    "2021-05-30 16:40": 669.8,
    "2021-05-30 17:20": 667.4,
    "2021-05-30 17:30": 673.5,
    "2021-05-30 17:50": 667.4,
    "2021-05-30 18:00": 667.4,
    "2021-05-30 18:10": 665.9,
    "2021-05-30 18:20": 679,
    "2021-05-30 18:30": 668.3,
    "2021-05-30 18:40": 668.3,
    "2021-05-30 18:50": 668.3,
    "2021-05-30 19:00": 669.8,
    "2021-05-30 19:10": 671.4,
    "2021-05-30 19:20": 671.4,
    "2021-05-30 19:30": 667.4,
    "2021-05-30 19:40": 667.4,
    "2021-05-30 19:50": 669,
    "2021-05-30 20:00": 669.8,
    "2021-05-30 20:10": 669.8,
    "2021-05-30 20:20": 669.8,
    "2021-05-30 20:30": 667.4,
    "2021-05-30 20:40": 669,
    "2021-05-30 20:50": 665.9,
    "2021-05-30 21:00": 668.3,
    "2021-05-30 21:10": 667.4,
    "2021-05-30 21:20": 664.4,
    "2021-05-30 21:30": 665.9,
    "2021-05-30 21:40": 665.9,
    "2021-05-30 21:50": 670.5,
    "2021-05-30 22:00": 668.3,
    "2021-05-30 22:10": 671.4,
    "2021-05-30 22:20": 671.4,
    "2021-05-30 22:30": 669.8
}