{
    "2021-05-22 12:10": 757,
    "2021-05-22 12:20": 761.6,
    "2021-05-22 12:30": 760.1,
    "2021-05-22 12:40": 760.1,
    "2021-05-22 12:50": 760.1,
    "2021-05-22 13:00": 760.1,
    "2021-05-22 13:10": 755.5,
    "2021-05-22 13:20": 757,
    "2021-05-22 13:30": 757,
    "2021-05-22 13:40": 758.6,
    "2021-05-22 13:50": 760.1,
    "2021-05-22 14:00": 757,
    "2021-05-22 14:10": 758.6,
    "2021-05-22 14:20": 757,
    "2021-05-22 14:30": 757,
    "2021-05-22 14:40": 755.5,
    "2021-05-22 14:50": 755.5,
    "2021-05-22 15:00": 760.1,
    "2021-05-22 15:10": 758.6,
    "2021-05-22 15:20": 760.1,
    "2021-05-22 15:30": 758.6,
    "2021-05-22 15:40": 761.6,
    "2021-05-22 15:50": 758.6,
    "2021-05-22 16:00": 760.1,
    "2021-05-22 16:10": 760.1,
    "2021-05-22 16:20": 758.6,
    "2021-05-22 16:40": 758.6,
    "2021-05-22 16:50": 757,
    "2021-05-22 17:00": 758.6,
    "2021-05-22 17:10": 757,
    "2021-05-22 17:20": 757,
    "2021-05-22 17:30": 752.5,
    "2021-05-22 17:40": 757,
    "2021-05-22 17:50": 757,
    "2021-05-22 18:00": 760.1,
    "2021-05-22 18:10": 757,
    "2021-05-22 18:20": 757,
    "2021-05-22 18:40": 758.6,
    "2021-05-22 18:50": 757,
    "2021-05-22 19:10": 761.6,
    "2021-05-22 19:20": 760.1,
    "2021-05-22 19:30": 760.1,
    "2021-05-22 19:40": 761.6,
    "2021-05-22 20:00": 761.6,
    "2021-05-22 20:10": 760.1,
    "2021-05-22 20:20": 763.1,
    "2021-05-22 20:30": 758.6,
    "2021-05-22 20:40": 758.6,
    "2021-05-22 20:50": 757,
    "2021-05-22 21:00": 758.6,
    "2021-05-22 21:10": 759.4,
    "2021-05-22 21:20": 758.6,
    "2021-05-22 21:30": 758.6,
    "2021-05-22 21:40": 757,
    "2021-05-22 21:50": 758.6,
    "2021-05-22 22:00": 757,
    "2021-05-22 22:10": 757,
    "2021-05-22 22:20": 758.6,
    "2021-05-22 22:30": 761,
    "2021-05-22 22:40": 760.1,
    "2021-05-22 22:50": 757,
    "2021-05-22 23:00": 760.1,
    "2021-05-22 23:10": 758.6,
    "2021-05-22 23:20": 761,
    "2021-05-22 23:30": 760.1,
    "2021-05-22 23:40": 757,
    "2021-05-22 23:50": 763.1,
    "2021-05-23 00:00": 760.1,
    "2021-05-23 00:10": 757,
    "2021-05-23 00:20": 757,
    "2021-05-23 00:30": 755.5,
    "2021-05-23 00:40": 754,
    "2021-05-23 00:50": 755.5,
    "2021-05-23 01:00": 755.5,
    "2021-05-23 01:10": 754,
    "2021-05-23 01:20": 754,
    "2021-05-23 01:30": 752.5,
    "2021-05-23 01:40": 752.5,
    "2021-05-23 01:50": 754,
    "2021-05-23 02:00": 752.5,
    "2021-05-23 02:10": 753.3,
    "2021-05-23 02:20": 751.8,
    "2021-05-23 02:30": 754,
    "2021-05-23 02:40": 752.5,
    "2021-05-23 02:50": 755.5,
    "2021-05-23 03:00": 755.5,
    "2021-05-23 03:10": 744.8,
    "2021-05-23 03:20": 758.6,
    "2021-05-23 03:30": 750.9,
    "2021-05-23 03:40": 761.6,
    "2021-05-23 03:50": 757,
    "2021-05-23 04:00": 758.6,
    "2021-05-23 04:10": 758.6,
    "2021-05-23 04:20": 761.6,
    "2021-05-23 04:30": 760.1,
    "2021-05-23 04:40": 764.7,
    "2021-05-23 04:50": 758.6,
    "2021-05-23 05:00": 755.5,
    "2021-05-23 05:10": 757,
    "2021-05-23 05:20": 760.1,
    "2021-05-23 05:30": 760.1,
    "2021-05-23 05:40": 760.1,
    "2021-05-23 05:50": 760.1,
    "2021-05-23 06:00": 760.1,
    "2021-05-23 06:10": 758.6,
    "2021-05-23 06:20": 758.6,
    "2021-05-23 06:30": 761.6,
    "2021-05-23 06:40": 757,
    "2021-05-23 06:50": 752.5,
    "2021-05-23 07:00": 752.5,
    "2021-05-23 07:10": 758.6,
    "2021-05-23 07:20": 757,
    "2021-05-23 07:30": 757,
    "2021-05-23 07:40": 757,
    "2021-05-23 07:50": 757,
    "2021-05-23 08:00": 764.7,
    "2021-05-23 08:10": 710.6,
    "2021-05-23 08:20": 600.6,
    "2021-05-23 08:30": 554.5,
    "2021-05-23 08:40": 528.6,
    "2021-05-23 08:50": 528.6,
    "2021-05-23 09:00": 530.1,
    "2021-05-23 09:10": 528.6,
    "2021-05-23 09:20": 530.1,
    "2021-05-23 09:30": 553.7,
    "2021-05-23 09:40": 613.2,
    "2021-05-23 09:50": 669.4,
    "2021-05-23 10:00": 725,
    "2021-05-23 10:10": 757.9,
    "2021-05-23 10:20": 759.4,
    "2021-05-23 10:30": 759.4,
    "2021-05-23 10:40": 762.5,
    "2021-05-23 10:50": 764,
    "2021-05-23 11:00": 761,
    "2021-05-23 11:10": 759.4,
    "2021-05-23 11:20": 761,
    "2021-05-23 11:30": 767.1,
    "2021-05-23 11:40": 767.1,
    "2021-05-23 11:50": 755.5,
    "2021-05-23 12:00": 752.5,
    "2021-05-23 12:10": 760.1,
    "2021-05-23 12:20": 755.5,
    "2021-05-23 12:30": 760.1,
    "2021-05-23 12:40": 758.6,
    "2021-05-23 12:50": 758.6,
    "2021-05-23 13:00": 755.5,
    "2021-05-23 13:10": 757,
    "2021-05-23 13:20": 760.1,
    "2021-05-23 13:30": 758.6,
    "2021-05-23 13:40": 758.6,
    "2021-05-23 13:50": 763.1,
    "2021-05-23 14:00": 757,
    "2021-05-23 14:10": 757,
    "2021-05-23 14:20": 757,
    "2021-05-23 14:30": 757,
    "2021-05-23 14:40": 764.7,
    "2021-05-23 14:50": 763.1,
    "2021-05-23 15:00": 776.9,
    "2021-05-23 15:10": 752.5,
    "2021-05-23 15:20": 728.3,
    "2021-05-23 15:30": 712.1,
    "2021-05-23 15:40": 712.1,
    "2021-05-23 15:50": 710.6,
    "2021-05-23 16:00": 744.8,
    "2021-05-23 16:10": 758.6,
    "2021-05-23 16:20": 758.6,
    "2021-05-23 16:30": 758.6,
    "2021-05-23 16:40": 757,
    "2021-05-23 16:50": 761,
    "2021-05-23 17:00": 762.5,
    "2021-05-23 23:00": 0
}