{
    "2021-05-23 15:40": 169.5,
    "2021-05-23 15:50": 199,
    "2021-05-23 16:00": 198.1,
    "2021-05-23 16:10": 199,
    "2021-05-23 16:20": 199.9,
    "2021-05-23 16:30": 198.1,
    "2021-05-23 16:40": 402.7,
    "2021-05-23 16:50": 384.2,
    "2021-05-23 17:00": 387.9,
    "2021-05-23 17:10": 467.3,
    "2021-05-23 17:20": 467.3,
    "2021-05-23 17:30": 277.5,
    "2021-05-23 17:40": 278.4,
    "2021-05-23 17:50": 278.4,
    "2021-05-23 18:00": 277.5,
    "2021-05-23 18:10": 278.4,
    "2021-05-23 18:20": 278.4,
    "2021-05-23 18:30": 277.5,
    "2021-05-23 18:40": 476.5,
    "2021-05-23 18:50": 477.4,
    "2021-05-23 19:00": 477.4,
    "2021-05-23 19:10": 477.4,
    "2021-05-23 19:20": 476.5,
    "2021-05-23 19:30": 478.3,
    "2021-05-23 19:40": 477.4,
    "2021-05-23 19:50": 477.4,
    "2021-05-23 20:00": 371.3,
    "2021-05-23 20:10": 278.4,
    "2021-05-23 20:20": 278.4,
    "2021-05-23 20:30": 277.5,
    "2021-05-23 20:40": 278.4,
    "2021-05-23 20:50": 277.5,
    "2021-05-23 21:00": 279.3,
    "2021-05-23 21:10": 277.5,
    "2021-05-23 21:20": 278.4,
    "2021-05-23 21:30": 278.4,
    "2021-05-23 21:40": 278.4,
    "2021-05-23 21:50": 278.4,
    "2021-05-23 22:00": 277.5,
    "2021-05-23 22:10": 279.3,
    "2021-05-23 22:20": 278.4,
    "2021-05-23 22:30": 278.4,
    "2021-05-23 22:40": 278.4,
    "2021-05-23 22:50": 278.4,
    "2021-05-23 23:00": 278.4
}