{
    "2021-05-22 12:10": 598.6,
    "2021-05-22 12:20": 632.7,
    "2021-05-22 12:30": 640.1,
    "2021-05-22 12:40": 629.7,
    "2021-05-22 12:50": 623.9,
    "2021-05-22 13:00": 638,
    "2021-05-22 13:10": 638,
    "2021-05-22 13:20": 623.4,
    "2021-05-22 13:30": 627.8,
    "2021-05-22 13:40": 635.6,
    "2021-05-22 13:50": 589.2,
    "2021-05-22 14:00": 598,
    "2021-05-22 14:10": 609.2,
    "2021-05-22 14:20": 636.6,
    "2021-05-22 14:30": 603.5,
    "2021-05-22 14:40": 616.8,
    "2021-05-22 14:50": 582.6,
    "2021-05-22 15:00": 538.1,
    "2021-05-22 15:10": 566.1,
    "2021-05-22 15:20": 569.4,
    "2021-05-22 15:30": 621.5,
    "2021-05-22 15:40": 593.8,
    "2021-05-22 15:50": 607.3,
    "2021-05-22 16:00": 639.1,
    "2021-05-22 16:10": 617.6,
    "2021-05-22 16:20": 577.6,
    "2021-05-22 16:40": 548.4,
    "2021-05-22 16:50": 580.6,
    "2021-05-22 17:00": 531.3,
    "2021-05-22 17:10": 613.2,
    "2021-05-22 17:20": 639.6,
    "2021-05-22 17:30": 638.1,
    "2021-05-22 17:40": 633.7,
    "2021-05-22 17:50": 640.6,
    "2021-05-22 18:00": 614.3,
    "2021-05-22 18:10": 617.6,
    "2021-05-22 18:20": 624,
    "2021-05-22 18:40": 603.9,
    "2021-05-22 18:50": 642.4,
    "2021-05-22 19:10": 611.2,
    "2021-05-22 19:20": 612.9,
    "2021-05-22 19:30": 579.5,
    "2021-05-22 19:40": 637.2,
    "2021-05-22 20:00": 603.9,
    "2021-05-22 20:10": 606.6,
    "2021-05-22 20:20": 609.5,
    "2021-05-22 20:30": 639.6,
    "2021-05-22 20:40": 579.5,
    "2021-05-22 20:50": 632.8,
    "2021-05-22 21:00": 618.6,
    "2021-05-22 21:10": 620.1,
    "2021-05-22 21:20": 597.6,
    "2021-05-22 21:30": 644.5,
    "2021-05-22 21:40": 641.5,
    "2021-05-22 21:50": 630.8,
    "2021-05-22 22:00": 623.4,
    "2021-05-22 22:10": 629.3,
    "2021-05-22 22:20": 638.6,
    "2021-05-22 22:30": 644.5,
    "2021-05-22 22:40": 639.6,
    "2021-05-22 22:50": 626.9,
    "2021-05-22 23:00": 593.1,
    "2021-05-22 23:10": 614.9,
    "2021-05-22 23:20": 599.5,
    "2021-05-22 23:30": 638.5,
    "2021-05-22 23:40": 640.1,
    "2021-05-22 23:50": 644,
    "2021-05-23 00:00": 621.5,
    "2021-05-23 00:10": 643.9,
    "2021-05-23 00:20": 631.8,
    "2021-05-23 00:30": 636.7,
    "2021-05-23 00:40": 626.3,
    "2021-05-23 00:50": 628.9,
    "2021-05-23 01:00": 641.4,
    "2021-05-23 01:10": 623.5,
    "2021-05-23 01:20": 624.5,
    "2021-05-23 01:30": 620.5,
    "2021-05-23 01:40": 632.2,
    "2021-05-23 01:50": 609.3,
    "2021-05-23 02:00": 614.3,
    "2021-05-23 02:10": 605.9,
    "2021-05-23 02:20": 642,
    "2021-05-23 02:30": 645.9,
    "2021-05-23 02:40": 636.1,
    "2021-05-23 02:50": 604.6,
    "2021-05-23 03:00": 616.4,
    "2021-05-23 03:10": 645.4,
    "2021-05-23 03:20": 627.1,
    "2021-05-23 03:30": 614.5,
    "2021-05-23 03:40": 642,
    "2021-05-23 03:50": 591.3,
    "2021-05-23 04:10": 642,
    "2021-05-23 04:20": 593.2,
    "2021-05-23 04:30": 644,
    "2021-05-23 04:40": 615.7,
    "2021-05-23 04:50": 635.9,
    "2021-05-23 05:00": 644.5,
    "2021-05-23 05:10": 622.5,
    "2021-05-23 05:30": 632.4,
    "2021-05-23 05:40": 558.5,
    "2021-05-23 05:50": 562,
    "2021-05-23 06:00": 594.2,
    "2021-05-23 06:20": 562.9,
    "2021-05-23 06:30": 541.6,
    "2021-05-23 06:40": 624,
    "2021-05-23 06:50": 646.9,
    "2021-05-23 07:00": 590,
    "2021-05-23 07:10": 591.5,
    "2021-05-23 07:20": 548.8,
    "2021-05-23 07:40": 624.9,
    "2021-05-23 07:50": 617.1,
    "2021-05-23 08:00": 577.1,
    "2021-05-23 08:10": 605.4,
    "2021-05-23 08:30": 645.9,
    "2021-05-23 08:40": 543.6,
    "2021-05-23 08:50": 567.4,
    "2021-05-23 09:00": 625.4,
    "2021-05-23 09:10": 605.4,
    "2021-05-23 09:20": 632.8,
    "2021-05-23 09:30": 637.2,
    "2021-05-23 09:40": 604.9,
    "2021-05-23 09:50": 635.2,
    "2021-05-23 10:00": 629.8,
    "2021-05-23 10:10": 631.7,
    "2021-05-23 10:20": 640.5,
    "2021-05-23 10:40": 637.5,
    "2021-05-23 10:50": 584.4,
    "2021-05-23 11:00": 613.8,
    "2021-05-23 11:10": 620.5,
    "2021-05-23 11:20": 599.2,
    "2021-05-23 11:30": 601,
    "2021-05-23 11:50": 619.7,
    "2021-05-23 12:00": 624.5,
    "2021-05-23 12:10": 588.4,
    "2021-05-23 12:20": 625.3,
    "2021-05-23 12:30": 603.1,
    "2021-05-23 12:40": 605.5,
    "2021-05-23 12:50": 637.7,
    "2021-05-23 13:00": 626.8,
    "2021-05-23 13:10": 604.9,
    "2021-05-23 13:20": 615.3,
    "2021-05-23 13:30": 615.3,
    "2021-05-23 13:40": 589.4,
    "2021-05-23 13:50": 623.6,
    "2021-05-23 14:00": 607.5,
    "2021-05-23 14:10": 586.5,
    "2021-05-23 14:20": 574.8,
    "2021-05-23 14:30": 614.7,
    "2021-05-23 14:40": 613.6,
    "2021-05-23 14:50": 608.1,
    "2021-05-23 15:00": 557.2,
    "2021-05-23 15:10": 544.6,
    "2021-05-23 15:20": 608.9,
    "2021-05-23 15:30": 550.8,
    "2021-05-23 15:40": 573.3,
    "2021-05-23 15:50": 571.3,
    "2021-05-23 16:00": 564,
    "2021-05-23 16:10": 597.2,
    "2021-05-23 16:20": 614.2,
    "2021-05-23 16:30": 576.2,
    "2021-05-23 16:40": 581,
    "2021-05-23 16:50": 607,
    "2021-05-23 17:00": 619.6,
    "2021-05-23 17:10": 639,
    "2021-05-23 17:20": 658.5,
    "2021-05-23 17:30": 659.6,
    "2021-05-23 17:40": 660.5,
    "2021-05-23 17:50": 661.1,
    "2021-05-23 18:00": 659.5,
    "2021-05-23 18:10": 661.1,
    "2021-05-23 18:20": 661,
    "2021-05-23 18:30": 660.6,
    "2021-05-23 18:40": 659.1,
    "2021-05-23 18:50": 660.5,
    "2021-05-23 19:00": 661.5,
    "2021-05-23 19:10": 661,
    "2021-05-23 19:20": 662,
    "2021-05-23 19:30": 660.5,
    "2021-05-23 19:40": 658.5,
    "2021-05-23 19:50": 659.5,
    "2021-05-23 20:00": 658,
    "2021-05-23 20:10": 662.5,
    "2021-05-23 20:20": 662.5,
    "2021-05-23 20:30": 662.4,
    "2021-05-23 20:40": 660,
    "2021-05-23 20:50": 660,
    "2021-05-23 21:00": 660.5,
    "2021-05-23 21:10": 659.5,
    "2021-05-23 21:20": 661.1,
    "2021-05-23 21:30": 661.5,
    "2021-05-23 21:40": 660,
    "2021-05-23 21:50": 660,
    "2021-05-23 22:00": 661,
    "2021-05-23 22:10": 641.9,
    "2021-05-23 22:20": 641.4,
    "2021-05-23 22:30": 639.1,
    "2021-05-23 22:40": 642.4,
    "2021-05-23 22:50": 647.3,
    "2021-05-23 23:00": 638.5
}