{
    "2021-05-28 23:10": 170.2,
    "2021-05-28 23:20": 213.4,
    "2021-05-28 23:30": 183.2,
    "2021-05-28 23:40": 138.9,
    "2021-05-28 23:50": 206.4,
    "2021-05-29 00:00": 147,
    "2021-05-29 00:10": 142,
    "2021-05-29 00:20": 173.3,
    "2021-05-29 00:30": 210.6,
    "2021-05-29 02:40": 15.5,
    "2021-05-29 11:00": 181.4,
    "2021-05-29 11:10": 151.2,
    "2021-05-29 11:20": 135.7,
    "2021-05-29 11:30": 141.7,
    "2021-05-29 11:40": 141.3,
    "2021-05-29 11:50": 141.7,
    "2021-05-29 13:10": 203.2,
    "2021-05-29 13:20": 137.8,
    "2021-05-29 13:30": 154,
    "2021-05-29 13:40": 134.7,
    "2021-05-29 13:50": 138.2,
    "2021-05-29 14:00": 135,
    "2021-05-29 14:10": 135.7,
    "2021-05-29 14:20": 142,
    "2021-05-29 14:30": 133.3,
    "2021-05-29 14:40": 141.7,
    "2021-05-29 14:50": 136.4,
    "2021-05-29 15:00": 162.8,
    "2021-05-29 15:10": 134.3,
    "2021-05-29 15:20": 150.5,
    "2021-05-29 15:30": 219.4,
    "2021-05-29 15:40": 133.6,
    "2021-05-29 15:50": 154.4,
    "2021-05-29 16:00": 144.9,
    "2021-05-29 16:10": 142.4,
    "2021-05-29 16:20": 143.5,
    "2021-05-29 16:30": 141.3,
    "2021-05-29 16:40": 170.2,
    "2021-05-29 16:50": 137.8,
    "2021-05-30 18:50": 130.1,
    "2021-05-30 19:00": 148.4,
    "2021-05-30 19:10": 145.2,
    "2021-05-30 19:20": 142,
    "2021-05-30 19:30": 157.5,
    "2021-05-30 19:40": 141,
    "2021-05-30 19:50": 141.7,
    "2021-05-30 20:00": 140.3,
    "2021-05-30 20:10": 148.4,
    "2021-05-30 20:20": 137.5,
    "2021-05-30 20:30": 140.6,
    "2021-05-30 20:40": 142.8,
    "2021-05-30 20:50": 134.3,
    "2021-05-30 21:00": 148.4,
    "2021-05-30 21:10": 156.8,
    "2021-05-30 21:20": 142.8,
    "2021-05-30 21:30": 129.4,
    "2021-05-30 21:40": 137.8,
    "2021-05-30 21:50": 156.8,
    "2021-05-30 22:00": 144.5,
    "2021-05-30 22:10": 157.9,
    "2021-05-30 22:20": 144.9,
    "2021-05-30 22:30": 140.3
}