{
    "2021-05-23 03:30": -254.5,
    "2021-05-23 03:40": -253.5,
    "2021-05-23 03:50": -250,
    "2021-05-23 04:10": -250.3,
    "2021-05-23 04:20": -251.4,
    "2021-05-23 04:30": -250,
    "2021-05-23 04:40": -251,
    "2021-05-23 04:50": -250,
    "2021-05-23 05:00": -247.5,
    "2021-05-23 05:10": -249.3,
    "2021-05-23 05:30": -248.9,
    "2021-05-23 05:40": -248.9,
    "2021-05-23 05:50": -248.6,
    "2021-05-23 06:00": -250.3,
    "2021-05-23 06:20": -248.9,
    "2021-05-23 06:30": -247.2,
    "2021-05-23 06:40": -246.8,
    "2021-05-23 06:50": -245.8,
    "2021-05-23 07:00": -245.8,
    "2021-05-23 07:10": -246.8,
    "2021-05-23 07:20": -248.6,
    "2021-05-23 07:40": -242.9,
    "2021-05-23 07:50": -245,
    "2021-05-23 08:00": -244,
    "2021-05-23 23:00": 0
}