{
    "2021-05-22 12:40": 149.8,
    "2021-05-22 12:50": 157.2,
    "2021-05-22 13:00": 209.2,
    "2021-05-22 13:10": 225.4,
    "2021-05-22 13:20": 168.8,
    "2021-05-22 13:30": 142.8,
    "2021-05-22 13:40": 171.2,
    "2021-05-22 13:50": 131.9,
    "2021-05-22 14:00": 156.1,
    "2021-05-22 14:10": 146.6,
    "2021-05-22 14:20": 135.4,
    "2021-05-22 14:30": 132.9,
    "2021-05-22 14:40": 142.8,
    "2021-05-22 14:50": 135.7,
    "2021-05-22 15:00": 139.6,
    "2021-05-22 15:10": 136.4,
    "2021-05-22 15:20": 153.3,
    "2021-05-22 15:30": 139.9,
    "2021-05-22 15:40": 188.8,
    "2021-05-22 15:50": 200.1,
    "2021-05-22 16:00": 145.9,
    "2021-05-22 16:10": 130.4,
    "2021-05-22 16:20": 135,
    "2021-05-22 16:40": 148,
    "2021-05-22 16:50": 162.1,
    "2021-05-22 17:00": 206,
    "2021-05-22 17:10": 140.3,
    "2021-05-22 17:20": 187.8,
    "2021-05-22 17:30": 173.7,
    "2021-05-22 17:40": 139.9,
    "2021-05-22 17:50": 183.9,
    "2021-05-22 18:00": 161.4,
    "2021-05-22 18:10": 141,
    "2021-05-22 18:20": 172.6,
    "2021-05-22 18:40": 200.4,
    "2021-05-22 18:50": 151.5,
    "2021-05-22 19:10": 140.6,
    "2021-05-22 19:20": 151.2,
    "2021-05-22 23:30": 123.1,
    "2021-05-22 23:40": 199,
    "2021-05-22 23:50": 150.1,
    "2021-05-23 00:00": 140.3,
    "2021-05-23 00:10": 133.3,
    "2021-05-23 00:20": 133.6,
    "2021-05-23 00:30": 153.3,
    "2021-05-23 00:40": 175.8,
    "2021-05-23 00:50": 137.5,
    "2021-05-23 12:20": 147.7,
    "2021-05-23 12:30": 146.6,
    "2021-05-23 12:40": 143.8,
    "2021-05-23 12:50": 151.5,
    "2021-05-23 13:00": 178.3,
    "2021-05-23 13:10": 149.8,
    "2021-05-23 13:20": 163.5,
    "2021-05-23 13:30": 135.7,
    "2021-05-23 13:40": 146.6,
    "2021-05-23 13:50": 190.2,
    "2021-05-23 14:00": 139.9,
    "2021-05-23 14:10": 148.7,
    "2021-05-23 14:20": 140.6,
    "2021-05-23 14:30": 139.6,
    "2021-05-23 14:40": 137.8,
    "2021-05-23 14:50": 136.8,
    "2021-05-23 18:50": 156.1,
    "2021-05-23 19:00": 147.3,
    "2021-05-23 19:10": 226.4,
    "2021-05-23 19:20": 149.1,
    "2021-05-23 19:30": 145.6,
    "2021-05-23 19:40": 141,
    "2021-05-23 19:50": 149.8,
    "2021-05-23 20:00": 233.5,
    "2021-05-23 20:10": 210.3,
    "2021-05-23 20:20": 135.4,
    "2021-05-23 20:30": 137.8,
    "2021-05-23 20:40": 130.1,
    "2021-05-23 23:00": 0
}