{
    "2021-05-28 23:10": 6.6,
    "2021-05-28 23:20": 7,
    "2021-05-28 23:30": 6.8,
    "2021-05-28 23:40": 6.8,
    "2021-05-28 23:50": 6.8,
    "2021-05-29 00:00": 6.7,
    "2021-05-29 00:10": 6.6,
    "2021-05-29 00:20": 6.7,
    "2021-05-29 00:30": 6.7,
    "2021-05-29 01:20": 4.6,
    "2021-05-29 01:30": 8.3,
    "2021-05-29 01:40": 8.4,
    "2021-05-29 01:50": 8.3,
    "2021-05-29 02:00": 8.4,
    "2021-05-29 02:10": 8.4,
    "2021-05-29 02:20": 8.6,
    "2021-05-29 02:30": 8.2,
    "2021-05-29 02:40": 8.2,
    "2021-05-29 02:50": 7.7,
    "2021-05-29 03:00": 6.9,
    "2021-05-29 03:10": 6.7,
    "2021-05-29 03:20": 6.9,
    "2021-05-29 03:30": 6.8,
    "2021-05-29 04:00": 8.1,
    "2021-05-29 04:10": 7.2,
    "2021-05-29 04:20": 7.2,
    "2021-05-29 04:30": 7.3,
    "2021-05-29 04:40": 7.2,
    "2021-05-29 04:50": 7.4,
    "2021-05-29 05:00": 7.3,
    "2021-05-29 05:10": 7.2,
    "2021-05-29 05:20": 7.2,
    "2021-05-29 05:30": 7.2,
    "2021-05-29 05:40": 7.2,
    "2021-05-29 05:50": 7.3,
    "2021-05-29 06:00": 7.3,
    "2021-05-29 06:10": 7.3,
    "2021-05-29 06:20": 7.4,
    "2021-05-29 06:30": 7.3,
    "2021-05-29 06:40": 7.2,
    "2021-05-29 06:50": 7.2,
    "2021-05-29 07:00": 5.4,
    "2021-05-29 07:10": 6.2,
    "2021-05-29 07:30": 6.8,
    "2021-05-29 07:50": 7.7,
    "2021-05-29 08:10": 7.7,
    "2021-05-29 08:20": 7.8,
    "2021-05-29 08:30": 7.7,
    "2021-05-29 08:40": 7.7,
    "2021-05-29 09:00": 7.4,
    "2021-05-29 09:10": 7.4,
    "2021-05-29 09:20": 7.7,
    "2021-05-29 09:30": 7.7,
    "2021-05-29 09:40": 6.8,
    "2021-05-29 09:50": 6.6,
    "2021-05-29 10:00": 6.6,
    "2021-05-29 10:10": 6.7,
    "2021-05-29 10:20": 6.9,
    "2021-05-29 10:30": 6.8,
    "2021-05-29 10:40": 6.8,
    "2021-05-29 10:50": 6.8,
    "2021-05-29 11:00": 6.6,
    "2021-05-29 11:10": 6.8,
    "2021-05-29 11:20": 6.8,
    "2021-05-29 11:30": 6.8,
    "2021-05-29 11:40": 6.8,
    "2021-05-29 11:50": 6.7,
    "2021-05-29 12:10": 4.3,
    "2021-05-29 12:20": 7.2,
    "2021-05-29 12:30": 7.2,
    "2021-05-29 12:40": 7.4,
    "2021-05-29 12:50": 7.2,
    "2021-05-29 13:00": 7.3,
    "2021-05-29 13:10": 7.3,
    "2021-05-29 13:20": 7.3,
    "2021-05-29 13:30": 7.3,
    "2021-05-29 13:40": 7.2,
    "2021-05-29 13:50": 7.2,
    "2021-05-29 14:00": 7.2,
    "2021-05-29 14:10": 7,
    "2021-05-29 14:20": 6.9,
    "2021-05-29 14:30": 7,
    "2021-05-29 14:40": 6.7,
    "2021-05-29 15:20": 5.5,
    "2021-05-29 15:40": 6.1,
    "2021-05-29 15:50": 6.2,
    "2021-05-29 16:00": 6.4,
    "2021-05-29 16:10": 6.3,
    "2021-05-29 16:20": 6.6,
    "2021-05-29 16:30": 6.5,
    "2021-05-29 16:40": 6.7,
    "2021-05-29 16:50": 6.8,
    "2021-05-29 17:00": 5.4,
    "2021-05-29 17:10": 5.2,
    "2021-05-29 17:20": 5.4,
    "2021-05-29 17:30": 5.3,
    "2021-05-29 17:40": 5.5,
    "2021-05-29 17:50": 5.5,
    "2021-05-29 18:00": 5.6,
    "2021-05-29 18:10": 5.6,
    "2021-05-29 18:20": 5.6,
    "2021-05-29 18:30": 5.7,
    "2021-05-29 18:40": 5.8,
    "2021-05-29 18:50": 5.8,
    "2021-05-29 19:00": 5.8,
    "2021-05-29 19:10": 5.8,
    "2021-05-29 19:20": 5.7,
    "2021-05-29 19:30": 5.7,
    "2021-05-29 19:40": 5.6,
    "2021-05-29 19:50": 5.6,
    "2021-05-29 20:00": 5.5,
    "2021-05-29 20:10": 5.5,
    "2021-05-29 20:20": 5.6,
    "2021-05-29 20:30": 5.5,
    "2021-05-29 20:40": 5.4,
    "2021-05-29 20:50": 5.5,
    "2021-05-29 21:00": 5.4,
    "2021-05-30 00:10": 5.2,
    "2021-05-30 00:20": 5.3,
    "2021-05-30 00:30": 5.2,
    "2021-05-30 00:40": 5.2,
    "2021-05-30 00:50": 5.2,
    "2021-05-30 01:00": 5,
    "2021-05-30 01:10": 5,
    "2021-05-30 01:20": 5.1,
    "2021-05-30 01:30": 5.3,
    "2021-05-30 01:40": 5.4,
    "2021-05-30 01:50": 2.6,
    "2021-05-30 02:10": 2.9,
    "2021-05-30 02:20": 2.9,
    "2021-05-30 02:30": 3,
    "2021-05-30 02:40": 3,
    "2021-05-30 02:50": 5.4,
    "2021-05-30 03:00": 5.5,
    "2021-05-30 03:10": 7.1,
    "2021-05-30 03:20": 6.2,
    "2021-05-30 03:30": 6.3,
    "2021-05-30 03:40": 6.1,
    "2021-05-30 03:50": 5,
    "2021-05-30 04:00": 5.1,
    "2021-05-30 04:10": 5.1,
    "2021-05-30 04:20": 4.9,
    "2021-05-30 04:30": 5,
    "2021-05-30 04:40": 5.2,
    "2021-05-30 04:50": 5,
    "2021-05-30 05:00": 4.8,
    "2021-05-30 05:10": 4.8,
    "2021-05-30 05:20": 4.6,
    "2021-05-30 05:30": 4.6,
    "2021-05-30 05:40": 4.4,
    "2021-05-30 05:50": 4.6,
    "2021-05-30 06:00": 4.8,
    "2021-05-30 06:10": 4.7,
    "2021-05-30 06:20": 4.7,
    "2021-05-30 06:30": 4.7,
    "2021-05-30 06:40": 4.5,
    "2021-05-30 06:50": 4.4,
    "2021-05-30 07:00": 4.5,
    "2021-05-30 07:10": 4.5,
    "2021-05-30 07:20": 4.5,
    "2021-05-30 07:30": 4.5,
    "2021-05-30 07:40": 4.5,
    "2021-05-30 07:50": 4.5,
    "2021-05-30 08:00": 4.6,
    "2021-05-30 08:10": 4.6,
    "2021-05-30 08:20": 4.6,
    "2021-05-30 08:30": 4.5,
    "2021-05-30 08:40": 4.7,
    "2021-05-30 09:00": 5.4,
    "2021-05-30 09:10": 5.4,
    "2021-05-30 09:20": 5.5,
    "2021-05-30 09:30": 5.3,
    "2021-05-30 09:40": 5.5,
    "2021-05-30 10:10": 5.2,
    "2021-05-30 10:20": 5.4,
    "2021-05-30 10:30": 5.4,
    "2021-05-30 10:40": 5.4,
    "2021-05-30 10:50": 5.6,
    "2021-05-30 11:00": 5.6,
    "2021-05-30 11:40": 5.1,
    "2021-05-30 11:50": 5.2,
    "2021-05-30 12:00": 5.2,
    "2021-05-30 12:10": 4.7,
    "2021-05-30 12:20": 4.9,
    "2021-05-30 12:30": 4.9,
    "2021-05-30 12:40": 4.8,
    "2021-05-30 13:00": 5,
    "2021-05-30 13:10": 4.8,
    "2021-05-30 13:20": 4.8,
    "2021-05-30 13:30": 4.8,
    "2021-05-30 13:40": 3.2,
    "2021-05-30 13:50": 3,
    "2021-05-30 14:00": 3.3,
    "2021-05-30 14:30": 2.7,
    "2021-05-30 14:40": 2.9,
    "2021-05-30 14:50": 3,
    "2021-05-30 15:00": 3,
    "2021-05-30 15:10": 2.9,
    "2021-05-30 15:20": 2.9,
    "2021-05-30 15:30": 2.7,
    "2021-05-30 15:40": 2.9,
    "2021-05-30 15:50": 3,
    "2021-05-30 16:00": 2.7,
    "2021-05-30 16:10": 2.9,
    "2021-05-30 16:20": 3,
    "2021-05-30 16:30": 2.9,
    "2021-05-30 16:40": 3,
    "2021-05-30 17:20": 3,
    "2021-05-30 17:30": 3.2,
    "2021-05-30 17:50": 3.1,
    "2021-05-30 18:00": 3.1,
    "2021-05-30 18:10": 2.9,
    "2021-05-30 18:20": 3,
    "2021-05-30 19:00": 1,
    "2021-05-30 19:10": 1,
    "2021-05-30 20:20": 1.1,
    "2021-05-30 20:30": 1.2,
    "2021-05-30 20:40": 1.3,
    "2021-05-30 20:50": 1.3,
    "2021-05-30 21:00": 1.3,
    "2021-05-30 21:10": 1.3,
    "2021-05-30 21:20": 1.4,
    "2021-05-30 21:30": 1.2,
    "2021-05-30 21:40": 2.2,
    "2021-05-30 21:50": 2.2,
    "2021-05-30 22:00": 2,
    "2021-05-30 22:20": 1,
    "2021-05-30 22:30": 1.1
}