{
    "2021-05-23 04:50": -247.5,
    "2021-05-23 05:00": -245,
    "2021-05-23 05:10": -246.5,
    "2021-05-23 05:30": -245.8,
    "2021-05-23 05:40": -246.5,
    "2021-05-23 05:50": -246.1,
    "2021-05-23 06:00": -247.2,
    "2021-05-23 06:20": -247.2,
    "2021-05-23 06:30": -244.7,
    "2021-05-23 06:40": -244,
    "2021-05-23 06:50": -242.9,
    "2021-05-23 07:00": -243.6,
    "2021-05-23 07:10": -244,
    "2021-05-23 07:20": -246.1,
    "2021-05-23 07:40": -240.5,
    "2021-05-23 07:50": -241.9,
    "2021-05-23 08:00": -245.4,
    "2021-05-23 08:10": -244.3,
    "2021-05-23 08:30": -247.5,
    "2021-05-23 08:40": -244,
    "2021-05-23 08:50": -246.8,
    "2021-05-23 23:00": 0
}