{
    "2021-05-28 23:10": 164.6,
    "2021-05-28 23:20": 192.3,
    "2021-05-28 23:30": 194.8,
    "2021-05-28 23:40": 146.3,
    "2021-05-28 23:50": 204.3,
    "2021-05-29 00:00": 171.2,
    "2021-05-29 00:10": 149.1,
    "2021-05-29 00:20": 200.8,
    "2021-05-29 17:30": 182.5,
    "2021-05-29 17:40": 160.3,
    "2021-05-29 17:50": 157.9,
    "2021-05-29 18:00": 163.5,
    "2021-05-29 18:10": 161.4,
    "2021-05-29 18:20": 134.3,
    "2021-05-29 18:30": 136.1,
    "2021-05-29 18:40": 169.1,
    "2021-05-29 18:50": 159.3,
    "2021-05-29 19:00": 164.2,
    "2021-05-29 19:10": 142.4,
    "2021-05-29 19:20": 138.9,
    "2021-05-29 19:30": 162.8,
    "2021-05-29 19:40": 167.7,
    "2021-05-29 19:50": 141.3,
    "2021-05-29 20:00": 148.7,
    "2021-05-29 20:10": 147,
    "2021-05-29 20:20": 146.3,
    "2021-05-29 20:30": 139.2,
    "2021-05-29 20:40": 150.8,
    "2021-05-29 20:50": 156.5,
    "2021-05-29 21:00": 144.2,
    "2021-05-30 11:20": 203.9,
    "2021-05-30 11:30": 227.5,
    "2021-05-30 11:40": 134.3,
    "2021-05-30 11:50": 137.5,
    "2021-05-30 12:00": 151.2,
    "2021-05-30 22:30": 0
}