{
    "2021-05-29 02:40": -15.1,
    "2021-05-29 02:50": -255.2,
    "2021-05-29 03:00": -255.6,
    "2021-05-29 03:10": -254.2,
    "2021-05-29 03:20": -254.2,
    "2021-05-29 03:30": -255.2,
    "2021-05-29 03:40": -254.9,
    "2021-05-29 03:50": -254.5,
    "2021-05-29 04:00": -253.8,
    "2021-05-29 04:10": -252.8,
    "2021-05-29 04:20": -254.9,
    "2021-05-29 04:30": -243.6,
    "2021-05-29 04:40": -249.6,
    "2021-05-29 04:50": -249.6,
    "2021-05-29 05:00": -248.6,
    "2021-05-29 05:10": -249.6,
    "2021-05-29 05:20": -248.9,
    "2021-05-29 05:30": -248.6,
    "2021-05-29 05:40": -248.6,
    "2021-05-29 05:50": -246.5,
    "2021-05-29 06:00": -251,
    "2021-05-29 06:10": -246.8,
    "2021-05-29 06:20": -246.1,
    "2021-05-29 06:30": -246.8,
    "2021-05-29 06:40": -248.2,
    "2021-05-29 06:50": -246.8,
    "2021-05-29 07:00": -244.3,
    "2021-05-29 07:10": -243.6,
    "2021-05-29 07:20": -245.4,
    "2021-05-29 07:30": -244.7,
    "2021-05-29 07:40": -244.7,
    "2021-05-30 03:00": -255.9,
    "2021-05-30 03:10": -256.7,
    "2021-05-30 03:20": -255.9,
    "2021-05-30 03:30": -256.3,
    "2021-05-30 03:40": -254.5,
    "2021-05-30 03:50": -254.9,
    "2021-05-30 04:00": -254.9,
    "2021-05-30 04:10": -254.5,
    "2021-05-30 04:20": -254.9,
    "2021-05-30 04:30": -254.9,
    "2021-05-30 04:40": -253.5,
    "2021-05-30 04:50": -254.5,
    "2021-05-30 05:00": -254.2,
    "2021-05-30 05:10": -250,
    "2021-05-30 05:20": -248.9,
    "2021-05-30 05:30": -249.6,
    "2021-05-30 05:40": -249.3,
    "2021-05-30 05:50": -247.5,
    "2021-05-30 06:00": -247.2,
    "2021-05-30 06:10": -246.8,
    "2021-05-30 06:20": -246.1,
    "2021-05-30 06:30": -248.2,
    "2021-05-30 06:40": -247.2,
    "2021-05-30 06:50": -246.5,
    "2021-05-30 07:00": -246.8,
    "2021-05-30 07:10": -246.8,
    "2021-05-30 07:20": -246.1,
    "2021-05-30 07:30": -246.5,
    "2021-05-30 07:40": -246.1,
    "2021-05-30 07:50": -244.7,
    "2021-05-30 22:30": 0
}