{
    "2021-05-28 23:10": 19.9,
    "2021-05-28 23:20": 20,
    "2021-05-28 23:30": 19.9,
    "2021-05-28 23:40": 20,
    "2021-05-28 23:50": 19.9,
    "2021-05-29 00:00": 20,
    "2021-05-29 00:10": 20,
    "2021-05-29 00:20": 20,
    "2021-05-29 00:30": 19.3,
    "2021-05-29 01:20": 19.3,
    "2021-05-29 01:30": 19.3,
    "2021-05-29 01:40": 19.3,
    "2021-05-29 01:50": 19.3,
    "2021-05-29 02:00": 19.3,
    "2021-05-29 02:10": 19.3,
    "2021-05-29 02:20": 19.3,
    "2021-05-29 02:30": 19.3,
    "2021-05-29 02:40": 19.3,
    "2021-05-29 02:50": 19.3,
    "2021-05-29 03:00": 19.3,
    "2021-05-29 03:10": 19.3,
    "2021-05-29 03:20": 19.4,
    "2021-05-29 03:30": 19.3,
    "2021-05-29 03:40": 19.3,
    "2021-05-29 03:50": 19.3,
    "2021-05-29 04:00": 19.3,
    "2021-05-29 04:10": 19.3,
    "2021-05-29 04:20": 19.3,
    "2021-05-29 04:30": 19.3,
    "2021-05-29 04:40": 19.3,
    "2021-05-29 04:50": 19.3,
    "2021-05-29 05:00": 19.3,
    "2021-05-29 05:10": 19.3,
    "2021-05-29 05:20": 19.3,
    "2021-05-29 05:30": 19.3,
    "2021-05-29 05:40": 19.3,
    "2021-05-29 05:50": 19.3,
    "2021-05-29 06:00": 19.3,
    "2021-05-29 06:10": 19.3,
    "2021-05-29 06:20": 19.3,
    "2021-05-29 06:30": 19.3,
    "2021-05-29 06:40": 19.3,
    "2021-05-29 06:50": 19.3,
    "2021-05-29 07:00": 19.3,
    "2021-05-29 07:10": 19.3,
    "2021-05-29 07:20": 19.3,
    "2021-05-29 07:30": 19.3,
    "2021-05-29 07:40": 19.4,
    "2021-05-29 07:50": 19.4,
    "2021-05-29 08:00": 19.3,
    "2021-05-29 08:10": 20.1,
    "2021-05-29 08:20": 20.2,
    "2021-05-29 08:30": 20.3,
    "2021-05-29 08:40": 20.3,
    "2021-05-29 08:50": 20.6,
    "2021-05-29 09:00": 21.5,
    "2021-05-29 09:10": 21.6,
    "2021-05-29 09:20": 21.6,
    "2021-05-29 09:30": 21.6,
    "2021-05-29 09:40": 21.6,
    "2021-05-29 09:50": 21.5,
    "2021-05-29 10:00": 21.6,
    "2021-05-29 10:10": 21.6,
    "2021-05-29 10:20": 21.5,
    "2021-05-29 10:30": 21.1,
    "2021-05-29 10:40": 21.2,
    "2021-05-29 10:50": 21.2,
    "2021-05-29 11:00": 21.2,
    "2021-05-29 11:10": 21.2,
    "2021-05-29 11:20": 21.2,
    "2021-05-29 11:30": 21.2,
    "2021-05-29 11:40": 21.5,
    "2021-05-29 11:50": 21.6,
    "2021-05-29 12:00": 21.5,
    "2021-05-29 12:10": 21.6,
    "2021-05-29 12:20": 21.6,
    "2021-05-29 12:30": 21.6,
    "2021-05-29 12:40": 21.6,
    "2021-05-29 12:50": 21.6,
    "2021-05-29 13:00": 21.6,
    "2021-05-29 13:10": 21.6,
    "2021-05-29 13:20": 21.6,
    "2021-05-29 13:30": 21.6,
    "2021-05-29 13:40": 21.6,
    "2021-05-29 13:50": 21.6,
    "2021-05-29 14:00": 21.6,
    "2021-05-29 14:10": 21.6,
    "2021-05-29 14:20": 21.6,
    "2021-05-29 14:30": 21.6,
    "2021-05-29 14:40": 21.6,
    "2021-05-29 14:50": 22.4,
    "2021-05-29 15:00": 22.4,
    "2021-05-29 15:10": 22.4,
    "2021-05-29 15:20": 22.4,
    "2021-05-29 15:30": 22.4,
    "2021-05-29 15:40": 22.4,
    "2021-05-29 15:50": 22.4,
    "2021-05-29 16:00": 22.4,
    "2021-05-29 16:10": 22.4,
    "2021-05-29 16:20": 22.4,
    "2021-05-29 16:30": 22.4,
    "2021-05-29 16:40": 22.4,
    "2021-05-29 16:50": 22,
    "2021-05-29 17:00": 22,
    "2021-05-29 17:10": 21.9,
    "2021-05-29 17:20": 22,
    "2021-05-29 17:30": 21.9,
    "2021-05-29 17:40": 22,
    "2021-05-29 17:50": 22,
    "2021-05-29 18:00": 22.2,
    "2021-05-29 18:10": 22.2,
    "2021-05-29 18:20": 22.3,
    "2021-05-29 18:30": 22.2,
    "2021-05-29 18:40": 22.2,
    "2021-05-29 18:50": 21.9,
    "2021-05-29 19:00": 21.9,
    "2021-05-29 19:10": 21.9,
    "2021-05-29 19:20": 22.2,
    "2021-05-29 19:30": 22.2,
    "2021-05-29 19:40": 22.2,
    "2021-05-29 19:50": 22.2,
    "2021-05-29 20:00": 22.2,
    "2021-05-29 20:10": 22.2,
    "2021-05-29 20:20": 22.2,
    "2021-05-29 20:30": 22.2,
    "2021-05-29 20:40": 22.2,
    "2021-05-29 20:50": 22.2,
    "2021-05-29 21:00": 22.2,
    "2021-05-30 00:10": 22.5,
    "2021-05-30 00:20": 22.4,
    "2021-05-30 00:30": 22.4,
    "2021-05-30 00:40": 22.4,
    "2021-05-30 00:50": 22.4,
    "2021-05-30 01:00": 22.5,
    "2021-05-30 01:10": 22.4,
    "2021-05-30 01:20": 22.4,
    "2021-05-30 01:30": 22.4,
    "2021-05-30 01:40": 22.4,
    "2021-05-30 01:50": 22.4,
    "2021-05-30 02:00": 22.4,
    "2021-05-30 02:10": 22.4,
    "2021-05-30 02:20": 22.4,
    "2021-05-30 02:30": 22.4,
    "2021-05-30 02:40": 22.4,
    "2021-05-30 02:50": 22.4,
    "2021-05-30 03:00": 22.4,
    "2021-05-30 03:10": 22.4,
    "2021-05-30 03:20": 21.6,
    "2021-05-30 03:30": 20.5,
    "2021-05-30 03:40": 20.4,
    "2021-05-30 03:50": 14.4,
    "2021-05-30 04:00": 6.9,
    "2021-05-30 04:10": 6.7,
    "2021-05-30 04:20": 6.7,
    "2021-05-30 04:30": 6.7,
    "2021-05-30 04:40": 6.7,
    "2021-05-30 04:50": 6.3,
    "2021-05-30 05:00": 6,
    "2021-05-30 05:10": 4.4,
    "2021-05-30 05:20": 3.6,
    "2021-05-30 05:30": 2.9,
    "2021-05-30 05:40": 2.6,
    "2021-05-30 05:50": 2.6,
    "2021-05-30 06:00": 2.6,
    "2021-05-30 06:10": 2.6,
    "2021-05-30 06:20": 2.6,
    "2021-05-30 06:30": 2.6,
    "2021-05-30 06:40": 2.6,
    "2021-05-30 06:50": 2.6,
    "2021-05-30 07:00": 2.6,
    "2021-05-30 07:10": 4.8,
    "2021-05-30 07:20": 5.7,
    "2021-05-30 07:30": 5.7,
    "2021-05-30 07:40": 8.6,
    "2021-05-30 07:50": 8.6,
    "2021-05-30 08:00": 8.6,
    "2021-05-30 08:10": 12,
    "2021-05-30 08:20": 12.1,
    "2021-05-30 08:30": 12.1,
    "2021-05-30 08:40": 14.8,
    "2021-05-30 08:50": 14.9,
    "2021-05-30 09:00": 14.9,
    "2021-05-30 09:10": 14.9,
    "2021-05-30 09:20": 15.4,
    "2021-05-30 09:30": 15.4,
    "2021-05-30 09:40": 15.4,
    "2021-05-30 09:50": 15.4,
    "2021-05-30 10:00": 15.4,
    "2021-05-30 10:10": 15.4,
    "2021-05-30 10:20": 15.4,
    "2021-05-30 10:30": 11.3,
    "2021-05-30 10:40": 11.3,
    "2021-05-30 10:50": 11.6,
    "2021-05-30 11:00": 12,
    "2021-05-30 11:10": 12,
    "2021-05-30 11:20": 12.5,
    "2021-05-30 11:30": 12.6,
    "2021-05-30 11:40": 12.5,
    "2021-05-30 11:50": 11.8,
    "2021-05-30 12:00": 11.8,
    "2021-05-30 12:10": 11.8,
    "2021-05-30 12:20": 11.8,
    "2021-05-30 12:30": 11.8,
    "2021-05-30 12:40": 11.1,
    "2021-05-30 12:50": 11.1,
    "2021-05-30 13:00": 11.1,
    "2021-05-30 13:10": 11.9,
    "2021-05-30 13:20": 11.9,
    "2021-05-30 13:30": 12,
    "2021-05-30 13:40": 11.7,
    "2021-05-30 13:50": 11.7,
    "2021-05-30 14:00": 11.7,
    "2021-05-30 14:10": 11.7,
    "2021-05-30 14:20": 11.7,
    "2021-05-30 14:30": 11.7,
    "2021-05-30 14:40": 11.7,
    "2021-05-30 14:50": 11.7,
    "2021-05-30 15:00": 11.7,
    "2021-05-30 15:10": 11.7,
    "2021-05-30 15:20": 11.7,
    "2021-05-30 15:30": 11.7,
    "2021-05-30 15:40": 11.7,
    "2021-05-30 15:50": 11.7,
    "2021-05-30 16:00": 11.7,
    "2021-05-30 16:10": 11.7,
    "2021-05-30 16:20": 11.7,
    "2021-05-30 16:30": 11.7,
    "2021-05-30 16:40": 11.7,
    "2021-05-30 17:20": 11.8,
    "2021-05-30 17:30": 11.8,
    "2021-05-30 17:50": 11.8,
    "2021-05-30 18:00": 11.8,
    "2021-05-30 18:10": 12.1,
    "2021-05-30 18:20": 12.2,
    "2021-05-30 18:30": 12.1,
    "2021-05-30 18:40": 12.2,
    "2021-05-30 18:50": 12.2,
    "2021-05-30 19:00": 13.1,
    "2021-05-30 19:10": 14.2,
    "2021-05-30 19:20": 14.2,
    "2021-05-30 19:30": 14.3,
    "2021-05-30 19:40": 14.3,
    "2021-05-30 19:50": 14.2,
    "2021-05-30 20:00": 14.2,
    "2021-05-30 20:10": 14.2,
    "2021-05-30 20:20": 14.2,
    "2021-05-30 20:30": 14.2,
    "2021-05-30 20:40": 14.2,
    "2021-05-30 20:50": 15.1,
    "2021-05-30 21:00": 15.1,
    "2021-05-30 21:10": 14.9,
    "2021-05-30 21:20": 10.2,
    "2021-05-30 21:30": 10.2,
    "2021-05-30 21:40": 12.8,
    "2021-05-30 21:50": 15.8,
    "2021-05-30 22:00": 16.9,
    "2021-05-30 22:10": 16.9,
    "2021-05-30 22:20": 17.5,
    "2021-05-30 22:30": 18.5
}