{
    "2021-05-29 02:30": 0.2,
    "2021-05-29 06:50": 0.4,
    "2021-05-29 07:00": 0.2,
    "2021-05-29 07:20": 0.1,
    "2021-05-29 07:30": 0.3,
    "2021-05-29 07:40": 0.3,
    "2021-05-29 07:50": 0.5,
    "2021-05-29 08:00": 0.2,
    "2021-05-29 08:10": 0.4,
    "2021-05-29 08:20": 0.8,
    "2021-05-29 08:30": 0.2,
    "2021-05-29 08:40": 0.6,
    "2021-05-29 08:50": 0.9,
    "2021-05-29 09:00": 0.2,
    "2021-05-29 09:10": 0.5,
    "2021-05-29 09:20": 0.7,
    "2021-05-29 09:30": 0.1,
    "2021-05-29 09:40": 0.2,
    "2021-05-29 09:50": 0.1,
    "2021-05-29 10:20": 0.9,
    "2021-05-29 10:30": 0.1,
    "2021-05-29 12:10": 0.2,
    "2021-05-29 12:30": 1.3,
    "2021-05-29 12:40": 1,
    "2021-05-29 12:50": 0.2,
    "2021-05-29 13:00": 2,
    "2021-05-29 13:10": 0.4,
    "2021-05-29 14:00": 0.6,
    "2021-05-29 14:10": 1.6,
    "2021-05-29 14:20": 1.7,
    "2021-05-29 14:30": 1.7,
    "2021-05-29 14:40": 1.7,
    "2021-05-29 14:50": 1.9,
    "2021-05-29 15:00": 1.8,
    "2021-05-29 15:10": 1.3,
    "2021-05-29 15:20": 1.4,
    "2021-05-29 15:30": 1.2,
    "2021-05-29 15:40": 0.6,
    "2021-05-29 15:50": 1.4,
    "2021-05-29 16:00": 1.2,
    "2021-05-29 16:10": 1.4,
    "2021-05-29 16:20": 1.5,
    "2021-05-29 16:30": 1.6,
    "2021-05-29 16:40": 1.3,
    "2021-05-29 16:50": 1.4,
    "2021-05-29 17:00": 1.3,
    "2021-05-29 17:10": 1.8,
    "2021-05-29 17:20": 1.7,
    "2021-05-29 17:30": 1,
    "2021-05-29 17:40": 0.9,
    "2021-05-29 17:50": 0.4,
    "2021-05-29 18:40": 0.1,
    "2021-05-29 20:50": 0.1,
    "2021-05-29 21:00": 0.1,
    "2021-05-30 04:30": 0.1,
    "2021-05-30 07:20": 0.1,
    "2021-05-30 07:30": 2,
    "2021-05-30 07:40": 2,
    "2021-05-30 07:50": 1.5,
    "2021-05-30 08:10": 0.4,
    "2021-05-30 08:20": 1,
    "2021-05-30 08:30": 0.6,
    "2021-05-30 08:50": 0.6,
    "2021-05-30 09:00": 0.6,
    "2021-05-30 09:10": 2,
    "2021-05-30 09:20": 1.9,
    "2021-05-30 09:30": 1,
    "2021-05-30 09:40": 0.3,
    "2021-05-30 09:50": 0.9,
    "2021-05-30 10:00": 0.2,
    "2021-05-30 10:10": 0.8,
    "2021-05-30 10:20": 0.5,
    "2021-05-30 10:50": 0.2,
    "2021-05-30 11:10": 0.5,
    "2021-05-30 11:20": 0.2,
    "2021-05-30 11:30": 0.1,
    "2021-05-30 11:40": 0.7,
    "2021-05-30 11:50": 0.2,
    "2021-05-30 12:10": 0.1,
    "2021-05-30 12:40": 0.1,
    "2021-05-30 12:50": 0.1,
    "2021-05-30 13:50": 0.3,
    "2021-05-30 14:50": 0.1,
    "2021-05-30 15:00": 0.3,
    "2021-05-30 15:10": 0.1,
    "2021-05-30 15:40": 0.1,
    "2021-05-30 16:00": 0.2,
    "2021-05-30 16:40": 0.4,
    "2021-05-30 17:20": 0.7,
    "2021-05-30 17:30": 0.5,
    "2021-05-30 17:50": 0.1,
    "2021-05-30 18:00": 0.3,
    "2021-05-30 18:10": 0.1,
    "2021-05-30 22:30": 0
}