{
    "2021-05-22 12:10": 66.64,
    "2021-05-22 12:20": 56.56,
    "2021-05-22 12:30": 62.72,
    "2021-05-22 12:40": 114.52,
    "2021-05-22 12:50": 115.36,
    "2021-05-22 13:00": 119.84,
    "2021-05-22 13:10": 108.64,
    "2021-05-22 13:20": 112.84,
    "2021-05-22 13:30": 114.8,
    "2021-05-22 13:40": 105,
    "2021-05-22 13:50": 105.84,
    "2021-05-22 14:00": 79.52,
    "2021-05-22 14:10": 71.68,
    "2021-05-22 14:20": 63.28,
    "2021-05-22 14:30": 44.8,
    "2021-05-22 14:40": 48.44,
    "2021-05-22 14:50": 46.2,
    "2021-05-22 15:00": 47.88,
    "2021-05-22 15:10": 48.44,
    "2021-05-22 15:20": 42,
    "2021-05-22 15:30": 37.8,
    "2021-05-22 15:40": 34.44,
    "2021-05-22 15:50": 31.64,
    "2021-05-22 16:00": 28.56,
    "2021-05-22 16:10": 24.92,
    "2021-05-22 16:20": 22.68,
    "2021-05-22 16:40": 21.56,
    "2021-05-22 16:50": 19.6,
    "2021-05-22 17:00": 17.64,
    "2021-05-22 17:10": 15.4,
    "2021-05-22 17:20": 11.76,
    "2021-05-22 17:30": 8.12,
    "2021-05-22 17:40": 6.16,
    "2021-05-22 17:50": 4.48,
    "2021-05-22 18:00": 3.92,
    "2021-05-22 18:10": 1.96,
    "2021-05-22 18:20": 0.56,
    "2021-05-23 06:00": 11.48,
    "2021-05-23 06:20": 21.56,
    "2021-05-23 06:30": 25.2,
    "2021-05-23 06:40": 28.28,
    "2021-05-23 06:50": 32.2,
    "2021-05-23 07:00": 38.08,
    "2021-05-23 07:10": 43.4,
    "2021-05-23 07:20": 46.48,
    "2021-05-23 07:40": 55.16,
    "2021-05-23 07:50": 60.2,
    "2021-05-23 08:00": 63.84,
    "2021-05-23 08:10": 62.72,
    "2021-05-23 08:30": 77.84,
    "2021-05-23 08:40": 80.64,
    "2021-05-23 08:50": 88.76,
    "2021-05-23 09:00": 94.92,
    "2021-05-23 09:10": 96.04,
    "2021-05-23 09:20": 99.68,
    "2021-05-23 09:30": 103.04,
    "2021-05-23 09:40": 104.44,
    "2021-05-23 09:50": 98,
    "2021-05-23 10:00": 103.04,
    "2021-05-23 10:10": 75.04,
    "2021-05-23 10:20": 61.04,
    "2021-05-23 10:40": 115.08,
    "2021-05-23 10:50": 112.28,
    "2021-05-23 11:00": 106.96,
    "2021-05-23 11:10": 110.32,
    "2021-05-23 11:20": 115.36,
    "2021-05-23 11:30": 116.48,
    "2021-05-23 11:50": 118.16,
    "2021-05-23 12:00": 118.16,
    "2021-05-23 12:10": 118.72,
    "2021-05-23 12:20": 87.92,
    "2021-05-23 12:30": 117.04,
    "2021-05-23 12:40": 118.72,
    "2021-05-23 12:50": 117.04,
    "2021-05-23 13:00": 118.44,
    "2021-05-23 13:10": 113.12,
    "2021-05-23 13:20": 110.88,
    "2021-05-23 13:30": 98.84,
    "2021-05-23 13:40": 102.48,
    "2021-05-23 13:50": 101.64,
    "2021-05-23 14:00": 105.84,
    "2021-05-23 14:10": 107.24,
    "2021-05-23 14:20": 99.96,
    "2021-05-23 14:30": 98.56,
    "2021-05-23 14:40": 92.68,
    "2021-05-23 14:50": 89.32,
    "2021-05-23 15:00": 75.04,
    "2021-05-23 15:10": 68.32,
    "2021-05-23 15:20": 52.64,
    "2021-05-23 15:30": 56.56,
    "2021-05-23 15:40": 55.16,
    "2021-05-23 15:50": 49.84,
    "2021-05-23 16:00": 38.08,
    "2021-05-23 16:10": 36.96,
    "2021-05-23 16:20": 31.08,
    "2021-05-23 16:30": 26.32,
    "2021-05-23 16:40": 17.64,
    "2021-05-23 16:50": 14.84,
    "2021-05-23 17:00": 13.44,
    "2021-05-23 17:10": 19.88,
    "2021-05-23 17:20": 13.44,
    "2021-05-23 17:30": 12.6,
    "2021-05-23 17:40": 10.36,
    "2021-05-23 17:50": 8.4,
    "2021-05-23 18:00": 5.04,
    "2021-05-23 18:10": 2.8,
    "2021-05-23 18:20": 0.84,
    "2021-05-23 23:00": 0
}