{
    "2021-05-28 23:10": 0.6,
    "2021-05-28 23:20": 0.8,
    "2021-05-28 23:30": 2.2,
    "2021-05-28 23:40": 1.9,
    "2021-05-28 23:50": 1.4,
    "2021-05-29 00:00": 2.5,
    "2021-05-29 00:10": 2.1,
    "2021-05-29 00:20": 2.6,
    "2021-05-29 00:30": 2.6,
    "2021-05-29 01:20": 4.8,
    "2021-05-29 01:30": 3.8,
    "2021-05-29 01:40": 3.5,
    "2021-05-29 01:50": 4.7,
    "2021-05-29 02:00": 4.7,
    "2021-05-29 02:10": 3.8,
    "2021-05-29 02:20": 4,
    "2021-05-29 02:30": 4.8,
    "2021-05-29 02:40": 5.2,
    "2021-05-29 02:50": 4.2,
    "2021-05-29 03:00": 3.4,
    "2021-05-29 03:10": 3,
    "2021-05-29 03:20": 3.2,
    "2021-05-29 03:30": 2.9,
    "2021-05-29 03:40": 3.4,
    "2021-05-29 03:50": 4.2,
    "2021-05-29 04:00": 4.2,
    "2021-05-29 04:10": 5.4,
    "2021-05-29 04:20": 6.6,
    "2021-05-29 04:30": 6.1,
    "2021-05-29 04:40": 6.1,
    "2021-05-29 04:50": 6,
    "2021-05-29 05:00": 6.3,
    "2021-05-29 05:10": 5.6,
    "2021-05-29 05:20": 6.9,
    "2021-05-29 05:30": 6.5,
    "2021-05-29 05:40": 7.8,
    "2021-05-29 05:50": 7.2,
    "2021-05-29 06:00": 7.9,
    "2021-05-29 06:10": 8.7,
    "2021-05-29 06:20": 8,
    "2021-05-29 06:30": 9.8,
    "2021-05-29 06:40": 10,
    "2021-05-29 06:50": 10.6,
    "2021-05-29 07:00": 12.6,
    "2021-05-29 07:10": 14.3,
    "2021-05-29 07:20": 12.8,
    "2021-05-29 07:30": 13.5,
    "2021-05-29 07:40": 16.1,
    "2021-05-29 07:50": 17.2,
    "2021-05-29 08:00": 17.6,
    "2021-05-29 08:10": 15.9,
    "2021-05-29 08:20": 19.7,
    "2021-05-29 08:30": 19.7,
    "2021-05-29 08:40": 20.9,
    "2021-05-29 08:50": 25.1,
    "2021-05-29 09:00": 22.9,
    "2021-05-29 09:10": 23.4,
    "2021-05-29 09:20": 29,
    "2021-05-29 09:30": 26.3,
    "2021-05-29 09:40": 31,
    "2021-05-29 09:50": 33.8,
    "2021-05-29 10:00": 32.6,
    "2021-05-29 10:10": 34.1,
    "2021-05-29 10:20": 36,
    "2021-05-29 10:30": 36,
    "2021-05-29 10:40": 43.8,
    "2021-05-29 10:50": 35.6,
    "2021-05-29 11:00": 35.4,
    "2021-05-29 11:10": 36.1,
    "2021-05-29 11:20": 41,
    "2021-05-29 11:30": 36.9,
    "2021-05-29 11:40": 42,
    "2021-05-29 11:50": 41.9,
    "2021-05-29 12:00": 40.7,
    "2021-05-29 12:10": 34.9,
    "2021-05-29 12:20": 36.4,
    "2021-05-29 12:30": 46.3,
    "2021-05-29 12:40": 46,
    "2021-05-29 12:50": 46.9,
    "2021-05-29 13:00": 38.5,
    "2021-05-29 13:10": 41.6,
    "2021-05-29 13:20": 41.6,
    "2021-05-29 13:30": 39.4,
    "2021-05-29 13:40": 43.1,
    "2021-05-29 13:50": 40.4,
    "2021-05-29 14:00": 43.7,
    "2021-05-29 14:10": 42.4,
    "2021-05-29 14:20": 41,
    "2021-05-29 14:30": 37,
    "2021-05-29 14:40": 32.3,
    "2021-05-29 14:50": 33.8,
    "2021-05-29 15:00": 31.9,
    "2021-05-29 15:10": 39.6,
    "2021-05-29 15:20": 34.4,
    "2021-05-29 15:30": 35.8,
    "2021-05-29 15:40": 33.8,
    "2021-05-29 15:50": 27.3,
    "2021-05-29 16:00": 24.1,
    "2021-05-29 16:10": 27.4,
    "2021-05-29 16:20": 30.2,
    "2021-05-29 16:30": 31.1,
    "2021-05-29 16:40": 29.1,
    "2021-05-29 16:50": 36.3,
    "2021-05-29 17:00": 35.2,
    "2021-05-29 17:10": 28.3,
    "2021-05-29 17:20": 31.3,
    "2021-05-29 17:30": 22,
    "2021-05-29 17:40": 19,
    "2021-05-29 17:50": 20.6,
    "2021-05-29 18:00": 15.5,
    "2021-05-29 18:10": 11.5,
    "2021-05-29 18:20": 10.3,
    "2021-05-29 18:30": 8.4,
    "2021-05-29 18:40": 5.4,
    "2021-05-29 18:50": 5.3,
    "2021-05-29 19:00": 5.1,
    "2021-05-29 19:10": 4.7,
    "2021-05-29 19:20": 2.9,
    "2021-05-29 19:30": 2.9,
    "2021-05-29 19:40": 3,
    "2021-05-29 19:50": 1.8,
    "2021-05-29 20:00": 3.3,
    "2021-05-29 20:10": 4.5,
    "2021-05-29 20:20": 5.9,
    "2021-05-29 20:30": 5.4,
    "2021-05-29 20:40": 5.5,
    "2021-05-29 20:50": 7.8,
    "2021-05-29 21:00": 9,
    "2021-05-30 00:10": 3,
    "2021-05-30 00:20": 2.3,
    "2021-05-30 00:30": 3.9,
    "2021-05-30 00:40": 3.6,
    "2021-05-30 00:50": 4.8,
    "2021-05-30 01:00": 6.5,
    "2021-05-30 01:10": 8,
    "2021-05-30 01:20": 7.5,
    "2021-05-30 01:30": 6.4,
    "2021-05-30 01:40": 5.7,
    "2021-05-30 01:50": 5,
    "2021-05-30 02:00": 4.6,
    "2021-05-30 02:10": 3.5,
    "2021-05-30 02:20": 4,
    "2021-05-30 02:30": 4.2,
    "2021-05-30 02:40": 3.1,
    "2021-05-30 02:50": 2.1,
    "2021-05-30 03:00": 1.9,
    "2021-05-30 03:10": 1.3,
    "2021-05-30 03:20": 3,
    "2021-05-30 03:30": 1.8,
    "2021-05-30 03:40": 3.7,
    "2021-05-30 03:50": 4.2,
    "2021-05-30 04:00": 5,
    "2021-05-30 04:10": 9.3,
    "2021-05-30 04:20": 8.3,
    "2021-05-30 04:30": 8.1,
    "2021-05-30 04:40": 5.2,
    "2021-05-30 04:50": 4.6,
    "2021-05-30 05:00": 2.7,
    "2021-05-30 05:10": 1.1,
    "2021-05-30 05:20": 0.1,
    "2021-05-30 05:30": 1,
    "2021-05-30 05:40": 0.6,
    "2021-05-30 05:50": 0.5,
    "2021-05-30 06:00": 13.2,
    "2021-05-30 06:10": 12.3,
    "2021-05-30 06:20": 13.7,
    "2021-05-30 06:30": 14.9,
    "2021-05-30 06:40": 12,
    "2021-05-30 06:50": 18.3,
    "2021-05-30 07:00": 33.8,
    "2021-05-30 07:10": 23.2,
    "2021-05-30 07:20": 16.7,
    "2021-05-30 07:30": 7.7,
    "2021-05-30 07:40": 15.8,
    "2021-05-30 07:50": 19,
    "2021-05-30 08:00": 28.7,
    "2021-05-30 08:10": 31.9,
    "2021-05-30 08:20": 33.3,
    "2021-05-30 08:30": 39.4,
    "2021-05-30 08:40": 39.9,
    "2021-05-30 08:50": 26.6,
    "2021-05-30 09:00": 28.5,
    "2021-05-30 09:10": 27.7,
    "2021-05-30 09:20": 24.7,
    "2021-05-30 09:30": 26.6,
    "2021-05-30 09:40": 22.3,
    "2021-05-30 09:50": 20.9,
    "2021-05-30 10:00": 19,
    "2021-05-30 10:10": 20.7,
    "2021-05-30 10:20": 15.5,
    "2021-05-30 10:30": 18,
    "2021-05-30 10:40": 24.1,
    "2021-05-30 10:50": 17.6,
    "2021-05-30 11:00": 18.6,
    "2021-05-30 11:10": 16.2,
    "2021-05-30 11:20": 14.4,
    "2021-05-30 11:30": 15.6,
    "2021-05-30 11:40": 14,
    "2021-05-30 11:50": 8.8,
    "2021-05-30 12:00": 9.5,
    "2021-05-30 12:10": 9.4,
    "2021-05-30 12:20": 8.2,
    "2021-05-30 12:30": 9.5,
    "2021-05-30 12:40": 8.4,
    "2021-05-30 12:50": 8.7,
    "2021-05-30 13:00": 8.3,
    "2021-05-30 13:10": 5.5,
    "2021-05-30 13:20": 6,
    "2021-05-30 13:30": 5.7,
    "2021-05-30 13:40": 9.7,
    "2021-05-30 13:50": 11.3,
    "2021-05-30 14:00": 10.1,
    "2021-05-30 14:10": 17.8,
    "2021-05-30 14:20": 26.1,
    "2021-05-30 14:30": 28.4,
    "2021-05-30 14:40": 23.8,
    "2021-05-30 14:50": 25.9,
    "2021-05-30 15:00": 33.2,
    "2021-05-30 15:10": 29.1,
    "2021-05-30 15:20": 21.8,
    "2021-05-30 15:30": 17.6,
    "2021-05-30 15:40": 13.6,
    "2021-05-30 15:50": 21.8,
    "2021-05-30 16:00": 28.6,
    "2021-05-30 16:10": 20.2,
    "2021-05-30 16:20": 10.8,
    "2021-05-30 16:30": 8.5,
    "2021-05-30 16:40": 3.5,
    "2021-05-30 17:20": 33.6,
    "2021-05-30 17:30": 28.1,
    "2021-05-30 17:50": 22.9,
    "2021-05-30 18:00": 25.2,
    "2021-05-30 18:10": 19.2,
    "2021-05-30 18:20": 13.7,
    "2021-05-30 18:30": 11.6,
    "2021-05-30 18:40": 8.8,
    "2021-05-30 18:50": 9.9,
    "2021-05-30 19:00": 5,
    "2021-05-30 19:10": 3.8,
    "2021-05-30 19:20": 2.2,
    "2021-05-30 19:30": 5,
    "2021-05-30 19:40": 5.6,
    "2021-05-30 19:50": 7.6,
    "2021-05-30 20:00": 6,
    "2021-05-30 20:10": 1.7,
    "2021-05-30 20:20": 0.6,
    "2021-05-30 20:30": 0.7,
    "2021-05-30 20:40": 0.7,
    "2021-05-30 20:50": 0.8,
    "2021-05-30 21:00": 2.6,
    "2021-05-30 21:10": 2.7,
    "2021-05-30 21:20": 2.3,
    "2021-05-30 21:30": 1.4,
    "2021-05-30 21:40": 0.8,
    "2021-05-30 21:50": 0.1,
    "2021-05-30 22:00": 0.1,
    "2021-05-30 22:30": 0
}