{
    "2021-05-29 06:00": 2.24,
    "2021-05-29 06:10": 6.16,
    "2021-05-29 06:20": 8.68,
    "2021-05-29 06:30": 12.6,
    "2021-05-29 06:40": 14.56,
    "2021-05-29 06:50": 9.8,
    "2021-05-29 07:00": 21,
    "2021-05-29 07:10": 21.84,
    "2021-05-29 07:20": 26.04,
    "2021-05-29 07:30": 29.12,
    "2021-05-29 07:40": 32.48,
    "2021-05-29 07:50": 32.48,
    "2021-05-29 08:00": 32.48,
    "2021-05-29 08:10": 42.28,
    "2021-05-29 08:20": 30.8,
    "2021-05-29 08:30": 25.76,
    "2021-05-29 08:40": 45.92,
    "2021-05-29 08:50": 47.04,
    "2021-05-29 09:00": 55.44,
    "2021-05-29 09:10": 50.96,
    "2021-05-29 09:20": 12.88,
    "2021-05-29 09:30": 7,
    "2021-05-29 09:40": 6.16,
    "2021-05-29 09:50": 6.16,
    "2021-05-29 10:00": 4.48,
    "2021-05-29 10:10": 5.6,
    "2021-05-29 10:20": 6.16,
    "2021-05-29 10:30": 6.16,
    "2021-05-29 10:40": 7.28,
    "2021-05-29 10:50": 7.84,
    "2021-05-29 11:00": 8.96,
    "2021-05-29 11:10": 10.08,
    "2021-05-29 11:20": 10.08,
    "2021-05-29 11:30": 8.39,
    "2021-05-29 11:40": 7.28,
    "2021-05-29 11:50": 3.64,
    "2021-05-29 12:00": 4.76,
    "2021-05-29 12:10": 4.76,
    "2021-05-29 12:20": 7.28,
    "2021-05-29 12:30": 3.36,
    "2021-05-29 12:40": 10.08,
    "2021-05-29 12:50": 17.36,
    "2021-05-29 13:00": 19.6,
    "2021-05-29 13:10": 20.16,
    "2021-05-29 13:20": 13.72,
    "2021-05-29 13:30": 12.32,
    "2021-05-29 13:40": 18.2,
    "2021-05-29 13:50": 26.04,
    "2021-05-29 14:00": 29.68,
    "2021-05-29 14:10": 42.28,
    "2021-05-29 14:20": 31.36,
    "2021-05-29 14:30": 20.44,
    "2021-05-29 14:40": 17.64,
    "2021-05-29 14:50": 23.24,
    "2021-05-29 15:00": 24.36,
    "2021-05-29 15:10": 54.32,
    "2021-05-29 15:20": 31.92,
    "2021-05-29 15:30": 40.88,
    "2021-05-29 15:40": 26.88,
    "2021-05-29 15:50": 17.36,
    "2021-05-29 16:00": 19.32,
    "2021-05-29 16:10": 17.36,
    "2021-05-29 16:20": 14,
    "2021-05-29 16:30": 10.36,
    "2021-05-29 16:40": 14.84,
    "2021-05-29 16:50": 12.04,
    "2021-05-29 17:00": 10.92,
    "2021-05-29 17:10": 8.96,
    "2021-05-29 17:20": 7.84,
    "2021-05-29 17:30": 7.28,
    "2021-05-29 17:40": 4.48,
    "2021-05-29 17:50": 3.92,
    "2021-05-30 08:10": 1.68,
    "2021-05-30 08:20": 4.19,
    "2021-05-30 08:30": 6.72,
    "2021-05-30 08:40": 9.8,
    "2021-05-30 08:50": 6.16,
    "2021-05-30 09:00": 9.52,
    "2021-05-30 09:10": 13.44,
    "2021-05-30 09:20": 14.84,
    "2021-05-30 09:30": 26.32,
    "2021-05-30 09:40": 40.32,
    "2021-05-30 09:50": 33.04,
    "2021-05-30 10:00": 21.28,
    "2021-05-30 10:10": 5.04,
    "2021-05-30 10:20": 14.28,
    "2021-05-30 10:30": 10.64,
    "2021-05-30 10:40": 10.64,
    "2021-05-30 10:50": 10.92,
    "2021-05-30 11:00": 68.32,
    "2021-05-30 11:10": 24.36,
    "2021-05-30 11:20": 38.91,
    "2021-05-30 11:30": 20.44,
    "2021-05-30 11:40": 16.24,
    "2021-05-30 11:50": 3.92,
    "2021-05-30 12:00": 15.12,
    "2021-05-30 12:10": 19.04,
    "2021-05-30 12:20": 12.04,
    "2021-05-30 12:30": 16.52,
    "2021-05-30 12:40": 14.28,
    "2021-05-30 12:50": 19.6,
    "2021-05-30 13:00": 17.36,
    "2021-05-30 13:10": 11.76,
    "2021-05-30 13:20": 4.76,
    "2021-05-30 13:30": 7,
    "2021-05-30 13:40": 6.16,
    "2021-05-30 13:50": 8.68,
    "2021-05-30 14:00": 10.92,
    "2021-05-30 14:10": 5.88,
    "2021-05-30 14:20": 8.96,
    "2021-05-30 14:30": 19.6,
    "2021-05-30 14:40": 20.72,
    "2021-05-30 14:50": 9.24,
    "2021-05-30 15:00": 5.6,
    "2021-05-30 15:10": 1.96,
    "2021-05-30 15:20": 1.96,
    "2021-05-30 15:40": 0.28,
    "2021-05-30 15:50": 2.8,
    "2021-05-30 16:00": 2.8,
    "2021-05-30 16:10": 1.12,
    "2021-05-30 16:30": 0.56,
    "2021-05-30 16:40": 0.56,
    "2021-05-30 17:20": 0.56,
    "2021-05-30 22:30": 0
}