{
    "2021-05-29 08:10": 44.7,
    "2021-05-29 08:20": 55.4,
    "2021-05-29 08:30": 110.4,
    "2021-05-29 08:40": 245.5,
    "2021-05-29 08:50": 425,
    "2021-05-29 09:00": 593.2,
    "2021-05-29 09:10": 602.8,
    "2021-05-29 09:20": 598.6,
    "2021-05-29 09:30": 598,
    "2021-05-29 09:40": 598.6,
    "2021-05-29 09:50": 597,
    "2021-05-29 10:00": 596.4,
    "2021-05-29 10:10": 598.6,
    "2021-05-29 10:20": 596.4,
    "2021-05-29 10:30": 595.4,
    "2021-05-29 10:40": 597.5,
    "2021-05-29 10:50": 599.6,
    "2021-05-29 11:00": 594.8,
    "2021-05-29 11:10": 594.8,
    "2021-05-29 11:20": 597.5,
    "2021-05-29 11:30": 600.2,
    "2021-05-29 11:40": 599.1,
    "2021-05-29 11:50": 597,
    "2021-05-29 12:00": 597,
    "2021-05-29 12:10": 596.4,
    "2021-05-29 12:20": 598.6,
    "2021-05-29 12:30": 595.9,
    "2021-05-29 12:40": 598.6,
    "2021-05-29 12:50": 595.9,
    "2021-05-29 13:00": 597.5,
    "2021-05-29 13:10": 597.5,
    "2021-05-29 13:20": 598,
    "2021-05-29 13:30": 597,
    "2021-05-29 13:40": 595.4,
    "2021-05-29 13:50": 594.3,
    "2021-05-29 14:00": 599.1,
    "2021-05-29 14:10": 597.5,
    "2021-05-29 14:20": 598,
    "2021-05-29 14:30": 596.4,
    "2021-05-29 14:40": 599.1,
    "2021-05-29 14:50": 595.9,
    "2021-05-29 15:00": 598,
    "2021-05-29 15:10": 597,
    "2021-05-29 15:20": 597,
    "2021-05-29 15:30": 597.5,
    "2021-05-29 15:40": 597,
    "2021-05-29 15:50": 593.8,
    "2021-05-29 16:00": 599.6,
    "2021-05-29 16:10": 594.8,
    "2021-05-29 16:20": 598,
    "2021-05-29 16:30": 599.1,
    "2021-05-29 16:40": 593.8,
    "2021-05-29 16:50": 596.4,
    "2021-05-29 17:00": 598,
    "2021-05-29 17:10": 596.4,
    "2021-05-29 17:20": 597,
    "2021-05-29 17:30": 593.2,
    "2021-05-29 17:40": 597.5,
    "2021-05-29 17:50": 598.6,
    "2021-05-29 18:00": 597.5,
    "2021-05-29 18:10": 599.1,
    "2021-05-29 18:20": 599.1,
    "2021-05-29 18:30": 597.5,
    "2021-05-29 18:40": 595.4,
    "2021-05-29 18:50": 597.5,
    "2021-05-29 19:00": 600.7,
    "2021-05-29 19:10": 598,
    "2021-05-29 19:20": 598.6,
    "2021-05-29 19:30": 599.6,
    "2021-05-29 19:40": 594.3,
    "2021-05-29 19:50": 597,
    "2021-05-29 20:00": 597.5,
    "2021-05-29 20:10": 598.6,
    "2021-05-29 20:20": 598,
    "2021-05-29 20:30": 595.9,
    "2021-05-29 20:40": 595.4,
    "2021-05-29 20:50": 597,
    "2021-05-29 21:00": 600.7,
    "2021-05-30 22:30": 0
}