{
    "2021-05-29 18:20": 67.6,
    "2021-05-29 18:30": 183,
    "2021-05-29 18:40": 183,
    "2021-05-29 18:50": 180,
    "2021-05-29 19:00": 201.1,
    "2021-05-29 19:10": 169.9,
    "2021-05-29 19:20": 173.6,
    "2021-05-29 19:30": 181.3,
    "2021-05-29 19:40": 199.1,
    "2021-05-29 19:50": 186,
    "2021-05-29 20:00": 174.6,
    "2021-05-29 20:10": 187.4,
    "2021-05-29 20:20": 190.4,
    "2021-05-29 20:30": 177.9,
    "2021-05-29 20:40": 162.5,
    "2021-05-29 20:50": 188.4,
    "2021-05-29 21:00": 190.4,
    "2021-05-30 00:10": 171.5,
    "2021-05-30 00:20": 193.7,
    "2021-05-30 00:30": 173.2,
    "2021-05-30 15:30": 189.7,
    "2021-05-30 15:40": 176.9,
    "2021-05-30 15:50": 182.6,
    "2021-05-30 16:00": 183.3,
    "2021-05-30 16:10": 194.1,
    "2021-05-30 16:20": 173.6,
    "2021-05-30 16:30": 176.9,
    "2021-05-30 16:40": 178.9,
    "2021-05-30 17:20": 176.6,
    "2021-05-30 17:30": 194.1,
    "2021-05-30 17:50": 170.9,
    "2021-05-30 18:00": 214.6,
    "2021-05-30 18:10": 173.2,
    "2021-05-30 18:20": 210.6,
    "2021-05-30 18:30": 188,
    "2021-05-30 18:40": 194.1,
    "2021-05-30 18:50": 188,
    "2021-05-30 19:00": 184.7,
    "2021-05-30 19:10": 189.4,
    "2021-05-30 19:20": 183,
    "2021-05-30 19:30": 178.6,
    "2021-05-30 19:40": 180.6,
    "2021-05-30 19:50": 182,
    "2021-05-30 20:00": 173.6,
    "2021-05-30 20:10": 187,
    "2021-05-30 20:20": 173.6,
    "2021-05-30 20:30": 183,
    "2021-05-30 20:40": 180.6,
    "2021-05-30 20:50": 167.8,
    "2021-05-30 21:00": 173.6,
    "2021-05-30 21:10": 180.6,
    "2021-05-30 21:20": 176.6,
    "2021-05-30 21:30": 162.8,
    "2021-05-30 21:40": 172.6,
    "2021-05-30 21:50": 192.4,
    "2021-05-30 22:00": 159.8,
    "2021-05-30 22:10": 189.4,
    "2021-05-30 22:20": 172.9,
    "2021-05-30 22:30": 177.3
}