{
    "2021-05-22 12:10": -265.7,
    "2021-05-22 12:20": -266.4,
    "2021-05-22 12:30": -266.7,
    "2021-05-22 12:40": -267.1,
    "2021-05-22 12:50": -267.1,
    "2021-05-22 13:00": -266,
    "2021-05-23 09:20": -271.8,
    "2021-05-23 09:30": -270.8,
    "2021-05-23 09:40": -268.1,
    "2021-05-23 09:50": -269.1,
    "2021-05-23 10:00": -269.1,
    "2021-05-23 10:10": -267.1,
    "2021-05-23 10:20": -267.4,
    "2021-05-23 10:40": -266.7,
    "2021-05-23 10:50": -267.7,
    "2021-05-23 11:00": -266.4,
    "2021-05-23 11:10": -265.7,
    "2021-05-23 11:20": -266.7,
    "2021-05-23 11:30": -267.4,
    "2021-05-23 11:50": -267.1,
    "2021-05-23 12:00": -267.1,
    "2021-05-23 23:00": 0
}