{
    "2021-05-23 02:20": -265,
    "2021-05-23 02:30": -271.4,
    "2021-05-23 02:40": -271.4,
    "2021-05-23 02:50": -272.8,
    "2021-05-23 03:00": -272.8,
    "2021-05-23 03:10": -272.1,
    "2021-05-23 03:20": -269.7,
    "2021-05-23 03:30": -271.1,
    "2021-05-23 03:40": -272.1,
    "2021-05-23 03:50": -269.4,
    "2021-05-23 04:10": -269.7,
    "2021-05-23 04:20": -270.1,
    "2021-05-23 04:30": -268.7,
    "2021-05-23 04:40": -270.8,
    "2021-05-23 04:50": -269.7,
    "2021-05-23 05:00": -267.4,
    "2021-05-23 05:10": -269.7,
    "2021-05-23 05:30": -268.4,
    "2021-05-23 05:40": -269.1,
    "2021-05-23 05:50": -269.4,
    "2021-05-23 06:00": -270.4,
    "2021-05-23 06:20": -269.7,
    "2021-05-23 06:30": -268.4,
    "2021-05-23 06:40": -267.7,
    "2021-05-23 06:50": -267.1,
    "2021-05-23 07:00": -267.7,
    "2021-05-23 07:10": -268.4,
    "2021-05-23 07:20": -270.1,
    "2021-05-23 07:40": -265.4,
    "2021-05-23 07:50": -266.7,
    "2021-05-23 08:00": -267.4,
    "2021-05-23 08:10": -266.7,
    "2021-05-23 08:30": -268.4,
    "2021-05-23 08:40": -266.7,
    "2021-05-23 08:50": -268.1,
    "2021-05-23 09:00": -267.1,
    "2021-05-23 09:10": -268.7,
    "2021-05-23 23:00": 0
}