{
    "2021-05-29 00:10": -47.1,
    "2021-05-29 00:20": -269.1,
    "2021-05-29 00:30": -268.7,
    "2021-05-29 01:20": -268.4,
    "2021-05-29 01:30": -269.1,
    "2021-05-29 01:40": -268.7,
    "2021-05-29 01:50": -267.4,
    "2021-05-29 02:00": -270.1,
    "2021-05-29 02:10": -267.4,
    "2021-05-29 02:20": -268.1,
    "2021-05-29 02:30": -266,
    "2021-05-29 02:40": -268.7,
    "2021-05-29 02:50": -267.1,
    "2021-05-29 03:00": -267.1,
    "2021-05-29 03:10": -265.4,
    "2021-05-29 03:20": -267.7,
    "2021-05-29 03:30": -266.7,
    "2021-05-29 03:40": -266,
    "2021-05-29 03:50": -265.4,
    "2021-05-29 04:00": -265,
    "2021-05-29 04:10": -264,
    "2021-05-29 04:20": -266.4,
    "2021-05-29 04:30": -263,
    "2021-05-29 04:40": -265.4,
    "2021-05-29 04:50": -265.4,
    "2021-05-29 05:00": -264,
    "2021-05-29 05:10": -265.4,
    "2021-05-29 05:20": -264.7,
    "2021-05-29 05:30": -265.4,
    "2021-05-29 05:40": -265,
    "2021-05-29 05:50": -263,
    "2021-05-29 06:00": -267.7,
    "2021-05-29 06:10": -263.4,
    "2021-05-29 06:20": -264,
    "2021-05-29 06:30": -263.4,
    "2021-05-29 06:40": -264.7,
    "2021-05-29 06:50": -264,
    "2021-05-29 07:00": -261.7,
    "2021-05-29 07:10": -261.3,
    "2021-05-29 07:20": -262.7,
    "2021-05-29 07:30": -262.7,
    "2021-05-29 07:40": -263.4,
    "2021-05-29 07:50": -262.7,
    "2021-05-29 08:00": -262,
    "2021-05-29 08:10": -262.3,
    "2021-05-29 08:20": -263.7,
    "2021-05-29 08:30": -260.3,
    "2021-05-29 08:40": -263.4,
    "2021-05-29 08:50": -263,
    "2021-05-29 09:00": -261,
    "2021-05-29 09:10": -260.7,
    "2021-05-29 09:20": -260,
    "2021-05-29 09:30": -261.3,
    "2021-05-29 09:40": -262,
    "2021-05-29 09:50": -262.7,
    "2021-05-29 10:00": -262,
    "2021-05-29 10:10": -260.3,
    "2021-05-29 10:20": -260.7,
    "2021-05-29 10:30": -261,
    "2021-05-29 10:40": -263.7,
    "2021-05-29 10:50": -261,
    "2021-05-29 11:00": -259.7,
    "2021-05-29 11:10": -259.7,
    "2021-05-29 11:20": -261,
    "2021-05-29 11:30": -261.3,
    "2021-05-29 11:40": -260.3,
    "2021-05-29 11:50": -262,
    "2021-05-29 12:00": -263,
    "2021-05-29 12:10": -261.3,
    "2021-05-29 12:20": -260.3,
    "2021-05-29 12:30": -259,
    "2021-05-30 02:30": -267.7,
    "2021-05-30 02:40": -267.4,
    "2021-05-30 02:50": -268.1,
    "2021-05-30 03:00": -266,
    "2021-05-30 03:10": -269.4,
    "2021-05-30 03:20": -269.4,
    "2021-05-30 03:30": -269.4,
    "2021-05-30 03:40": -267.4,
    "2021-05-30 03:50": -269.1,
    "2021-05-30 04:00": -268.4,
    "2021-05-30 04:10": -268.1,
    "2021-05-30 04:20": -268.4,
    "2021-05-30 04:30": -268.4,
    "2021-05-30 04:40": -267.4,
    "2021-05-30 04:50": -268.1,
    "2021-05-30 05:00": -266.7,
    "2021-05-30 05:10": -267.7,
    "2021-05-30 05:20": -266.7,
    "2021-05-30 05:30": -267.7,
    "2021-05-30 05:40": -265,
    "2021-05-30 05:50": -264.7,
    "2021-05-30 06:00": -265.4,
    "2021-05-30 06:10": -263.4,
    "2021-05-30 06:20": -263,
    "2021-05-30 06:30": -265.4,
    "2021-05-30 06:40": -265.4,
    "2021-05-30 06:50": -264.4,
    "2021-05-30 07:00": -264.4,
    "2021-05-30 07:10": -264.7,
    "2021-05-30 07:20": -264,
    "2021-05-30 07:30": -264.7,
    "2021-05-30 07:40": -264.4,
    "2021-05-30 07:50": -263.7,
    "2021-05-30 08:00": -260.7,
    "2021-05-30 08:10": -262,
    "2021-05-30 08:20": -261.7,
    "2021-05-30 22:30": 0
}