{
    "2021-05-22 13:20": 178.3,
    "2021-05-22 13:30": 166.2,
    "2021-05-22 13:40": 177.3,
    "2021-05-22 13:50": 155.7,
    "2021-05-22 14:00": 156.7,
    "2021-05-22 14:10": 179.6,
    "2021-05-22 14:20": 145.3,
    "2021-05-22 14:30": 138.6,
    "2021-05-22 14:40": 144.6,
    "2021-05-22 14:50": 151.4,
    "2021-05-22 15:00": 149,
    "2021-05-22 15:10": 152,
    "2021-05-22 15:20": 134.5,
    "2021-05-22 15:30": 144.6,
    "2021-05-22 15:40": 161.5,
    "2021-05-22 15:50": 185.3,
    "2021-05-22 16:00": 186.3,
    "2021-05-22 16:10": 154.7,
    "2021-05-22 16:20": 139.3,
    "2021-05-22 16:40": 135.6,
    "2021-05-22 16:50": 152.4,
    "2021-05-22 17:00": 167.2,
    "2021-05-22 17:10": 160.4,
    "2021-05-22 17:20": 202.8,
    "2021-05-22 17:30": 138.2,
    "2021-05-22 17:40": 141.3,
    "2021-05-22 17:50": 138.9,
    "2021-05-22 18:00": 158.8,
    "2021-05-22 18:10": 143,
    "2021-05-22 18:20": 175.2,
    "2021-05-22 18:40": 208.5,
    "2021-05-22 18:50": 150.4,
    "2021-05-22 19:10": 131.9,
    "2021-05-22 19:20": 145,
    "2021-05-22 19:30": 145,
    "2021-05-22 19:40": 138.9,
    "2021-05-22 20:00": 144.3,
    "2021-05-22 20:10": 132.2,
    "2021-05-22 20:20": 158.1,
    "2021-05-22 20:30": 146.7,
    "2021-05-22 20:40": 148.3,
    "2021-05-22 20:50": 146.3,
    "2021-05-22 21:00": 141.9,
    "2021-05-22 21:10": 151.7,
    "2021-05-22 21:20": 163.8,
    "2021-05-22 21:30": 154.4,
    "2021-05-22 21:40": 158.1,
    "2021-05-22 21:50": 136.9,
    "2021-05-22 22:00": 142.6,
    "2021-05-22 22:10": 145,
    "2021-05-22 22:20": 160.8,
    "2021-05-22 22:30": 158.4,
    "2021-05-22 22:40": 144.3,
    "2021-05-22 22:50": 155.1,
    "2021-05-22 23:00": 143,
    "2021-05-22 23:10": 164.1,
    "2021-05-22 23:20": 146.7,
    "2021-05-22 23:30": 242.5,
    "2021-05-22 23:40": 212.6,
    "2021-05-22 23:50": 153.7,
    "2021-05-23 00:00": 145.3,
    "2021-05-23 00:10": 149.7,
    "2021-05-23 00:20": 142.3,
    "2021-05-23 00:30": 148,
    "2021-05-23 00:40": 177.6,
    "2021-05-23 00:50": 143.6,
    "2021-05-23 01:00": 237.8,
    "2021-05-23 01:10": 142.6,
    "2021-05-23 01:20": 164.8,
    "2021-05-23 01:30": 26.2,
    "2021-05-23 18:20": 163.8,
    "2021-05-23 18:30": 158.8,
    "2021-05-23 18:40": 170.5,
    "2021-05-23 18:50": 141.3,
    "2021-05-23 19:00": 141.6,
    "2021-05-23 19:10": 176.3,
    "2021-05-23 19:20": 168.5,
    "2021-05-23 19:30": 146.7,
    "2021-05-23 19:40": 148.7,
    "2021-05-23 19:50": 147.3,
    "2021-05-23 20:00": 176.3,
    "2021-05-23 20:10": 186.3,
    "2021-05-23 20:20": 151,
    "2021-05-23 20:30": 153.4,
    "2021-05-23 20:40": 164.8,
    "2021-05-23 20:50": 198.1,
    "2021-05-23 21:00": 161.5,
    "2021-05-23 21:10": 150,
    "2021-05-23 21:20": 183.3,
    "2021-05-23 21:30": 173.9,
    "2021-05-23 21:40": 163.8,
    "2021-05-23 21:50": 141.3,
    "2021-05-23 22:00": 169.2,
    "2021-05-23 22:10": 144.6,
    "2021-05-23 22:20": 142.6,
    "2021-05-23 22:30": 150,
    "2021-05-23 22:40": 206.2,
    "2021-05-23 22:50": 174.2,
    "2021-05-23 23:00": 145.6
}