{
    "2021-05-22 18:00": 66.6,
    "2021-05-22 18:10": 167.8,
    "2021-05-22 18:20": 201.1,
    "2021-05-22 18:40": 229.1,
    "2021-05-22 18:50": 182.6,
    "2021-05-22 19:10": 164.5,
    "2021-05-22 19:20": 172.2,
    "2021-05-22 19:30": 176.3,
    "2021-05-22 19:40": 176.9,
    "2021-05-22 20:00": 173.6,
    "2021-05-22 20:10": 159.1,
    "2021-05-22 20:20": 181,
    "2021-05-22 20:30": 175.9,
    "2021-05-22 20:40": 183.7,
    "2021-05-22 20:50": 184.3,
    "2021-05-22 21:00": 174.9,
    "2021-05-22 21:10": 182,
    "2021-05-22 21:20": 193.4,
    "2021-05-22 21:30": 176.6,
    "2021-05-22 21:40": 192.1,
    "2021-05-22 21:50": 167.2,
    "2021-05-22 22:00": 170.2,
    "2021-05-22 22:10": 177.6,
    "2021-05-22 22:20": 176.6,
    "2021-05-22 22:30": 189.4,
    "2021-05-22 22:40": 176.6,
    "2021-05-22 22:50": 187.7,
    "2021-05-22 23:00": 180.6,
    "2021-05-22 23:10": 193.1,
    "2021-05-22 23:20": 178.9,
    "2021-05-22 23:30": 235.4,
    "2021-05-22 23:40": 204.8,
    "2021-05-22 23:50": 182.6,
    "2021-05-23 00:00": 175.6,
    "2021-05-23 00:10": 186,
    "2021-05-23 00:20": 179.3,
    "2021-05-23 00:30": 177.9,
    "2021-05-23 00:40": 199.1,
    "2021-05-23 00:50": 169.9,
    "2021-05-23 01:00": 238.8,
    "2021-05-23 01:10": 178.9,
    "2021-05-23 01:20": 133.9,
    "2021-05-23 14:40": 172.2,
    "2021-05-23 14:50": 175.9,
    "2021-05-23 15:00": 178.6,
    "2021-05-23 15:10": 210.2,
    "2021-05-23 15:20": 182.3,
    "2021-05-23 15:30": 187.7,
    "2021-05-23 15:40": 180,
    "2021-05-23 15:50": 184.7,
    "2021-05-23 16:00": 175.2,
    "2021-05-23 16:10": 195.8,
    "2021-05-23 16:20": 181.6,
    "2021-05-23 16:30": 178.6,
    "2021-05-23 16:40": 168.2,
    "2021-05-23 16:50": 177.6,
    "2021-05-23 17:00": 252.9,
    "2021-05-23 17:10": 176.9,
    "2021-05-23 19:20": 144.3,
    "2021-05-23 19:30": 137.2,
    "2021-05-23 19:40": 146.7,
    "2021-05-23 19:50": 152.7,
    "2021-05-23 20:00": 162.1,
    "2021-05-23 20:10": 181.3,
    "2021-05-23 20:20": 180.6,
    "2021-05-23 20:30": 192.7,
    "2021-05-23 20:40": 181,
    "2021-05-23 20:50": 179.3,
    "2021-05-23 21:00": 195.8,
    "2021-05-23 21:10": 186.7,
    "2021-05-23 21:20": 193.1,
    "2021-05-23 21:30": 197.4,
    "2021-05-23 21:40": 191.1,
    "2021-05-23 21:50": 181,
    "2021-05-23 22:00": 175.2,
    "2021-05-23 22:10": 191.1,
    "2021-05-23 22:20": 182,
    "2021-05-23 22:30": 179.6,
    "2021-05-23 22:40": 198.8,
    "2021-05-23 22:50": 190,
    "2021-05-23 23:00": 187
}