{
    "2021-05-28 23:10": 218.3,
    "2021-05-28 23:20": 163.1,
    "2021-05-28 23:30": 124.8,
    "2021-05-28 23:40": 139.6,
    "2021-05-28 23:50": 183,
    "2021-05-29 00:00": 129.8,
    "2021-05-29 13:00": 143.6,
    "2021-05-29 13:10": 171.2,
    "2021-05-29 13:20": 128.5,
    "2021-05-29 13:30": 155.4,
    "2021-05-29 13:40": 148.7,
    "2021-05-29 13:50": 143,
    "2021-05-29 14:00": 151.4,
    "2021-05-29 14:10": 141.3,
    "2021-05-29 14:20": 160.4,
    "2021-05-29 14:30": 146.7,
    "2021-05-29 14:40": 149,
    "2021-05-29 14:50": 147.7,
    "2021-05-30 18:10": 148.7,
    "2021-05-30 18:20": 187.7,
    "2021-05-30 18:30": 152.4,
    "2021-05-30 18:40": 142.6,
    "2021-05-30 18:50": 157.1,
    "2021-05-30 19:00": 144.6,
    "2021-05-30 19:10": 161.1,
    "2021-05-30 19:20": 159.4,
    "2021-05-30 19:30": 156.7,
    "2021-05-30 19:40": 151.4,
    "2021-05-30 19:50": 147.3,
    "2021-05-30 20:00": 133.2,
    "2021-05-30 20:10": 153,
    "2021-05-30 20:20": 144,
    "2021-05-30 20:30": 148,
    "2021-05-30 20:40": 144,
    "2021-05-30 20:50": 139.6,
    "2021-05-30 21:00": 136.6,
    "2021-05-30 21:10": 143.6,
    "2021-05-30 21:20": 144.3,
    "2021-05-30 21:30": 125.8,
    "2021-05-30 21:40": 144,
    "2021-05-30 21:50": 175.2,
    "2021-05-30 22:00": 130.2,
    "2021-05-30 22:10": 160.4,
    "2021-05-30 22:20": 138.9,
    "2021-05-30 22:30": 150
}