{
    "2021-05-22 13:20": 168.5,
    "2021-05-22 13:30": 163.8,
    "2021-05-22 13:40": 176.9,
    "2021-05-22 13:50": 149.7,
    "2021-05-22 14:00": 157.1,
    "2021-05-22 14:10": 171.9,
    "2021-05-22 14:20": 143.3,
    "2021-05-22 14:30": 146.3,
    "2021-05-22 14:40": 149,
    "2021-05-22 14:50": 151.7,
    "2021-05-22 15:00": 144.6,
    "2021-05-22 15:10": 149,
    "2021-05-22 15:20": 143,
    "2021-05-22 15:30": 147.3,
    "2021-05-22 15:40": 152.7,
    "2021-05-22 15:50": 178.9,
    "2021-05-22 16:00": 185.3,
    "2021-05-22 16:10": 155.7,
    "2021-05-22 16:20": 137.6,
    "2021-05-22 16:40": 148,
    "2021-05-22 16:50": 147.3,
    "2021-05-22 17:00": 166.5,
    "2021-05-22 17:10": 159.8,
    "2021-05-22 17:20": 194.8,
    "2021-05-22 17:30": 137.2,
    "2021-05-22 17:40": 147,
    "2021-05-22 17:50": 147.3,
    "2021-05-22 18:00": 156.4,
    "2021-05-22 18:10": 139.6,
    "2021-05-22 18:20": 169.5,
    "2021-05-22 18:40": 197.4,
    "2021-05-22 18:50": 149.7,
    "2021-05-22 19:10": 134.2,
    "2021-05-22 19:20": 146.3,
    "2021-05-22 19:30": 147.7,
    "2021-05-22 19:40": 147,
    "2021-05-22 20:00": 146.7,
    "2021-05-22 20:10": 132.9,
    "2021-05-22 20:20": 146,
    "2021-05-22 20:30": 151.4,
    "2021-05-22 20:40": 150,
    "2021-05-22 20:50": 148.7,
    "2021-05-22 21:00": 174.9,
    "2021-05-22 21:10": 149.3,
    "2021-05-22 21:20": 163.8,
    "2021-05-22 21:30": 150.7,
    "2021-05-22 21:40": 149.7,
    "2021-05-22 21:50": 151.7,
    "2021-05-22 22:00": 143.3,
    "2021-05-22 22:10": 161.5,
    "2021-05-23 13:00": 61.2,
    "2021-05-23 13:10": 147.7,
    "2021-05-23 13:20": 135.6,
    "2021-05-23 13:30": 148,
    "2021-05-23 13:40": 155.1,
    "2021-05-23 13:50": 178.6,
    "2021-05-23 14:00": 145,
    "2021-05-23 14:10": 150,
    "2021-05-23 14:20": 151.4,
    "2021-05-23 14:30": 144.6,
    "2021-05-23 14:40": 147.3,
    "2021-05-23 14:50": 143.3,
    "2021-05-23 15:00": 148.3,
    "2021-05-23 15:10": 187,
    "2021-05-23 15:20": 154.4,
    "2021-05-23 15:30": 153,
    "2021-05-23 15:40": 147.7,
    "2021-05-23 15:50": 144.3,
    "2021-05-23 16:00": 147.7,
    "2021-05-23 16:10": 159.1,
    "2021-05-23 16:20": 149.7,
    "2021-05-23 16:30": 146,
    "2021-05-23 16:40": 138.9,
    "2021-05-23 16:50": 147,
    "2021-05-23 17:00": 238.1,
    "2021-05-23 17:10": 146.3,
    "2021-05-23 17:20": 141.9,
    "2021-05-23 17:30": 139.6,
    "2021-05-23 17:40": 174.2,
    "2021-05-23 17:50": 153.7,
    "2021-05-23 18:00": 137.9,
    "2021-05-23 18:10": 187.4,
    "2021-05-23 18:20": 145,
    "2021-05-23 18:30": 201.1,
    "2021-05-23 18:40": 168.5,
    "2021-05-23 18:50": 143.6,
    "2021-05-23 19:00": 146.7,
    "2021-05-23 19:10": 174.9,
    "2021-05-23 19:20": 172.9,
    "2021-05-23 19:30": 148.3,
    "2021-05-23 19:40": 146,
    "2021-05-23 19:50": 154.1,
    "2021-05-23 20:00": 173.9,
    "2021-05-23 20:10": 181.6,
    "2021-05-23 20:20": 149.3,
    "2021-05-23 20:30": 157.4,
    "2021-05-23 20:40": 158.8,
    "2021-05-23 20:50": 189.7,
    "2021-05-23 21:00": 165.2,
    "2021-05-23 21:10": 152.4,
    "2021-05-23 21:20": 176.9,
    "2021-05-23 21:30": 167.8,
    "2021-05-23 21:40": 170.5,
    "2021-05-23 21:50": 146.3,
    "2021-05-23 22:00": 165.2,
    "2021-05-23 22:10": 154.1,
    "2021-05-23 22:20": 144,
    "2021-05-23 22:30": 146,
    "2021-05-23 22:40": 204.5,
    "2021-05-23 22:50": 179.6,
    "2021-05-23 23:00": 149.7
}