{
    "2021-05-22 18:10": 155.7,
    "2021-05-22 18:20": 182.3,
    "2021-05-22 18:40": 211.2,
    "2021-05-22 18:50": 154.4,
    "2021-05-22 19:10": 134.2,
    "2021-05-22 19:20": 144.6,
    "2021-05-22 19:30": 141.9,
    "2021-05-22 19:40": 143.6,
    "2021-05-22 20:00": 143.3,
    "2021-05-22 20:10": 132.2,
    "2021-05-22 20:20": 147.7,
    "2021-05-22 20:30": 141.9,
    "2021-05-22 20:40": 149.3,
    "2021-05-22 20:50": 151.7,
    "2021-05-22 21:00": 184.7,
    "2021-05-22 21:10": 150.7,
    "2021-05-22 21:20": 163.8,
    "2021-05-22 21:30": 136.9,
    "2021-05-22 21:40": 159.1,
    "2021-05-22 21:50": 149.3,
    "2021-05-22 22:00": 136.9,
    "2021-05-22 22:10": 146.7,
    "2021-05-22 22:20": 161.8,
    "2021-05-22 22:30": 165.2,
    "2021-05-22 22:40": 140.3,
    "2021-05-22 22:50": 158.1,
    "2021-05-22 23:00": 148,
    "2021-05-22 23:10": 165.2,
    "2021-05-22 23:20": 149.3,
    "2021-05-22 23:30": 181,
    "2021-05-22 23:40": 214.9,
    "2021-05-22 23:50": 155.1,
    "2021-05-23 00:00": 143.6,
    "2021-05-23 00:10": 154.4,
    "2021-05-23 00:20": 145.3,
    "2021-05-23 00:30": 144,
    "2021-05-23 23:00": 0
}