{
    "2021-05-28 23:10": 255.5,
    "2021-05-28 23:20": 255.8,
    "2021-05-28 23:30": 255.5,
    "2021-05-28 23:40": 255.5,
    "2021-05-28 23:50": 255.2,
    "2021-05-29 00:00": 255.8,
    "2021-05-29 00:10": 255.2,
    "2021-05-29 00:20": 255.8,
    "2021-05-29 00:30": 255.2,
    "2021-05-29 01:20": 255.8,
    "2021-05-29 01:30": 256.1,
    "2021-05-29 01:40": 255.8,
    "2021-05-29 01:50": 256.1,
    "2021-05-29 02:00": 255.8,
    "2021-05-29 02:10": 255.8,
    "2021-05-29 02:20": 255.5,
    "2021-05-29 02:30": 256.5,
    "2021-05-29 02:40": 256.7,
    "2021-05-29 02:50": 254.9,
    "2021-05-29 03:00": 256.7,
    "2021-05-29 03:10": 257.7,
    "2021-05-29 03:20": 256.4,
    "2021-05-29 03:30": 257.2,
    "2021-05-29 03:40": 256.3,
    "2021-05-29 03:50": 256.3,
    "2021-05-29 04:00": 256,
    "2021-05-29 04:10": 255.7,
    "2021-05-29 04:20": 256.9,
    "2021-05-29 04:30": 255.9,
    "2021-05-29 04:40": 258.7,
    "2021-05-29 04:50": 256.9,
    "2021-05-29 05:00": 256.3,
    "2021-05-29 05:10": 256.9,
    "2021-05-29 05:20": 256.9,
    "2021-05-29 05:30": 258.1,
    "2021-05-29 05:40": 258.1,
    "2021-05-29 05:50": 257.8,
    "2021-05-29 06:00": 257.2,
    "2021-05-29 06:10": 256.9,
    "2021-05-29 06:20": 257.2,
    "2021-05-29 06:30": 257.3,
    "2021-05-29 06:40": 256.4,
    "2021-05-29 06:50": 255.8,
    "2021-05-29 07:00": 257.3,
    "2021-05-29 07:10": 255.5,
    "2021-05-29 07:20": 255.2,
    "2021-05-29 07:30": 255.2,
    "2021-05-29 07:40": 254.3,
    "2021-05-29 07:50": 254,
    "2021-05-29 08:00": 254,
    "2021-05-29 08:10": 252.8,
    "2021-05-29 08:20": 252.5,
    "2021-05-29 08:30": 253.1,
    "2021-05-29 08:40": 251.6,
    "2021-05-29 08:50": 251.6,
    "2021-05-29 09:00": 251.9,
    "2021-05-29 09:10": 250.7,
    "2021-05-29 09:20": 249.7,
    "2021-05-29 09:30": 250.1,
    "2021-05-29 09:40": 251.9,
    "2021-05-29 09:50": 252.3,
    "2021-05-29 10:00": 251.6,
    "2021-05-29 10:10": 252.4,
    "2021-05-29 10:20": 252.7,
    "2021-05-29 10:30": 252.4,
    "2021-05-29 10:40": 251,
    "2021-05-29 10:50": 252.4,
    "2021-05-29 11:00": 251.3,
    "2021-05-29 11:10": 251.8,
    "2021-05-29 11:20": 252.2,
    "2021-05-29 11:30": 252.2,
    "2021-05-29 11:40": 252.5,
    "2021-05-29 11:50": 251.9,
    "2021-05-29 12:00": 253.4,
    "2021-05-29 12:10": 253.1,
    "2021-05-29 12:20": 253.4,
    "2021-05-29 12:30": 252.2,
    "2021-05-29 12:40": 252.8,
    "2021-05-29 12:50": 252.5,
    "2021-05-29 13:00": 252.8,
    "2021-05-29 13:10": 253.1,
    "2021-05-29 13:20": 252.8,
    "2021-05-29 13:30": 252.4,
    "2021-05-29 13:40": 252.8,
    "2021-05-29 13:50": 252.5,
    "2021-05-29 14:00": 252.7,
    "2021-05-29 14:10": 252.7,
    "2021-05-29 14:20": 251.9,
    "2021-05-29 14:30": 251.9,
    "2021-05-29 14:40": 252.7,
    "2021-05-29 14:50": 253.7,
    "2021-05-29 15:00": 253.3,
    "2021-05-29 15:10": 253.1,
    "2021-05-29 15:20": 253.1,
    "2021-05-29 15:30": 252.8,
    "2021-05-29 15:40": 252.5,
    "2021-05-29 15:50": 252.4,
    "2021-05-29 16:00": 252.8,
    "2021-05-29 16:10": 252,
    "2021-05-29 16:20": 252.8,
    "2021-05-29 16:30": 253.3,
    "2021-05-29 16:40": 252.8,
    "2021-05-29 16:50": 252.7,
    "2021-05-29 17:00": 252.8,
    "2021-05-29 17:10": 253.3,
    "2021-05-29 17:20": 252.8,
    "2021-05-29 17:30": 252.8,
    "2021-05-29 17:40": 253.4,
    "2021-05-29 17:50": 253.1,
    "2021-05-29 18:00": 253.1,
    "2021-05-29 18:10": 252.8,
    "2021-05-29 18:20": 252.8,
    "2021-05-29 18:30": 253.4,
    "2021-05-29 18:40": 252.5,
    "2021-05-29 18:50": 253.7,
    "2021-05-29 19:00": 254.8,
    "2021-05-29 19:10": 254,
    "2021-05-29 19:20": 254.9,
    "2021-05-29 19:30": 254,
    "2021-05-29 19:40": 254,
    "2021-05-29 19:50": 254.3,
    "2021-05-29 20:00": 254.6,
    "2021-05-29 20:10": 254.3,
    "2021-05-29 20:20": 254,
    "2021-05-29 20:30": 254.3,
    "2021-05-29 20:40": 253.4,
    "2021-05-29 20:50": 254,
    "2021-05-29 21:00": 254,
    "2021-05-30 00:10": 258.1,
    "2021-05-30 00:20": 257.2,
    "2021-05-30 00:30": 237.2,
    "2021-05-30 00:40": 134.4,
    "2021-05-30 00:50": 6.2,
    "2021-05-30 12:40": 62.6,
    "2021-05-30 12:50": 78.7,
    "2021-05-30 13:00": 79.5,
    "2021-05-30 13:10": 210.4,
    "2021-05-30 13:20": 253.5,
    "2021-05-30 13:30": 255.6,
    "2021-05-30 13:40": 256.7,
    "2021-05-30 13:50": 255.6,
    "2021-05-30 14:00": 257,
    "2021-05-30 14:10": 257.6,
    "2021-05-30 14:20": 256.4,
    "2021-05-30 14:30": 256.2,
    "2021-05-30 14:40": 259.9,
    "2021-05-30 14:50": 258.7,
    "2021-05-30 15:00": 259.3,
    "2021-05-30 15:10": 258.7,
    "2021-05-30 15:20": 259.9,
    "2021-05-30 15:30": 262,
    "2021-05-30 15:40": 261.9,
    "2021-05-30 15:50": 259.7,
    "2021-05-30 16:00": 263.2,
    "2021-05-30 16:10": 257.9,
    "2021-05-30 16:20": 256,
    "2021-05-30 16:30": 258.5,
    "2021-05-30 16:40": 260,
    "2021-05-30 17:20": 258,
    "2021-05-30 17:30": 257.6,
    "2021-05-30 17:50": 259.4,
    "2021-05-30 18:00": 260,
    "2021-05-30 18:10": 259.7,
    "2021-05-30 18:20": 259.4,
    "2021-05-30 18:30": 260.6,
    "2021-05-30 18:40": 260.6,
    "2021-05-30 18:50": 260,
    "2021-05-30 19:00": 260.2,
    "2021-05-30 19:10": 259.9,
    "2021-05-30 19:20": 260.6,
    "2021-05-30 19:30": 260.5,
    "2021-05-30 19:40": 260.3,
    "2021-05-30 19:50": 260.2,
    "2021-05-30 20:00": 260.2,
    "2021-05-30 20:10": 260.3,
    "2021-05-30 20:20": 260.6,
    "2021-05-30 20:30": 259.9,
    "2021-05-30 20:40": 260.9,
    "2021-05-30 20:50": 261.1,
    "2021-05-30 21:00": 182.3,
    "2021-05-30 21:10": 105,
    "2021-05-30 21:20": 3.6,
    "2021-05-30 22:30": 0
}