{
    "2021-05-22 12:10": 482.4,
    "2021-05-22 12:20": 482.4,
    "2021-05-22 12:30": 483.3,
    "2021-05-22 12:40": 484.3,
    "2021-05-22 12:50": 483.4,
    "2021-05-22 13:00": 480.3,
    "2021-05-22 13:10": 475,
    "2021-05-22 13:20": 476.8,
    "2021-05-22 13:30": 477.6,
    "2021-05-22 13:40": 480.2,
    "2021-05-22 13:50": 482.3,
    "2021-05-22 14:00": 483,
    "2021-05-22 14:10": 480,
    "2021-05-22 14:20": 480.2,
    "2021-05-22 14:30": 483,
    "2021-05-22 14:40": 483.7,
    "2021-05-22 14:50": 485.9,
    "2021-05-22 15:00": 485,
    "2021-05-22 15:10": 484.7,
    "2021-05-22 15:20": 487.2,
    "2021-05-22 15:30": 485.4,
    "2021-05-22 15:40": 485.7,
    "2021-05-22 15:50": 485.8,
    "2021-05-22 16:00": 486.3,
    "2021-05-22 16:10": 487.1,
    "2021-05-22 16:20": 486.2,
    "2021-05-22 16:40": 487.7,
    "2021-05-22 16:50": 488.9,
    "2021-05-22 17:00": 468.2,
    "2021-05-22 17:10": 441.9,
    "2021-05-22 17:20": 445.1,
    "2021-05-22 17:30": 453,
    "2021-05-22 17:40": 446.9,
    "2021-05-22 17:50": 454,
    "2021-05-22 18:00": 445.3,
    "2021-05-22 18:10": 444.5,
    "2021-05-22 18:20": 454.6,
    "2021-05-22 18:40": 464.4,
    "2021-05-22 18:50": 486,
    "2021-05-22 19:10": 492.1,
    "2021-05-22 19:20": 491.7,
    "2021-05-22 19:30": 493.5,
    "2021-05-22 19:40": 491.2,
    "2021-05-22 20:00": 492,
    "2021-05-22 20:10": 490.8,
    "2021-05-22 20:20": 454.6,
    "2021-05-22 20:30": 439.9,
    "2021-05-22 20:40": 439.5,
    "2021-05-22 20:50": 443.4,
    "2021-05-22 21:00": 444.3,
    "2021-05-22 21:10": 439.7,
    "2021-05-22 21:20": 454.3,
    "2021-05-22 21:30": 446,
    "2021-05-22 21:40": 444.3,
    "2021-05-22 21:50": 441.7,
    "2021-05-22 22:00": 441.3,
    "2021-05-22 22:10": 461.8,
    "2021-05-22 22:20": 461.7,
    "2021-05-22 22:30": 447,
    "2021-05-22 22:40": 312.7,
    "2021-05-22 22:50": 38.1,
    "2021-05-23 15:00": 25.5,
    "2021-05-23 15:10": 76.3,
    "2021-05-23 15:20": 78,
    "2021-05-23 15:30": 213.5,
    "2021-05-23 15:40": 212.6,
    "2021-05-23 15:50": 437.2,
    "2021-05-23 16:00": 473.6,
    "2021-05-23 16:10": 486.7,
    "2021-05-23 16:20": 486.6,
    "2021-05-23 16:30": 488.5,
    "2021-05-23 16:40": 489.2,
    "2021-05-23 16:50": 444.4,
    "2021-05-23 17:00": 451.6,
    "2021-05-23 17:10": 481.6,
    "2021-05-23 17:20": 486.2,
    "2021-05-23 17:30": 483.4,
    "2021-05-23 17:40": 486.2,
    "2021-05-23 17:50": 485.3,
    "2021-05-23 18:00": 487.1,
    "2021-05-23 18:10": 484.4,
    "2021-05-23 18:20": 487,
    "2021-05-23 18:30": 487,
    "2021-05-23 18:40": 487.1,
    "2021-05-23 18:50": 486.6,
    "2021-05-23 19:00": 487.2,
    "2021-05-23 19:10": 489.5,
    "2021-05-23 19:20": 489.6,
    "2021-05-23 19:30": 489,
    "2021-05-23 19:40": 487.3,
    "2021-05-23 19:50": 489.7,
    "2021-05-23 20:00": 489.3,
    "2021-05-23 20:10": 488.8,
    "2021-05-23 20:20": 490.6,
    "2021-05-23 20:30": 490.8,
    "2021-05-23 20:40": 490.3,
    "2021-05-23 20:50": 489.9,
    "2021-05-23 21:00": 491.9,
    "2021-05-23 21:10": 491.1,
    "2021-05-23 21:20": 489.9,
    "2021-05-23 21:30": 491.6,
    "2021-05-23 21:40": 491.4,
    "2021-05-23 21:50": 493.6,
    "2021-05-23 22:00": 489.7,
    "2021-05-23 22:10": 490.2,
    "2021-05-23 22:20": 490.8,
    "2021-05-23 22:30": 489,
    "2021-05-23 22:40": 492.4,
    "2021-05-23 22:50": 490.5,
    "2021-05-23 23:00": 491.2
}