{
    "2021-05-28 23:10": 37.8,
    "2021-05-28 23:20": 37.7,
    "2021-05-28 23:30": 38.1,
    "2021-05-28 23:40": 37.5,
    "2021-05-28 23:50": 37.6,
    "2021-05-29 00:00": 37.2,
    "2021-05-29 00:10": 37.8,
    "2021-05-29 00:20": 37.9,
    "2021-05-29 00:30": 37.5,
    "2021-05-29 01:20": 37.1,
    "2021-05-29 01:30": 37.7,
    "2021-05-29 01:40": 38,
    "2021-05-29 01:50": 37.8,
    "2021-05-29 02:00": 37.4,
    "2021-05-29 02:10": 37.8,
    "2021-05-29 02:20": 38.3,
    "2021-05-29 02:30": 37.5,
    "2021-05-29 02:40": 37.4,
    "2021-05-29 02:50": 37.9,
    "2021-05-29 03:00": 37.6,
    "2021-05-29 03:10": 37.4,
    "2021-05-29 03:20": 37.9,
    "2021-05-29 03:30": 38.5,
    "2021-05-29 03:40": 38,
    "2021-05-29 03:50": 37.6,
    "2021-05-29 04:00": 37.1,
    "2021-05-29 04:10": 37.4,
    "2021-05-29 04:20": 37.6,
    "2021-05-29 04:30": 38.4,
    "2021-05-29 04:40": 37.2,
    "2021-05-29 04:50": 37.7,
    "2021-05-29 05:00": 37.3,
    "2021-05-29 05:10": 37.4,
    "2021-05-29 05:20": 37.6,
    "2021-05-29 05:30": 37.7,
    "2021-05-29 05:40": 37.7,
    "2021-05-29 05:50": 37.4,
    "2021-05-29 06:00": 37.1,
    "2021-05-29 06:10": 37.8,
    "2021-05-29 06:20": 37.3,
    "2021-05-29 06:30": 37.5,
    "2021-05-29 06:40": 37.3,
    "2021-05-29 06:50": 37.6,
    "2021-05-29 07:00": 36.4,
    "2021-05-29 07:10": 36.4,
    "2021-05-29 07:20": 36.5,
    "2021-05-29 07:30": 37.3,
    "2021-05-29 07:40": 36.3,
    "2021-05-29 07:50": 36.3,
    "2021-05-29 08:00": 36.8,
    "2021-05-29 08:10": 37.3,
    "2021-05-29 08:20": 36.7,
    "2021-05-29 08:30": 37.2,
    "2021-05-29 08:40": 36.8,
    "2021-05-29 08:50": 36.6,
    "2021-05-29 09:00": 37.3,
    "2021-05-29 09:10": 36.6,
    "2021-05-29 09:20": 38,
    "2021-05-29 09:30": 37.5,
    "2021-05-29 09:40": 37.1,
    "2021-05-29 09:50": 37.2,
    "2021-05-29 10:00": 36.6,
    "2021-05-29 10:10": 36.6,
    "2021-05-29 10:20": 37.5,
    "2021-05-29 10:30": 37.3,
    "2021-05-29 10:40": 36.5,
    "2021-05-29 10:50": 37.1,
    "2021-05-29 11:00": 37,
    "2021-05-29 11:10": 36.9,
    "2021-05-29 11:20": 38,
    "2021-05-29 11:30": 37.1,
    "2021-05-29 11:40": 38,
    "2021-05-29 11:50": 36.8,
    "2021-05-29 12:00": 36.6,
    "2021-05-29 12:10": 36.6,
    "2021-05-29 12:20": 37.1,
    "2021-05-29 12:30": 36.8,
    "2021-05-29 12:40": 37,
    "2021-05-29 12:50": 37.3,
    "2021-05-29 13:00": 36.4,
    "2021-05-29 13:10": 36.6,
    "2021-05-29 13:20": 36.8,
    "2021-05-29 13:30": 36.8,
    "2021-05-29 13:40": 36.8,
    "2021-05-29 13:50": 36.5,
    "2021-05-29 14:00": 36.8,
    "2021-05-29 14:10": 37.1,
    "2021-05-29 14:20": 36.4,
    "2021-05-29 14:30": 36.4,
    "2021-05-29 14:40": 36.1,
    "2021-05-29 14:50": 36.2,
    "2021-05-29 15:00": 36.6,
    "2021-05-29 15:10": 36.4,
    "2021-05-29 15:20": 36.7,
    "2021-05-29 15:30": 36.5,
    "2021-05-29 15:40": 36.4,
    "2021-05-29 15:50": 36.7,
    "2021-05-29 16:00": 36.7,
    "2021-05-29 16:10": 36.4,
    "2021-05-29 16:20": 36.8,
    "2021-05-29 16:30": 36.8,
    "2021-05-29 16:40": 36.7,
    "2021-05-29 16:50": 36.4,
    "2021-05-29 17:00": 36.6,
    "2021-05-29 17:10": 36.1,
    "2021-05-29 17:20": 36.8,
    "2021-05-29 17:30": 36.4,
    "2021-05-29 17:40": 36.2,
    "2021-05-29 17:50": 36.4,
    "2021-05-29 18:00": 36.4,
    "2021-05-29 18:10": 36.6,
    "2021-05-29 18:20": 36.6,
    "2021-05-29 18:30": 36.8,
    "2021-05-29 18:40": 36.7,
    "2021-05-29 18:50": 36.6,
    "2021-05-29 19:00": 36.6,
    "2021-05-29 19:10": 36.4,
    "2021-05-29 19:20": 37.3,
    "2021-05-29 19:30": 36.6,
    "2021-05-29 19:40": 36.6,
    "2021-05-29 19:50": 36.4,
    "2021-05-29 20:00": 36.5,
    "2021-05-29 20:10": 36.2,
    "2021-05-29 20:20": 36.3,
    "2021-05-29 20:30": 35.9,
    "2021-05-29 20:40": 36.3,
    "2021-05-29 20:50": 36.4,
    "2021-05-29 21:00": 35.2,
    "2021-05-30 00:10": 36.8,
    "2021-05-30 00:20": 35.8,
    "2021-05-30 00:30": 36.4,
    "2021-05-30 00:40": 35.7,
    "2021-05-30 00:50": 36.6,
    "2021-05-30 01:00": 35.9,
    "2021-05-30 01:10": 35.6,
    "2021-05-30 01:20": 35.6,
    "2021-05-30 01:30": 36.4,
    "2021-05-30 01:40": 36.1,
    "2021-05-30 01:50": 35.8,
    "2021-05-30 02:00": 35.9,
    "2021-05-30 02:10": 35.9,
    "2021-05-30 02:20": 35.9,
    "2021-05-30 02:30": 36.2,
    "2021-05-30 02:40": 35.9,
    "2021-05-30 02:50": 35.9,
    "2021-05-30 03:00": 36.4,
    "2021-05-30 03:10": 35.6,
    "2021-05-30 03:20": 36.4,
    "2021-05-30 03:30": 35.9,
    "2021-05-30 03:40": 35.8,
    "2021-05-30 03:50": 36.4,
    "2021-05-30 04:00": 36,
    "2021-05-30 04:10": 35.9,
    "2021-05-30 04:20": 35.7,
    "2021-05-30 04:30": 35.7,
    "2021-05-30 04:40": 36,
    "2021-05-30 04:50": 35.6,
    "2021-05-30 05:00": 35.4,
    "2021-05-30 05:10": 35.9,
    "2021-05-30 05:20": 35.7,
    "2021-05-30 05:30": 35.1,
    "2021-05-30 05:40": 35.5,
    "2021-05-30 05:50": 35.9,
    "2021-05-30 06:00": 36.1,
    "2021-05-30 06:10": 35.9,
    "2021-05-30 06:20": 36.4,
    "2021-05-30 06:30": 35.8,
    "2021-05-30 06:40": 35.6,
    "2021-05-30 06:50": 35.5,
    "2021-05-30 07:00": 36,
    "2021-05-30 07:10": 35.9,
    "2021-05-30 07:20": 35.5,
    "2021-05-30 07:30": 36.1,
    "2021-05-30 07:40": 36.1,
    "2021-05-30 07:50": 35.8,
    "2021-05-30 08:00": 36.6,
    "2021-05-30 08:10": 35.9,
    "2021-05-30 08:20": 36,
    "2021-05-30 08:30": 35.8,
    "2021-05-30 08:40": 35.9,
    "2021-05-30 08:50": 36.1,
    "2021-05-30 09:00": 36,
    "2021-05-30 09:10": 35.9,
    "2021-05-30 09:20": 35.4,
    "2021-05-30 09:30": 35.8,
    "2021-05-30 09:40": 36.7,
    "2021-05-30 09:50": 35.9,
    "2021-05-30 10:00": 35.9,
    "2021-05-30 10:10": 35.8,
    "2021-05-30 10:20": 36,
    "2021-05-30 10:30": 36,
    "2021-05-30 10:40": 36.4,
    "2021-05-30 10:50": 29.1,
    "2021-05-30 22:30": 0
}