{
    "2021-05-28 23:10": 757.6,
    "2021-05-28 23:20": 754.2,
    "2021-05-28 23:30": 755,
    "2021-05-28 23:40": 758,
    "2021-05-28 23:50": 756.6,
    "2021-05-29 00:00": 751.4,
    "2021-05-29 00:10": 755.7,
    "2021-05-29 00:20": 754.9,
    "2021-05-29 00:30": 755.9,
    "2021-05-29 01:20": 757,
    "2021-05-29 01:30": 754.5,
    "2021-05-29 01:40": 761.7,
    "2021-05-29 01:50": 752.4,
    "2021-05-29 02:00": 753.8,
    "2021-05-29 02:10": 760.3,
    "2021-05-29 02:20": 756.9,
    "2021-05-29 02:30": 752.8,
    "2021-05-29 02:40": 748.4,
    "2021-05-29 02:50": 754.5,
    "2021-05-29 03:00": 753.8,
    "2021-05-29 03:10": 748.7,
    "2021-05-29 03:20": 754.6,
    "2021-05-29 03:30": 750.8,
    "2021-05-29 03:40": 759.1,
    "2021-05-29 03:50": 755.5,
    "2021-05-29 04:00": 758.1,
    "2021-05-29 04:10": 759.9,
    "2021-05-29 04:20": 756.1,
    "2021-05-29 04:30": 759.7,
    "2021-05-29 04:40": 752.9,
    "2021-05-29 04:50": 758.7,
    "2021-05-29 05:00": 755.4,
    "2021-05-29 05:10": 754.2,
    "2021-05-29 05:20": 756.4,
    "2021-05-29 05:30": 750.8,
    "2021-05-29 05:40": 752.3,
    "2021-05-29 05:50": 756.4,
    "2021-05-29 06:00": 757.1,
    "2021-05-29 06:10": 753.3,
    "2021-05-29 06:20": 755.9,
    "2021-05-29 06:30": 755,
    "2021-05-29 06:40": 753.5,
    "2021-05-29 06:50": 753.9,
    "2021-05-29 07:00": 745.3,
    "2021-05-29 07:10": 753.7,
    "2021-05-29 07:20": 754.1,
    "2021-05-29 07:30": 757.8,
    "2021-05-29 07:40": 751.2,
    "2021-05-29 07:50": 746.8,
    "2021-05-29 08:00": 747.3,
    "2021-05-29 08:10": 751.4,
    "2021-05-29 08:20": 758,
    "2021-05-29 08:30": 753.5,
    "2021-05-29 08:40": 759,
    "2021-05-29 08:50": 756.9,
    "2021-05-29 09:00": 751.6,
    "2021-05-29 09:10": 756.3,
    "2021-05-29 09:20": 755.9,
    "2021-05-29 09:30": 753.8,
    "2021-05-29 09:40": 755.6,
    "2021-05-29 09:50": 754.1,
    "2021-05-29 10:00": 758.6,
    "2021-05-29 10:10": 753.5,
    "2021-05-29 10:20": 750.6,
    "2021-05-29 10:30": 753.1,
    "2021-05-29 10:40": 758,
    "2021-05-29 10:50": 751.5,
    "2021-05-29 11:00": 755.7,
    "2021-05-29 11:10": 754.9,
    "2021-05-29 11:20": 753.8,
    "2021-05-29 11:30": 755.4,
    "2021-05-29 11:40": 753,
    "2021-05-29 11:50": 759.1,
    "2021-05-29 12:00": 751.3,
    "2021-05-29 12:10": 755.5,
    "2021-05-29 12:20": 754,
    "2021-05-29 12:30": 761.1,
    "2021-05-29 12:40": 752,
    "2021-05-29 12:50": 753,
    "2021-05-29 13:00": 754.8,
    "2021-05-29 13:10": 751.6,
    "2021-05-29 13:20": 758.1,
    "2021-05-29 13:30": 753.1,
    "2021-05-29 13:40": 756.7,
    "2021-05-29 13:50": 752.9,
    "2021-05-29 14:00": 755.3,
    "2021-05-29 14:10": 751.5,
    "2021-05-29 14:20": 750.4,
    "2021-05-29 14:30": 756.2,
    "2021-05-29 14:40": 754.8,
    "2021-05-29 14:50": 748.1,
    "2021-05-29 15:00": 748,
    "2021-05-29 15:10": 755.4,
    "2021-05-29 15:20": 750.7,
    "2021-05-29 15:30": 756.8,
    "2021-05-29 15:40": 754.4,
    "2021-05-29 15:50": 760.2,
    "2021-05-29 16:00": 757.2,
    "2021-05-29 16:10": 759.5,
    "2021-05-29 16:20": 756.5,
    "2021-05-29 16:30": 756.5,
    "2021-05-29 16:40": 759.5,
    "2021-05-29 16:50": 757.6,
    "2021-05-29 17:00": 752.6,
    "2021-05-29 17:10": 751.1,
    "2021-05-29 17:20": 756.4,
    "2021-05-29 17:30": 755.1,
    "2021-05-29 17:40": 754.8,
    "2021-05-29 17:50": 752.1,
    "2021-05-29 18:00": 752.5,
    "2021-05-29 18:10": 758.7,
    "2021-05-29 18:20": 755.3,
    "2021-05-29 18:30": 752.2,
    "2021-05-29 18:40": 758.4,
    "2021-05-29 18:50": 757.2,
    "2021-05-29 19:00": 756.8,
    "2021-05-29 19:10": 754.9,
    "2021-05-29 19:20": 753.4,
    "2021-05-29 19:30": 754.8,
    "2021-05-29 19:40": 754.9,
    "2021-05-29 19:50": 755.4,
    "2021-05-29 20:00": 752.6,
    "2021-05-29 20:10": 752.7,
    "2021-05-29 20:20": 751.7,
    "2021-05-29 20:30": 750.8,
    "2021-05-29 20:40": 747.5,
    "2021-05-29 20:50": 751,
    "2021-05-29 21:00": 754.9,
    "2021-05-30 00:10": 745.8,
    "2021-05-30 00:20": 754.4,
    "2021-05-30 00:30": 753.2,
    "2021-05-30 00:40": 755.3,
    "2021-05-30 00:50": 752.7,
    "2021-05-30 01:00": 749.1,
    "2021-05-30 01:10": 753.7,
    "2021-05-30 01:20": 753.8,
    "2021-05-30 01:30": 759,
    "2021-05-30 01:40": 759.9,
    "2021-05-30 01:50": 760.5,
    "2021-05-30 02:00": 754.7,
    "2021-05-30 02:10": 751.6,
    "2021-05-30 02:20": 753.7,
    "2021-05-30 02:30": 756.3,
    "2021-05-30 02:40": 757,
    "2021-05-30 02:50": 754,
    "2021-05-30 03:00": 751.5,
    "2021-05-30 03:10": 754.8,
    "2021-05-30 03:20": 754,
    "2021-05-30 03:30": 754.8,
    "2021-05-30 03:40": 753.1,
    "2021-05-30 03:50": 755.2,
    "2021-05-30 04:00": 751.5,
    "2021-05-30 04:10": 751.8,
    "2021-05-30 04:20": 753.7,
    "2021-05-30 04:30": 749.7,
    "2021-05-30 04:40": 754.6,
    "2021-05-30 04:50": 751.7,
    "2021-05-30 05:00": 751.5,
    "2021-05-30 05:10": 752.9,
    "2021-05-30 05:20": 750.6,
    "2021-05-30 05:30": 747.1,
    "2021-05-30 05:40": 756.6,
    "2021-05-30 05:50": 753.6,
    "2021-05-30 06:00": 756.4,
    "2021-05-30 06:10": 756.1,
    "2021-05-30 06:20": 750.4,
    "2021-05-30 06:30": 753.5,
    "2021-05-30 06:40": 754.4,
    "2021-05-30 06:50": 756.2,
    "2021-05-30 07:00": 753.8,
    "2021-05-30 07:10": 753.5,
    "2021-05-30 07:20": 750,
    "2021-05-30 07:30": 747.9,
    "2021-05-30 07:40": 753,
    "2021-05-30 07:50": 751.5,
    "2021-05-30 08:00": 756.4,
    "2021-05-30 08:10": 751.3,
    "2021-05-30 08:20": 757.3,
    "2021-05-30 08:30": 754,
    "2021-05-30 08:40": 755.9,
    "2021-05-30 08:50": 744.5,
    "2021-05-30 09:00": 758.8,
    "2021-05-30 09:10": 755.6,
    "2021-05-30 09:20": 752.6,
    "2021-05-30 09:30": 750.1,
    "2021-05-30 09:40": 752.7,
    "2021-05-30 09:50": 747.6,
    "2021-05-30 10:00": 748,
    "2021-05-30 10:10": 746.9,
    "2021-05-30 10:20": 752.8,
    "2021-05-30 10:30": 756.7,
    "2021-05-30 10:40": 756.6,
    "2021-05-30 10:50": 757.9,
    "2021-05-30 11:00": 761,
    "2021-05-30 11:10": 748.7,
    "2021-05-30 11:20": 744.2,
    "2021-05-30 11:30": 753.5,
    "2021-05-30 11:40": 748.3,
    "2021-05-30 11:50": 753.1,
    "2021-05-30 12:00": 758.3,
    "2021-05-30 12:10": 757.4,
    "2021-05-30 12:20": 757.4,
    "2021-05-30 12:30": 751.9,
    "2021-05-30 12:40": 760.1,
    "2021-05-30 12:50": 747.9,
    "2021-05-30 13:00": 756.5,
    "2021-05-30 13:10": 751.7,
    "2021-05-30 13:20": 748.9,
    "2021-05-30 13:30": 749.3,
    "2021-05-30 13:40": 754.4,
    "2021-05-30 13:50": 755.5,
    "2021-05-30 14:00": 752.9,
    "2021-05-30 14:10": 752.6,
    "2021-05-30 14:20": 753.6,
    "2021-05-30 14:30": 753.4,
    "2021-05-30 14:40": 748.2,
    "2021-05-30 14:50": 756.8,
    "2021-05-30 15:00": 760.3,
    "2021-05-30 15:10": 756.4,
    "2021-05-30 15:20": 754.5,
    "2021-05-30 15:30": 749,
    "2021-05-30 15:40": 752.6,
    "2021-05-30 15:50": 758,
    "2021-05-30 16:00": 754.8,
    "2021-05-30 16:10": 755.8,
    "2021-05-30 16:20": 758.5,
    "2021-05-30 16:30": 755,
    "2021-05-30 16:40": 754.1,
    "2021-05-30 17:20": 757.9,
    "2021-05-30 17:30": 758.9,
    "2021-05-30 17:50": 754.7,
    "2021-05-30 18:00": 753.5,
    "2021-05-30 18:10": 753.1,
    "2021-05-30 18:20": 753.8,
    "2021-05-30 18:30": 752,
    "2021-05-30 18:40": 753.1,
    "2021-05-30 18:50": 756.5,
    "2021-05-30 19:00": 754.5,
    "2021-05-30 19:10": 757.2,
    "2021-05-30 19:20": 752.7,
    "2021-05-30 19:30": 754.9,
    "2021-05-30 19:40": 750,
    "2021-05-30 19:50": 756.1,
    "2021-05-30 20:00": 753.8,
    "2021-05-30 20:10": 750.7,
    "2021-05-30 20:20": 752.7,
    "2021-05-30 20:30": 751.8,
    "2021-05-30 20:40": 756.8,
    "2021-05-30 20:50": 746.8,
    "2021-05-30 21:00": 751.4,
    "2021-05-30 21:10": 752.8,
    "2021-05-30 21:20": 752.5,
    "2021-05-30 21:30": 753,
    "2021-05-30 21:40": 754.7,
    "2021-05-30 21:50": 752.5,
    "2021-05-30 22:00": 755.3,
    "2021-05-30 22:10": 756.2,
    "2021-05-30 22:20": 755.4,
    "2021-05-30 22:30": 756.3
}