{
    "2021-05-28 23:10": 761.5,
    "2021-05-28 23:20": 758.2,
    "2021-05-28 23:30": 760.7,
    "2021-05-28 23:40": 761.8,
    "2021-05-28 23:50": 759.3,
    "2021-05-29 00:00": 754.4,
    "2021-05-29 00:10": 759.1,
    "2021-05-29 00:20": 755.8,
    "2021-05-29 00:30": 760.3,
    "2021-05-29 01:20": 761.6,
    "2021-05-29 01:30": 759.6,
    "2021-05-29 01:40": 764.7,
    "2021-05-29 01:50": 755,
    "2021-05-29 02:00": 760.2,
    "2021-05-29 02:10": 763.8,
    "2021-05-29 02:20": 760.5,
    "2021-05-29 02:30": 756.8,
    "2021-05-29 02:40": 754,
    "2021-05-29 02:50": 760,
    "2021-05-29 03:00": 757.6,
    "2021-05-29 03:10": 753.7,
    "2021-05-29 03:20": 761.1,
    "2021-05-29 03:30": 754.7,
    "2021-05-29 03:40": 762.1,
    "2021-05-29 03:50": 756.4,
    "2021-05-29 04:00": 759.7,
    "2021-05-29 04:10": 759.5,
    "2021-05-29 04:20": 757.5,
    "2021-05-29 04:30": 763.4,
    "2021-05-29 04:40": 756.8,
    "2021-05-29 04:50": 764.9,
    "2021-05-29 05:00": 760.2,
    "2021-05-29 05:10": 760.3,
    "2021-05-29 05:20": 760.5,
    "2021-05-29 05:30": 754.7,
    "2021-05-29 05:40": 758.9,
    "2021-05-29 05:50": 762.7,
    "2021-05-29 06:00": 761.9,
    "2021-05-29 06:10": 759.4,
    "2021-05-29 06:20": 761.8,
    "2021-05-29 06:30": 760.1,
    "2021-05-29 06:40": 759,
    "2021-05-29 06:50": 759,
    "2021-05-29 07:00": 749.7,
    "2021-05-29 07:10": 759.3,
    "2021-05-29 07:20": 758.8,
    "2021-05-29 07:30": 762.7,
    "2021-05-29 07:40": 758.9,
    "2021-05-29 07:50": 757.9,
    "2021-05-29 08:00": 754.7,
    "2021-05-29 08:10": 758.1,
    "2021-05-29 08:20": 763.4,
    "2021-05-29 08:30": 758.1,
    "2021-05-29 08:40": 763,
    "2021-05-29 08:50": 760.6,
    "2021-05-29 09:00": 757,
    "2021-05-29 09:10": 760.6,
    "2021-05-29 09:20": 762.3,
    "2021-05-29 09:30": 762.9,
    "2021-05-29 09:40": 760.4,
    "2021-05-29 09:50": 760.5,
    "2021-05-29 10:00": 762.6,
    "2021-05-29 10:10": 759.6,
    "2021-05-29 10:20": 755.5,
    "2021-05-29 10:30": 758.4,
    "2021-05-29 10:40": 763.8,
    "2021-05-29 10:50": 758.3,
    "2021-05-29 11:00": 763.6,
    "2021-05-29 11:10": 758.1,
    "2021-05-29 11:20": 758.3,
    "2021-05-29 11:30": 759,
    "2021-05-29 11:40": 757.6,
    "2021-05-29 11:50": 764.9,
    "2021-05-29 12:00": 756.5,
    "2021-05-29 12:10": 758.6,
    "2021-05-29 12:20": 758.5,
    "2021-05-29 12:30": 765.1,
    "2021-05-29 12:40": 758.3,
    "2021-05-29 12:50": 757,
    "2021-05-29 13:00": 761.9,
    "2021-05-29 13:10": 759.1,
    "2021-05-29 13:20": 764.5,
    "2021-05-29 13:30": 759.9,
    "2021-05-29 13:40": 760.9,
    "2021-05-29 13:50": 759.6,
    "2021-05-29 14:00": 761.2,
    "2021-05-29 14:10": 755.3,
    "2021-05-29 14:20": 754.2,
    "2021-05-29 14:30": 759.2,
    "2021-05-29 14:40": 759.3,
    "2021-05-29 14:50": 750.5,
    "2021-05-29 15:00": 750.9,
    "2021-05-29 15:10": 758.6,
    "2021-05-29 15:20": 756.9,
    "2021-05-29 15:30": 761.5,
    "2021-05-29 15:40": 758.9,
    "2021-05-29 15:50": 765,
    "2021-05-29 16:00": 761.1,
    "2021-05-29 16:10": 764.7,
    "2021-05-29 16:20": 760.3,
    "2021-05-29 16:30": 760.3,
    "2021-05-29 16:40": 765,
    "2021-05-29 16:50": 762.5,
    "2021-05-29 17:00": 758,
    "2021-05-29 17:10": 755.4,
    "2021-05-29 17:20": 760.6,
    "2021-05-29 17:30": 759.3,
    "2021-05-29 17:40": 758.9,
    "2021-05-29 17:50": 758.9,
    "2021-05-29 18:00": 758.7,
    "2021-05-29 18:10": 763.7,
    "2021-05-29 18:20": 760.3,
    "2021-05-29 18:30": 754.3,
    "2021-05-29 18:40": 759.8,
    "2021-05-29 18:50": 759.5,
    "2021-05-29 19:00": 760,
    "2021-05-29 19:10": 757.5,
    "2021-05-29 19:20": 757.7,
    "2021-05-29 19:30": 760.4,
    "2021-05-29 19:40": 762.4,
    "2021-05-29 19:50": 762,
    "2021-05-29 20:00": 758.4,
    "2021-05-29 20:10": 760.3,
    "2021-05-29 20:20": 759.3,
    "2021-05-29 20:30": 758.8,
    "2021-05-29 20:40": 762,
    "2021-05-29 20:50": 759.9,
    "2021-05-29 21:00": 759.9,
    "2021-05-30 00:10": 750.8,
    "2021-05-30 00:20": 758.8,
    "2021-05-30 00:30": 758.5,
    "2021-05-30 00:40": 759.6,
    "2021-05-30 00:50": 758.9,
    "2021-05-30 01:00": 754,
    "2021-05-30 01:10": 759.7,
    "2021-05-30 01:20": 754.4,
    "2021-05-30 01:30": 760.4,
    "2021-05-30 01:40": 765.1,
    "2021-05-30 01:50": 764.6,
    "2021-05-30 02:00": 760.9,
    "2021-05-30 02:10": 756,
    "2021-05-30 02:20": 760.3,
    "2021-05-30 02:30": 763.9,
    "2021-05-30 02:40": 762.5,
    "2021-05-30 02:50": 758.9,
    "2021-05-30 03:00": 755.3,
    "2021-05-30 03:10": 759.9,
    "2021-05-30 03:20": 758.6,
    "2021-05-30 03:30": 759.4,
    "2021-05-30 03:40": 755.2,
    "2021-05-30 03:50": 760.4,
    "2021-05-30 04:00": 759.1,
    "2021-05-30 04:10": 759.9,
    "2021-05-30 04:20": 760.3,
    "2021-05-30 04:30": 759.7,
    "2021-05-30 04:40": 760.7,
    "2021-05-30 04:50": 757.8,
    "2021-05-30 05:00": 751.9,
    "2021-05-30 05:10": 758.5,
    "2021-05-30 05:20": 753.1,
    "2021-05-30 05:30": 753.1,
    "2021-05-30 05:40": 760.7,
    "2021-05-30 05:50": 759.6,
    "2021-05-30 06:00": 760.1,
    "2021-05-30 06:10": 759.8,
    "2021-05-30 06:20": 752.9,
    "2021-05-30 06:30": 758.3,
    "2021-05-30 06:40": 759.8,
    "2021-05-30 06:50": 758.1,
    "2021-05-30 07:00": 759.5,
    "2021-05-30 07:10": 758.5,
    "2021-05-30 07:20": 756.1,
    "2021-05-30 07:30": 750.6,
    "2021-05-30 07:40": 755.4,
    "2021-05-30 07:50": 752.3,
    "2021-05-30 08:00": 759.9,
    "2021-05-30 08:10": 756.1,
    "2021-05-30 08:20": 686.5,
    "2021-05-30 08:30": 670.8,
    "2021-05-30 08:40": 672,
    "2021-05-30 08:50": 662,
    "2021-05-30 09:00": 669.6,
    "2021-05-30 09:10": 683.5,
    "2021-05-30 09:20": 680.8,
    "2021-05-30 09:30": 681.4,
    "2021-05-30 09:40": 672.8,
    "2021-05-30 09:50": 678.6,
    "2021-05-30 10:00": 761.8,
    "2021-05-30 10:10": 752.2,
    "2021-05-30 10:20": 758.2,
    "2021-05-30 10:30": 761.4,
    "2021-05-30 10:40": 762,
    "2021-05-30 10:50": 763.8,
    "2021-05-30 11:00": 764.6,
    "2021-05-30 11:10": 755.6,
    "2021-05-30 11:20": 753.9,
    "2021-05-30 11:30": 760.3,
    "2021-05-30 11:40": 755.2,
    "2021-05-30 11:50": 757.3,
    "2021-05-30 12:00": 760.2,
    "2021-05-30 12:10": 760.8,
    "2021-05-30 12:20": 759.8,
    "2021-05-30 12:30": 758,
    "2021-05-30 12:40": 764.5,
    "2021-05-30 12:50": 750.1,
    "2021-05-30 13:00": 762.9,
    "2021-05-30 13:10": 754.4,
    "2021-05-30 13:20": 753.1,
    "2021-05-30 13:30": 752.9,
    "2021-05-30 13:40": 758.2,
    "2021-05-30 13:50": 761.3,
    "2021-05-30 14:00": 756.7,
    "2021-05-30 14:10": 756.9,
    "2021-05-30 14:20": 762.7,
    "2021-05-30 14:30": 761.1,
    "2021-05-30 14:40": 751.6,
    "2021-05-30 14:50": 760.9,
    "2021-05-30 15:00": 764.2,
    "2021-05-30 15:10": 761.2,
    "2021-05-30 15:20": 759.7,
    "2021-05-30 15:30": 753.4,
    "2021-05-30 15:40": 757.7,
    "2021-05-30 15:50": 760.7,
    "2021-05-30 16:00": 759.3,
    "2021-05-30 16:10": 759.6,
    "2021-05-30 16:20": 763.5,
    "2021-05-30 16:30": 756.8,
    "2021-05-30 16:40": 759.1,
    "2021-05-30 17:20": 763.5,
    "2021-05-30 17:30": 764.9,
    "2021-05-30 17:50": 764.1,
    "2021-05-30 18:00": 761.1,
    "2021-05-30 18:10": 759.9,
    "2021-05-30 18:20": 760.7,
    "2021-05-30 18:30": 758.5,
    "2021-05-30 18:40": 758.2,
    "2021-05-30 18:50": 761.9,
    "2021-05-30 19:00": 759.5,
    "2021-05-30 19:10": 765.5,
    "2021-05-30 19:20": 760.7,
    "2021-05-30 19:30": 761.6,
    "2021-05-30 19:40": 755.1,
    "2021-05-30 19:50": 764.8,
    "2021-05-30 20:00": 761.2,
    "2021-05-30 20:10": 756.6,
    "2021-05-30 20:20": 760.9,
    "2021-05-30 20:30": 762.2,
    "2021-05-30 20:40": 760.9,
    "2021-05-30 20:50": 760.3,
    "2021-05-30 21:00": 758.3,
    "2021-05-30 21:10": 755.2,
    "2021-05-30 21:20": 759.3,
    "2021-05-30 21:30": 758.7,
    "2021-05-30 21:40": 763.9,
    "2021-05-30 21:50": 757.1,
    "2021-05-30 22:00": 760.2,
    "2021-05-30 22:10": 763.1,
    "2021-05-30 22:20": 760.6,
    "2021-05-30 22:30": 758.3
}