{
    "2021-05-22 12:10": 1,
    "2021-05-22 12:20": 1.2,
    "2021-05-22 12:30": 1.1,
    "2021-05-22 12:40": 2.1,
    "2021-05-22 12:50": 3.2,
    "2021-05-22 13:00": 3.5,
    "2021-05-22 13:10": 3.9,
    "2021-05-22 13:20": 4.3,
    "2021-05-22 13:30": 4.2,
    "2021-05-22 13:40": 4.3,
    "2021-05-22 13:50": 3.4,
    "2021-05-22 14:00": 3.3,
    "2021-05-22 14:10": 1.3,
    "2021-05-22 14:20": 1.1,
    "2021-05-22 14:30": 0.7,
    "2021-05-22 14:40": 0.6,
    "2021-05-22 14:50": 0.5,
    "2021-05-22 15:00": 0.2,
    "2021-05-22 15:10": 0.3,
    "2021-05-22 15:20": 0.3,
    "2021-05-22 15:30": 0.2,
    "2021-05-22 15:40": 0.2,
    "2021-05-22 15:50": 0.2,
    "2021-05-22 16:00": 0.2,
    "2021-05-22 16:10": 0.1,
    "2021-05-22 17:10": 0.1,
    "2021-05-22 18:00": 0.1,
    "2021-05-22 18:20": 0.1,
    "2021-05-22 18:40": 0.1,
    "2021-05-22 20:40": 0.1,
    "2021-05-22 20:50": 0.2,
    "2021-05-22 21:00": 0.4,
    "2021-05-22 21:10": 0.2,
    "2021-05-22 21:20": 0.2,
    "2021-05-22 21:30": 0.4,
    "2021-05-22 21:40": 0.3,
    "2021-05-22 21:50": 0.2,
    "2021-05-22 22:00": 0.3,
    "2021-05-22 22:10": 0.3,
    "2021-05-22 22:20": 0.3,
    "2021-05-22 22:30": 0.2,
    "2021-05-22 22:40": 0.1,
    "2021-05-22 23:00": 0.1,
    "2021-05-22 23:10": 0.1,
    "2021-05-22 23:20": 0.1,
    "2021-05-23 12:00": 0.1,
    "2021-05-23 12:20": 0.1,
    "2021-05-23 12:30": 0.1,
    "2021-05-23 12:40": 0.1,
    "2021-05-23 12:50": 0.3,
    "2021-05-23 13:00": 0.3,
    "2021-05-23 13:10": 0.2,
    "2021-05-23 13:20": 0.1,
    "2021-05-23 14:10": 0.1,
    "2021-05-23 14:50": 0.2,
    "2021-05-23 15:00": 0.6,
    "2021-05-23 15:10": 0.2,
    "2021-05-23 15:20": 0.2,
    "2021-05-23 15:30": 0.4,
    "2021-05-23 15:40": 0.6,
    "2021-05-23 15:50": 0.7,
    "2021-05-23 16:00": 0.7,
    "2021-05-23 16:10": 0.4,
    "2021-05-23 16:20": 0.4,
    "2021-05-23 16:30": 0.3,
    "2021-05-23 16:40": 0.4,
    "2021-05-23 16:50": 0.5,
    "2021-05-23 17:00": 0.4,
    "2021-05-23 17:10": 0.4,
    "2021-05-23 17:20": 0.2,
    "2021-05-23 17:30": 0.2,
    "2021-05-23 17:40": 0.1,
    "2021-05-23 17:50": 0.1,
    "2021-05-23 21:10": 0.1,
    "2021-05-23 23:00": 0
}