{
    "2021-05-28 23:10": 971.9,
    "2021-05-28 23:20": 971.9,
    "2021-05-28 23:30": 974.6,
    "2021-05-28 23:40": 971.9,
    "2021-05-28 23:50": 969.2,
    "2021-05-29 00:00": 973.2,
    "2021-05-29 00:10": 973.2,
    "2021-05-29 00:20": 974.6,
    "2021-05-29 00:30": 970.6,
    "2021-05-29 01:20": 973.2,
    "2021-05-29 01:30": 973.2,
    "2021-05-29 01:40": 973.2,
    "2021-05-29 01:50": 975.9,
    "2021-05-29 02:00": 975.9,
    "2021-05-29 02:10": 973.2,
    "2021-05-29 02:20": 973.2,
    "2021-05-29 02:30": 974.6,
    "2021-05-29 02:40": 975.9,
    "2021-05-29 02:50": 971.9,
    "2021-05-29 03:00": 974.6,
    "2021-05-29 03:10": 974.6,
    "2021-05-29 03:20": 975.9,
    "2021-05-29 03:30": 975.9,
    "2021-05-29 03:40": 974.6,
    "2021-05-29 03:50": 975.9,
    "2021-05-29 04:00": 973.2,
    "2021-05-29 04:10": 974.6,
    "2021-05-29 04:20": 974.6,
    "2021-05-29 04:30": 974.6,
    "2021-05-29 04:40": 974.6,
    "2021-05-29 04:50": 973.2,
    "2021-05-29 05:00": 975.9,
    "2021-05-29 05:10": 973.2,
    "2021-05-29 05:20": 974.6,
    "2021-05-29 05:30": 975.9,
    "2021-05-29 05:40": 974.6,
    "2021-05-29 05:50": 973.2,
    "2021-05-29 06:00": 974.6,
    "2021-05-29 06:10": 975.9,
    "2021-05-29 06:20": 971.9,
    "2021-05-29 06:30": 974.6,
    "2021-05-29 06:40": 975.9,
    "2021-05-29 06:50": 974.6,
    "2021-05-29 07:00": 975.9,
    "2021-05-29 07:10": 973.2,
    "2021-05-29 07:20": 974.6,
    "2021-05-29 07:30": 974.6,
    "2021-05-29 07:40": 975.9,
    "2021-05-29 07:50": 973.2,
    "2021-05-29 08:00": 977.3,
    "2021-05-29 08:10": 974.6,
    "2021-05-29 08:20": 973.2,
    "2021-05-29 08:30": 973.2,
    "2021-05-29 08:40": 974.6,
    "2021-05-29 08:50": 974.6,
    "2021-05-29 09:00": 977.3,
    "2021-05-29 09:10": 971.9,
    "2021-05-29 09:20": 971.9,
    "2021-05-29 09:30": 974.6,
    "2021-05-29 09:40": 975.9,
    "2021-05-29 09:50": 974.6,
    "2021-05-29 10:00": 977.3,
    "2021-05-29 10:10": 975.9,
    "2021-05-29 10:20": 977.3,
    "2021-05-29 10:30": 974.6,
    "2021-05-29 10:40": 974.6,
    "2021-05-29 10:50": 975.9,
    "2021-05-29 11:00": 974.6,
    "2021-05-29 11:10": 975.9,
    "2021-05-29 11:20": 975.9,
    "2021-05-29 11:30": 974.6,
    "2021-05-29 11:40": 974.6,
    "2021-05-29 11:50": 974.6,
    "2021-05-29 12:00": 974.6,
    "2021-05-29 12:10": 973.2,
    "2021-05-29 12:20": 971.9,
    "2021-05-29 12:30": 975.9,
    "2021-05-29 12:40": 974.6,
    "2021-05-29 12:50": 974.6,
    "2021-05-29 13:00": 973.2,
    "2021-05-29 13:10": 975.9,
    "2021-05-29 13:20": 974.6,
    "2021-05-29 13:30": 975.9,
    "2021-05-29 13:40": 974.6,
    "2021-05-29 13:50": 974.6,
    "2021-05-29 14:00": 974.6,
    "2021-05-29 14:10": 974.6,
    "2021-05-29 14:20": 974.6,
    "2021-05-29 14:30": 974.6,
    "2021-05-29 14:40": 975.9,
    "2021-05-29 14:50": 975.9,
    "2021-05-29 15:00": 974.6,
    "2021-05-29 15:10": 971.9,
    "2021-05-29 15:20": 974.6,
    "2021-05-29 15:30": 971.9,
    "2021-05-29 15:40": 973.2,
    "2021-05-29 15:50": 974.6,
    "2021-05-29 16:00": 974.6,
    "2021-05-29 16:10": 973.2,
    "2021-05-29 16:20": 975.9,
    "2021-05-29 16:30": 975.9,
    "2021-05-29 16:40": 973.2,
    "2021-05-29 16:50": 973.2,
    "2021-05-29 17:00": 974.6,
    "2021-05-29 17:10": 974.6,
    "2021-05-29 17:20": 975.9,
    "2021-05-29 17:30": 974.6,
    "2021-05-29 17:40": 975.9,
    "2021-05-29 17:50": 978.6,
    "2021-05-29 18:00": 974.6,
    "2021-05-29 18:10": 970.6,
    "2021-05-29 18:20": 975.9,
    "2021-05-29 18:30": 974.6,
    "2021-05-29 18:40": 975.9,
    "2021-05-29 18:50": 974.6,
    "2021-05-29 19:00": 974.6,
    "2021-05-29 19:10": 977.3,
    "2021-05-29 19:20": 977.3,
    "2021-05-29 19:30": 974.6,
    "2021-05-29 19:40": 973.2,
    "2021-05-29 19:50": 975.9,
    "2021-05-29 20:00": 974.6,
    "2021-05-29 20:10": 975.9,
    "2021-05-29 20:20": 975.9,
    "2021-05-29 20:30": 975.9,
    "2021-05-29 20:40": 974.6,
    "2021-05-29 20:50": 977.3,
    "2021-05-29 21:00": 975.9,
    "2021-05-30 00:10": 974.6,
    "2021-05-30 00:20": 975.9,
    "2021-05-30 00:30": 975.9,
    "2021-05-30 00:40": 973.2,
    "2021-05-30 00:50": 975.9,
    "2021-05-30 01:00": 975.9,
    "2021-05-30 01:10": 973.2,
    "2021-05-30 01:20": 977.3,
    "2021-05-30 01:30": 975.9,
    "2021-05-30 01:40": 973.2,
    "2021-05-30 01:50": 975.9,
    "2021-05-30 02:00": 977.3,
    "2021-05-30 02:10": 977.3,
    "2021-05-30 02:20": 978.6,
    "2021-05-30 02:30": 975.9,
    "2021-05-30 02:40": 975.9,
    "2021-05-30 02:50": 977.3,
    "2021-05-30 03:00": 975.9,
    "2021-05-30 03:10": 975.9,
    "2021-05-30 03:20": 975.9,
    "2021-05-30 03:30": 977.3,
    "2021-05-30 03:40": 974.6,
    "2021-05-30 03:50": 974.6,
    "2021-05-30 04:00": 974.6,
    "2021-05-30 04:10": 974.6,
    "2021-05-30 04:20": 975.9,
    "2021-05-30 04:30": 975.9,
    "2021-05-30 04:40": 975.9,
    "2021-05-30 04:50": 975.9,
    "2021-05-30 05:00": 975.9,
    "2021-05-30 05:10": 975.9,
    "2021-05-30 05:20": 977.3,
    "2021-05-30 05:30": 975.9,
    "2021-05-30 05:40": 977.3,
    "2021-05-30 05:50": 978.6,
    "2021-05-30 06:00": 975.9,
    "2021-05-30 06:10": 974.6,
    "2021-05-30 06:20": 975.9,
    "2021-05-30 06:30": 974.6,
    "2021-05-30 06:40": 872.7,
    "2021-05-30 06:50": 863.3,
    "2021-05-30 07:00": 862,
    "2021-05-30 07:10": 858,
    "2021-05-30 07:20": 859.3,
    "2021-05-30 07:30": 856.6,
    "2021-05-30 07:40": 856.6,
    "2021-05-30 07:50": 853.9,
    "2021-05-30 08:00": 853.9,
    "2021-05-30 08:10": 853.9,
    "2021-05-30 08:20": 851.3,
    "2021-05-30 08:30": 851.3,
    "2021-05-30 08:40": 797.6,
    "2021-05-30 08:50": 769.5,
    "2021-05-30 09:00": 764.1,
    "2021-05-30 09:10": 762.8,
    "2021-05-30 09:20": 761.4,
    "2021-05-30 09:30": 758.8,
    "2021-05-30 09:40": 757.4,
    "2021-05-30 09:50": 758.8,
    "2021-05-30 10:00": 762.8,
    "2021-05-30 10:10": 766.8,
    "2021-05-30 10:20": 761.4,
    "2021-05-30 10:30": 760.1,
    "2021-05-30 10:40": 753.4,
    "2021-05-30 10:50": 749.4,
    "2021-05-30 11:00": 749.4,
    "2021-05-30 11:10": 758.8,
    "2021-05-30 11:20": 744,
    "2021-05-30 11:30": 748,
    "2021-05-30 11:40": 749.4,
    "2021-05-30 11:50": 851.3,
    "2021-05-30 12:00": 863.3,
    "2021-05-30 12:10": 864.7,
    "2021-05-30 12:20": 867.3,
    "2021-05-30 12:30": 868.7,
    "2021-05-30 12:40": 870,
    "2021-05-30 12:50": 878.1,
    "2021-05-30 13:00": 934.4,
    "2021-05-30 13:10": 957.1,
    "2021-05-30 13:20": 963.8,
    "2021-05-30 13:30": 966.5,
    "2021-05-30 13:40": 970.6,
    "2021-05-30 13:50": 971.9,
    "2021-05-30 14:00": 973.2,
    "2021-05-30 14:10": 977.3,
    "2021-05-30 14:20": 973.2,
    "2021-05-30 14:30": 973.2,
    "2021-05-30 14:40": 975.9,
    "2021-05-30 14:50": 974.6,
    "2021-05-30 15:00": 970.6,
    "2021-05-30 15:10": 970.6,
    "2021-05-30 15:20": 975.9,
    "2021-05-30 15:30": 974.6,
    "2021-05-30 15:40": 974.6,
    "2021-05-30 15:50": 971.9,
    "2021-05-30 16:00": 973.2,
    "2021-05-30 16:10": 971.9,
    "2021-05-30 16:20": 974.6,
    "2021-05-30 16:30": 977.3,
    "2021-05-30 16:40": 973.2,
    "2021-05-30 17:20": 971.9,
    "2021-05-30 17:30": 970.6,
    "2021-05-30 17:50": 970.6,
    "2021-05-30 18:00": 973.2,
    "2021-05-30 18:10": 973.2,
    "2021-05-30 18:20": 973.2,
    "2021-05-30 18:30": 977.3,
    "2021-05-30 18:40": 973.2,
    "2021-05-30 18:50": 974.6,
    "2021-05-30 19:00": 974.6,
    "2021-05-30 19:10": 973.2,
    "2021-05-30 19:20": 974.6,
    "2021-05-30 19:30": 975.9,
    "2021-05-30 19:40": 975.9,
    "2021-05-30 19:50": 973.2,
    "2021-05-30 20:00": 975.9,
    "2021-05-30 20:10": 978.6,
    "2021-05-30 20:20": 977.3,
    "2021-05-30 20:30": 977.3,
    "2021-05-30 20:40": 974.6,
    "2021-05-30 20:50": 977.3,
    "2021-05-30 21:00": 977.3,
    "2021-05-30 21:10": 977.3,
    "2021-05-30 21:20": 975.9,
    "2021-05-30 21:30": 975.9,
    "2021-05-30 21:40": 975.9,
    "2021-05-30 21:50": 977.3,
    "2021-05-30 22:00": 975.9,
    "2021-05-30 22:10": 978.6,
    "2021-05-30 22:20": 975.9,
    "2021-05-30 22:30": 978.6
}