{
    "2021-05-22 12:10": 930.1,
    "2021-05-22 12:20": 937,
    "2021-05-22 12:30": 939.2,
    "2021-05-22 12:40": 943.8,
    "2021-05-22 12:50": 942.6,
    "2021-05-22 13:00": 940.4,
    "2021-05-22 13:10": 942.6,
    "2021-05-22 13:20": 939.2,
    "2021-05-22 13:30": 942.6,
    "2021-05-22 13:40": 941.5,
    "2021-05-22 13:50": 943.8,
    "2021-05-22 14:00": 943.8,
    "2021-05-22 14:10": 943.8,
    "2021-05-22 14:20": 941.5,
    "2021-05-22 14:30": 943.8,
    "2021-05-22 14:40": 944.9,
    "2021-05-22 14:50": 942.6,
    "2021-05-22 15:00": 941.5,
    "2021-05-22 15:10": 940.4,
    "2021-05-22 15:20": 939.2,
    "2021-05-22 15:30": 938.1,
    "2021-05-22 15:40": 940.4,
    "2021-05-22 15:50": 941.5,
    "2021-05-22 16:00": 940.4,
    "2021-05-22 16:10": 942.6,
    "2021-05-22 16:20": 941.5,
    "2021-05-22 16:40": 940.4,
    "2021-05-22 16:50": 938.1,
    "2021-05-22 17:00": 940.4,
    "2021-05-22 17:10": 938.1,
    "2021-05-22 17:20": 940.4,
    "2021-05-22 17:30": 943.8,
    "2021-05-22 17:40": 943.8,
    "2021-05-22 17:50": 942.6,
    "2021-05-22 18:00": 943.8,
    "2021-05-22 18:10": 941.5,
    "2021-05-22 18:20": 942.6,
    "2021-05-22 18:40": 937,
    "2021-05-22 18:50": 934.7,
    "2021-05-22 19:10": 943.8,
    "2021-05-22 19:20": 942.6,
    "2021-05-22 19:30": 943.8,
    "2021-05-22 19:40": 941.5,
    "2021-05-22 20:00": 941.5,
    "2021-05-22 20:10": 940.4,
    "2021-05-22 20:20": 934.7,
    "2021-05-22 20:30": 927.9,
    "2021-05-22 20:40": 938.1,
    "2021-05-22 20:50": 940.4,
    "2021-05-22 21:00": 940.4,
    "2021-05-22 21:10": 939.2,
    "2021-05-22 21:20": 940.4,
    "2021-05-22 21:30": 938.1,
    "2021-05-22 21:40": 938.1,
    "2021-05-22 21:50": 941.5,
    "2021-05-22 22:00": 939.2,
    "2021-05-22 22:10": 943.8,
    "2021-05-22 22:20": 943.8,
    "2021-05-22 22:30": 941.5,
    "2021-05-22 22:40": 942.6,
    "2021-05-22 22:50": 942.6,
    "2021-05-22 23:00": 941.5,
    "2021-05-22 23:10": 942.6,
    "2021-05-22 23:20": 943.8,
    "2021-05-22 23:30": 942.6,
    "2021-05-22 23:40": 944.9,
    "2021-05-22 23:50": 943.8,
    "2021-05-23 00:00": 942.6,
    "2021-05-23 00:10": 946.1,
    "2021-05-23 00:20": 944.9,
    "2021-05-23 00:30": 944.9,
    "2021-05-23 00:40": 946.1,
    "2021-05-23 00:50": 946.1,
    "2021-05-23 01:00": 947.2,
    "2021-05-23 01:10": 944.9,
    "2021-05-23 01:20": 944.9,
    "2021-05-23 01:30": 947.2,
    "2021-05-23 01:40": 944.9,
    "2021-05-23 01:50": 948.3,
    "2021-05-23 02:00": 944.9,
    "2021-05-23 02:10": 943.8,
    "2021-05-23 02:20": 947.2,
    "2021-05-23 02:30": 944.9,
    "2021-05-23 02:40": 941.5,
    "2021-05-23 02:50": 940.4,
    "2021-05-23 03:00": 942.6,
    "2021-05-23 03:10": 944.9,
    "2021-05-23 03:20": 946.1,
    "2021-05-23 03:30": 946.1,
    "2021-05-23 03:40": 947.2,
    "2021-05-23 03:50": 943.8,
    "2021-05-23 04:10": 947.2,
    "2021-05-23 04:20": 947.2,
    "2021-05-23 04:30": 944.9,
    "2021-05-23 04:40": 943.8,
    "2021-05-23 04:50": 942.6,
    "2021-05-23 05:00": 944.9,
    "2021-05-23 05:10": 946.1,
    "2021-05-23 05:30": 946.1,
    "2021-05-23 05:40": 947.2,
    "2021-05-23 05:50": 946.1,
    "2021-05-23 06:00": 944.9,
    "2021-05-23 06:20": 947.2,
    "2021-05-23 06:30": 944.9,
    "2021-05-23 06:40": 946.1,
    "2021-05-23 06:50": 947.2,
    "2021-05-23 07:00": 944.9,
    "2021-05-23 07:10": 946.1,
    "2021-05-23 07:20": 946.1,
    "2021-05-23 07:40": 947.2,
    "2021-05-23 07:50": 949.5,
    "2021-05-23 08:00": 946.1,
    "2021-05-23 08:10": 946.1,
    "2021-05-23 08:30": 946.1,
    "2021-05-23 08:40": 947.2,
    "2021-05-23 08:50": 949.5,
    "2021-05-23 09:00": 947.2,
    "2021-05-23 09:10": 947.2,
    "2021-05-23 09:20": 948.3,
    "2021-05-23 09:30": 946.1,
    "2021-05-23 09:40": 946.1,
    "2021-05-23 09:50": 946.1,
    "2021-05-23 10:00": 944.9,
    "2021-05-23 10:10": 944.9,
    "2021-05-23 10:20": 943.8,
    "2021-05-23 10:40": 946.1,
    "2021-05-23 10:50": 946.1,
    "2021-05-23 11:00": 946.1,
    "2021-05-23 11:10": 943.8,
    "2021-05-23 11:20": 944.9,
    "2021-05-23 11:30": 943.8,
    "2021-05-23 11:50": 941.5,
    "2021-05-23 12:00": 942.6,
    "2021-05-23 12:10": 944.9,
    "2021-05-23 12:20": 942.6,
    "2021-05-23 12:30": 942.6,
    "2021-05-23 12:40": 943.8,
    "2021-05-23 12:50": 943.8,
    "2021-05-23 13:00": 940.4,
    "2021-05-23 13:10": 942.6,
    "2021-05-23 13:20": 943.8,
    "2021-05-23 13:30": 944.9,
    "2021-05-23 13:40": 943.8,
    "2021-05-23 13:50": 947.2,
    "2021-05-23 14:00": 942.6,
    "2021-05-23 14:10": 944.9,
    "2021-05-23 14:20": 942.6,
    "2021-05-23 14:30": 940.4,
    "2021-05-23 14:40": 942.6,
    "2021-05-23 14:50": 941.5,
    "2021-05-23 15:00": 944.9,
    "2021-05-23 15:10": 941.5,
    "2021-05-23 15:20": 941.5,
    "2021-05-23 15:30": 941.5,
    "2021-05-23 15:40": 942.6,
    "2021-05-23 15:50": 942.6,
    "2021-05-23 16:00": 944.9,
    "2021-05-23 16:10": 944.9,
    "2021-05-23 16:20": 943.8,
    "2021-05-23 16:30": 944.9,
    "2021-05-23 16:40": 946.1,
    "2021-05-23 16:50": 946.1,
    "2021-05-23 17:00": 946.1,
    "2021-05-23 17:10": 947.2,
    "2021-05-23 17:20": 947.2,
    "2021-05-23 17:30": 947.2,
    "2021-05-23 17:40": 948.3,
    "2021-05-23 17:50": 947.2,
    "2021-05-23 18:00": 947.2,
    "2021-05-23 18:10": 948.3,
    "2021-05-23 18:20": 948.3,
    "2021-05-23 18:30": 946.1,
    "2021-05-23 18:40": 946.1,
    "2021-05-23 18:50": 947.2,
    "2021-05-23 19:00": 948.3,
    "2021-05-23 19:10": 946.1,
    "2021-05-23 19:20": 948.3,
    "2021-05-23 19:30": 949.5,
    "2021-05-23 19:40": 948.3,
    "2021-05-23 19:50": 946.1,
    "2021-05-23 20:00": 946.1,
    "2021-05-23 20:10": 947.2,
    "2021-05-23 20:20": 944.9,
    "2021-05-23 20:30": 942.6,
    "2021-05-23 20:40": 943.8,
    "2021-05-23 20:50": 941.5,
    "2021-05-23 21:00": 942.6,
    "2021-05-23 21:10": 942.6,
    "2021-05-23 21:20": 943.8,
    "2021-05-23 21:30": 943.8,
    "2021-05-23 21:40": 942.6,
    "2021-05-23 21:50": 943.8,
    "2021-05-23 22:00": 942.6,
    "2021-05-23 22:10": 942.6,
    "2021-05-23 22:20": 942.6,
    "2021-05-23 22:30": 942.6,
    "2021-05-23 22:40": 942.6,
    "2021-05-23 22:50": 943.8,
    "2021-05-23 23:00": 942.6
}