{
    "2021-05-28 23:10": 1273.4,
    "2021-05-28 23:20": 1292.5,
    "2021-05-28 23:30": 1482.7,
    "2021-05-28 23:40": 1388.2,
    "2021-05-28 23:50": 1210.8,
    "2021-05-29 00:00": 1341.4,
    "2021-05-29 00:10": 1297.2,
    "2021-05-29 00:20": 1208.4,
    "2021-05-29 00:30": 1147.6,
    "2021-05-29 01:20": 1103,
    "2021-05-29 01:30": 1091.2,
    "2021-05-29 01:40": 1080.4,
    "2021-05-29 01:50": 1354,
    "2021-05-29 02:00": 1081,
    "2021-05-29 02:10": 1111.4,
    "2021-05-29 02:20": 1123,
    "2021-05-29 02:30": 1081.3,
    "2021-05-29 02:40": 1064.7,
    "2021-05-29 02:50": 1117.5,
    "2021-05-29 03:00": 1070.2,
    "2021-05-29 03:10": 1076,
    "2021-05-29 03:20": 1044.3,
    "2021-05-29 03:30": 1038.9,
    "2021-05-29 03:40": 1102.3,
    "2021-05-29 03:50": 1091,
    "2021-05-29 04:00": 1065.4,
    "2021-05-29 04:10": 1075.5,
    "2021-05-29 04:20": 1074.8,
    "2021-05-29 04:30": 1290,
    "2021-05-29 04:40": 1083.1,
    "2021-05-29 04:50": 1089.8,
    "2021-05-29 05:00": 1062.7,
    "2021-05-29 05:10": 1071.9,
    "2021-05-29 05:20": 1093.6,
    "2021-05-29 05:30": 1087.7,
    "2021-05-29 05:40": 1165.5,
    "2021-05-29 05:50": 1180.1,
    "2021-05-29 06:00": 1075.7,
    "2021-05-29 06:10": 1051.3,
    "2021-05-29 06:20": 1090.3,
    "2021-05-29 06:30": 1058.8,
    "2021-05-29 06:40": 1066.4,
    "2021-05-29 06:50": 1089.9,
    "2021-05-29 07:00": 1146.8,
    "2021-05-29 07:10": 1163.1,
    "2021-05-29 07:20": 1223.9,
    "2021-05-29 07:30": 1214.3,
    "2021-05-29 07:40": 1256.9,
    "2021-05-29 07:50": 1066.3,
    "2021-05-29 08:00": 1255.2,
    "2021-05-29 08:10": 1223.2,
    "2021-05-29 08:20": 1231.2,
    "2021-05-29 08:30": 1241.4,
    "2021-05-29 08:40": 1277.8,
    "2021-05-29 08:50": 1272.2,
    "2021-05-29 09:00": 1218.1,
    "2021-05-29 09:10": 1317.8,
    "2021-05-29 09:20": 1407.9,
    "2021-05-29 09:30": 1430.8,
    "2021-05-29 09:40": 1362.3,
    "2021-05-29 09:50": 1399.8,
    "2021-05-29 10:00": 1397.4,
    "2021-05-29 10:10": 1399,
    "2021-05-29 10:20": 1332.9,
    "2021-05-29 10:30": 1406.9,
    "2021-05-29 10:40": 1375.3,
    "2021-05-29 10:50": 1426,
    "2021-05-29 11:00": 1242.8,
    "2021-05-29 11:10": 1354.6,
    "2021-05-29 11:20": 1531.1,
    "2021-05-29 11:30": 1317.7,
    "2021-05-29 11:40": 1365.2,
    "2021-05-29 11:50": 1367.1,
    "2021-05-29 12:00": 1407.1,
    "2021-05-29 12:10": 1397,
    "2021-05-29 12:20": 1329.4,
    "2021-05-29 12:30": 1414.5,
    "2021-05-29 12:40": 1123,
    "2021-05-29 12:50": 1179.1,
    "2021-05-29 13:00": 1099.2,
    "2021-05-29 13:10": 1302.6,
    "2021-05-29 13:20": 1372.3,
    "2021-05-29 13:30": 1310.1,
    "2021-05-29 13:40": 1339.2,
    "2021-05-29 13:50": 1342.1,
    "2021-05-29 14:00": 1300.4,
    "2021-05-29 14:10": 1226.9,
    "2021-05-29 14:20": 1297.1,
    "2021-05-29 14:30": 1368.7,
    "2021-05-29 14:40": 1394.3,
    "2021-05-29 14:50": 1311,
    "2021-05-29 15:00": 1186.3,
    "2021-05-29 15:10": 1279.2,
    "2021-05-29 15:20": 1326.1,
    "2021-05-29 15:30": 1224.8,
    "2021-05-29 15:40": 1363,
    "2021-05-29 15:50": 1404.6,
    "2021-05-29 16:00": 1379.3,
    "2021-05-29 16:10": 1433.8,
    "2021-05-29 16:20": 1360.6,
    "2021-05-29 16:30": 1374.1,
    "2021-05-29 16:40": 1334.7,
    "2021-05-29 16:50": 1401.1,
    "2021-05-29 17:00": 1313,
    "2021-05-29 17:10": 1363.2,
    "2021-05-29 17:20": 1342.1,
    "2021-05-29 17:30": 1170,
    "2021-05-29 17:40": 1343.1,
    "2021-05-29 17:50": 1303.2,
    "2021-05-29 18:00": 1449.2,
    "2021-05-29 18:10": 1338.6,
    "2021-05-29 18:20": 1306.5,
    "2021-05-29 18:30": 1414.4,
    "2021-05-29 18:40": 1152.2,
    "2021-05-29 18:50": 1329.9,
    "2021-05-29 19:00": 1299.1,
    "2021-05-29 19:10": 1400.2,
    "2021-05-29 19:20": 1398.3,
    "2021-05-29 19:30": 1331.2,
    "2021-05-29 19:40": 1254,
    "2021-05-29 19:50": 1608.2,
    "2021-05-29 20:00": 1410.9,
    "2021-05-29 20:10": 1374.7,
    "2021-05-29 20:20": 1338.7,
    "2021-05-29 20:30": 1364.7,
    "2021-05-29 20:40": 1642.4,
    "2021-05-29 20:50": 1286.6,
    "2021-05-29 21:00": 1419.8,
    "2021-05-30 00:10": 1276.2,
    "2021-05-30 00:20": 1350.6,
    "2021-05-30 00:30": 1284.1,
    "2021-05-30 00:40": 1263.2,
    "2021-05-30 00:50": 1187.5,
    "2021-05-30 01:00": 1223.1,
    "2021-05-30 01:10": 1269.2,
    "2021-05-30 01:20": 1317.1,
    "2021-05-30 01:30": 1269.5,
    "2021-05-30 01:40": 1321,
    "2021-05-30 01:50": 1423,
    "2021-05-30 02:00": 1357.1,
    "2021-05-30 02:10": 1332.6,
    "2021-05-30 02:20": 1304.8,
    "2021-05-30 02:30": 1219.1,
    "2021-05-30 02:40": 1219,
    "2021-05-30 02:50": 1198.7,
    "2021-05-30 03:00": 1384.3,
    "2021-05-30 03:10": 1207.7,
    "2021-05-30 03:20": 1124.8,
    "2021-05-30 03:30": 1131.2,
    "2021-05-30 03:40": 1148.1,
    "2021-05-30 03:50": 1138.3,
    "2021-05-30 04:00": 1135.8,
    "2021-05-30 04:10": 1209.4,
    "2021-05-30 04:20": 1189.7,
    "2021-05-30 04:30": 1232.1,
    "2021-05-30 04:40": 1272.1,
    "2021-05-30 04:50": 1297.3,
    "2021-05-30 05:00": 1306.1,
    "2021-05-30 05:10": 1286.9,
    "2021-05-30 05:20": 1286.1,
    "2021-05-30 05:30": 1309.8,
    "2021-05-30 05:40": 1348.6,
    "2021-05-30 05:50": 1388.1,
    "2021-05-30 06:00": 1283.5,
    "2021-05-30 06:10": 1282.3,
    "2021-05-30 06:20": 1274.3,
    "2021-05-30 06:30": 1276.6,
    "2021-05-30 06:40": 1386.6,
    "2021-05-30 06:50": 1335.6,
    "2021-05-30 07:00": 1373.4,
    "2021-05-30 07:10": 1346.1,
    "2021-05-30 07:20": 1382.3,
    "2021-05-30 07:30": 1301,
    "2021-05-30 07:40": 1329.7,
    "2021-05-30 07:50": 1370.2,
    "2021-05-30 08:00": 1260.4,
    "2021-05-30 08:10": 1287,
    "2021-05-30 08:20": 1290.3,
    "2021-05-30 08:30": 1031,
    "2021-05-30 08:40": 1264.1,
    "2021-05-30 08:50": 1279.4,
    "2021-05-30 09:00": 1277.6,
    "2021-05-30 09:10": 1325.7,
    "2021-05-30 09:20": 1256.6,
    "2021-05-30 09:30": 1242.3,
    "2021-05-30 09:40": 1204.8,
    "2021-05-30 09:50": 1267.2,
    "2021-05-30 10:00": 1277.4,
    "2021-05-30 10:10": 1270.6,
    "2021-05-30 10:20": 1275.6,
    "2021-05-30 10:30": 1272.1,
    "2021-05-30 10:40": 1255.9,
    "2021-05-30 10:50": 1295.2,
    "2021-05-30 11:00": 1189.7,
    "2021-05-30 11:10": 1269.2,
    "2021-05-30 11:20": 1067.3,
    "2021-05-30 11:30": 1188.1,
    "2021-05-30 11:40": 1220.3,
    "2021-05-30 11:50": 1278.8,
    "2021-05-30 12:00": 1256.6,
    "2021-05-30 12:10": 1269.3,
    "2021-05-30 12:20": 1278.3,
    "2021-05-30 12:30": 1285.7,
    "2021-05-30 12:40": 1236.1,
    "2021-05-30 12:50": 1373.4,
    "2021-05-30 13:00": 1352.4,
    "2021-05-30 13:10": 1264.9,
    "2021-05-30 13:20": 1294.3,
    "2021-05-30 13:30": 1285.2,
    "2021-05-30 13:40": 1288.1,
    "2021-05-30 13:50": 1272.7,
    "2021-05-30 14:00": 1253.7,
    "2021-05-30 14:10": 1375.8,
    "2021-05-30 14:20": 1217.4,
    "2021-05-30 14:30": 1230.8,
    "2021-05-30 14:40": 1371.4,
    "2021-05-30 14:50": 1313.1,
    "2021-05-30 15:00": 1243.5,
    "2021-05-30 15:10": 1408.2,
    "2021-05-30 15:20": 1137.9,
    "2021-05-30 15:30": 1290.8,
    "2021-05-30 15:40": 1302.2,
    "2021-05-30 15:50": 1379.2,
    "2021-05-30 16:00": 1220.1,
    "2021-05-30 16:10": 1284.1,
    "2021-05-30 16:20": 1408.9,
    "2021-05-30 16:30": 1264.2,
    "2021-05-30 16:40": 1325.7,
    "2021-05-30 17:20": 1325.4,
    "2021-05-30 17:30": 1295.2,
    "2021-05-30 17:50": 1372.8,
    "2021-05-30 18:00": 1167.7,
    "2021-05-30 18:10": 1320.7,
    "2021-05-30 18:20": 1152,
    "2021-05-30 18:30": 1241.2,
    "2021-05-30 18:40": 1210.3,
    "2021-05-30 18:50": 1347.1,
    "2021-05-30 19:00": 1236.3,
    "2021-05-30 19:10": 1275,
    "2021-05-30 19:20": 1257.1,
    "2021-05-30 19:30": 1234.6,
    "2021-05-30 19:40": 1256.6,
    "2021-05-30 19:50": 1409.6,
    "2021-05-30 20:00": 1342.2,
    "2021-05-30 20:10": 1184.9,
    "2021-05-30 20:20": 1290.6,
    "2021-05-30 20:30": 1311.3,
    "2021-05-30 20:40": 1296.2,
    "2021-05-30 20:50": 1371.3,
    "2021-05-30 21:00": 1411.3,
    "2021-05-30 21:10": 1259.4,
    "2021-05-30 21:20": 1443.5,
    "2021-05-30 21:30": 1389.5,
    "2021-05-30 21:40": 1331.6,
    "2021-05-30 21:50": 1230.9,
    "2021-05-30 22:00": 1321.4,
    "2021-05-30 22:10": 1252.6,
    "2021-05-30 22:20": 1303.6,
    "2021-05-30 22:30": 1269.5
}