{
    "2021-05-28 23:10": 452.8,
    "2021-05-28 23:20": 452.7,
    "2021-05-28 23:30": 453.3,
    "2021-05-28 23:40": 454.1,
    "2021-05-28 23:50": 453.6,
    "2021-05-29 00:00": 454.2,
    "2021-05-29 00:10": 453.1,
    "2021-05-29 00:20": 452.1,
    "2021-05-29 00:30": 453,
    "2021-05-29 01:20": 452.8,
    "2021-05-29 01:30": 453.6,
    "2021-05-29 01:40": 452.9,
    "2021-05-29 01:50": 453.1,
    "2021-05-29 02:00": 452.2,
    "2021-05-29 02:10": 453,
    "2021-05-29 02:20": 452.9,
    "2021-05-29 02:30": 451.7,
    "2021-05-29 02:40": 452.7,
    "2021-05-29 02:50": 450.5,
    "2021-05-29 03:00": 450.6,
    "2021-05-29 03:10": 451.2,
    "2021-05-29 03:20": 449.9,
    "2021-05-29 03:30": 450.7,
    "2021-05-29 03:40": 425.4,
    "2021-05-29 03:50": 435.8,
    "2021-05-29 04:00": 402.7,
    "2021-05-29 04:10": 432.4,
    "2021-05-29 04:20": 417,
    "2021-05-29 04:30": 409.7,
    "2021-05-29 04:40": 420.7,
    "2021-05-29 04:50": 434.6,
    "2021-05-29 05:00": 417.2,
    "2021-05-29 05:10": 417.2,
    "2021-05-29 05:20": 408.5,
    "2021-05-29 05:30": 413.5,
    "2021-05-29 05:40": 421,
    "2021-05-29 05:50": 401.5,
    "2021-05-29 06:00": 427.7,
    "2021-05-29 06:10": 419.8,
    "2021-05-29 06:20": 406.2,
    "2021-05-29 06:30": 404,
    "2021-05-29 06:40": 402.2,
    "2021-05-29 06:50": 406.9,
    "2021-05-29 07:00": 401.6,
    "2021-05-29 07:10": 411.9,
    "2021-05-29 07:20": 405,
    "2021-05-29 07:30": 404.3,
    "2021-05-29 07:40": 407.5,
    "2021-05-29 07:50": 398.7,
    "2021-05-29 08:00": 393.8,
    "2021-05-29 08:10": 394.7,
    "2021-05-29 08:20": 393.5,
    "2021-05-29 08:30": 395.3,
    "2021-05-29 08:40": 395.5,
    "2021-05-29 08:50": 395.5,
    "2021-05-29 09:00": 394.6,
    "2021-05-29 09:10": 395,
    "2021-05-29 09:20": 394.1,
    "2021-05-29 09:30": 394.6,
    "2021-05-29 09:40": 417.4,
    "2021-05-29 09:50": 417.1,
    "2021-05-29 10:00": 417.4,
    "2021-05-29 10:10": 417.7,
    "2021-05-29 10:20": 394.8,
    "2021-05-29 10:30": 393.5,
    "2021-05-29 10:40": 394.7,
    "2021-05-29 10:50": 395.5,
    "2021-05-29 11:00": 393.4,
    "2021-05-29 11:10": 394.2,
    "2021-05-29 11:20": 395,
    "2021-05-29 11:30": 403.7,
    "2021-05-29 11:40": 414.8,
    "2021-05-29 11:50": 401.4,
    "2021-05-29 12:00": 395,
    "2021-05-29 12:10": 394.2,
    "2021-05-29 12:20": 395.1,
    "2021-05-29 12:30": 394.2,
    "2021-05-29 12:40": 395.1,
    "2021-05-29 12:50": 394,
    "2021-05-29 13:00": 394.5,
    "2021-05-29 13:10": 395.7,
    "2021-05-29 13:20": 395,
    "2021-05-29 13:30": 395.7,
    "2021-05-29 13:40": 394.9,
    "2021-05-29 13:50": 395.1,
    "2021-05-29 14:00": 395.5,
    "2021-05-29 14:10": 395.1,
    "2021-05-29 14:20": 395.2,
    "2021-05-29 14:30": 395,
    "2021-05-29 14:40": 395.5,
    "2021-05-29 14:50": 394.2,
    "2021-05-29 15:00": 395.3,
    "2021-05-29 15:10": 395.7,
    "2021-05-29 15:20": 394.9,
    "2021-05-29 15:30": 394.4,
    "2021-05-29 15:40": 395.7,
    "2021-05-29 15:50": 393.3,
    "2021-05-29 16:00": 395.7,
    "2021-05-29 16:10": 394.7,
    "2021-05-29 16:20": 394.8,
    "2021-05-29 16:30": 394.8,
    "2021-05-29 16:40": 394.1,
    "2021-05-29 16:50": 395.1,
    "2021-05-29 17:00": 395.1,
    "2021-05-29 17:10": 394.8,
    "2021-05-29 17:20": 394.5,
    "2021-05-29 17:30": 423.1,
    "2021-05-29 17:40": 450.2,
    "2021-05-29 17:50": 450.8,
    "2021-05-29 18:00": 449.1,
    "2021-05-29 18:10": 450.4,
    "2021-05-29 18:20": 449.6,
    "2021-05-29 18:30": 450.8,
    "2021-05-29 18:40": 450.4,
    "2021-05-29 18:50": 451.2,
    "2021-05-29 19:00": 451.4,
    "2021-05-29 19:10": 450.7,
    "2021-05-29 19:20": 451.6,
    "2021-05-29 19:30": 450.8,
    "2021-05-29 19:40": 450.1,
    "2021-05-29 19:50": 450.7,
    "2021-05-29 20:00": 451.7,
    "2021-05-29 20:10": 451.2,
    "2021-05-29 20:20": 450.9,
    "2021-05-29 20:30": 451.5,
    "2021-05-29 20:40": 450.7,
    "2021-05-29 20:50": 450.7,
    "2021-05-29 21:00": 452.2,
    "2021-05-30 00:10": 453.6,
    "2021-05-30 00:20": 452.7,
    "2021-05-30 00:30": 452.6,
    "2021-05-30 00:40": 452.1,
    "2021-05-30 00:50": 451.7,
    "2021-05-30 01:00": 454.2,
    "2021-05-30 01:10": 393.1,
    "2021-05-30 01:20": 179.7,
    "2021-05-30 01:30": 7,
    "2021-05-30 12:00": 5.2,
    "2021-05-30 12:10": 52.4,
    "2021-05-30 12:20": 145.9,
    "2021-05-30 12:30": 304,
    "2021-05-30 12:40": 434.4,
    "2021-05-30 12:50": 444.3,
    "2021-05-30 13:00": 443.7,
    "2021-05-30 13:10": 446.2,
    "2021-05-30 13:20": 446.3,
    "2021-05-30 13:30": 420.8,
    "2021-05-30 13:40": 395.5,
    "2021-05-30 13:50": 394.9,
    "2021-05-30 14:00": 395,
    "2021-05-30 14:10": 395.3,
    "2021-05-30 14:20": 394.8,
    "2021-05-30 14:30": 394.1,
    "2021-05-30 14:40": 395,
    "2021-05-30 14:50": 394.9,
    "2021-05-30 15:00": 396.1,
    "2021-05-30 15:10": 395.3,
    "2021-05-30 15:20": 396,
    "2021-05-30 15:30": 395.2,
    "2021-05-30 15:40": 394.8,
    "2021-05-30 15:50": 395.5,
    "2021-05-30 16:00": 394.9,
    "2021-05-30 16:10": 396.1,
    "2021-05-30 16:20": 394.1,
    "2021-05-30 16:30": 394.3,
    "2021-05-30 16:40": 395.2,
    "2021-05-30 17:20": 395.3,
    "2021-05-30 17:30": 395.5,
    "2021-05-30 17:50": 394.6,
    "2021-05-30 18:00": 395.1,
    "2021-05-30 18:10": 395.3,
    "2021-05-30 18:20": 397,
    "2021-05-30 18:30": 394.6,
    "2021-05-30 18:40": 395.2,
    "2021-05-30 18:50": 394.2,
    "2021-05-30 19:00": 395.3,
    "2021-05-30 19:10": 394.4,
    "2021-05-30 19:20": 393.8,
    "2021-05-30 19:30": 394.3,
    "2021-05-30 19:40": 394.9,
    "2021-05-30 19:50": 395.6,
    "2021-05-30 20:00": 394.9,
    "2021-05-30 20:10": 394.3,
    "2021-05-30 20:20": 395,
    "2021-05-30 20:30": 394.5,
    "2021-05-30 20:40": 394.7,
    "2021-05-30 20:50": 394.5,
    "2021-05-30 21:00": 395.1,
    "2021-05-30 21:10": 394.6,
    "2021-05-30 21:20": 393.7,
    "2021-05-30 21:30": 394.3,
    "2021-05-30 21:40": 394.1,
    "2021-05-30 21:50": 396.1,
    "2021-05-30 22:00": 395.1,
    "2021-05-30 22:10": 326.9,
    "2021-05-30 22:20": 94.9,
    "2021-05-30 22:30": 0
}