{
    "2021-05-22 12:10": 447.2,
    "2021-05-22 12:20": 449.8,
    "2021-05-22 12:30": 449.6,
    "2021-05-22 12:40": 449.1,
    "2021-05-22 12:50": 448.6,
    "2021-05-22 13:00": 449.2,
    "2021-05-22 13:10": 449.6,
    "2021-05-22 13:20": 451.3,
    "2021-05-22 13:30": 449.8,
    "2021-05-22 13:40": 449,
    "2021-05-22 13:50": 449.9,
    "2021-05-22 14:00": 450.5,
    "2021-05-22 14:10": 451.1,
    "2021-05-22 14:20": 451.1,
    "2021-05-22 14:30": 452.1,
    "2021-05-22 14:40": 448.8,
    "2021-05-22 14:50": 413.6,
    "2021-05-22 15:00": 404.2,
    "2021-05-22 15:10": 402.8,
    "2021-05-22 15:20": 402.2,
    "2021-05-22 15:30": 403.6,
    "2021-05-22 15:40": 400.9,
    "2021-05-22 15:50": 401.5,
    "2021-05-22 16:00": 403.9,
    "2021-05-22 16:10": 402.9,
    "2021-05-22 16:20": 401.2,
    "2021-05-22 16:40": 402,
    "2021-05-22 16:50": 401.3,
    "2021-05-22 17:00": 402.3,
    "2021-05-22 17:10": 401,
    "2021-05-22 17:20": 402.9,
    "2021-05-22 17:30": 408.8,
    "2021-05-22 17:40": 400.6,
    "2021-05-22 17:50": 402.2,
    "2021-05-22 18:00": 404.4,
    "2021-05-22 18:10": 401.2,
    "2021-05-22 18:20": 402.9,
    "2021-05-22 18:40": 447.7,
    "2021-05-22 18:50": 453.4,
    "2021-05-22 19:10": 453.9,
    "2021-05-22 19:20": 453.8,
    "2021-05-22 19:30": 453.4,
    "2021-05-22 19:40": 455.8,
    "2021-05-22 20:00": 454.3,
    "2021-05-22 20:10": 454.7,
    "2021-05-22 20:20": 440.1,
    "2021-05-22 20:30": 412.6,
    "2021-05-22 20:40": 402.6,
    "2021-05-22 20:50": 403.4,
    "2021-05-22 21:00": 401.2,
    "2021-05-22 21:10": 401,
    "2021-05-22 21:20": 405.8,
    "2021-05-22 21:30": 403.8,
    "2021-05-22 21:40": 400.8,
    "2021-05-22 21:50": 400.5,
    "2021-05-22 22:00": 403.1,
    "2021-05-22 22:10": 407.5,
    "2021-05-22 22:20": 412.2,
    "2021-05-22 22:30": 403.3,
    "2021-05-22 22:40": 407,
    "2021-05-22 22:50": 453.8,
    "2021-05-22 23:00": 453.5,
    "2021-05-22 23:10": 452.6,
    "2021-05-22 23:20": 454.2,
    "2021-05-22 23:30": 453.6,
    "2021-05-22 23:40": 453.6,
    "2021-05-22 23:50": 454.2,
    "2021-05-23 00:00": 452.6,
    "2021-05-23 00:10": 451.8,
    "2021-05-23 00:20": 455.9,
    "2021-05-23 00:30": 454.1,
    "2021-05-23 00:40": 452,
    "2021-05-23 00:50": 452.7,
    "2021-05-23 01:00": 453.1,
    "2021-05-23 01:10": 452.7,
    "2021-05-23 01:20": 453.7,
    "2021-05-23 01:30": 453.7,
    "2021-05-23 01:40": 454.4,
    "2021-05-23 01:50": 453.7,
    "2021-05-23 02:00": 452.9,
    "2021-05-23 02:10": 452.8,
    "2021-05-23 02:20": 455.2,
    "2021-05-23 02:30": 453.5,
    "2021-05-23 02:40": 453.1,
    "2021-05-23 02:50": 454,
    "2021-05-23 03:00": 456.4,
    "2021-05-23 03:10": 452.6,
    "2021-05-23 03:20": 455,
    "2021-05-23 03:30": 455.3,
    "2021-05-23 03:40": 455.8,
    "2021-05-23 03:50": 452.3,
    "2021-05-23 04:10": 456.6,
    "2021-05-23 04:20": 456.8,
    "2021-05-23 04:30": 455.6,
    "2021-05-23 04:40": 455.1,
    "2021-05-23 04:50": 455.5,
    "2021-05-23 05:00": 453.6,
    "2021-05-23 05:10": 455.3,
    "2021-05-23 05:30": 396.1,
    "2021-05-23 05:40": 396.6,
    "2021-05-23 05:50": 396.7,
    "2021-05-23 06:00": 396.6,
    "2021-05-23 06:20": 397.7,
    "2021-05-23 06:30": 397.7,
    "2021-05-23 06:40": 397,
    "2021-05-23 06:50": 396.3,
    "2021-05-23 07:00": 395.8,
    "2021-05-23 07:10": 396.2,
    "2021-05-23 07:20": 396.4,
    "2021-05-23 07:40": 396.6,
    "2021-05-23 07:50": 397.1,
    "2021-05-23 08:00": 396,
    "2021-05-23 08:10": 396.5,
    "2021-05-23 08:30": 395.3,
    "2021-05-23 08:40": 396.3,
    "2021-05-23 08:50": 397.2,
    "2021-05-23 09:00": 395.9,
    "2021-05-23 09:10": 396.7,
    "2021-05-23 09:20": 396,
    "2021-05-23 09:30": 396.6,
    "2021-05-23 09:40": 397.1,
    "2021-05-23 09:50": 397.2,
    "2021-05-23 10:00": 396.8,
    "2021-05-23 10:10": 396.6,
    "2021-05-23 10:20": 396.1,
    "2021-05-23 10:40": 396.8,
    "2021-05-23 10:50": 396.6,
    "2021-05-23 11:00": 396.9,
    "2021-05-23 11:10": 396.9,
    "2021-05-23 11:20": 397.7,
    "2021-05-23 11:30": 443.3,
    "2021-05-23 11:50": 446,
    "2021-05-23 12:00": 443,
    "2021-05-23 12:10": 374.1,
    "2021-05-23 12:20": 355.6,
    "2021-05-23 12:30": 356.6,
    "2021-05-23 12:40": 356.3,
    "2021-05-23 12:50": 355.8,
    "2021-05-23 13:00": 355.3,
    "2021-05-23 13:10": 397,
    "2021-05-23 13:20": 397.9,
    "2021-05-23 13:30": 395.7,
    "2021-05-23 13:40": 397,
    "2021-05-23 13:50": 396.5,
    "2021-05-23 14:00": 397,
    "2021-05-23 14:10": 395.9,
    "2021-05-23 14:20": 396.9,
    "2021-05-23 14:30": 397.7,
    "2021-05-23 14:40": 397.3,
    "2021-05-23 14:50": 397.2,
    "2021-05-23 15:00": 396.9,
    "2021-05-23 15:10": 397.5,
    "2021-05-23 15:20": 396.2,
    "2021-05-23 15:30": 397.5,
    "2021-05-23 15:40": 397,
    "2021-05-23 15:50": 397.4,
    "2021-05-23 16:00": 396.2,
    "2021-05-23 16:10": 397.2,
    "2021-05-23 16:20": 395.9,
    "2021-05-23 16:30": 397.2,
    "2021-05-23 16:40": 396.9,
    "2021-05-23 16:50": 396.8,
    "2021-05-23 17:00": 397.1,
    "2021-05-23 17:10": 396.5,
    "2021-05-23 17:20": 396.5,
    "2021-05-23 17:30": 398.1,
    "2021-05-23 17:40": 449.3,
    "2021-05-23 17:50": 449.2,
    "2021-05-23 18:00": 450.2,
    "2021-05-23 18:10": 449.6,
    "2021-05-23 18:20": 449.4,
    "2021-05-23 18:30": 450.1,
    "2021-05-23 18:40": 450.3,
    "2021-05-23 18:50": 450.3,
    "2021-05-23 19:00": 449.3,
    "2021-05-23 19:10": 450.7,
    "2021-05-23 19:20": 450,
    "2021-05-23 19:30": 451.8,
    "2021-05-23 19:40": 448.9,
    "2021-05-23 19:50": 451.6,
    "2021-05-23 20:00": 449.7,
    "2021-05-23 20:10": 449.8,
    "2021-05-23 20:20": 449.4,
    "2021-05-23 20:30": 449.6,
    "2021-05-23 20:40": 450.1,
    "2021-05-23 20:50": 448.4,
    "2021-05-23 21:00": 451.3,
    "2021-05-23 21:10": 453,
    "2021-05-23 21:20": 451.7,
    "2021-05-23 21:30": 450.4,
    "2021-05-23 21:40": 451.2,
    "2021-05-23 21:50": 449.3,
    "2021-05-23 22:00": 447.8,
    "2021-05-23 22:10": 452.4,
    "2021-05-23 22:20": 449.8,
    "2021-05-23 22:30": 450.4,
    "2021-05-23 22:40": 449.8,
    "2021-05-23 22:50": 449.8,
    "2021-05-23 23:00": 451.3
}