{
    "2021-05-22 12:10": 113.4,
    "2021-05-22 12:20": 113.4,
    "2021-05-22 12:30": 112.3,
    "2021-05-22 12:40": 110.9,
    "2021-05-22 12:50": 112.3,
    "2021-05-22 13:00": 109.4,
    "2021-05-22 13:10": 113,
    "2021-05-22 13:20": 117.6,
    "2021-05-22 13:30": 111.3,
    "2021-05-22 13:40": 111.9,
    "2021-05-22 13:50": 109.6,
    "2021-05-22 14:00": 109,
    "2021-05-22 14:10": 110.9,
    "2021-05-22 14:20": 110.9,
    "2021-05-22 14:30": 107.5,
    "2021-05-22 14:40": 115.5,
    "2021-05-22 14:50": 113,
    "2021-05-22 15:00": 110,
    "2021-05-22 15:10": 99.1,
    "2021-05-22 15:20": 85.5,
    "2021-05-22 15:30": 73.3,
    "2021-05-22 15:40": 57.1,
    "2021-05-22 15:50": 42.8,
    "2021-05-22 16:00": 26,
    "2021-05-22 16:10": 17,
    "2021-05-22 16:20": 10.5,
    "2021-05-22 16:40": 3.1,
    "2021-05-22 16:50": 7.8,
    "2021-05-22 17:00": 10.1,
    "2021-05-22 17:10": 7.3,
    "2021-05-22 17:20": 4.6,
    "2021-05-22 17:30": 5.5,
    "2021-05-22 17:40": 5.5,
    "2021-05-22 17:50": 5.5,
    "2021-05-22 18:00": 4,
    "2021-05-22 18:10": 2.5,
    "2021-05-22 18:20": 0.6,
    "2021-05-22 18:40": 0.6,
    "2021-05-22 18:50": 0.6,
    "2021-05-22 21:00": 1.3,
    "2021-05-22 21:10": 3.6,
    "2021-05-22 21:20": 5.9,
    "2021-05-22 21:30": 8.6,
    "2021-05-22 21:40": 10.7,
    "2021-05-22 21:50": 10.7,
    "2021-05-22 22:00": 9.7,
    "2021-05-22 22:10": 12.6,
    "2021-05-22 22:20": 11.1,
    "2021-05-22 22:30": 11.3,
    "2021-05-22 22:40": 9.2,
    "2021-05-22 22:50": 7.1,
    "2021-05-22 23:00": 5.3,
    "2021-05-22 23:10": 5.3,
    "2021-05-22 23:20": 6.3,
    "2021-05-22 23:30": 6.3,
    "2021-05-22 23:40": 7.1,
    "2021-05-22 23:50": 6.3,
    "2021-05-23 00:00": 7.1,
    "2021-05-23 00:10": 5.9,
    "2021-05-23 00:20": 4.6,
    "2021-05-23 00:30": 3.6,
    "2021-05-23 00:40": 1.7,
    "2021-05-23 00:50": 0.6,
    "2021-05-23 01:00": 0.6,
    "2021-05-23 11:10": 0.6,
    "2021-05-23 11:20": 0.6,
    "2021-05-23 11:30": 1.7,
    "2021-05-23 11:50": 6.3,
    "2021-05-23 12:00": 7.6,
    "2021-05-23 12:10": 9,
    "2021-05-23 12:20": 9.4,
    "2021-05-23 12:30": 9.4,
    "2021-05-23 12:40": 10.5,
    "2021-05-23 12:50": 9,
    "2021-05-23 13:00": 11.1,
    "2021-05-23 13:10": 11.1,
    "2021-05-23 13:20": 10.9,
    "2021-05-23 13:30": 13.2,
    "2021-05-23 13:40": 11.8,
    "2021-05-23 13:50": 8.4,
    "2021-05-23 14:00": 8.8,
    "2021-05-23 14:10": 7.6,
    "2021-05-23 14:20": 4.6,
    "2021-05-23 14:30": 3.6,
    "2021-05-23 14:40": 10.9,
    "2021-05-23 14:50": 15.3,
    "2021-05-23 15:00": 18.9,
    "2021-05-23 15:10": 17.6,
    "2021-05-23 15:20": 17.2,
    "2021-05-23 15:30": 18.3,
    "2021-05-23 15:40": 23.1,
    "2021-05-23 15:50": 23.5,
    "2021-05-23 16:00": 25,
    "2021-05-23 16:10": 29,
    "2021-05-23 16:20": 25.6,
    "2021-05-23 16:30": 22.7,
    "2021-05-23 16:40": 18.7,
    "2021-05-23 16:50": 19.3,
    "2021-05-23 17:00": 19.7,
    "2021-05-23 17:10": 15.5,
    "2021-05-23 17:20": 18.7,
    "2021-05-23 17:30": 19.5,
    "2021-05-23 17:40": 18.5,
    "2021-05-23 17:50": 15.1,
    "2021-05-23 18:00": 16.4,
    "2021-05-23 18:10": 18.5,
    "2021-05-23 18:20": 17.9,
    "2021-05-23 18:30": 14.3,
    "2021-05-23 18:40": 11.8,
    "2021-05-23 18:50": 10.7,
    "2021-05-23 19:00": 13,
    "2021-05-23 19:10": 15.7,
    "2021-05-23 19:20": 16.6,
    "2021-05-23 19:30": 16.4,
    "2021-05-23 19:40": 14.5,
    "2021-05-23 19:50": 11.3,
    "2021-05-23 20:00": 11.3,
    "2021-05-23 20:10": 10.3,
    "2021-05-23 20:20": 10.1,
    "2021-05-23 20:30": 10.9,
    "2021-05-23 20:40": 13,
    "2021-05-23 20:50": 13.4,
    "2021-05-23 21:00": 10.9,
    "2021-05-23 21:10": 10.1,
    "2021-05-23 21:20": 12.2,
    "2021-05-23 21:30": 6.9,
    "2021-05-23 21:40": 3.1,
    "2021-05-23 21:50": 3.1,
    "2021-05-23 22:00": 2.9,
    "2021-05-23 22:10": 2.9,
    "2021-05-23 22:20": 6.3,
    "2021-05-23 22:30": 5,
    "2021-05-23 22:40": 5,
    "2021-05-23 22:50": 5,
    "2021-05-23 23:00": 6.1
}