{
    "2021-05-22 12:10": 63.6,
    "2021-05-22 12:20": 63,
    "2021-05-22 12:30": 61.2,
    "2021-05-22 12:40": 63.3,
    "2021-05-22 12:50": 63.5,
    "2021-05-22 13:00": 61.4,
    "2021-05-22 13:10": 60.8,
    "2021-05-22 13:20": 61.9,
    "2021-05-22 13:30": 61.6,
    "2021-05-22 13:40": 63.4,
    "2021-05-22 13:50": 63.2,
    "2021-05-22 14:00": 62.8,
    "2021-05-22 14:10": 61.7,
    "2021-05-22 14:20": 61.2,
    "2021-05-22 14:30": 61.4,
    "2021-05-22 14:40": 61.3,
    "2021-05-22 14:50": 62.1,
    "2021-05-22 15:00": 61.7,
    "2021-05-22 15:10": 61.8,
    "2021-05-22 15:20": 61.9,
    "2021-05-22 15:30": 62.2,
    "2021-05-22 15:40": 63,
    "2021-05-22 15:50": 63.1,
    "2021-05-22 16:00": 63.4,
    "2021-05-22 16:10": 64.3,
    "2021-05-22 16:20": 65.1,
    "2021-05-22 16:40": 66,
    "2021-05-22 16:50": 65.9,
    "2021-05-22 17:00": 65.8,
    "2021-05-22 17:10": 66,
    "2021-05-22 17:20": 66.3,
    "2021-05-22 17:30": 66.2,
    "2021-05-22 17:40": 66.5,
    "2021-05-22 17:50": 67.1,
    "2021-05-22 18:00": 67.7,
    "2021-05-22 18:10": 67.8,
    "2021-05-22 18:20": 68.9,
    "2021-05-22 18:40": 70.7,
    "2021-05-22 18:50": 71.5,
    "2021-05-22 19:10": 74.4,
    "2021-05-22 19:20": 74.6,
    "2021-05-22 19:30": 74.8,
    "2021-05-22 19:40": 74.8,
    "2021-05-22 20:00": 74.6,
    "2021-05-22 20:10": 75.4,
    "2021-05-22 20:20": 74.8,
    "2021-05-22 20:30": 74.9,
    "2021-05-22 20:40": 74.8,
    "2021-05-22 20:50": 74.4,
    "2021-05-22 21:00": 74.7,
    "2021-05-22 21:10": 74.1,
    "2021-05-22 21:20": 74.7,
    "2021-05-22 21:30": 74.1,
    "2021-05-22 21:40": 74.1,
    "2021-05-22 21:50": 73.5,
    "2021-05-22 22:00": 73.4,
    "2021-05-22 22:10": 72.7,
    "2021-05-22 22:20": 72.6,
    "2021-05-22 22:30": 72.7,
    "2021-05-22 22:40": 72.3,
    "2021-05-22 22:50": 71.6,
    "2021-05-22 23:00": 71.4,
    "2021-05-22 23:10": 70.6,
    "2021-05-22 23:20": 69.9,
    "2021-05-22 23:30": 69.3,
    "2021-05-22 23:40": 68.6,
    "2021-05-22 23:50": 68.1,
    "2021-05-23 00:00": 67.5,
    "2021-05-23 00:10": 66.4,
    "2021-05-23 00:20": 66.2,
    "2021-05-23 00:30": 65.6,
    "2021-05-23 00:40": 65.5,
    "2021-05-23 00:50": 64.3,
    "2021-05-23 01:00": 64,
    "2021-05-23 01:10": 63,
    "2021-05-23 01:20": 62.7,
    "2021-05-23 01:30": 62.2,
    "2021-05-23 01:40": 61.8,
    "2021-05-23 01:50": 61.3,
    "2021-05-23 02:00": 60.7,
    "2021-05-23 02:10": 60.4,
    "2021-05-23 02:20": 60,
    "2021-05-23 02:30": 59.7,
    "2021-05-23 02:40": 59,
    "2021-05-23 02:50": 58.6,
    "2021-05-23 03:00": 58.4,
    "2021-05-23 03:10": 58.1,
    "2021-05-23 03:20": 57.8,
    "2021-05-23 03:30": 57.1,
    "2021-05-23 03:40": 56.8,
    "2021-05-23 03:50": 56.5,
    "2021-05-23 04:10": 55.9,
    "2021-05-23 04:20": 55.8,
    "2021-05-23 04:30": 55.7,
    "2021-05-23 04:40": 55.9,
    "2021-05-23 04:50": 56.2,
    "2021-05-23 05:00": 55.6,
    "2021-05-23 05:10": 54.1,
    "2021-05-23 05:30": 53.4,
    "2021-05-23 05:40": 53,
    "2021-05-23 05:50": 52.7,
    "2021-05-23 06:00": 52.7,
    "2021-05-23 06:20": 52.8,
    "2021-05-23 06:30": 52.7,
    "2021-05-23 06:40": 52.8,
    "2021-05-23 06:50": 52.4,
    "2021-05-23 07:00": 52.7,
    "2021-05-23 07:10": 53.1,
    "2021-05-23 07:20": 53.5,
    "2021-05-23 07:40": 53.4,
    "2021-05-23 07:50": 53,
    "2021-05-23 08:00": 53.9,
    "2021-05-23 08:10": 54,
    "2021-05-23 08:30": 52.6,
    "2021-05-23 08:40": 53.4,
    "2021-05-23 08:50": 54.5,
    "2021-05-23 09:00": 55,
    "2021-05-23 09:10": 55.1,
    "2021-05-23 09:20": 55.4,
    "2021-05-23 09:30": 54.7,
    "2021-05-23 09:40": 55.7,
    "2021-05-23 09:50": 55.3,
    "2021-05-23 10:00": 55.5,
    "2021-05-23 10:10": 55.6,
    "2021-05-23 10:20": 56.2,
    "2021-05-23 10:40": 55.8,
    "2021-05-23 10:50": 56.7,
    "2021-05-23 11:00": 58.3,
    "2021-05-23 11:10": 58.5,
    "2021-05-23 11:20": 59.2,
    "2021-05-23 11:30": 59.9,
    "2021-05-23 11:50": 60.4,
    "2021-05-23 12:00": 60.9,
    "2021-05-23 12:10": 62,
    "2021-05-23 12:20": 62.9,
    "2021-05-23 12:30": 62.7,
    "2021-05-23 12:40": 63,
    "2021-05-23 12:50": 62.5,
    "2021-05-23 13:00": 62.3,
    "2021-05-23 13:10": 62.1,
    "2021-05-23 13:20": 62.1,
    "2021-05-23 13:30": 61.7,
    "2021-05-23 13:40": 62,
    "2021-05-23 13:50": 61.5,
    "2021-05-23 14:00": 61.2,
    "2021-05-23 14:10": 61.7,
    "2021-05-23 14:20": 61.1,
    "2021-05-23 14:30": 61.7,
    "2021-05-23 14:40": 61.5,
    "2021-05-23 14:50": 62.1,
    "2021-05-23 15:00": 62.1,
    "2021-05-23 15:10": 62.5,
    "2021-05-23 15:20": 63,
    "2021-05-23 15:30": 63.3,
    "2021-05-23 15:40": 63.3,
    "2021-05-23 15:50": 63.3,
    "2021-05-23 16:00": 63.7,
    "2021-05-23 16:10": 63.8,
    "2021-05-23 16:20": 64,
    "2021-05-23 16:30": 64.8,
    "2021-05-23 16:40": 65.4,
    "2021-05-23 16:50": 65.2,
    "2021-05-23 17:00": 64.2,
    "2021-05-23 17:10": 65.1,
    "2021-05-23 17:20": 65.8,
    "2021-05-23 17:30": 65.9,
    "2021-05-23 17:40": 66,
    "2021-05-23 17:50": 67,
    "2021-05-23 18:00": 67.6,
    "2021-05-23 18:10": 68.1,
    "2021-05-23 18:20": 69.3,
    "2021-05-23 18:30": 70.2,
    "2021-05-23 18:40": 71,
    "2021-05-23 18:50": 71.8,
    "2021-05-23 19:00": 74.5,
    "2021-05-23 19:10": 75.2,
    "2021-05-23 19:20": 75.5,
    "2021-05-23 19:30": 75.7,
    "2021-05-23 19:40": 75.7,
    "2021-05-23 19:50": 75.6,
    "2021-05-23 20:00": 75.4,
    "2021-05-23 20:10": 75.6,
    "2021-05-23 20:20": 75.8,
    "2021-05-23 20:30": 75.9,
    "2021-05-23 20:40": 76.3,
    "2021-05-23 20:50": 76,
    "2021-05-23 21:00": 76.1,
    "2021-05-23 21:10": 75.7,
    "2021-05-23 21:20": 75.7,
    "2021-05-23 21:30": 75.7,
    "2021-05-23 21:40": 75.7,
    "2021-05-23 21:50": 75.1,
    "2021-05-23 22:00": 74.5,
    "2021-05-23 22:10": 75,
    "2021-05-23 22:20": 74.2,
    "2021-05-23 22:30": 73.9,
    "2021-05-23 22:40": 73,
    "2021-05-23 22:50": 72.8,
    "2021-05-23 23:00": 72.2
}