{
    "2021-05-22 12:10": 1.3,
    "2021-05-22 12:20": 1.3,
    "2021-05-22 12:30": 1.7,
    "2021-05-22 12:40": 2,
    "2021-05-22 12:50": 2.1,
    "2021-05-22 13:00": 2.5,
    "2021-05-22 13:10": 2.6,
    "2021-05-22 13:20": 2.6,
    "2021-05-22 13:30": 2.4,
    "2021-05-22 13:40": 2.3,
    "2021-05-22 13:50": 2.3,
    "2021-05-22 14:00": 2.3,
    "2021-05-22 14:10": 2.6,
    "2021-05-22 14:20": 2.4,
    "2021-05-22 14:30": 3.3,
    "2021-05-22 14:40": 2.7,
    "2021-05-22 14:50": 2.9,
    "2021-05-22 15:00": 2.1,
    "2021-05-22 15:10": 2.5,
    "2021-05-22 15:20": 2.7,
    "2021-05-22 15:30": 2,
    "2021-05-22 15:40": 1.9,
    "2021-05-22 15:50": 2,
    "2021-05-22 16:00": 1.6,
    "2021-05-22 16:10": 1.3,
    "2021-05-22 16:20": 1.1,
    "2021-05-22 16:40": 0.7,
    "2021-05-22 16:50": 0.6,
    "2021-05-22 17:00": 0.6,
    "2021-05-22 17:10": 0.5,
    "2021-05-22 17:20": 0.4,
    "2021-05-22 17:30": 0.4,
    "2021-05-22 17:40": 0.2,
    "2021-05-22 17:50": 0.1,
    "2021-05-22 18:10": 0.1,
    "2021-05-22 21:00": 0.1,
    "2021-05-22 21:10": 0.3,
    "2021-05-22 21:20": 0.2,
    "2021-05-22 21:30": 0.2,
    "2021-05-22 21:40": 0.1,
    "2021-05-22 21:50": 0.3,
    "2021-05-22 22:00": 0.1,
    "2021-05-22 22:20": 0.2,
    "2021-05-22 22:30": 0.5,
    "2021-05-22 22:40": 0.3,
    "2021-05-22 22:50": 0.4,
    "2021-05-22 23:00": 0.6,
    "2021-05-22 23:10": 0.7,
    "2021-05-22 23:20": 0.6,
    "2021-05-22 23:30": 1.2,
    "2021-05-22 23:40": 1.1,
    "2021-05-22 23:50": 1.2,
    "2021-05-23 00:00": 0.8,
    "2021-05-23 00:10": 0.7,
    "2021-05-23 00:20": 0.7,
    "2021-05-23 00:30": 0.7,
    "2021-05-23 00:40": 0.7,
    "2021-05-23 00:50": 0.4,
    "2021-05-23 01:00": 0.4,
    "2021-05-23 01:10": 0.4,
    "2021-05-23 01:20": 0.2,
    "2021-05-23 01:30": 0.1,
    "2021-05-23 02:10": 0.1,
    "2021-05-23 02:40": 0.1,
    "2021-05-23 03:20": 0.1,
    "2021-05-23 03:30": 0.1,
    "2021-05-23 03:40": 0.1,
    "2021-05-23 06:30": 0.1,
    "2021-05-23 07:00": 0.1,
    "2021-05-23 07:10": 0.1,
    "2021-05-23 07:20": 0.1,
    "2021-05-23 07:50": 0.1,
    "2021-05-23 08:50": 0.1,
    "2021-05-23 09:00": 0.1,
    "2021-05-23 09:20": 0.1,
    "2021-05-23 09:40": 0.2,
    "2021-05-23 09:50": 0.4,
    "2021-05-23 10:00": 0.3,
    "2021-05-23 10:10": 0.6,
    "2021-05-23 10:20": 0.6,
    "2021-05-23 10:40": 0.4,
    "2021-05-23 10:50": 0.5,
    "2021-05-23 11:00": 0.5,
    "2021-05-23 11:10": 0.8,
    "2021-05-23 11:20": 0.8,
    "2021-05-23 11:30": 0.8,
    "2021-05-23 11:50": 0.8,
    "2021-05-23 12:00": 1.1,
    "2021-05-23 12:10": 1.2,
    "2021-05-23 12:20": 1.2,
    "2021-05-23 12:30": 1.1,
    "2021-05-23 12:40": 1.5,
    "2021-05-23 12:50": 1.1,
    "2021-05-23 13:00": 1.5,
    "2021-05-23 13:10": 1.1,
    "2021-05-23 13:20": 1.1,
    "2021-05-23 13:30": 0.9,
    "2021-05-23 13:40": 1.3,
    "2021-05-23 13:50": 0.9,
    "2021-05-23 14:00": 1,
    "2021-05-23 14:10": 1.6,
    "2021-05-23 14:20": 1.2,
    "2021-05-23 14:30": 1.5,
    "2021-05-23 14:40": 1.3,
    "2021-05-23 14:50": 1.1,
    "2021-05-23 15:00": 1,
    "2021-05-23 15:10": 1.2,
    "2021-05-23 15:20": 1,
    "2021-05-23 15:30": 1.7,
    "2021-05-23 15:40": 1.3,
    "2021-05-23 15:50": 0.7,
    "2021-05-23 16:00": 0.7,
    "2021-05-23 16:10": 0.5,
    "2021-05-23 16:20": 0.2,
    "2021-05-23 16:30": 0.2,
    "2021-05-23 16:40": 0.1,
    "2021-05-23 16:50": 0.1,
    "2021-05-23 17:20": 0.1,
    "2021-05-23 17:30": 0.1,
    "2021-05-23 19:30": 0.1,
    "2021-05-23 19:40": 0.1,
    "2021-05-23 19:50": 0.1,
    "2021-05-23 20:00": 0.2,
    "2021-05-23 20:30": 0.2,
    "2021-05-23 20:40": 0.1,
    "2021-05-23 20:50": 0.2,
    "2021-05-23 21:00": 0.2,
    "2021-05-23 21:10": 0.2,
    "2021-05-23 21:20": 0.3,
    "2021-05-23 21:30": 0.2,
    "2021-05-23 21:40": 0.2,
    "2021-05-23 21:50": 0.2,
    "2021-05-23 22:00": 0.3,
    "2021-05-23 22:10": 0.4,
    "2021-05-23 22:20": 0.9,
    "2021-05-23 22:30": 0.9,
    "2021-05-23 22:40": 1,
    "2021-05-23 22:50": 1.4,
    "2021-05-23 23:00": 1.9
}