{
    "2021-05-22 23:00": 17.2,
    "2021-05-22 23:10": 25,
    "2021-05-22 23:20": 25.1,
    "2021-05-22 23:30": 24.8,
    "2021-05-22 23:40": 25.1,
    "2021-05-22 23:50": 25,
    "2021-05-23 00:00": 25.2,
    "2021-05-23 00:10": 25,
    "2021-05-23 00:20": 24.8,
    "2021-05-23 00:30": 25.5,
    "2021-05-23 00:40": 24.8,
    "2021-05-23 00:50": 25,
    "2021-05-23 01:00": 25.1,
    "2021-05-23 01:10": 25.4,
    "2021-05-23 01:20": 24.8,
    "2021-05-23 01:30": 25.1,
    "2021-05-23 01:40": 24.9,
    "2021-05-23 01:50": 25.2,
    "2021-05-23 02:00": 24.8,
    "2021-05-23 02:10": 25,
    "2021-05-23 02:20": 25.2,
    "2021-05-23 02:30": 25.2,
    "2021-05-23 02:40": 25.2,
    "2021-05-23 02:50": 25,
    "2021-05-23 03:00": 24.9,
    "2021-05-23 03:10": 25.3,
    "2021-05-23 03:20": 24.8,
    "2021-05-23 03:30": 25.4,
    "2021-05-23 03:40": 25.2,
    "2021-05-23 03:50": 25.3,
    "2021-05-23 04:10": 25.5,
    "2021-05-23 04:20": 25,
    "2021-05-23 04:30": 25.2,
    "2021-05-23 04:40": 25.2,
    "2021-05-23 04:50": 25.2,
    "2021-05-23 05:00": 25,
    "2021-05-23 05:10": 25.2,
    "2021-05-23 05:30": 25.1,
    "2021-05-23 05:40": 25.1,
    "2021-05-23 05:50": 25.2,
    "2021-05-23 06:00": 24.8,
    "2021-05-23 06:20": 2,
    "2021-05-23 22:50": 20.8,
    "2021-05-23 23:00": 21
}