{
    "2021-05-28 23:10": 12.1,
    "2021-05-28 23:20": 12.1,
    "2021-05-28 23:30": 12.1,
    "2021-05-28 23:40": 12.1,
    "2021-05-28 23:50": 12.1,
    "2021-05-29 00:00": 12.1,
    "2021-05-29 00:10": 12,
    "2021-05-29 00:20": 12.1,
    "2021-05-29 00:30": 12,
    "2021-05-29 07:40": 25.8,
    "2021-05-29 07:50": 32,
    "2021-05-29 08:00": 33.5,
    "2021-05-29 08:10": 34.5,
    "2021-05-29 08:20": 33.6,
    "2021-05-29 08:30": 25.8,
    "2021-05-29 08:40": 11.4,
    "2021-05-29 08:50": 10.3,
    "2021-05-29 09:00": 10,
    "2021-05-29 09:10": 9.8,
    "2021-05-29 13:20": 9.1,
    "2021-05-29 13:30": 25.8,
    "2021-05-29 13:40": 29.7,
    "2021-05-29 13:50": 29.4,
    "2021-05-29 14:00": 22.7,
    "2021-05-29 14:10": 12.2,
    "2021-05-29 14:20": 12,
    "2021-05-29 14:30": 11.7,
    "2021-05-29 20:40": 12,
    "2021-05-29 20:50": 13.1,
    "2021-05-29 21:00": 12,
    "2021-05-30 00:10": 12.1,
    "2021-05-30 00:20": 12,
    "2021-05-30 00:30": 9,
    "2021-05-30 07:40": 29.6,
    "2021-05-30 07:50": 32.9,
    "2021-05-30 08:00": 33.9,
    "2021-05-30 08:10": 34.8,
    "2021-05-30 08:20": 31.4,
    "2021-05-30 08:30": 12.3,
    "2021-05-30 08:40": 12.3,
    "2021-05-30 08:50": 12.2,
    "2021-05-30 13:20": 20.2,
    "2021-05-30 13:30": 25.6,
    "2021-05-30 13:40": 31,
    "2021-05-30 13:50": 31,
    "2021-05-30 14:00": 29.2,
    "2021-05-30 14:10": 20.5,
    "2021-05-30 14:20": 12.1,
    "2021-05-30 14:30": 11.9,
    "2021-05-30 14:40": 4.7,
    "2021-05-30 18:10": 30.6,
    "2021-05-30 18:20": 36.1,
    "2021-05-30 18:30": 37.3,
    "2021-05-30 18:40": 37.8,
    "2021-05-30 18:50": 37.4,
    "2021-05-30 19:00": 37.5,
    "2021-05-30 19:10": 37.2,
    "2021-05-30 19:20": 37.3,
    "2021-05-30 19:30": 37.3,
    "2021-05-30 19:40": 37.5,
    "2021-05-30 19:50": 37.3,
    "2021-05-30 20:00": 37.4,
    "2021-05-30 20:10": 37.4,
    "2021-05-30 20:20": 37.3,
    "2021-05-30 20:30": 37.3,
    "2021-05-30 20:40": 37.2,
    "2021-05-30 20:50": 37.3,
    "2021-05-30 21:00": 37.4,
    "2021-05-30 21:10": 37.7,
    "2021-05-30 21:20": 37.6,
    "2021-05-30 21:30": 37.5,
    "2021-05-30 21:40": 37.6,
    "2021-05-30 21:50": 38.1,
    "2021-05-30 22:00": 37.8,
    "2021-05-30 22:10": 37.7,
    "2021-05-30 22:20": 37.7,
    "2021-05-30 22:30": 37.7
}