{
    "2021-05-22 15:00": 6.9,
    "2021-05-22 15:10": 30.3,
    "2021-05-22 15:20": 30.4,
    "2021-05-22 15:30": 71.2,
    "2021-05-22 15:40": 71,
    "2021-05-22 15:50": 70.8,
    "2021-05-22 16:00": 70.8,
    "2021-05-22 16:10": 70.5,
    "2021-05-22 16:20": 70.7,
    "2021-05-22 16:40": 71.2,
    "2021-05-22 16:50": 71.1,
    "2021-05-22 17:00": 70.8,
    "2021-05-22 17:10": 70.8,
    "2021-05-22 17:20": 71,
    "2021-05-22 17:30": 71,
    "2021-05-22 17:40": 70.8,
    "2021-05-22 17:50": 71,
    "2021-05-22 18:00": 70.6,
    "2021-05-22 18:10": 70.7,
    "2021-05-22 18:20": 70.9,
    "2021-05-22 18:40": 70.8,
    "2021-05-22 18:50": 70.8,
    "2021-05-22 19:10": 70.6,
    "2021-05-22 19:20": 70.8,
    "2021-05-22 19:30": 71.2,
    "2021-05-22 19:40": 70.3,
    "2021-05-22 20:00": 70.8,
    "2021-05-22 20:10": 71,
    "2021-05-22 20:20": 71.4,
    "2021-05-22 20:30": 70.8,
    "2021-05-22 20:40": 70.8,
    "2021-05-22 20:50": 70.7,
    "2021-05-22 21:00": 70.3,
    "2021-05-22 21:10": 70.8,
    "2021-05-22 21:20": 70.4,
    "2021-05-22 21:30": 70.3,
    "2021-05-22 21:40": 70.7,
    "2021-05-22 21:50": 70.7,
    "2021-05-22 22:00": 70.6,
    "2021-05-22 22:10": 70.1,
    "2021-05-22 22:20": 70.5,
    "2021-05-22 22:30": 70.5,
    "2021-05-22 22:40": 70.7,
    "2021-05-22 22:50": 70.7,
    "2021-05-22 23:00": 69.9,
    "2021-05-22 23:10": 70.5,
    "2021-05-22 23:20": 70.3,
    "2021-05-23 15:00": 27.3,
    "2021-05-23 15:10": 30.3,
    "2021-05-23 15:20": 29.8,
    "2021-05-23 15:30": 71.2,
    "2021-05-23 15:40": 71.1,
    "2021-05-23 15:50": 70.8,
    "2021-05-23 16:00": 70.8,
    "2021-05-23 16:10": 70.5,
    "2021-05-23 16:20": 71,
    "2021-05-23 16:30": 70.1,
    "2021-05-23 16:40": 70.3,
    "2021-05-23 16:50": 71.1,
    "2021-05-23 17:00": 71.9,
    "2021-05-23 17:10": 70.5,
    "2021-05-23 17:20": 71.4,
    "2021-05-23 17:30": 71,
    "2021-05-23 17:40": 71.3,
    "2021-05-23 17:50": 71.1,
    "2021-05-23 18:00": 70.5,
    "2021-05-23 18:10": 70.8,
    "2021-05-23 18:20": 70.9,
    "2021-05-23 18:30": 70.5,
    "2021-05-23 18:40": 70.5,
    "2021-05-23 18:50": 70.7,
    "2021-05-23 19:00": 71.1,
    "2021-05-23 19:10": 71.3,
    "2021-05-23 19:20": 71.4,
    "2021-05-23 19:30": 70.7,
    "2021-05-23 19:40": 71.2,
    "2021-05-23 19:50": 71.4,
    "2021-05-23 20:00": 70.5,
    "2021-05-23 20:10": 70.8,
    "2021-05-23 20:20": 70.9,
    "2021-05-23 20:30": 70.9,
    "2021-05-23 20:40": 70.9,
    "2021-05-23 20:50": 70.9,
    "2021-05-23 21:00": 71.1,
    "2021-05-23 21:10": 71.6,
    "2021-05-23 21:20": 71.2,
    "2021-05-23 21:30": 70.9,
    "2021-05-23 21:40": 70.8,
    "2021-05-23 21:50": 70.9,
    "2021-05-23 22:00": 70.3,
    "2021-05-23 22:10": 71,
    "2021-05-23 22:20": 70.5,
    "2021-05-23 23:00": 0
}