{
    "2021-05-22 12:10": 517.5,
    "2021-05-22 12:20": 519.1,
    "2021-05-22 12:30": 517.5,
    "2021-05-22 12:40": 518.3,
    "2021-05-22 12:50": 522.1,
    "2021-05-22 13:00": 519.1,
    "2021-05-22 13:10": 521.4,
    "2021-05-22 13:20": 518.3,
    "2021-05-22 13:30": 519.8,
    "2021-05-22 13:40": 522.9,
    "2021-05-22 13:50": 525.2,
    "2021-05-22 14:00": 518.3,
    "2021-05-22 14:10": 508.3,
    "2021-05-22 14:20": 518.3,
    "2021-05-22 14:30": 523.7,
    "2021-05-22 14:40": 519.8,
    "2021-05-22 14:50": 517.5,
    "2021-05-22 15:00": 520.6,
    "2021-05-22 15:10": 518.3,
    "2021-05-22 15:20": 516.8,
    "2021-05-22 15:30": 521.4,
    "2021-05-22 15:40": 523.7,
    "2021-05-22 15:50": 524.4,
    "2021-05-22 16:00": 522.1,
    "2021-05-22 16:10": 517.5,
    "2021-05-22 16:20": 519.8,
    "2021-05-22 16:40": 520.6,
    "2021-05-22 16:50": 522.9,
    "2021-05-22 17:00": 519.8,
    "2021-05-22 17:10": 519.1,
    "2021-05-22 17:20": 512.1,
    "2021-05-22 17:30": 514.4,
    "2021-05-22 17:40": 519.1,
    "2021-05-22 17:50": 516.8,
    "2021-05-22 18:00": 521.4,
    "2021-05-22 18:10": 520.6,
    "2021-05-22 18:20": 519.8,
    "2021-05-22 18:40": 516.8,
    "2021-05-22 18:50": 518.3,
    "2021-05-22 19:10": 520.6,
    "2021-05-22 19:20": 519.8,
    "2021-05-22 19:30": 518.3,
    "2021-05-22 19:40": 520.6,
    "2021-05-22 20:00": 522.9,
    "2021-05-22 20:10": 522.1,
    "2021-05-22 20:20": 519.1,
    "2021-05-22 20:30": 516.8,
    "2021-05-22 20:40": 514.4,
    "2021-05-22 20:50": 522.1,
    "2021-05-22 21:00": 517.5,
    "2021-05-22 21:10": 522.9,
    "2021-05-22 21:20": 521.4,
    "2021-05-22 21:30": 519.8,
    "2021-05-22 21:40": 522.1,
    "2021-05-22 21:50": 522.9,
    "2021-05-22 22:00": 519.8,
    "2021-05-22 22:10": 518.3,
    "2021-05-22 22:20": 515.2,
    "2021-05-22 22:30": 519.8,
    "2021-05-22 22:40": 525.2,
    "2021-05-22 22:50": 519.1,
    "2021-05-22 23:00": 519.1,
    "2021-05-22 23:10": 517.5,
    "2021-05-22 23:20": 519.1,
    "2021-05-22 23:30": 517.5,
    "2021-05-22 23:40": 522.9,
    "2021-05-22 23:50": 516.8,
    "2021-05-23 00:00": 521.4,
    "2021-05-23 00:10": 517.5,
    "2021-05-23 00:20": 516,
    "2021-05-23 00:30": 526,
    "2021-05-23 00:40": 520.6,
    "2021-05-23 00:50": 516.8,
    "2021-05-23 01:00": 520.6,
    "2021-05-23 01:10": 516.8,
    "2021-05-23 01:20": 522.1,
    "2021-05-23 01:30": 520.6,
    "2021-05-23 01:40": 523.7,
    "2021-05-23 01:50": 524.4,
    "2021-05-23 02:00": 512.9,
    "2021-05-23 02:10": 520.6,
    "2021-05-23 02:20": 519.8,
    "2021-05-23 02:30": 518.3,
    "2021-05-23 02:40": 519.8,
    "2021-05-23 02:50": 518.3,
    "2021-05-23 03:00": 513.7,
    "2021-05-23 03:10": 510.6,
    "2021-05-23 03:20": 512.1,
    "2021-05-23 03:30": 519.1,
    "2021-05-23 03:40": 522.1,
    "2021-05-23 03:50": 519.1,
    "2021-05-23 04:10": 516,
    "2021-05-23 04:20": 516.8,
    "2021-05-23 04:30": 520.6,
    "2021-05-23 04:40": 520.6,
    "2021-05-23 04:50": 519.8,
    "2021-05-23 05:00": 516.8,
    "2021-05-23 05:10": 517.5,
    "2021-05-23 05:30": 524.4,
    "2021-05-23 05:40": 527.5,
    "2021-05-23 05:50": 522.1,
    "2021-05-23 06:00": 519.8,
    "2021-05-23 06:20": 526,
    "2021-05-23 06:30": 522.1,
    "2021-05-23 06:40": 514.4,
    "2021-05-23 06:50": 522.1,
    "2021-05-23 07:00": 519.1,
    "2021-05-23 07:10": 517.5,
    "2021-05-23 07:20": 523.7,
    "2021-05-23 07:40": 521.4,
    "2021-05-23 07:50": 512.9,
    "2021-05-23 08:00": 514.4,
    "2021-05-23 08:10": 512.1,
    "2021-05-23 08:30": 525.2,
    "2021-05-23 08:40": 522.1,
    "2021-05-23 08:50": 518.3,
    "2021-05-23 09:00": 507.5,
    "2021-05-23 09:10": 484.4,
    "2021-05-23 09:20": 472.9,
    "2021-05-23 09:30": 459.8,
    "2021-05-23 09:40": 474.4,
    "2021-05-23 09:50": 469.8,
    "2021-05-23 10:00": 469.8,
    "2021-05-23 10:10": 473.6,
    "2021-05-23 10:20": 467.5,
    "2021-05-23 10:40": 499,
    "2021-05-23 10:50": 523.7,
    "2021-05-23 11:00": 516,
    "2021-05-23 11:10": 517.5,
    "2021-05-23 11:20": 522.9,
    "2021-05-23 11:30": 519.1,
    "2021-05-23 11:50": 519.1,
    "2021-05-23 12:00": 518.3,
    "2021-05-23 12:10": 523.7,
    "2021-05-23 12:20": 514.4,
    "2021-05-23 12:30": 516.8,
    "2021-05-23 12:40": 520.6,
    "2021-05-23 12:50": 516,
    "2021-05-23 13:00": 520.6,
    "2021-05-23 13:10": 519.1,
    "2021-05-23 13:20": 524.4,
    "2021-05-23 13:30": 516.8,
    "2021-05-23 13:40": 522.1,
    "2021-05-23 13:50": 518.3,
    "2021-05-23 14:00": 521.4,
    "2021-05-23 14:10": 522.1,
    "2021-05-23 14:20": 521.4,
    "2021-05-23 14:30": 517.5,
    "2021-05-23 14:40": 520.6,
    "2021-05-23 14:50": 519.1,
    "2021-05-23 15:00": 521.4,
    "2021-05-23 15:10": 515.2,
    "2021-05-23 15:20": 519.8,
    "2021-05-23 15:30": 519.8,
    "2021-05-23 15:40": 526.8,
    "2021-05-23 15:50": 518.3,
    "2021-05-23 16:00": 514.4,
    "2021-05-23 16:10": 521.4,
    "2021-05-23 16:20": 522.9,
    "2021-05-23 16:30": 518.3,
    "2021-05-23 16:40": 519.8,
    "2021-05-23 16:50": 519.1,
    "2021-05-23 17:00": 516.8,
    "2021-05-23 17:10": 521.4,
    "2021-05-23 17:20": 519.1,
    "2021-05-23 17:30": 519.1,
    "2021-05-23 17:40": 521.4,
    "2021-05-23 17:50": 518.3,
    "2021-05-23 18:00": 519.1,
    "2021-05-23 18:10": 519.8,
    "2021-05-23 18:20": 519.1,
    "2021-05-23 18:30": 518.3,
    "2021-05-23 18:40": 523.7,
    "2021-05-23 18:50": 523.7,
    "2021-05-23 19:00": 518.3,
    "2021-05-23 19:10": 519.1,
    "2021-05-23 19:20": 522.1,
    "2021-05-23 19:30": 518.3,
    "2021-05-23 19:40": 516.8,
    "2021-05-23 19:50": 522.1,
    "2021-05-23 20:00": 519.1,
    "2021-05-23 20:10": 521.4,
    "2021-05-23 20:20": 527.5,
    "2021-05-23 20:30": 518.3,
    "2021-05-23 20:40": 517.5,
    "2021-05-23 20:50": 518.3,
    "2021-05-23 21:00": 526,
    "2021-05-23 21:10": 527.5,
    "2021-05-23 21:20": 517.5,
    "2021-05-23 21:30": 517.5,
    "2021-05-23 21:40": 519.8,
    "2021-05-23 21:50": 511.4,
    "2021-05-23 22:00": 513.7,
    "2021-05-23 22:10": 514.4,
    "2021-05-23 22:20": 521.4,
    "2021-05-23 22:30": 517.5,
    "2021-05-23 22:40": 519.1,
    "2021-05-23 22:50": 523.7,
    "2021-05-23 23:00": 521.4
}