{
    "2021-05-28 23:10": 472.7,
    "2021-05-28 23:20": 476.5,
    "2021-05-28 23:30": 475.2,
    "2021-05-28 23:40": 477.8,
    "2021-05-28 23:50": 478.4,
    "2021-05-29 00:00": 475.9,
    "2021-05-29 00:10": 475.9,
    "2021-05-29 00:20": 476.5,
    "2021-05-29 00:30": 474,
    "2021-05-29 01:20": 474.6,
    "2021-05-29 01:30": 472.1,
    "2021-05-29 01:40": 472.1,
    "2021-05-29 01:50": 473.3,
    "2021-05-29 02:00": 476.5,
    "2021-05-29 02:10": 474.6,
    "2021-05-29 02:20": 475.2,
    "2021-05-29 02:30": 470.8,
    "2021-05-29 02:40": 475.9,
    "2021-05-29 02:50": 474,
    "2021-05-29 03:00": 472.7,
    "2021-05-29 03:10": 474,
    "2021-05-29 03:20": 473.3,
    "2021-05-29 03:30": 474.6,
    "2021-05-29 03:40": 473.3,
    "2021-05-29 03:50": 471.4,
    "2021-05-29 04:00": 473.3,
    "2021-05-29 04:10": 472.1,
    "2021-05-29 04:20": 469.5,
    "2021-05-29 04:30": 477.8,
    "2021-05-29 04:40": 472.7,
    "2021-05-29 04:50": 473.3,
    "2021-05-29 05:00": 470.8,
    "2021-05-29 05:10": 470.2,
    "2021-05-29 05:20": 472.7,
    "2021-05-29 05:30": 467.6,
    "2021-05-29 05:40": 467,
    "2021-05-29 05:50": 469.5,
    "2021-05-29 06:00": 465.7,
    "2021-05-29 06:10": 470.2,
    "2021-05-29 06:20": 472.1,
    "2021-05-29 06:30": 469.5,
    "2021-05-29 06:40": 472.1,
    "2021-05-29 06:50": 470.8,
    "2021-05-29 07:00": 472.1,
    "2021-05-29 07:10": 468.3,
    "2021-05-29 07:20": 434.1,
    "2021-05-29 07:30": 404.9,
    "2021-05-29 07:40": 382.1,
    "2021-05-29 07:50": 351.1,
    "2021-05-29 08:00": 297.3,
    "2021-05-29 08:10": 286.5,
    "2021-05-29 08:20": 244.8,
    "2021-05-29 08:30": 242.2,
    "2021-05-29 08:40": 249.2,
    "2021-05-29 08:50": 235.3,
    "2021-05-29 09:00": 242.9,
    "2021-05-29 09:10": 243.5,
    "2021-05-29 09:20": 239.1,
    "2021-05-29 09:30": 235.3,
    "2021-05-29 09:40": 232.7,
    "2021-05-29 09:50": 236.5,
    "2021-05-29 10:00": 224.5,
    "2021-05-29 10:10": 259.9,
    "2021-05-29 10:20": 247.3,
    "2021-05-29 10:30": 250.5,
    "2021-05-29 10:40": 235.3,
    "2021-05-29 10:50": 242.2,
    "2021-05-29 11:00": 241,
    "2021-05-29 11:10": 245.4,
    "2021-05-29 11:20": 256.1,
    "2021-05-29 11:30": 255.5,
    "2021-05-29 11:40": 249.8,
    "2021-05-29 11:50": 253,
    "2021-05-29 12:00": 241.6,
    "2021-05-29 12:10": 245.4,
    "2021-05-29 12:20": 230.2,
    "2021-05-29 12:30": 222,
    "2021-05-29 12:40": 230.2,
    "2021-05-29 12:50": 249.2,
    "2021-05-29 13:00": 271.3,
    "2021-05-29 13:10": 281.5,
    "2021-05-29 13:20": 285.3,
    "2021-05-29 13:30": 286.5,
    "2021-05-29 13:40": 289.1,
    "2021-05-29 13:50": 284,
    "2021-05-29 14:00": 297.3,
    "2021-05-29 14:10": 293.5,
    "2021-05-29 14:20": 298.6,
    "2021-05-29 14:30": 281.5,
    "2021-05-29 14:40": 286.5,
    "2021-05-29 14:50": 292.9,
    "2021-05-29 15:00": 288.4,
    "2021-05-29 15:10": 285.9,
    "2021-05-29 15:20": 277,
    "2021-05-29 15:30": 289.7,
    "2021-05-29 15:40": 290.3,
    "2021-05-29 15:50": 297.9,
    "2021-05-29 16:00": 306.8,
    "2021-05-29 16:10": 341.6,
    "2021-05-29 16:20": 327.7,
    "2021-05-29 16:30": 334,
    "2021-05-29 16:40": 356.2,
    "2021-05-29 16:50": 394.2,
    "2021-05-29 17:00": 413.2,
    "2021-05-29 17:10": 455,
    "2021-05-29 17:20": 470.2,
    "2021-05-29 17:30": 473.3,
    "2021-05-29 17:40": 472.7,
    "2021-05-29 17:50": 481.5,
    "2021-05-29 18:00": 482.2,
    "2021-05-29 18:10": 477.1,
    "2021-05-29 18:20": 479.6,
    "2021-05-29 18:30": 477.1,
    "2021-05-29 18:40": 474.6,
    "2021-05-29 18:50": 485.3,
    "2021-05-29 19:00": 477.8,
    "2021-05-29 19:10": 482.2,
    "2021-05-29 19:20": 477.8,
    "2021-05-29 19:30": 474.6,
    "2021-05-29 19:40": 477.1,
    "2021-05-29 19:50": 478.4,
    "2021-05-29 20:00": 486.6,
    "2021-05-29 20:10": 487.2,
    "2021-05-29 20:20": 482.8,
    "2021-05-29 20:30": 482.8,
    "2021-05-29 20:40": 485.3,
    "2021-05-29 20:50": 472.7,
    "2021-05-29 21:00": 476.5,
    "2021-05-30 00:10": 481.5,
    "2021-05-30 00:20": 478.4,
    "2021-05-30 00:30": 475.9,
    "2021-05-30 00:40": 478.4,
    "2021-05-30 00:50": 476.5,
    "2021-05-30 01:00": 474,
    "2021-05-30 01:10": 479.6,
    "2021-05-30 01:20": 479.6,
    "2021-05-30 01:30": 480.9,
    "2021-05-30 01:40": 480.3,
    "2021-05-30 01:50": 472.7,
    "2021-05-30 02:00": 476.5,
    "2021-05-30 02:10": 481.5,
    "2021-05-30 02:20": 474.6,
    "2021-05-30 02:30": 479,
    "2021-05-30 02:40": 473.3,
    "2021-05-30 02:50": 474.6,
    "2021-05-30 03:00": 476.5,
    "2021-05-30 03:10": 478.4,
    "2021-05-30 03:20": 479.6,
    "2021-05-30 03:30": 478.4,
    "2021-05-30 03:40": 474.6,
    "2021-05-30 03:50": 475.2,
    "2021-05-30 04:00": 475.2,
    "2021-05-30 04:10": 474.6,
    "2021-05-30 04:20": 478.4,
    "2021-05-30 04:30": 475.2,
    "2021-05-30 04:40": 480.3,
    "2021-05-30 04:50": 475.9,
    "2021-05-30 05:00": 475.9,
    "2021-05-30 05:10": 476.5,
    "2021-05-30 05:20": 478.4,
    "2021-05-30 05:30": 473.3,
    "2021-05-30 05:40": 475.2,
    "2021-05-30 05:50": 480.3,
    "2021-05-30 06:00": 475.9,
    "2021-05-30 06:10": 477.1,
    "2021-05-30 06:20": 479,
    "2021-05-30 06:30": 476.5,
    "2021-05-30 06:40": 477.1,
    "2021-05-30 06:50": 477.1,
    "2021-05-30 07:00": 480.9,
    "2021-05-30 07:10": 475.9,
    "2021-05-30 07:20": 481.5,
    "2021-05-30 07:30": 479.6,
    "2021-05-30 07:40": 477.8,
    "2021-05-30 07:50": 479,
    "2021-05-30 08:00": 483.4,
    "2021-05-30 08:10": 477.1,
    "2021-05-30 08:20": 477.8,
    "2021-05-30 08:30": 480.9,
    "2021-05-30 08:40": 480.3,
    "2021-05-30 08:50": 474,
    "2021-05-30 09:00": 479.6,
    "2021-05-30 09:10": 476.5,
    "2021-05-30 09:20": 479.6,
    "2021-05-30 09:30": 481.5,
    "2021-05-30 09:40": 477.1,
    "2021-05-30 09:50": 487.2,
    "2021-05-30 10:00": 479.6,
    "2021-05-30 10:10": 484.1,
    "2021-05-30 10:20": 479.6,
    "2021-05-30 10:30": 479.6,
    "2021-05-30 10:40": 479,
    "2021-05-30 10:50": 475.2,
    "2021-05-30 11:00": 483.4,
    "2021-05-30 11:10": 479.6,
    "2021-05-30 11:20": 483.4,
    "2021-05-30 11:30": 476.5,
    "2021-05-30 11:40": 476.5,
    "2021-05-30 11:50": 477.1,
    "2021-05-30 12:00": 485.3,
    "2021-05-30 12:10": 475.9,
    "2021-05-30 12:20": 478.4,
    "2021-05-30 12:30": 475.9,
    "2021-05-30 12:40": 475.9,
    "2021-05-30 12:50": 476.5,
    "2021-05-30 13:00": 480.3,
    "2021-05-30 13:10": 476.5,
    "2021-05-30 13:20": 476.5,
    "2021-05-30 13:30": 475.9,
    "2021-05-30 13:40": 477.1,
    "2021-05-30 13:50": 479.6,
    "2021-05-30 14:00": 479,
    "2021-05-30 14:10": 475.9,
    "2021-05-30 14:20": 476.5,
    "2021-05-30 14:30": 475.9,
    "2021-05-30 14:40": 475.9,
    "2021-05-30 14:50": 475.9,
    "2021-05-30 15:00": 468.9,
    "2021-05-30 15:10": 475.2,
    "2021-05-30 15:20": 477.8,
    "2021-05-30 15:30": 474.6,
    "2021-05-30 15:40": 475.9,
    "2021-05-30 15:50": 478.4,
    "2021-05-30 16:00": 477.1,
    "2021-05-30 16:10": 476.5,
    "2021-05-30 16:20": 477.1,
    "2021-05-30 16:30": 474,
    "2021-05-30 16:40": 479,
    "2021-05-30 17:20": 475.9,
    "2021-05-30 17:30": 474.6,
    "2021-05-30 17:50": 483.4,
    "2021-05-30 18:00": 478.4,
    "2021-05-30 18:10": 477.8,
    "2021-05-30 18:20": 482.2,
    "2021-05-30 18:30": 479,
    "2021-05-30 18:40": 475.2,
    "2021-05-30 18:50": 478.4,
    "2021-05-30 19:00": 479,
    "2021-05-30 19:10": 480.3,
    "2021-05-30 19:20": 478.4,
    "2021-05-30 19:30": 477.8,
    "2021-05-30 19:40": 480.9,
    "2021-05-30 19:50": 477.1,
    "2021-05-30 20:00": 480.9,
    "2021-05-30 20:10": 478.4,
    "2021-05-30 20:20": 477.8,
    "2021-05-30 20:30": 481.5,
    "2021-05-30 20:40": 482.2,
    "2021-05-30 20:50": 473.3,
    "2021-05-30 21:00": 477.1,
    "2021-05-30 21:10": 474,
    "2021-05-30 21:20": 479.6,
    "2021-05-30 21:30": 477.8,
    "2021-05-30 21:40": 470.2,
    "2021-05-30 21:50": 470.8,
    "2021-05-30 22:00": 469.5,
    "2021-05-30 22:10": 474,
    "2021-05-30 22:20": 474.6,
    "2021-05-30 22:30": 474
}