{
    "2021-05-22 12:10": 373.3,
    "2021-05-22 12:20": 374,
    "2021-05-22 12:30": 380,
    "2021-05-22 12:40": 376.8,
    "2021-05-22 12:50": 356,
    "2021-05-22 13:00": 379.2,
    "2021-05-22 13:10": 377.4,
    "2021-05-22 13:20": 378.9,
    "2021-05-22 13:30": 374.9,
    "2021-05-22 13:40": 378.3,
    "2021-05-22 13:50": 348.4,
    "2021-05-22 14:00": 335.7,
    "2021-05-22 14:10": 320.4,
    "2021-05-22 14:20": 343.5,
    "2021-05-22 14:30": 331.4,
    "2021-05-22 14:40": 336.7,
    "2021-05-22 14:50": 320.3,
    "2021-05-22 15:00": 328.2,
    "2021-05-22 15:10": 325.6,
    "2021-05-22 15:20": 328,
    "2021-05-22 15:30": 332.3,
    "2021-05-22 15:40": 333.8,
    "2021-05-22 15:50": 329.5,
    "2021-05-22 16:00": 338.4,
    "2021-05-22 16:10": 358.4,
    "2021-05-22 16:20": 328.1,
    "2021-05-22 16:40": 327.8,
    "2021-05-22 16:50": 323.5,
    "2021-05-22 17:00": 320.6,
    "2021-05-22 17:10": 354.7,
    "2021-05-22 17:20": 382.5,
    "2021-05-22 17:30": 380,
    "2021-05-22 17:40": 361.7,
    "2021-05-22 17:50": 360.9,
    "2021-05-22 18:00": 377.9,
    "2021-05-22 18:10": 365.2,
    "2021-05-22 18:20": 371.8,
    "2021-05-22 18:40": 371.3,
    "2021-05-22 18:50": 357.6,
    "2021-05-22 19:10": 389.5,
    "2021-05-22 19:20": 391.5,
    "2021-05-22 19:30": 391.6,
    "2021-05-22 19:40": 391,
    "2021-05-22 20:00": 391.2,
    "2021-05-22 20:10": 391.6,
    "2021-05-22 20:20": 391.6,
    "2021-05-22 20:30": 391.6,
    "2021-05-22 20:40": 391.8,
    "2021-05-22 20:50": 390.7,
    "2021-05-22 21:00": 392.7,
    "2021-05-22 21:10": 390.7,
    "2021-05-22 21:20": 393.4,
    "2021-05-22 21:30": 391.4,
    "2021-05-22 21:40": 391.2,
    "2021-05-22 21:50": 391.3,
    "2021-05-22 22:00": 392.2,
    "2021-05-22 22:10": 392.9,
    "2021-05-22 22:20": 391.7,
    "2021-05-22 22:30": 392.1,
    "2021-05-22 22:40": 391.3,
    "2021-05-22 22:50": 393,
    "2021-05-22 23:00": 392.5,
    "2021-05-22 23:10": 392.1,
    "2021-05-22 23:20": 393,
    "2021-05-22 23:30": 392.3,
    "2021-05-22 23:40": 393,
    "2021-05-22 23:50": 392.2,
    "2021-05-23 00:00": 391.2,
    "2021-05-23 00:10": 390.9,
    "2021-05-23 00:20": 391.6,
    "2021-05-23 00:30": 392.7,
    "2021-05-23 00:40": 393.2,
    "2021-05-23 00:50": 393,
    "2021-05-23 01:00": 392.8,
    "2021-05-23 01:10": 390.6,
    "2021-05-23 01:20": 391.6,
    "2021-05-23 01:30": 392.8,
    "2021-05-23 01:40": 392.3,
    "2021-05-23 01:50": 391.8,
    "2021-05-23 02:00": 391.8,
    "2021-05-23 02:10": 391.4,
    "2021-05-23 02:20": 392.8,
    "2021-05-23 02:30": 393.9,
    "2021-05-23 02:40": 393,
    "2021-05-23 02:50": 392.4,
    "2021-05-23 03:00": 395.2,
    "2021-05-23 03:10": 389.4,
    "2021-05-23 03:20": 392,
    "2021-05-23 03:30": 391.2,
    "2021-05-23 03:40": 391.6,
    "2021-05-23 03:50": 391,
    "2021-05-23 04:10": 388.9,
    "2021-05-23 04:20": 386.6,
    "2021-05-23 04:30": 388.9,
    "2021-05-23 04:40": 390.2,
    "2021-05-23 04:50": 388.4,
    "2021-05-23 05:00": 387.2,
    "2021-05-23 05:10": 384.9,
    "2021-05-23 05:30": 338.6,
    "2021-05-23 05:40": 326.7,
    "2021-05-23 05:50": 327.4,
    "2021-05-23 06:00": 327.3,
    "2021-05-23 06:20": 327.9,
    "2021-05-23 06:30": 329.5,
    "2021-05-23 06:40": 338.7,
    "2021-05-23 06:50": 380.2,
    "2021-05-23 07:00": 362.5,
    "2021-05-23 07:10": 373.2,
    "2021-05-23 07:20": 326.2,
    "2021-05-23 07:40": 371,
    "2021-05-23 07:50": 358,
    "2021-05-23 08:00": 346.8,
    "2021-05-23 08:10": 330.7,
    "2021-05-23 08:30": 346.7,
    "2021-05-23 08:40": 320,
    "2021-05-23 08:50": 362.5,
    "2021-05-23 09:00": 318.5,
    "2021-05-23 09:10": 324.5,
    "2021-05-23 09:20": 331.7,
    "2021-05-23 09:30": 332.8,
    "2021-05-23 09:40": 328.1,
    "2021-05-23 09:50": 326.9,
    "2021-05-23 10:00": 323.9,
    "2021-05-23 10:10": 317.4,
    "2021-05-23 10:20": 368.6,
    "2021-05-23 10:40": 371.7,
    "2021-05-23 10:50": 372.8,
    "2021-05-23 11:00": 326.8,
    "2021-05-23 11:10": 359.8,
    "2021-05-23 11:20": 366.2,
    "2021-05-23 11:30": 381.8,
    "2021-05-23 11:50": 376.4,
    "2021-05-23 12:00": 375,
    "2021-05-23 12:10": 362.4,
    "2021-05-23 12:20": 379.3,
    "2021-05-23 12:30": 336.3,
    "2021-05-23 12:40": 351.9,
    "2021-05-23 12:50": 327.7,
    "2021-05-23 13:00": 368.7,
    "2021-05-23 13:10": 371.4,
    "2021-05-23 13:20": 371.6,
    "2021-05-23 13:30": 378.5,
    "2021-05-23 13:40": 329.4,
    "2021-05-23 13:50": 377.4,
    "2021-05-23 14:00": 351.1,
    "2021-05-23 14:10": 326,
    "2021-05-23 14:20": 327.4,
    "2021-05-23 14:30": 328.8,
    "2021-05-23 14:40": 323.6,
    "2021-05-23 14:50": 329.8,
    "2021-05-23 15:00": 324.3,
    "2021-05-23 15:10": 324.3,
    "2021-05-23 15:20": 338.1,
    "2021-05-23 15:30": 321.2,
    "2021-05-23 15:40": 328.2,
    "2021-05-23 15:50": 326.6,
    "2021-05-23 16:00": 328.1,
    "2021-05-23 16:10": 329.4,
    "2021-05-23 16:20": 330,
    "2021-05-23 16:30": 329.7,
    "2021-05-23 16:40": 328.8,
    "2021-05-23 16:50": 329,
    "2021-05-23 17:00": 328.9,
    "2021-05-23 17:10": 324,
    "2021-05-23 17:20": 371.5,
    "2021-05-23 17:30": 380.8,
    "2021-05-23 17:40": 364,
    "2021-05-23 17:50": 381.9,
    "2021-05-23 18:00": 383.5,
    "2021-05-23 18:10": 380.6,
    "2021-05-23 18:20": 356.8,
    "2021-05-23 18:30": 379.9,
    "2021-05-23 18:40": 373.3,
    "2021-05-23 18:50": 378.8,
    "2021-05-23 19:00": 379,
    "2021-05-23 19:10": 381.9,
    "2021-05-23 19:20": 371.4,
    "2021-05-23 19:30": 348.6,
    "2021-05-23 19:40": 374.4,
    "2021-05-23 19:50": 384.8,
    "2021-05-23 20:00": 384.8,
    "2021-05-23 20:10": 379.6,
    "2021-05-23 20:20": 383.1,
    "2021-05-23 20:30": 381.9,
    "2021-05-23 20:40": 372,
    "2021-05-23 20:50": 384.1,
    "2021-05-23 21:00": 375.7,
    "2021-05-23 21:10": 375.8,
    "2021-05-23 21:20": 380.4,
    "2021-05-23 21:30": 382.5,
    "2021-05-23 21:40": 382.6,
    "2021-05-23 21:50": 369,
    "2021-05-23 22:00": 369.5,
    "2021-05-23 22:10": 376.3,
    "2021-05-23 22:20": 378.5,
    "2021-05-23 22:30": 340.6,
    "2021-05-23 22:40": 357.5,
    "2021-05-23 22:50": 386.7,
    "2021-05-23 23:00": 375.5
}