{
    "2021-05-22 12:10": 475.2,
    "2021-05-22 12:20": 477.1,
    "2021-05-22 12:30": 475.2,
    "2021-05-22 12:40": 474.6,
    "2021-05-22 12:50": 478.4,
    "2021-05-22 13:00": 477.8,
    "2021-05-22 13:10": 477.8,
    "2021-05-22 13:20": 485.3,
    "2021-05-22 13:30": 470.2,
    "2021-05-22 13:40": 475.9,
    "2021-05-22 13:50": 474,
    "2021-05-22 14:00": 479.6,
    "2021-05-22 14:10": 476.5,
    "2021-05-22 14:20": 475.9,
    "2021-05-22 14:30": 472.1,
    "2021-05-22 14:40": 478.4,
    "2021-05-22 14:50": 473.3,
    "2021-05-22 15:00": 473.3,
    "2021-05-22 15:10": 474,
    "2021-05-22 15:20": 472.7,
    "2021-05-22 15:30": 474,
    "2021-05-22 15:40": 470.8,
    "2021-05-22 15:50": 465.7,
    "2021-05-22 16:00": 463.8,
    "2021-05-22 16:10": 464.5,
    "2021-05-22 16:20": 469.5,
    "2021-05-22 16:40": 466.4,
    "2021-05-22 16:50": 468.9,
    "2021-05-22 17:00": 472.7,
    "2021-05-22 17:10": 471.4,
    "2021-05-22 17:20": 473.3,
    "2021-05-22 17:30": 467,
    "2021-05-22 17:40": 468.9,
    "2021-05-22 17:50": 474,
    "2021-05-22 18:00": 476.5,
    "2021-05-22 18:10": 469.5,
    "2021-05-22 18:20": 466.4,
    "2021-05-22 18:40": 467.6,
    "2021-05-22 18:50": 472.7,
    "2021-05-22 19:10": 474,
    "2021-05-22 19:20": 474,
    "2021-05-22 19:30": 463.2,
    "2021-05-22 19:40": 472.7,
    "2021-05-22 20:00": 463.8,
    "2021-05-22 20:10": 467.6,
    "2021-05-22 20:20": 467,
    "2021-05-22 20:30": 472.7,
    "2021-05-22 20:40": 472.1,
    "2021-05-22 20:50": 469.5,
    "2021-05-22 21:00": 472.7,
    "2021-05-22 21:10": 474,
    "2021-05-22 21:20": 471.4,
    "2021-05-22 21:30": 469.5,
    "2021-05-22 21:40": 465.7,
    "2021-05-22 21:50": 468.3,
    "2021-05-22 22:00": 467.6,
    "2021-05-22 22:10": 462.6,
    "2021-05-22 22:20": 461.9,
    "2021-05-22 22:30": 474.6,
    "2021-05-22 22:40": 475.9,
    "2021-05-22 22:50": 475.9,
    "2021-05-22 23:00": 479,
    "2021-05-22 23:10": 476.5,
    "2021-05-22 23:20": 473.3,
    "2021-05-22 23:30": 474,
    "2021-05-22 23:40": 472.7,
    "2021-05-22 23:50": 475.2,
    "2021-05-23 00:00": 475.9,
    "2021-05-23 00:10": 474,
    "2021-05-23 00:20": 476.5,
    "2021-05-23 00:30": 475.9,
    "2021-05-23 00:40": 471.4,
    "2021-05-23 00:50": 475.2,
    "2021-05-23 01:00": 475.2,
    "2021-05-23 01:10": 472.7,
    "2021-05-23 01:20": 480.9,
    "2021-05-23 01:30": 472.1,
    "2021-05-23 01:40": 473.3,
    "2021-05-23 01:50": 479.6,
    "2021-05-23 02:00": 477.1,
    "2021-05-23 02:10": 473.3,
    "2021-05-23 02:20": 472.7,
    "2021-05-23 02:30": 478.4,
    "2021-05-23 02:40": 471.4,
    "2021-05-23 02:50": 473.3,
    "2021-05-23 03:00": 472.7,
    "2021-05-23 03:10": 472.7,
    "2021-05-23 03:20": 467,
    "2021-05-23 03:30": 472.1,
    "2021-05-23 03:40": 470.8,
    "2021-05-23 03:50": 477.8,
    "2021-05-23 04:10": 477.8,
    "2021-05-23 04:20": 474.6,
    "2021-05-23 04:30": 477.1,
    "2021-05-23 04:40": 481.5,
    "2021-05-23 04:50": 480.9,
    "2021-05-23 05:00": 477.8,
    "2021-05-23 05:10": 479.6,
    "2021-05-23 05:30": 472.1,
    "2021-05-23 05:40": 470.8,
    "2021-05-23 05:50": 475.2,
    "2021-05-23 06:00": 474.6,
    "2021-05-23 06:20": 474.6,
    "2021-05-23 06:30": 477.1,
    "2021-05-23 06:40": 474,
    "2021-05-23 06:50": 472.7,
    "2021-05-23 07:00": 474.6,
    "2021-05-23 07:10": 479,
    "2021-05-23 07:20": 479.6,
    "2021-05-23 07:40": 479,
    "2021-05-23 07:50": 479,
    "2021-05-23 08:00": 479.6,
    "2021-05-23 08:10": 480.9,
    "2021-05-23 08:30": 479.6,
    "2021-05-23 08:40": 473.3,
    "2021-05-23 08:50": 481.5,
    "2021-05-23 09:00": 480.9,
    "2021-05-23 09:10": 479,
    "2021-05-23 09:20": 472.7,
    "2021-05-23 09:30": 479,
    "2021-05-23 09:40": 479,
    "2021-05-23 09:50": 470.8,
    "2021-05-23 10:00": 464.5,
    "2021-05-23 10:10": 469.5,
    "2021-05-23 10:20": 470.2,
    "2021-05-23 10:40": 466.4,
    "2021-05-23 10:50": 467.6,
    "2021-05-23 11:00": 465.7,
    "2021-05-23 11:10": 473.3,
    "2021-05-23 11:20": 478.4,
    "2021-05-23 11:30": 475.9,
    "2021-05-23 11:50": 470.8,
    "2021-05-23 12:00": 477.1,
    "2021-05-23 12:10": 473.3,
    "2021-05-23 12:20": 473.3,
    "2021-05-23 12:30": 477.1,
    "2021-05-23 12:40": 479.6,
    "2021-05-23 12:50": 473.3,
    "2021-05-23 13:00": 472.7,
    "2021-05-23 13:10": 474.6,
    "2021-05-23 13:20": 480.3,
    "2021-05-23 13:30": 475.2,
    "2021-05-23 13:40": 472.1,
    "2021-05-23 13:50": 475.2,
    "2021-05-23 14:00": 474.6,
    "2021-05-23 14:10": 474.6,
    "2021-05-23 14:20": 472.7,
    "2021-05-23 14:30": 474,
    "2021-05-23 14:40": 477.1,
    "2021-05-23 14:50": 487.9,
    "2021-05-23 15:00": 472.1,
    "2021-05-23 15:10": 471.4,
    "2021-05-23 15:20": 472.1,
    "2021-05-23 15:30": 463.8,
    "2021-05-23 15:40": 469.5,
    "2021-05-23 15:50": 471.4,
    "2021-05-23 16:00": 470.8,
    "2021-05-23 16:10": 468.3,
    "2021-05-23 16:20": 475.2,
    "2021-05-23 16:30": 473.3,
    "2021-05-23 16:40": 477.1,
    "2021-05-23 16:50": 475.2,
    "2021-05-23 17:00": 484.7,
    "2021-05-23 17:10": 477.8,
    "2021-05-23 17:20": 478.4,
    "2021-05-23 17:30": 478.4,
    "2021-05-23 17:40": 477.8,
    "2021-05-23 17:50": 477.1,
    "2021-05-23 18:00": 476.5,
    "2021-05-23 18:10": 472.7,
    "2021-05-23 18:20": 479,
    "2021-05-23 18:30": 477.1,
    "2021-05-23 18:40": 476.5,
    "2021-05-23 18:50": 473.3,
    "2021-05-23 19:00": 475.9,
    "2021-05-23 19:10": 474.6,
    "2021-05-23 19:20": 470.2,
    "2021-05-23 19:30": 458.1,
    "2021-05-23 19:40": 479,
    "2021-05-23 19:50": 480.3,
    "2021-05-23 20:00": 476.5,
    "2021-05-23 20:10": 477.1,
    "2021-05-23 20:20": 474.6,
    "2021-05-23 20:30": 476.5,
    "2021-05-23 20:40": 477.1,
    "2021-05-23 20:50": 476.5,
    "2021-05-23 21:00": 469.5,
    "2021-05-23 21:10": 470.2,
    "2021-05-23 21:20": 473.3,
    "2021-05-23 21:30": 475.2,
    "2021-05-23 21:40": 476.5,
    "2021-05-23 21:50": 474,
    "2021-05-23 22:00": 477.8,
    "2021-05-23 22:10": 479.6,
    "2021-05-23 22:20": 478.4,
    "2021-05-23 22:30": 470.8,
    "2021-05-23 22:40": 477.8,
    "2021-05-23 22:50": 479.6,
    "2021-05-23 23:00": 477.1
}