{
    "2021-05-22 12:10": 342.8,
    "2021-05-22 12:20": 412.1,
    "2021-05-22 12:30": 433.8,
    "2021-05-22 12:40": 411.6,
    "2021-05-22 12:50": 351.1,
    "2021-05-22 13:00": 375.8,
    "2021-05-22 13:10": 420.8,
    "2021-05-22 13:20": 416,
    "2021-05-22 13:30": 397.4,
    "2021-05-22 13:40": 379.6,
    "2021-05-22 13:50": 329.5,
    "2021-05-22 14:00": 324.5,
    "2021-05-22 14:10": 321.9,
    "2021-05-22 14:20": 331,
    "2021-05-22 14:30": 328.2,
    "2021-05-22 14:40": 323.6,
    "2021-05-22 14:50": 320.3,
    "2021-05-22 15:00": 332,
    "2021-05-22 15:10": 328.4,
    "2021-05-22 15:20": 331.8,
    "2021-05-22 15:30": 328.6,
    "2021-05-22 15:40": 336.1,
    "2021-05-22 15:50": 329.8,
    "2021-05-22 16:00": 332.5,
    "2021-05-22 16:10": 330.2,
    "2021-05-22 16:20": 330.8,
    "2021-05-22 16:40": 330.6,
    "2021-05-22 16:50": 326.4,
    "2021-05-22 17:00": 319.5,
    "2021-05-22 17:10": 328.6,
    "2021-05-22 17:20": 335.9,
    "2021-05-22 17:30": 348.1,
    "2021-05-22 17:40": 331.2,
    "2021-05-22 17:50": 334,
    "2021-05-22 18:00": 330.1,
    "2021-05-22 18:10": 331.9,
    "2021-05-22 18:20": 333,
    "2021-05-22 18:40": 362.3,
    "2021-05-22 18:50": 388.2,
    "2021-05-22 19:10": 381.6,
    "2021-05-22 19:20": 391.1,
    "2021-05-22 19:30": 372,
    "2021-05-22 19:40": 399.4,
    "2021-05-22 20:00": 398.7,
    "2021-05-22 20:10": 402,
    "2021-05-22 20:20": 363.9,
    "2021-05-22 20:30": 400,
    "2021-05-22 20:40": 383.5,
    "2021-05-22 20:50": 407.4,
    "2021-05-22 21:00": 400.1,
    "2021-05-22 21:10": 390.5,
    "2021-05-22 21:20": 403.1,
    "2021-05-22 21:30": 399.4,
    "2021-05-22 21:40": 401.8,
    "2021-05-22 21:50": 394.8,
    "2021-05-22 22:00": 391.6,
    "2021-05-22 22:10": 396.1,
    "2021-05-22 22:20": 399.6,
    "2021-05-22 22:30": 399.5,
    "2021-05-22 22:40": 402.8,
    "2021-05-22 22:50": 395.2,
    "2021-05-22 23:00": 380.8,
    "2021-05-22 23:10": 380.2,
    "2021-05-22 23:20": 386.3,
    "2021-05-22 23:30": 403.4,
    "2021-05-22 23:40": 399.3,
    "2021-05-22 23:50": 402.8,
    "2021-05-23 00:00": 400.8,
    "2021-05-23 00:10": 402,
    "2021-05-23 00:20": 396.4,
    "2021-05-23 00:30": 399.5,
    "2021-05-23 00:40": 396.8,
    "2021-05-23 00:50": 395.8,
    "2021-05-23 01:00": 405.6,
    "2021-05-23 01:10": 387.1,
    "2021-05-23 01:20": 394,
    "2021-05-23 01:30": 386.7,
    "2021-05-23 01:40": 399.4,
    "2021-05-23 01:50": 392.7,
    "2021-05-23 02:00": 391.2,
    "2021-05-23 02:10": 393.2,
    "2021-05-23 02:20": 406.3,
    "2021-05-23 02:30": 399.5,
    "2021-05-23 02:40": 392.4,
    "2021-05-23 02:50": 402.5,
    "2021-05-23 03:00": 397.7,
    "2021-05-23 03:10": 408.3,
    "2021-05-23 03:20": 412.8,
    "2021-05-23 03:30": 389.7,
    "2021-05-23 03:40": 406,
    "2021-05-23 03:50": 395.8,
    "2021-05-23 04:10": 330.4,
    "2021-05-23 04:20": 331.3,
    "2021-05-23 04:30": 332,
    "2021-05-23 04:40": 343.4,
    "2021-05-23 04:50": 335.6,
    "2021-05-23 05:00": 353.1,
    "2021-05-23 05:10": 323.1,
    "2021-05-23 05:30": 341,
    "2021-05-23 05:40": 331.5,
    "2021-05-23 05:50": 330.2,
    "2021-05-23 06:00": 330,
    "2021-05-23 06:20": 331.7,
    "2021-05-23 06:30": 332.5,
    "2021-05-23 06:40": 325.8,
    "2021-05-23 06:50": 354.3,
    "2021-05-23 07:00": 336.5,
    "2021-05-23 07:10": 332.2,
    "2021-05-23 07:20": 324.9,
    "2021-05-23 07:40": 330.3,
    "2021-05-23 07:50": 333.2,
    "2021-05-23 08:00": 336.6,
    "2021-05-23 08:10": 335.6,
    "2021-05-23 08:30": 330.6,
    "2021-05-23 08:40": 321.9,
    "2021-05-23 08:50": 330.7,
    "2021-05-23 09:00": 319.4,
    "2021-05-23 09:10": 331.3,
    "2021-05-23 09:20": 318.8,
    "2021-05-23 09:30": 322.4,
    "2021-05-23 09:40": 330.1,
    "2021-05-23 09:50": 330.3,
    "2021-05-23 10:00": 326.5,
    "2021-05-23 10:10": 317.5,
    "2021-05-23 10:20": 329.8,
    "2021-05-23 10:40": 330.6,
    "2021-05-23 10:50": 345.5,
    "2021-05-23 11:00": 330.2,
    "2021-05-23 11:10": 342.6,
    "2021-05-23 11:20": 330.2,
    "2021-05-23 11:30": 345,
    "2021-05-23 11:50": 335,
    "2021-05-23 12:00": 336.9,
    "2021-05-23 12:10": 330,
    "2021-05-23 12:20": 371.3,
    "2021-05-23 12:30": 332.2,
    "2021-05-23 12:40": 330.8,
    "2021-05-23 12:50": 330.6,
    "2021-05-23 13:00": 332,
    "2021-05-23 13:10": 333.4,
    "2021-05-23 13:20": 330.5,
    "2021-05-23 13:30": 331.1,
    "2021-05-23 13:40": 331.4,
    "2021-05-23 13:50": 348.5,
    "2021-05-23 14:00": 331.5,
    "2021-05-23 14:10": 331.4,
    "2021-05-23 14:20": 331.7,
    "2021-05-23 14:30": 332.1,
    "2021-05-23 14:40": 328.9,
    "2021-05-23 14:50": 332.5,
    "2021-05-23 15:00": 325.2,
    "2021-05-23 15:10": 327.8,
    "2021-05-23 15:20": 333.6,
    "2021-05-23 15:30": 322.2,
    "2021-05-23 15:40": 330.4,
    "2021-05-23 15:50": 327.9,
    "2021-05-23 16:00": 333.7,
    "2021-05-23 16:10": 331.7,
    "2021-05-23 16:20": 334.1,
    "2021-05-23 16:30": 330.8,
    "2021-05-23 16:40": 329.2,
    "2021-05-23 16:50": 332.7,
    "2021-05-23 17:00": 330.2,
    "2021-05-23 17:10": 328.3,
    "2021-05-23 17:20": 350.5,
    "2021-05-23 17:30": 352.1,
    "2021-05-23 17:40": 333.3,
    "2021-05-23 17:50": 339.5,
    "2021-05-23 18:00": 376.5,
    "2021-05-23 18:10": 365.5,
    "2021-05-23 18:20": 351.4,
    "2021-05-23 18:30": 327.3,
    "2021-05-23 18:40": 373.7,
    "2021-05-23 18:50": 435.9,
    "2021-05-23 19:00": 426.7,
    "2021-05-23 19:10": 430.5,
    "2021-05-23 19:20": 400.4,
    "2021-05-23 19:30": 341.3,
    "2021-05-23 19:40": 380.1,
    "2021-05-23 19:50": 404.5,
    "2021-05-23 20:00": 428.3,
    "2021-05-23 20:10": 430.5,
    "2021-05-23 20:20": 397.7,
    "2021-05-23 20:30": 413.9,
    "2021-05-23 20:40": 384.7,
    "2021-05-23 20:50": 426.2,
    "2021-05-23 21:00": 406.2,
    "2021-05-23 21:10": 398.7,
    "2021-05-23 21:20": 432.1,
    "2021-05-23 21:30": 400.1,
    "2021-05-23 21:40": 395.5,
    "2021-05-23 21:50": 384.1,
    "2021-05-23 22:00": 384.2,
    "2021-05-23 22:10": 373.6,
    "2021-05-23 22:20": 400.2,
    "2021-05-23 22:30": 325.3,
    "2021-05-23 22:40": 347.5,
    "2021-05-23 22:50": 391.9,
    "2021-05-23 23:00": 379.3
}