{
    "2021-05-28 23:10": 345.6,
    "2021-05-28 23:20": 294.4,
    "2021-05-28 23:30": 264.3,
    "2021-05-28 23:40": 254.6,
    "2021-05-28 23:50": 264.3,
    "2021-05-29 00:00": 259.9,
    "2021-05-29 00:10": 260.6,
    "2021-05-29 00:20": 262,
    "2021-05-29 00:30": 265.8,
    "2021-05-29 01:20": 262.8,
    "2021-05-29 01:30": 265.3,
    "2021-05-29 01:40": 265.1,
    "2021-05-29 01:50": 264.2,
    "2021-05-29 02:00": 262.5,
    "2021-05-29 02:10": 266.3,
    "2021-05-29 02:20": 266,
    "2021-05-29 02:30": 261.1,
    "2021-05-29 02:40": 254.9,
    "2021-05-29 02:50": 264,
    "2021-05-29 03:00": 262,
    "2021-05-29 03:10": 259,
    "2021-05-29 03:20": 251.9,
    "2021-05-29 03:30": 228.5,
    "2021-05-29 03:40": 217,
    "2021-05-29 03:50": 228.4,
    "2021-05-29 04:00": 215.5,
    "2021-05-29 04:10": 262.5,
    "2021-05-29 04:20": 215.4,
    "2021-05-29 04:30": 233.2,
    "2021-05-29 04:40": 240.2,
    "2021-05-29 04:50": 251.2,
    "2021-05-29 05:00": 232.3,
    "2021-05-29 05:10": 224.8,
    "2021-05-29 05:20": 221,
    "2021-05-29 05:30": 229.2,
    "2021-05-29 05:40": 235,
    "2021-05-29 05:50": 222.8,
    "2021-05-29 06:00": 232.9,
    "2021-05-29 06:10": 236.1,
    "2021-05-29 06:20": 234.5,
    "2021-05-29 06:30": 215.1,
    "2021-05-29 06:40": 222.3,
    "2021-05-29 06:50": 230,
    "2021-05-29 07:00": 209.3,
    "2021-05-29 07:10": 225.9,
    "2021-05-29 07:20": 237.9,
    "2021-05-29 07:30": 216.5,
    "2021-05-29 07:40": 223.9,
    "2021-05-29 07:50": 246.3,
    "2021-05-29 08:00": 209.8,
    "2021-05-29 08:10": 225.3,
    "2021-05-29 08:20": 226.5,
    "2021-05-29 08:30": 215.2,
    "2021-05-29 08:40": 219.6,
    "2021-05-29 08:50": 218.9,
    "2021-05-29 09:00": 228.3,
    "2021-05-29 09:10": 252.5,
    "2021-05-29 09:20": 257.2,
    "2021-05-29 09:30": 262.9,
    "2021-05-29 09:40": 241.8,
    "2021-05-29 09:50": 255.5,
    "2021-05-29 10:00": 227.5,
    "2021-05-29 10:10": 235.4,
    "2021-05-29 10:20": 221.2,
    "2021-05-29 10:30": 250.3,
    "2021-05-29 10:40": 223.9,
    "2021-05-29 10:50": 223.3,
    "2021-05-29 11:00": 245.3,
    "2021-05-29 11:10": 235.3,
    "2021-05-29 11:20": 262.9,
    "2021-05-29 11:30": 217.9,
    "2021-05-29 11:40": 251.1,
    "2021-05-29 11:50": 229.2,
    "2021-05-29 12:00": 214.3,
    "2021-05-29 12:10": 237,
    "2021-05-29 12:20": 221.7,
    "2021-05-29 12:30": 248.9,
    "2021-05-29 12:40": 253.1,
    "2021-05-29 12:50": 247.1,
    "2021-05-29 13:00": 238.6,
    "2021-05-29 13:10": 268.1,
    "2021-05-29 13:20": 262.9,
    "2021-05-29 13:30": 265.4,
    "2021-05-29 13:40": 245.7,
    "2021-05-29 13:50": 228.2,
    "2021-05-29 14:00": 227.9,
    "2021-05-29 14:10": 212.9,
    "2021-05-29 14:20": 214.4,
    "2021-05-29 14:30": 216.1,
    "2021-05-29 14:40": 223.1,
    "2021-05-29 14:50": 208.3,
    "2021-05-29 15:00": 216.4,
    "2021-05-29 15:10": 234.9,
    "2021-05-29 15:20": 220.4,
    "2021-05-29 15:30": 227.2,
    "2021-05-29 15:40": 254.7,
    "2021-05-29 15:50": 247.6,
    "2021-05-29 16:00": 250.5,
    "2021-05-29 16:10": 255.1,
    "2021-05-29 16:20": 262.7,
    "2021-05-29 16:30": 256.3,
    "2021-05-29 16:40": 264.2,
    "2021-05-29 16:50": 242.7,
    "2021-05-29 17:00": 237.4,
    "2021-05-29 17:10": 213.1,
    "2021-05-29 17:20": 226.2,
    "2021-05-29 17:30": 252.4,
    "2021-05-29 17:40": 234.6,
    "2021-05-29 17:50": 230.3,
    "2021-05-29 18:00": 259.1,
    "2021-05-29 18:10": 256.1,
    "2021-05-29 18:20": 262.9,
    "2021-05-29 18:30": 246.6,
    "2021-05-29 18:40": 265.2,
    "2021-05-29 18:50": 259.3,
    "2021-05-29 19:00": 261.8,
    "2021-05-29 19:10": 262.2,
    "2021-05-29 19:20": 262.5,
    "2021-05-29 19:30": 259.1,
    "2021-05-29 19:40": 265.5,
    "2021-05-29 19:50": 262.6,
    "2021-05-29 20:00": 264.4,
    "2021-05-29 20:10": 265,
    "2021-05-29 20:20": 242.6,
    "2021-05-29 20:30": 263.7,
    "2021-05-29 20:40": 265.6,
    "2021-05-29 20:50": 260,
    "2021-05-29 21:00": 262.6,
    "2021-05-30 00:10": 256.5,
    "2021-05-30 00:20": 233.6,
    "2021-05-30 00:30": 265.7,
    "2021-05-30 00:40": 263.7,
    "2021-05-30 00:50": 265.9,
    "2021-05-30 01:00": 258.3,
    "2021-05-30 01:10": 215.9,
    "2021-05-30 01:20": 243.7,
    "2021-05-30 01:30": 239.7,
    "2021-05-30 01:40": 264.4,
    "2021-05-30 01:50": 264.3,
    "2021-05-30 02:00": 261.5,
    "2021-05-30 02:10": 262.3,
    "2021-05-30 02:20": 262.3,
    "2021-05-30 02:30": 260.9,
    "2021-05-30 02:40": 263,
    "2021-05-30 02:50": 262.1,
    "2021-05-30 03:00": 261.2,
    "2021-05-30 03:10": 264.3,
    "2021-05-30 03:20": 265.2,
    "2021-05-30 03:30": 243.5,
    "2021-05-30 03:40": 228.1,
    "2021-05-30 03:50": 243.5,
    "2021-05-30 04:00": 251.6,
    "2021-05-30 04:10": 256,
    "2021-05-30 04:20": 265,
    "2021-05-30 04:30": 263.4,
    "2021-05-30 04:40": 262.4,
    "2021-05-30 04:50": 248,
    "2021-05-30 05:00": 228.8,
    "2021-05-30 05:10": 250.5,
    "2021-05-30 05:20": 226.7,
    "2021-05-30 05:30": 244.3,
    "2021-05-30 05:40": 247.2,
    "2021-05-30 05:50": 263.3,
    "2021-05-30 06:00": 266.2,
    "2021-05-30 06:10": 264.7,
    "2021-05-30 06:20": 248.2,
    "2021-05-30 06:30": 232.6,
    "2021-05-30 06:40": 215.7,
    "2021-05-30 06:50": 224,
    "2021-05-30 07:00": 217.6,
    "2021-05-30 07:10": 218.2,
    "2021-05-30 07:20": 225.2,
    "2021-05-30 07:30": 240.5,
    "2021-05-30 07:40": 216.4,
    "2021-05-30 07:50": 222.6,
    "2021-05-30 08:00": 221.1,
    "2021-05-30 08:10": 216.7,
    "2021-05-30 08:20": 247,
    "2021-05-30 08:30": 245.5,
    "2021-05-30 08:40": 224.6,
    "2021-05-30 08:50": 235.7,
    "2021-05-30 09:00": 218,
    "2021-05-30 09:10": 239.1,
    "2021-05-30 09:20": 247.8,
    "2021-05-30 09:30": 233.3,
    "2021-05-30 09:40": 240.8,
    "2021-05-30 09:50": 211.6,
    "2021-05-30 10:00": 235.6,
    "2021-05-30 10:10": 235.1,
    "2021-05-30 10:20": 241.4,
    "2021-05-30 10:30": 244.9,
    "2021-05-30 10:40": 216.7,
    "2021-05-30 10:50": 254,
    "2021-05-30 11:00": 238.8,
    "2021-05-30 11:10": 218.1,
    "2021-05-30 11:20": 237.6,
    "2021-05-30 11:30": 240.6,
    "2021-05-30 11:40": 242.3,
    "2021-05-30 11:50": 215.1,
    "2021-05-30 12:00": 225.6,
    "2021-05-30 12:10": 236.8,
    "2021-05-30 12:20": 252.3,
    "2021-05-30 12:30": 243.4,
    "2021-05-30 12:40": 222.2,
    "2021-05-30 12:50": 229.1,
    "2021-05-30 13:00": 248,
    "2021-05-30 13:10": 213.9,
    "2021-05-30 13:20": 222.9,
    "2021-05-30 13:30": 213.7,
    "2021-05-30 13:40": 215.4,
    "2021-05-30 13:50": 214.9,
    "2021-05-30 14:00": 214.6,
    "2021-05-30 14:10": 238.1,
    "2021-05-30 14:20": 238.1,
    "2021-05-30 14:30": 246.7,
    "2021-05-30 14:40": 227.4,
    "2021-05-30 14:50": 234.3,
    "2021-05-30 15:00": 244.4,
    "2021-05-30 15:10": 247.1,
    "2021-05-30 15:20": 230.5,
    "2021-05-30 15:30": 209,
    "2021-05-30 15:40": 228.2,
    "2021-05-30 15:50": 236.1,
    "2021-05-30 16:00": 243.9,
    "2021-05-30 16:10": 267,
    "2021-05-30 16:20": 282.1,
    "2021-05-30 16:30": 315.5,
    "2021-05-30 16:40": 332.5,
    "2021-05-30 17:20": 327.3,
    "2021-05-30 17:30": 329.6,
    "2021-05-30 17:50": 326.4,
    "2021-05-30 18:00": 325.8,
    "2021-05-30 18:10": 325,
    "2021-05-30 18:20": 329.7,
    "2021-05-30 18:30": 324.3,
    "2021-05-30 18:40": 324.7,
    "2021-05-30 18:50": 367.7,
    "2021-05-30 19:00": 362.4,
    "2021-05-30 19:10": 395.2,
    "2021-05-30 19:20": 357.9,
    "2021-05-30 19:30": 325.5,
    "2021-05-30 19:40": 325.8,
    "2021-05-30 19:50": 328.1,
    "2021-05-30 20:00": 326.4,
    "2021-05-30 20:10": 321.9,
    "2021-05-30 20:20": 325.2,
    "2021-05-30 20:30": 325.6,
    "2021-05-30 20:40": 326.8,
    "2021-05-30 20:50": 326.1,
    "2021-05-30 21:00": 330.9,
    "2021-05-30 21:10": 325.1,
    "2021-05-30 21:20": 328.7,
    "2021-05-30 21:30": 325.7,
    "2021-05-30 21:40": 325.8,
    "2021-05-30 21:50": 325,
    "2021-05-30 22:00": 326.2,
    "2021-05-30 22:10": 326.6,
    "2021-05-30 22:20": 326.2,
    "2021-05-30 22:30": 326.7
}