{
    "2021-05-22 12:10": 377.5,
    "2021-05-22 12:20": 429.1,
    "2021-05-22 12:30": 439.2,
    "2021-05-22 12:40": 432.4,
    "2021-05-22 12:50": 407.4,
    "2021-05-22 13:00": 412.7,
    "2021-05-22 13:10": 427.3,
    "2021-05-22 13:20": 426.5,
    "2021-05-22 13:30": 431,
    "2021-05-22 13:40": 429.4,
    "2021-05-22 13:50": 385.6,
    "2021-05-22 14:00": 328.1,
    "2021-05-22 14:10": 320.6,
    "2021-05-22 14:20": 327.9,
    "2021-05-22 14:30": 327.1,
    "2021-05-22 14:40": 326.6,
    "2021-05-22 14:50": 319.1,
    "2021-05-22 15:00": 329.6,
    "2021-05-22 15:10": 326.6,
    "2021-05-22 15:20": 329.9,
    "2021-05-22 15:30": 327.2,
    "2021-05-22 15:40": 333.6,
    "2021-05-22 15:50": 329.1,
    "2021-05-22 16:00": 331.1,
    "2021-05-22 16:10": 329.6,
    "2021-05-22 16:20": 329.7,
    "2021-05-22 16:40": 329.1,
    "2021-05-22 16:50": 325,
    "2021-05-22 17:00": 317.4,
    "2021-05-22 17:10": 328.4,
    "2021-05-22 17:20": 342.7,
    "2021-05-22 17:30": 390.5,
    "2021-05-22 17:40": 364.3,
    "2021-05-22 17:50": 336,
    "2021-05-22 18:00": 377,
    "2021-05-22 18:10": 380.3,
    "2021-05-22 18:20": 337,
    "2021-05-22 18:40": 402.9,
    "2021-05-22 18:50": 427.2,
    "2021-05-22 19:10": 382.7,
    "2021-05-22 19:20": 329,
    "2021-05-22 19:30": 329.7,
    "2021-05-22 19:40": 332.2,
    "2021-05-22 20:00": 370.9,
    "2021-05-22 20:10": 402.4,
    "2021-05-22 20:20": 363.9,
    "2021-05-22 20:30": 400,
    "2021-05-22 20:40": 387.8,
    "2021-05-22 20:50": 404.6,
    "2021-05-22 21:00": 399.1,
    "2021-05-22 21:10": 392.2,
    "2021-05-22 21:20": 398.2,
    "2021-05-22 21:30": 399.6,
    "2021-05-22 21:40": 405,
    "2021-05-22 21:50": 398.9,
    "2021-05-22 22:00": 392.3,
    "2021-05-22 22:10": 398.6,
    "2021-05-22 22:20": 400,
    "2021-05-22 22:30": 398.5,
    "2021-05-22 22:40": 403.4,
    "2021-05-22 22:50": 396.6,
    "2021-05-22 23:00": 379.8,
    "2021-05-22 23:10": 391.3,
    "2021-05-22 23:20": 388.5,
    "2021-05-22 23:30": 403.9,
    "2021-05-22 23:40": 396.2,
    "2021-05-22 23:50": 399.8,
    "2021-05-23 00:00": 394.4,
    "2021-05-23 00:10": 403.1,
    "2021-05-23 00:20": 391.7,
    "2021-05-23 00:30": 398.3,
    "2021-05-23 00:40": 398.3,
    "2021-05-23 00:50": 389.7,
    "2021-05-23 01:00": 399.1,
    "2021-05-23 01:10": 388.3,
    "2021-05-23 01:20": 402.6,
    "2021-05-23 01:30": 386,
    "2021-05-23 01:40": 397.2,
    "2021-05-23 01:50": 398.6,
    "2021-05-23 02:00": 398.1,
    "2021-05-23 02:10": 392.5,
    "2021-05-23 02:20": 404.9,
    "2021-05-23 02:30": 391.5,
    "2021-05-23 02:40": 393.1,
    "2021-05-23 02:50": 403.1,
    "2021-05-23 03:00": 395.5,
    "2021-05-23 03:10": 406.6,
    "2021-05-23 03:20": 416,
    "2021-05-23 03:30": 382.9,
    "2021-05-23 03:40": 397.9,
    "2021-05-23 03:50": 394.5,
    "2021-05-23 04:10": 336.2,
    "2021-05-23 04:20": 329.5,
    "2021-05-23 04:30": 330.5,
    "2021-05-23 04:40": 377.3,
    "2021-05-23 04:50": 328.7,
    "2021-05-23 05:00": 383.3,
    "2021-05-23 05:10": 351,
    "2021-05-23 05:30": 336.7,
    "2021-05-23 05:40": 328.4,
    "2021-05-23 05:50": 331,
    "2021-05-23 06:00": 328,
    "2021-05-23 06:20": 329.3,
    "2021-05-23 06:30": 329.6,
    "2021-05-23 06:40": 326.6,
    "2021-05-23 06:50": 355.4,
    "2021-05-23 07:00": 348.8,
    "2021-05-23 07:10": 330.7,
    "2021-05-23 07:20": 320.5,
    "2021-05-23 07:40": 333.3,
    "2021-05-23 07:50": 330.1,
    "2021-05-23 08:00": 335.8,
    "2021-05-23 08:10": 332.6,
    "2021-05-23 08:30": 331.4,
    "2021-05-23 08:40": 320.2,
    "2021-05-23 08:50": 341.6,
    "2021-05-23 09:00": 318.9,
    "2021-05-23 09:10": 325.3,
    "2021-05-23 09:20": 317.7,
    "2021-05-23 09:30": 325.3,
    "2021-05-23 09:40": 328.4,
    "2021-05-23 09:50": 329,
    "2021-05-23 10:00": 324.5,
    "2021-05-23 10:10": 315.9,
    "2021-05-23 10:20": 328.8,
    "2021-05-23 10:40": 329,
    "2021-05-23 10:50": 385.4,
    "2021-05-23 11:00": 327.5,
    "2021-05-23 11:10": 357.7,
    "2021-05-23 11:20": 370,
    "2021-05-23 11:30": 371.2,
    "2021-05-23 11:50": 373,
    "2021-05-23 12:00": 370.1,
    "2021-05-23 12:10": 356.9,
    "2021-05-23 12:20": 395.3,
    "2021-05-23 12:30": 331.6,
    "2021-05-23 12:40": 330.7,
    "2021-05-23 12:50": 329.9,
    "2021-05-23 13:00": 338.7,
    "2021-05-23 13:10": 333.4,
    "2021-05-23 13:20": 330.4,
    "2021-05-23 13:30": 332.6,
    "2021-05-23 13:40": 330.1,
    "2021-05-23 13:50": 358.5,
    "2021-05-23 14:00": 329.3,
    "2021-05-23 14:10": 329.2,
    "2021-05-23 14:20": 329.8,
    "2021-05-23 14:30": 330.9,
    "2021-05-23 14:40": 326.5,
    "2021-05-23 14:50": 331.5,
    "2021-05-23 15:00": 324.6,
    "2021-05-23 15:10": 326.7,
    "2021-05-23 15:20": 334.7,
    "2021-05-23 15:30": 320.1,
    "2021-05-23 15:40": 329.4,
    "2021-05-23 15:50": 327,
    "2021-05-23 16:00": 329.8,
    "2021-05-23 16:10": 329.7,
    "2021-05-23 16:20": 333.8,
    "2021-05-23 16:30": 332.1,
    "2021-05-23 16:40": 327.8,
    "2021-05-23 16:50": 330.1,
    "2021-05-23 17:00": 329.4,
    "2021-05-23 17:10": 325.8,
    "2021-05-23 17:20": 358.9,
    "2021-05-23 17:30": 386.4,
    "2021-05-23 17:40": 341.4,
    "2021-05-23 17:50": 371.8,
    "2021-05-23 18:00": 425.5,
    "2021-05-23 18:10": 404.5,
    "2021-05-23 18:20": 407.4,
    "2021-05-23 18:30": 363.5,
    "2021-05-23 18:40": 424.3,
    "2021-05-23 18:50": 443.1,
    "2021-05-23 19:00": 442.7,
    "2021-05-23 19:10": 440.5,
    "2021-05-23 19:20": 436.5,
    "2021-05-23 19:30": 384.3,
    "2021-05-23 19:40": 411.9,
    "2021-05-23 19:50": 439.3,
    "2021-05-23 20:00": 444.1,
    "2021-05-23 20:10": 439.8,
    "2021-05-23 20:20": 443.4,
    "2021-05-23 20:30": 442.3,
    "2021-05-23 20:40": 430.1,
    "2021-05-23 20:50": 445,
    "2021-05-23 21:00": 441.5,
    "2021-05-23 21:10": 436,
    "2021-05-23 21:20": 441.8,
    "2021-05-23 21:30": 439.5,
    "2021-05-23 21:40": 439.9,
    "2021-05-23 21:50": 435,
    "2021-05-23 22:00": 430.7,
    "2021-05-23 22:10": 433.5,
    "2021-05-23 22:20": 438.2,
    "2021-05-23 22:30": 367,
    "2021-05-23 22:40": 358.6,
    "2021-05-23 22:50": 397.7,
    "2021-05-23 23:00": 410.9
}