{
    "2021-05-28 23:10": 16.5,
    "2021-05-28 23:20": 16.5,
    "2021-05-28 23:30": 16.5,
    "2021-05-28 23:40": 16.5,
    "2021-05-28 23:50": 16.5,
    "2021-05-29 00:00": 16.5,
    "2021-05-29 00:10": 16.5,
    "2021-05-29 00:20": 16.5,
    "2021-05-29 00:30": 16.5,
    "2021-05-29 01:20": 16.5,
    "2021-05-29 01:30": 16.5,
    "2021-05-29 01:40": 16.5,
    "2021-05-29 01:50": 16.5,
    "2021-05-29 02:00": 16.5,
    "2021-05-29 02:10": 16.5,
    "2021-05-29 02:20": 16.5,
    "2021-05-29 02:30": 16.5,
    "2021-05-29 02:40": 16.5,
    "2021-05-29 02:50": 16.5,
    "2021-05-29 03:00": 16.5,
    "2021-05-29 03:10": 16.5,
    "2021-05-29 03:20": 16.5,
    "2021-05-29 03:30": 16.5,
    "2021-05-29 03:40": 16.5,
    "2021-05-29 03:50": 16.5,
    "2021-05-29 04:00": 16.5,
    "2021-05-29 04:10": 16.5,
    "2021-05-29 04:20": 16.5,
    "2021-05-29 04:30": 16.5,
    "2021-05-29 04:40": 16.5,
    "2021-05-29 04:50": 16.5,
    "2021-05-29 05:00": 16.5,
    "2021-05-29 05:10": 16.5,
    "2021-05-29 05:20": 16.5,
    "2021-05-29 05:30": 16.5,
    "2021-05-29 05:40": 16.5,
    "2021-05-29 05:50": 16.5,
    "2021-05-29 06:00": 16.5,
    "2021-05-29 06:10": 16.5,
    "2021-05-29 06:20": 16.5,
    "2021-05-29 06:30": 16.5,
    "2021-05-29 06:40": 16.5,
    "2021-05-29 06:50": 16.5,
    "2021-05-29 07:00": 16.5,
    "2021-05-29 07:10": 16.5,
    "2021-05-29 07:20": 16.5,
    "2021-05-29 07:30": 16.5,
    "2021-05-29 07:40": 16.5,
    "2021-05-29 07:50": 16.5,
    "2021-05-29 08:00": 16.5,
    "2021-05-29 08:10": 16.5,
    "2021-05-29 08:20": 16.5,
    "2021-05-29 08:30": 16.5,
    "2021-05-29 08:40": 16.5,
    "2021-05-29 08:50": 16.5,
    "2021-05-29 09:00": 16.5,
    "2021-05-29 09:10": 16.5,
    "2021-05-29 09:20": 16.5,
    "2021-05-29 09:30": 16.5,
    "2021-05-29 09:40": 16.5,
    "2021-05-29 09:50": 16.5,
    "2021-05-29 10:00": 99.5,
    "2021-05-29 10:10": 155.1,
    "2021-05-29 10:20": 134,
    "2021-05-29 10:30": 134,
    "2021-05-29 10:40": 134,
    "2021-05-29 10:50": 134,
    "2021-05-29 11:00": 134,
    "2021-05-29 11:10": 134,
    "2021-05-29 11:20": 134,
    "2021-05-29 11:30": 134,
    "2021-05-29 11:40": 134,
    "2021-05-29 11:50": 134,
    "2021-05-29 12:00": 134,
    "2021-05-29 12:10": 134,
    "2021-05-29 12:20": 134,
    "2021-05-29 12:30": 134,
    "2021-05-29 12:40": 134,
    "2021-05-29 12:50": 134,
    "2021-05-29 13:00": 134,
    "2021-05-29 13:10": 134,
    "2021-05-29 13:20": 134,
    "2021-05-29 13:30": 134,
    "2021-05-29 13:40": 134,
    "2021-05-29 13:50": 143.7,
    "2021-05-29 14:00": 143.7,
    "2021-05-29 14:10": 143.7,
    "2021-05-29 14:20": 143.7,
    "2021-05-29 14:30": 143.7,
    "2021-05-29 14:40": 143.7,
    "2021-05-29 14:50": 143.7,
    "2021-05-29 15:00": 143.7,
    "2021-05-29 15:10": 143.7,
    "2021-05-29 15:20": 143.7,
    "2021-05-29 15:30": 143.7,
    "2021-05-29 15:40": 143.7,
    "2021-05-29 15:50": 143.7,
    "2021-05-29 16:00": 143.7,
    "2021-05-29 16:10": 143.7,
    "2021-05-29 16:20": 143.7,
    "2021-05-29 16:30": 143.7,
    "2021-05-29 16:40": 143.7,
    "2021-05-29 16:50": 143.7,
    "2021-05-29 17:00": 137.9,
    "2021-05-29 17:10": 94.2,
    "2021-05-29 17:20": 94.2,
    "2021-05-29 17:30": 94.2,
    "2021-05-29 17:40": 94.2,
    "2021-05-29 17:50": 94.2,
    "2021-05-29 18:00": 94.2,
    "2021-05-29 18:20": 45.6,
    "2021-05-29 18:30": 45.6,
    "2021-05-30 11:00": 102.2,
    "2021-05-30 11:10": 130.7,
    "2021-05-30 11:20": 143.7,
    "2021-05-30 11:30": 96.2,
    "2021-05-30 11:40": 89.7,
    "2021-05-30 11:50": 103.6,
    "2021-05-30 12:00": 117.7,
    "2021-05-30 12:10": 135.5,
    "2021-05-30 12:20": 144.4,
    "2021-05-30 12:30": 143.9,
    "2021-05-30 12:40": 143.7,
    "2021-05-30 12:50": 144.3,
    "2021-05-30 13:00": 143.9,
    "2021-05-30 13:10": 143.7,
    "2021-05-30 13:20": 144.2,
    "2021-05-30 13:30": 144.3,
    "2021-05-30 13:40": 144.2,
    "2021-05-30 13:50": 144,
    "2021-05-30 14:00": 143.9,
    "2021-05-30 14:10": 98.8,
    "2021-05-30 14:20": 68,
    "2021-05-30 14:30": 68,
    "2021-05-30 14:40": 68,
    "2021-05-30 14:50": 68,
    "2021-05-30 15:00": 68,
    "2021-05-30 15:10": 68,
    "2021-05-30 15:20": 68,
    "2021-05-30 15:30": 68,
    "2021-05-30 15:40": 68,
    "2021-05-30 15:50": 68,
    "2021-05-30 17:30": 94.2,
    "2021-05-30 17:50": 94.2,
    "2021-05-30 18:00": 94.2,
    "2021-05-30 18:10": 94.2,
    "2021-05-30 18:20": 94.2,
    "2021-05-30 18:30": 94.2,
    "2021-05-30 22:30": 0
}