{
    "2021-05-22 12:10": 520.9,
    "2021-05-22 12:20": 519.4,
    "2021-05-22 12:30": 518.6,
    "2021-05-22 12:40": 524.8,
    "2021-05-22 12:50": 524.8,
    "2021-05-22 13:00": 527.1,
    "2021-05-22 13:10": 525.5,
    "2021-05-22 13:20": 524,
    "2021-05-22 13:30": 517.8,
    "2021-05-22 13:40": 517.1,
    "2021-05-22 13:50": 519.4,
    "2021-05-22 14:00": 522.5,
    "2021-05-22 14:10": 517.8,
    "2021-05-22 14:20": 517.1,
    "2021-05-22 14:30": 521.7,
    "2021-05-22 14:40": 520.2,
    "2021-05-22 14:50": 520.2,
    "2021-05-22 15:00": 524,
    "2021-05-22 15:10": 522.5,
    "2021-05-22 15:20": 517.8,
    "2021-05-22 15:30": 520.2,
    "2021-05-22 15:40": 519.4,
    "2021-05-22 15:50": 525.5,
    "2021-05-22 16:00": 519.4,
    "2021-05-22 16:10": 517.8,
    "2021-05-22 16:20": 519.4,
    "2021-05-22 16:40": 526.3,
    "2021-05-22 16:50": 524,
    "2021-05-22 17:00": 523.2,
    "2021-05-22 17:10": 519.4,
    "2021-05-22 17:20": 517.8,
    "2021-05-22 17:30": 517.1,
    "2021-05-22 17:40": 520.2,
    "2021-05-22 17:50": 519.4,
    "2021-05-22 18:00": 524,
    "2021-05-22 18:10": 525.5,
    "2021-05-22 18:20": 518.6,
    "2021-05-22 18:40": 517.1,
    "2021-05-22 18:50": 517.1,
    "2021-05-22 19:10": 520.2,
    "2021-05-22 19:20": 519.4,
    "2021-05-22 19:30": 521.7,
    "2021-05-22 19:40": 520.9,
    "2021-05-22 20:00": 516.3,
    "2021-05-22 20:10": 517.8,
    "2021-05-22 20:20": 518.6,
    "2021-05-22 20:30": 520.9,
    "2021-05-22 20:40": 514.8,
    "2021-05-22 20:50": 517.8,
    "2021-05-22 21:00": 517.1,
    "2021-05-22 21:10": 514.8,
    "2021-05-22 21:20": 527.1,
    "2021-05-22 21:30": 524,
    "2021-05-22 21:40": 520.9,
    "2021-05-22 21:50": 520.2,
    "2021-05-22 22:00": 520.2,
    "2021-05-22 22:10": 520.9,
    "2021-05-22 22:20": 519.4,
    "2021-05-22 22:30": 520.2,
    "2021-05-22 22:40": 522.5,
    "2021-05-22 22:50": 519.4,
    "2021-05-22 23:00": 524,
    "2021-05-22 23:10": 521.7,
    "2021-05-22 23:20": 519.4,
    "2021-05-22 23:30": 516.3,
    "2021-05-22 23:40": 520.2,
    "2021-05-22 23:50": 517.8,
    "2021-05-23 00:00": 518.6,
    "2021-05-23 00:10": 522.5,
    "2021-05-23 00:20": 523.2,
    "2021-05-23 00:30": 520.2,
    "2021-05-23 00:40": 522.5,
    "2021-05-23 00:50": 524,
    "2021-05-23 01:00": 520.2,
    "2021-05-23 01:10": 517.8,
    "2021-05-23 01:20": 519.4,
    "2021-05-23 01:30": 523.2,
    "2021-05-23 01:40": 519.4,
    "2021-05-23 01:50": 520.9,
    "2021-05-23 02:00": 519.4,
    "2021-05-23 02:10": 520.2,
    "2021-05-23 02:20": 517.8,
    "2021-05-23 02:30": 520.9,
    "2021-05-23 02:40": 520.9,
    "2021-05-23 02:50": 520.9,
    "2021-05-23 03:00": 524,
    "2021-05-23 03:10": 519.4,
    "2021-05-23 03:20": 517.1,
    "2021-05-23 03:30": 519.4,
    "2021-05-23 03:40": 523.2,
    "2021-05-23 03:50": 522.5,
    "2021-05-23 04:10": 520.2,
    "2021-05-23 04:20": 517.8,
    "2021-05-23 04:30": 519.4,
    "2021-05-23 04:40": 520.9,
    "2021-05-23 04:50": 520.9,
    "2021-05-23 05:00": 517.8,
    "2021-05-23 05:10": 517.8,
    "2021-05-23 05:30": 517.8,
    "2021-05-23 05:40": 522.5,
    "2021-05-23 05:50": 524.8,
    "2021-05-23 06:00": 523.2,
    "2021-05-23 06:20": 521.7,
    "2021-05-23 06:30": 521.7,
    "2021-05-23 06:40": 516.3,
    "2021-05-23 06:50": 518.6,
    "2021-05-23 07:00": 525.5,
    "2021-05-23 07:10": 520.2,
    "2021-05-23 07:20": 516.3,
    "2021-05-23 07:40": 523.2,
    "2021-05-23 07:50": 517.8,
    "2021-05-23 08:00": 524.8,
    "2021-05-23 08:10": 519.4,
    "2021-05-23 08:30": 520.2,
    "2021-05-23 08:40": 515.5,
    "2021-05-23 08:50": 516.3,
    "2021-05-23 09:00": 515.5,
    "2021-05-23 09:10": 486.3,
    "2021-05-23 09:20": 471.7,
    "2021-05-23 09:30": 465.5,
    "2021-05-23 09:40": 464,
    "2021-05-23 09:50": 471.7,
    "2021-05-23 10:00": 472.4,
    "2021-05-23 10:10": 474,
    "2021-05-23 10:20": 475.5,
    "2021-05-23 10:40": 500.9,
    "2021-05-23 10:50": 513.2,
    "2021-05-23 11:00": 512.5,
    "2021-05-23 11:10": 511.7,
    "2021-05-23 11:20": 515.5,
    "2021-05-23 11:30": 514.8,
    "2021-05-23 11:50": 517.8,
    "2021-05-23 12:00": 518.6,
    "2021-05-23 12:10": 515.5,
    "2021-05-23 12:20": 516.3,
    "2021-05-23 12:30": 516.3,
    "2021-05-23 12:40": 516.3,
    "2021-05-23 12:50": 508.6,
    "2021-05-23 13:00": 510.9,
    "2021-05-23 13:10": 514,
    "2021-05-23 13:20": 511.7,
    "2021-05-23 13:30": 511.7,
    "2021-05-23 13:40": 506.3,
    "2021-05-23 13:50": 503.2,
    "2021-05-23 14:00": 507.1,
    "2021-05-23 14:10": 512.5,
    "2021-05-23 14:20": 510.1,
    "2021-05-23 14:30": 512.5,
    "2021-05-23 14:40": 511.7,
    "2021-05-23 14:50": 512.5,
    "2021-05-23 15:00": 509.4,
    "2021-05-23 15:10": 509.4,
    "2021-05-23 15:20": 511.7,
    "2021-05-23 15:30": 514.8,
    "2021-05-23 15:40": 514.8,
    "2021-05-23 15:50": 512.5,
    "2021-05-23 16:00": 514,
    "2021-05-23 16:10": 509.4,
    "2021-05-23 16:20": 518.6,
    "2021-05-23 16:30": 523.2,
    "2021-05-23 16:40": 520.2,
    "2021-05-23 16:50": 524,
    "2021-05-23 17:00": 524,
    "2021-05-23 17:10": 530.2,
    "2021-05-23 17:20": 526.3,
    "2021-05-23 17:30": 518.6,
    "2021-05-23 17:40": 516.3,
    "2021-05-23 17:50": 517.1,
    "2021-05-23 18:00": 523.2,
    "2021-05-23 18:10": 520.2,
    "2021-05-23 18:20": 518.6,
    "2021-05-23 18:30": 516.3,
    "2021-05-23 18:40": 517.1,
    "2021-05-23 18:50": 519.4,
    "2021-05-23 19:00": 522.5,
    "2021-05-23 19:10": 519.4,
    "2021-05-23 19:20": 527.8,
    "2021-05-23 19:30": 527.1,
    "2021-05-23 19:40": 524.8,
    "2021-05-23 19:50": 517.8,
    "2021-05-23 20:00": 518.6,
    "2021-05-23 20:10": 516.3,
    "2021-05-23 20:20": 524.8,
    "2021-05-23 20:30": 521.7,
    "2021-05-23 20:40": 520.2,
    "2021-05-23 20:50": 520.2,
    "2021-05-23 21:00": 523.2,
    "2021-05-23 21:10": 517.1,
    "2021-05-23 21:20": 517.1,
    "2021-05-23 21:30": 520.2,
    "2021-05-23 21:40": 523.2,
    "2021-05-23 21:50": 518.6,
    "2021-05-23 22:00": 518.6,
    "2021-05-23 22:10": 517.8,
    "2021-05-23 22:20": 514,
    "2021-05-23 22:30": 520.2,
    "2021-05-23 22:40": 519.4,
    "2021-05-23 22:50": 521.7,
    "2021-05-23 23:00": 525.5
}