{
    "2021-05-22 12:10": 11.6,
    "2021-05-22 12:20": 12.2,
    "2021-05-22 12:30": 12,
    "2021-05-22 12:40": 12,
    "2021-05-22 12:50": 12.5,
    "2021-05-22 13:00": 12.9,
    "2021-05-22 13:10": 12,
    "2021-05-22 13:20": 10.5,
    "2021-05-22 13:30": 9.6,
    "2021-05-22 13:40": 8.7,
    "2021-05-22 13:50": 9,
    "2021-05-22 14:00": 8.6,
    "2021-05-22 14:10": 8.2,
    "2021-05-22 14:20": 8.6,
    "2021-05-22 14:30": 7.4,
    "2021-05-22 14:40": 6.7,
    "2021-05-22 14:50": 5.6,
    "2021-05-22 15:00": 4.3,
    "2021-05-22 15:10": 4.2,
    "2021-05-22 15:20": 3.8,
    "2021-05-22 15:30": 3.1,
    "2021-05-22 15:40": 2.2,
    "2021-05-22 15:50": 1.4,
    "2021-05-22 16:00": 1.4,
    "2021-05-22 16:10": 1.2,
    "2021-05-22 16:20": 0.9,
    "2021-05-22 16:40": 0.9,
    "2021-05-22 16:50": 0.7,
    "2021-05-22 17:00": 0.4,
    "2021-05-22 17:10": 0.4,
    "2021-05-22 17:20": 0.2,
    "2021-05-22 17:30": 0.2,
    "2021-05-22 17:40": 0.2,
    "2021-05-22 18:00": 0.8,
    "2021-05-22 18:10": 0.9,
    "2021-05-22 18:20": 1.2,
    "2021-05-22 18:40": 0.6,
    "2021-05-22 18:50": 0.3,
    "2021-05-22 19:10": 0.1,
    "2021-05-22 19:20": 0.3,
    "2021-05-22 19:30": 0.3,
    "2021-05-22 19:40": 0.1,
    "2021-05-22 21:30": 0.3,
    "2021-05-22 21:40": 0.6,
    "2021-05-22 21:50": 0.6,
    "2021-05-22 22:00": 0.6,
    "2021-05-22 22:10": 0.6,
    "2021-05-22 22:20": 0.6,
    "2021-05-22 22:30": 1,
    "2021-05-22 22:40": 0.9,
    "2021-05-22 22:50": 0.9,
    "2021-05-22 23:00": 0.6,
    "2021-05-22 23:10": 0.1,
    "2021-05-22 23:20": 0.2,
    "2021-05-22 23:30": 0.1,
    "2021-05-22 23:40": 0.2,
    "2021-05-22 23:50": 0.2,
    "2021-05-23 00:00": 0.4,
    "2021-05-23 00:10": 0.5,
    "2021-05-23 00:20": 0.2,
    "2021-05-23 00:30": 0.1,
    "2021-05-23 00:40": 0.2,
    "2021-05-23 00:50": 0.2,
    "2021-05-23 01:00": 0.2,
    "2021-05-23 01:10": 0.2,
    "2021-05-23 01:20": 0.1,
    "2021-05-23 01:30": 0.1,
    "2021-05-23 01:40": 0.1,
    "2021-05-23 01:50": 0.1,
    "2021-05-23 02:00": 0.1,
    "2021-05-23 02:10": 0.1,
    "2021-05-23 02:20": 0.1,
    "2021-05-23 02:30": 0.1,
    "2021-05-23 02:40": 0.1,
    "2021-05-23 02:50": 0.1,
    "2021-05-23 03:00": 0.1,
    "2021-05-23 03:10": 0.1,
    "2021-05-23 03:20": 0.1,
    "2021-05-23 03:30": 0.1,
    "2021-05-23 03:40": 0.1,
    "2021-05-23 03:50": 0.1,
    "2021-05-23 04:10": 0.1,
    "2021-05-23 04:20": 0.1,
    "2021-05-23 04:30": 0.1,
    "2021-05-23 04:40": 0.1,
    "2021-05-23 04:50": 0.1,
    "2021-05-23 05:00": 0.1,
    "2021-05-23 05:10": 0.1,
    "2021-05-23 05:30": 0.1,
    "2021-05-23 05:40": 0.1,
    "2021-05-23 05:50": 0.1,
    "2021-05-23 06:00": 0.1,
    "2021-05-23 06:20": 0.1,
    "2021-05-23 06:30": 0.1,
    "2021-05-23 06:40": 0.1,
    "2021-05-23 06:50": 0.1,
    "2021-05-23 07:00": 0.1,
    "2021-05-23 07:10": 0.1,
    "2021-05-23 07:20": 0.1,
    "2021-05-23 07:40": 0.1,
    "2021-05-23 07:50": 0.3,
    "2021-05-23 08:00": 0.4,
    "2021-05-23 08:10": 0.4,
    "2021-05-23 08:30": 0.4,
    "2021-05-23 08:40": 0.4,
    "2021-05-23 08:50": 0.4,
    "2021-05-23 09:00": 0.4,
    "2021-05-23 09:10": 0.4,
    "2021-05-23 09:20": 0.4,
    "2021-05-23 09:30": 0.6,
    "2021-05-23 09:40": 1,
    "2021-05-23 09:50": 0.7,
    "2021-05-23 10:00": 0.6,
    "2021-05-23 10:10": 0.4,
    "2021-05-23 10:20": 0.4,
    "2021-05-23 10:40": 0.7,
    "2021-05-23 10:50": 1.1,
    "2021-05-23 11:00": 1.1,
    "2021-05-23 11:10": 1.2,
    "2021-05-23 11:20": 1.8,
    "2021-05-23 11:30": 2,
    "2021-05-23 11:50": 3.1,
    "2021-05-23 12:00": 4.1,
    "2021-05-23 12:10": 5,
    "2021-05-23 12:20": 4.6,
    "2021-05-23 12:30": 3.9,
    "2021-05-23 12:40": 3.6,
    "2021-05-23 12:50": 3.5,
    "2021-05-23 13:00": 4.6,
    "2021-05-23 13:10": 4.3,
    "2021-05-23 13:20": 4.5,
    "2021-05-23 13:30": 4.8,
    "2021-05-23 13:40": 4.5,
    "2021-05-23 13:50": 3.2,
    "2021-05-23 14:00": 3.2,
    "2021-05-23 14:10": 3.1,
    "2021-05-23 14:20": 2.8,
    "2021-05-23 14:30": 2.8,
    "2021-05-23 14:40": 2.8,
    "2021-05-23 14:50": 2.2,
    "2021-05-23 15:00": 1.8,
    "2021-05-23 15:10": 1.7,
    "2021-05-23 15:20": 1.7,
    "2021-05-23 15:30": 1.3,
    "2021-05-23 15:40": 1,
    "2021-05-23 15:50": 0.8,
    "2021-05-23 16:00": 0.5,
    "2021-05-23 16:10": 0.5,
    "2021-05-23 16:20": 0.5,
    "2021-05-23 16:30": 0.2,
    "2021-05-23 16:40": 0.2,
    "2021-05-23 16:50": 0.2,
    "2021-05-23 17:00": 0.2,
    "2021-05-23 17:10": 0.2,
    "2021-05-23 17:20": 0.2,
    "2021-05-23 17:30": 0.2,
    "2021-05-23 17:40": 0.2,
    "2021-05-23 17:50": 0.2,
    "2021-05-23 18:00": 0.2,
    "2021-05-23 18:10": 0.2,
    "2021-05-23 18:20": 0.4,
    "2021-05-23 18:30": 0.2,
    "2021-05-23 18:40": 0.2,
    "2021-05-23 18:50": 0.4,
    "2021-05-23 19:00": 0.4,
    "2021-05-23 19:10": 0.4,
    "2021-05-23 19:20": 0.4,
    "2021-05-23 19:30": 0.8,
    "2021-05-23 19:40": 0.7,
    "2021-05-23 19:50": 0.4,
    "2021-05-23 20:00": 0.4,
    "2021-05-23 20:10": 0.7,
    "2021-05-23 20:20": 0.7,
    "2021-05-23 20:30": 0.5,
    "2021-05-23 20:40": 0.4,
    "2021-05-23 20:50": 0.7,
    "2021-05-23 21:00": 0.4,
    "2021-05-23 21:10": 0.2,
    "2021-05-23 21:20": 0.1,
    "2021-05-23 22:00": 0.2,
    "2021-05-23 22:10": 0.2,
    "2021-05-23 22:50": 0.5,
    "2021-05-23 23:00": 0.7
}