{
    "2021-05-28 23:10": 7.3,
    "2021-05-28 23:20": 2.9,
    "2021-05-28 23:30": 2.5,
    "2021-05-28 23:40": 2.7,
    "2021-05-28 23:50": 3.7,
    "2021-05-29 00:00": 3.4,
    "2021-05-29 00:10": 3.4,
    "2021-05-29 00:20": 2.7,
    "2021-05-29 00:30": 3.7,
    "2021-05-29 01:20": 5.2,
    "2021-05-29 01:30": 5.8,
    "2021-05-29 01:40": 4.5,
    "2021-05-29 01:50": 5,
    "2021-05-29 02:00": 4.8,
    "2021-05-29 02:10": 4.8,
    "2021-05-29 02:20": 4.7,
    "2021-05-29 02:30": 4.8,
    "2021-05-29 02:40": 6.4,
    "2021-05-29 02:50": 5.2,
    "2021-05-29 03:00": 6.3,
    "2021-05-29 03:10": 8.4,
    "2021-05-29 03:20": 8.1,
    "2021-05-29 03:30": 6.3,
    "2021-05-29 03:40": 6.4,
    "2021-05-29 03:50": 6.8,
    "2021-05-29 04:00": 7.2,
    "2021-05-29 04:10": 6.8,
    "2021-05-29 04:20": 6.5,
    "2021-05-29 04:30": 5.7,
    "2021-05-29 04:40": 5.5,
    "2021-05-29 04:50": 5,
    "2021-05-29 05:00": 5.3,
    "2021-05-29 05:10": 5.5,
    "2021-05-29 05:20": 5.7,
    "2021-05-29 05:30": 4.3,
    "2021-05-29 05:40": 5.5,
    "2021-05-29 05:50": 6,
    "2021-05-29 06:00": 5.9,
    "2021-05-29 06:10": 6.2,
    "2021-05-29 06:20": 6.7,
    "2021-05-29 06:30": 5.6,
    "2021-05-29 06:40": 6.2,
    "2021-05-29 06:50": 9.6,
    "2021-05-29 07:00": 9.4,
    "2021-05-29 07:10": 8.6,
    "2021-05-29 07:20": 8.3,
    "2021-05-29 07:30": 6.8,
    "2021-05-29 07:40": 10.4,
    "2021-05-29 07:50": 13.4,
    "2021-05-29 08:00": 11.9,
    "2021-05-29 08:10": 11.1,
    "2021-05-29 08:20": 11.5,
    "2021-05-29 08:30": 15.6,
    "2021-05-29 08:40": 10.5,
    "2021-05-29 08:50": 14,
    "2021-05-29 09:00": 13.7,
    "2021-05-29 09:10": 11.1,
    "2021-05-29 09:20": 14.6,
    "2021-05-29 09:30": 15.1,
    "2021-05-29 09:40": 8,
    "2021-05-29 09:50": 5.2,
    "2021-05-29 10:00": 6.6,
    "2021-05-29 10:10": 2.2,
    "2021-05-29 10:20": 0.9,
    "2021-05-29 10:30": 4.6,
    "2021-05-29 10:40": 7.2,
    "2021-05-29 10:50": 11.3,
    "2021-05-29 11:00": 3.9,
    "2021-05-29 11:10": 3.6,
    "2021-05-29 11:20": 3.2,
    "2021-05-29 11:30": 2.3,
    "2021-05-29 11:40": 2.4,
    "2021-05-29 11:50": 2.1,
    "2021-05-29 12:00": 7.3,
    "2021-05-29 12:10": 15.1,
    "2021-05-29 12:20": 22.6,
    "2021-05-29 12:30": 28.2,
    "2021-05-29 12:40": 31.8,
    "2021-05-29 12:50": 32.5,
    "2021-05-29 13:00": 25.8,
    "2021-05-29 13:10": 27.7,
    "2021-05-29 13:20": 24.9,
    "2021-05-29 13:30": 27.8,
    "2021-05-29 13:40": 32.1,
    "2021-05-29 13:50": 16,
    "2021-05-29 14:00": 7.2,
    "2021-05-29 14:10": 1.7,
    "2021-05-29 14:20": 1.8,
    "2021-05-29 14:30": 4,
    "2021-05-29 14:40": 17.2,
    "2021-05-29 14:50": 17.9,
    "2021-05-29 15:00": 19.4,
    "2021-05-29 15:10": 15.3,
    "2021-05-29 15:20": 13.4,
    "2021-05-29 15:30": 13.5,
    "2021-05-29 15:40": 17.7,
    "2021-05-29 15:50": 19.9,
    "2021-05-29 16:00": 17.7,
    "2021-05-29 16:10": 20.3,
    "2021-05-29 16:20": 19.7,
    "2021-05-29 16:30": 19.1,
    "2021-05-29 16:40": 18.6,
    "2021-05-29 16:50": 18.4,
    "2021-05-29 17:00": 22,
    "2021-05-29 17:10": 20.3,
    "2021-05-29 17:20": 16.4,
    "2021-05-29 17:30": 19.7,
    "2021-05-29 17:40": 27.1,
    "2021-05-29 17:50": 25,
    "2021-05-29 18:00": 23.5,
    "2021-05-29 18:10": 18.5,
    "2021-05-29 18:20": 15.8,
    "2021-05-29 18:30": 10.2,
    "2021-05-29 18:40": 8.2,
    "2021-05-29 18:50": 6.9,
    "2021-05-29 19:00": 5.1,
    "2021-05-29 19:10": 4,
    "2021-05-29 19:20": 3.8,
    "2021-05-29 19:30": 4.1,
    "2021-05-29 19:40": 3.4,
    "2021-05-29 19:50": 4.5,
    "2021-05-29 20:00": 5.2,
    "2021-05-29 20:10": 6.7,
    "2021-05-29 20:20": 4.8,
    "2021-05-29 20:30": 4.9,
    "2021-05-29 20:40": 4.1,
    "2021-05-29 20:50": 4.8,
    "2021-05-29 21:00": 5,
    "2021-05-30 00:10": 8.5,
    "2021-05-30 00:20": 1.5,
    "2021-05-30 00:30": 0.9,
    "2021-05-30 00:40": 2.7,
    "2021-05-30 00:50": 3.2,
    "2021-05-30 01:00": 2,
    "2021-05-30 01:10": 0.8,
    "2021-05-30 01:20": 2.6,
    "2021-05-30 01:30": 3.8,
    "2021-05-30 01:40": 6.3,
    "2021-05-30 01:50": 6.8,
    "2021-05-30 02:00": 4.7,
    "2021-05-30 02:10": 3.9,
    "2021-05-30 02:20": 6.5,
    "2021-05-30 02:30": 7.6,
    "2021-05-30 02:40": 5.7,
    "2021-05-30 02:50": 4.1,
    "2021-05-30 03:00": 3.8,
    "2021-05-30 03:10": 3.5,
    "2021-05-30 03:20": 3.8,
    "2021-05-30 03:30": 4.1,
    "2021-05-30 03:40": 4.3,
    "2021-05-30 03:50": 2.6,
    "2021-05-30 04:00": 4.3,
    "2021-05-30 04:10": 2.4,
    "2021-05-30 04:20": 2.3,
    "2021-05-30 04:30": 2.4,
    "2021-05-30 04:40": 2.7,
    "2021-05-30 04:50": 6.9,
    "2021-05-30 05:00": 8.4,
    "2021-05-30 05:10": 2.1,
    "2021-05-30 05:20": 2.3,
    "2021-05-30 05:30": 2.4,
    "2021-05-30 05:40": 1.5,
    "2021-05-30 05:50": 1.2,
    "2021-05-30 06:00": 0.6,
    "2021-05-30 06:10": 0.2,
    "2021-05-30 06:20": 0.7,
    "2021-05-30 06:30": 2.8,
    "2021-05-30 06:40": 2.7,
    "2021-05-30 06:50": 4.6,
    "2021-05-30 07:00": 7.1,
    "2021-05-30 07:10": 7.1,
    "2021-05-30 07:20": 7.9,
    "2021-05-30 07:30": 15.1,
    "2021-05-30 07:40": 22,
    "2021-05-30 07:50": 18.4,
    "2021-05-30 08:00": 23,
    "2021-05-30 08:10": 16,
    "2021-05-30 08:20": 21.2,
    "2021-05-30 08:30": 19.8,
    "2021-05-30 08:40": 15.6,
    "2021-05-30 08:50": 17.4,
    "2021-05-30 09:00": 11.1,
    "2021-05-30 09:10": 16.7,
    "2021-05-30 09:20": 23.2,
    "2021-05-30 09:30": 22.9,
    "2021-05-30 09:40": 16.7,
    "2021-05-30 09:50": 11.5,
    "2021-05-30 10:00": 19.8,
    "2021-05-30 10:10": 15.4,
    "2021-05-30 10:20": 16.5,
    "2021-05-30 10:30": 17.9,
    "2021-05-30 10:40": 19.7,
    "2021-05-30 10:50": 20.1,
    "2021-05-30 11:00": 21.5,
    "2021-05-30 11:10": 20,
    "2021-05-30 11:20": 13.7,
    "2021-05-30 11:30": 20.1,
    "2021-05-30 11:40": 13.3,
    "2021-05-30 11:50": 16,
    "2021-05-30 12:00": 18,
    "2021-05-30 12:10": 16.4,
    "2021-05-30 12:20": 24.2,
    "2021-05-30 12:30": 11.7,
    "2021-05-30 12:40": 12.3,
    "2021-05-30 12:50": 14.5,
    "2021-05-30 13:00": 9,
    "2021-05-30 13:10": 5.5,
    "2021-05-30 13:20": 3.2,
    "2021-05-30 13:30": 1.3,
    "2021-05-30 13:40": 1.3,
    "2021-05-30 13:50": 2.5,
    "2021-05-30 14:00": 3.8,
    "2021-05-30 14:10": 2.1,
    "2021-05-30 14:20": 1.5,
    "2021-05-30 14:30": 1.6,
    "2021-05-30 14:40": 3.5,
    "2021-05-30 14:50": 7.3,
    "2021-05-30 15:00": 2,
    "2021-05-30 15:10": 4,
    "2021-05-30 15:20": 2.2,
    "2021-05-30 15:30": 3,
    "2021-05-30 15:40": 1.6,
    "2021-05-30 15:50": 2.4,
    "2021-05-30 16:00": 3.7,
    "2021-05-30 16:10": 5.5,
    "2021-05-30 16:20": 14.2,
    "2021-05-30 16:30": 17.1,
    "2021-05-30 16:40": 7.8,
    "2021-05-30 17:20": 11,
    "2021-05-30 17:30": 12.6,
    "2021-05-30 17:50": 6.9,
    "2021-05-30 18:00": 9.1,
    "2021-05-30 18:10": 4.5,
    "2021-05-30 18:20": 3.1,
    "2021-05-30 18:30": 2.1,
    "2021-05-30 18:40": 2,
    "2021-05-30 18:50": 7.6,
    "2021-05-30 19:00": 6.8,
    "2021-05-30 19:10": 3.6,
    "2021-05-30 19:20": 1.1,
    "2021-05-30 19:30": 0.4,
    "2021-05-30 19:40": 0.1,
    "2021-05-30 19:50": 0.1,
    "2021-05-30 20:00": 0.1,
    "2021-05-30 20:10": 0.1,
    "2021-05-30 20:20": 0.1,
    "2021-05-30 20:30": 0.1,
    "2021-05-30 20:40": 0.1,
    "2021-05-30 20:50": 0.1,
    "2021-05-30 21:00": 0.1,
    "2021-05-30 21:10": 0.1,
    "2021-05-30 21:20": 0.1,
    "2021-05-30 21:30": 0.1,
    "2021-05-30 21:40": 0.1,
    "2021-05-30 21:50": 0.1,
    "2021-05-30 22:00": 0.1,
    "2021-05-30 22:10": 0.1,
    "2021-05-30 22:20": 0.1,
    "2021-05-30 22:30": 0.1
}