{
    "2021-05-22 16:40": 3.2,
    "2021-05-22 16:50": 3.2,
    "2021-05-22 17:00": 3.2,
    "2021-05-22 17:10": 3.3,
    "2021-05-22 17:20": 3.2,
    "2021-05-22 17:30": 3.2,
    "2021-05-22 17:40": 3.2,
    "2021-05-22 17:50": 3.3,
    "2021-05-22 18:00": 3.2,
    "2021-05-22 18:10": 3.2,
    "2021-05-22 18:20": 3.3,
    "2021-05-22 18:40": 3.2,
    "2021-05-22 18:50": 3.3,
    "2021-05-22 19:10": 3.3,
    "2021-05-22 19:20": 3.2,
    "2021-05-22 19:30": 3.2,
    "2021-05-22 19:40": 3.2,
    "2021-05-22 20:00": 3.2,
    "2021-05-22 20:10": 3.3,
    "2021-05-22 20:20": 3.3,
    "2021-05-22 20:30": 3.3,
    "2021-05-22 20:40": 3.5,
    "2021-05-22 20:50": 3.4,
    "2021-05-22 21:00": 3.5,
    "2021-05-22 21:10": 3.5,
    "2021-05-22 21:20": 3.5,
    "2021-05-22 21:30": 3.5,
    "2021-05-22 21:40": 3.5,
    "2021-05-22 21:50": 3.4,
    "2021-05-22 22:00": 3.4,
    "2021-05-22 22:10": 3.4,
    "2021-05-22 22:20": 3.5,
    "2021-05-22 22:30": 3.4,
    "2021-05-22 22:40": 3.4,
    "2021-05-22 22:50": 3.4,
    "2021-05-22 23:00": 3.4,
    "2021-05-22 23:10": 3.4,
    "2021-05-22 23:20": 3.4,
    "2021-05-22 23:30": 3.5,
    "2021-05-22 23:40": 3.5,
    "2021-05-22 23:50": 3.4,
    "2021-05-23 00:00": 3.4,
    "2021-05-23 00:10": 3.5,
    "2021-05-23 00:20": 3.4,
    "2021-05-23 00:30": 3.4,
    "2021-05-23 00:40": 3.4,
    "2021-05-23 00:50": 3.4,
    "2021-05-23 01:00": 3.4,
    "2021-05-23 01:10": 3.5,
    "2021-05-23 01:20": 3.4,
    "2021-05-23 01:30": 3.4,
    "2021-05-23 01:40": 3.5,
    "2021-05-23 01:50": 3.4,
    "2021-05-23 02:00": 3.3,
    "2021-05-23 02:10": 3.4,
    "2021-05-23 02:20": 3.4,
    "2021-05-23 02:30": 3.5,
    "2021-05-23 02:40": 3.5,
    "2021-05-23 02:50": 3.4,
    "2021-05-23 03:00": 3.4,
    "2021-05-23 03:10": 3.4,
    "2021-05-23 03:20": 3.5,
    "2021-05-23 03:30": 3.4,
    "2021-05-23 03:40": 3.4,
    "2021-05-23 03:50": 3.4,
    "2021-05-23 04:10": 3.4,
    "2021-05-23 04:20": 3.4,
    "2021-05-23 04:30": 3.4,
    "2021-05-23 04:40": 3.4,
    "2021-05-23 04:50": 3.4,
    "2021-05-23 05:00": 3.4,
    "2021-05-23 05:10": 3.4,
    "2021-05-23 05:30": 3.4,
    "2021-05-23 05:40": 3.4,
    "2021-05-23 05:50": 3.4,
    "2021-05-23 06:00": 3.4,
    "2021-05-23 06:20": 3.4,
    "2021-05-23 06:30": 3.4,
    "2021-05-23 06:40": 3.4,
    "2021-05-23 06:50": 3.4,
    "2021-05-23 07:00": 3.4,
    "2021-05-23 07:10": 3.4,
    "2021-05-23 07:20": 3.4,
    "2021-05-23 07:40": 3.4,
    "2021-05-23 07:50": 3.4,
    "2021-05-23 08:00": 3.4,
    "2021-05-23 08:10": 3.4,
    "2021-05-23 08:30": 3.5,
    "2021-05-23 08:40": 3.4,
    "2021-05-23 08:50": 3.4,
    "2021-05-23 09:00": 3.4,
    "2021-05-23 09:10": 3.4,
    "2021-05-23 09:20": 3.4,
    "2021-05-23 09:30": 3.4,
    "2021-05-23 09:40": 3.4,
    "2021-05-23 09:50": 3.4,
    "2021-05-23 10:00": 3.5,
    "2021-05-23 10:10": 3.5,
    "2021-05-23 10:20": 3.4,
    "2021-05-23 10:40": 3.4,
    "2021-05-23 10:50": 3.4,
    "2021-05-23 11:00": 3.4,
    "2021-05-23 11:10": 3.4,
    "2021-05-23 11:20": 3.4,
    "2021-05-23 11:30": 3.5,
    "2021-05-23 11:50": 3.5,
    "2021-05-23 12:00": 3.5,
    "2021-05-23 12:10": 3.5,
    "2021-05-23 12:20": 3.4,
    "2021-05-23 12:30": 3.4,
    "2021-05-23 12:40": 3.4,
    "2021-05-23 12:50": 3,
    "2021-05-23 13:00": 3,
    "2021-05-23 13:10": 3,
    "2021-05-23 13:20": 2.9,
    "2021-05-23 13:30": 3,
    "2021-05-23 13:40": 3.2,
    "2021-05-23 13:50": 3.2,
    "2021-05-23 14:00": 3.2,
    "2021-05-23 14:10": 3.3,
    "2021-05-23 14:20": 3.3,
    "2021-05-23 14:30": 3.2,
    "2021-05-23 14:40": 3.2,
    "2021-05-23 14:50": 3.3,
    "2021-05-23 15:00": 3.3,
    "2021-05-23 15:10": 3.2,
    "2021-05-23 15:20": 3.2,
    "2021-05-23 15:30": 3.2,
    "2021-05-23 15:40": 3.2,
    "2021-05-23 15:50": 3.2,
    "2021-05-23 16:00": 3.1,
    "2021-05-23 16:10": 3,
    "2021-05-23 16:20": 3,
    "2021-05-23 16:30": 3,
    "2021-05-23 16:40": 3,
    "2021-05-23 16:50": 3,
    "2021-05-23 17:00": 3,
    "2021-05-23 17:10": 3,
    "2021-05-23 17:20": 3.1,
    "2021-05-23 17:30": 3,
    "2021-05-23 17:40": 3,
    "2021-05-23 17:50": 3,
    "2021-05-23 18:00": 3,
    "2021-05-23 18:10": 3,
    "2021-05-23 18:20": 3,
    "2021-05-23 18:30": 3,
    "2021-05-23 18:40": 3,
    "2021-05-23 18:50": 3,
    "2021-05-23 19:00": 3,
    "2021-05-23 19:10": 3.4,
    "2021-05-23 19:20": 3.3,
    "2021-05-23 19:30": 3.3,
    "2021-05-23 19:40": 3.3,
    "2021-05-23 19:50": 3.3,
    "2021-05-23 20:00": 3.3,
    "2021-05-23 20:10": 3.3,
    "2021-05-23 20:20": 3.4,
    "2021-05-23 20:30": 3.3,
    "2021-05-23 20:40": 3.3,
    "2021-05-23 20:50": 3.3,
    "2021-05-23 21:00": 3.3,
    "2021-05-23 21:10": 3.3,
    "2021-05-23 21:20": 3.3,
    "2021-05-23 21:30": 3.3,
    "2021-05-23 21:40": 3.2,
    "2021-05-23 21:50": 3.3,
    "2021-05-23 22:00": 3.3,
    "2021-05-23 22:10": 3.3,
    "2021-05-23 22:20": 3.3,
    "2021-05-23 22:30": 3.3,
    "2021-05-23 22:40": 3.3,
    "2021-05-23 22:50": 3.3,
    "2021-05-23 23:00": 3.3
}