{
    "2021-05-29 08:20": 1.4,
    "2021-05-29 08:30": 0.6,
    "2021-05-29 08:40": 2.6,
    "2021-05-29 08:50": 3.2,
    "2021-05-29 09:00": 4.3,
    "2021-05-29 09:10": 4,
    "2021-05-29 09:20": 4.5,
    "2021-05-29 09:30": 4.1,
    "2021-05-29 09:40": 1.6,
    "2021-05-29 09:50": 1.2,
    "2021-05-29 10:00": 0.3,
    "2021-05-29 10:10": 0.1,
    "2021-05-29 10:20": 0.4,
    "2021-05-29 10:30": 0.3,
    "2021-05-29 10:40": 0.2,
    "2021-05-29 10:50": 0.5,
    "2021-05-29 11:00": 0.3,
    "2021-05-29 11:10": 0.4,
    "2021-05-29 11:20": 0.3,
    "2021-05-29 11:30": 0.2,
    "2021-05-29 11:40": 0.3,
    "2021-05-29 11:50": 0.3,
    "2021-05-29 12:00": 0.5,
    "2021-05-29 12:10": 0.3,
    "2021-05-29 12:20": 0.4,
    "2021-05-29 12:30": 0.1,
    "2021-05-29 12:40": 0.1,
    "2021-05-29 12:50": 0.2,
    "2021-05-29 13:00": 0.2,
    "2021-05-29 13:10": 0.1,
    "2021-05-29 13:20": 0.2,
    "2021-05-29 13:40": 0.1,
    "2021-05-29 13:50": 0.1,
    "2021-05-29 14:00": 0.1,
    "2021-05-29 14:20": 0.4,
    "2021-05-29 14:30": 0.3,
    "2021-05-29 14:40": 0.1,
    "2021-05-29 15:20": 0.5,
    "2021-05-29 15:30": 0.1,
    "2021-05-29 15:40": 0.1,
    "2021-05-29 15:50": 0.2,
    "2021-05-29 16:00": 0.2,
    "2021-05-29 16:10": 0.6,
    "2021-05-29 16:20": 0.5,
    "2021-05-29 16:30": 1.3,
    "2021-05-29 16:40": 1,
    "2021-05-29 16:50": 1.1,
    "2021-05-29 17:00": 0.6,
    "2021-05-29 17:10": 1.2,
    "2021-05-29 17:20": 0.6,
    "2021-05-29 17:30": 1.1,
    "2021-05-29 17:40": 0.8,
    "2021-05-29 17:50": 0.4,
    "2021-05-29 18:00": 0.6,
    "2021-05-29 18:10": 0.4,
    "2021-05-29 18:20": 1.2,
    "2021-05-29 18:30": 1,
    "2021-05-29 18:40": 0.8,
    "2021-05-29 18:50": 1.3,
    "2021-05-29 19:00": 0.4,
    "2021-05-29 19:10": 0.8,
    "2021-05-29 19:20": 0.4,
    "2021-05-29 19:30": 0.2,
    "2021-05-29 19:40": 0.4,
    "2021-05-29 19:50": 0.8,
    "2021-05-29 20:00": 1.3,
    "2021-05-29 20:10": 1,
    "2021-05-29 20:20": 0.5,
    "2021-05-29 20:30": 1.2,
    "2021-05-29 20:40": 0.8,
    "2021-05-29 20:50": 0.7,
    "2021-05-29 21:00": 0.8,
    "2021-05-30 00:10": 0.3,
    "2021-05-30 00:20": 0.5,
    "2021-05-30 00:30": 0.6,
    "2021-05-30 00:40": 0.6,
    "2021-05-30 00:50": 1,
    "2021-05-30 01:00": 0.7,
    "2021-05-30 01:10": 0.7,
    "2021-05-30 01:20": 0.3,
    "2021-05-30 01:30": 0.6,
    "2021-05-30 01:40": 0.6,
    "2021-05-30 01:50": 0.3,
    "2021-05-30 02:00": 0.2,
    "2021-05-30 02:10": 0.1,
    "2021-05-30 02:30": 0.1,
    "2021-05-30 04:30": 0.2,
    "2021-05-30 04:40": 0.1,
    "2021-05-30 07:10": 0.1,
    "2021-05-30 07:20": 0.1,
    "2021-05-30 08:30": 0.1,
    "2021-05-30 08:40": 0.1,
    "2021-05-30 09:40": 0.1,
    "2021-05-30 09:50": 0.1,
    "2021-05-30 10:00": 0.1,
    "2021-05-30 10:40": 0.1,
    "2021-05-30 10:50": 0.1,
    "2021-05-30 11:10": 0.1,
    "2021-05-30 11:20": 0.1,
    "2021-05-30 11:30": 0.1,
    "2021-05-30 11:40": 0.1,
    "2021-05-30 11:50": 0.1,
    "2021-05-30 12:00": 0.3,
    "2021-05-30 12:10": 0.1,
    "2021-05-30 12:20": 0.3,
    "2021-05-30 12:30": 0.3,
    "2021-05-30 12:40": 0.1,
    "2021-05-30 12:50": 0.2,
    "2021-05-30 13:00": 0.4,
    "2021-05-30 13:10": 0.3,
    "2021-05-30 13:20": 0.1,
    "2021-05-30 13:30": 0.1,
    "2021-05-30 13:40": 0.5,
    "2021-05-30 13:50": 0.5,
    "2021-05-30 14:00": 0.3,
    "2021-05-30 14:10": 0.2,
    "2021-05-30 14:20": 0.2,
    "2021-05-30 14:30": 0.1,
    "2021-05-30 14:40": 0.1,
    "2021-05-30 15:00": 0.1,
    "2021-05-30 15:10": 0.1,
    "2021-05-30 15:30": 0.1,
    "2021-05-30 15:40": 0.1,
    "2021-05-30 15:50": 0.2,
    "2021-05-30 16:00": 0.1,
    "2021-05-30 16:10": 0.1,
    "2021-05-30 16:20": 0.2,
    "2021-05-30 16:30": 0.3,
    "2021-05-30 16:40": 0.2,
    "2021-05-30 17:20": 1.4,
    "2021-05-30 17:30": 0.8,
    "2021-05-30 17:50": 0.7,
    "2021-05-30 18:00": 0.8,
    "2021-05-30 18:10": 0.8,
    "2021-05-30 18:20": 0.9,
    "2021-05-30 18:30": 0.8,
    "2021-05-30 18:40": 0.8,
    "2021-05-30 18:50": 0.2,
    "2021-05-30 21:40": 0.2,
    "2021-05-30 21:50": 0.2,
    "2021-05-30 22:00": 0.2,
    "2021-05-30 22:10": 0.1,
    "2021-05-30 22:20": 0.1,
    "2021-05-30 22:30": 0.2
}