{
    "2021-05-28 23:10": 0.1,
    "2021-05-28 23:20": 0.2,
    "2021-05-29 03:10": 0.1,
    "2021-05-29 04:40": 0.1,
    "2021-05-29 08:30": 0.1,
    "2021-05-29 08:40": 2.2,
    "2021-05-29 08:50": 4.1,
    "2021-05-29 09:00": 4.7,
    "2021-05-29 09:10": 8.4,
    "2021-05-29 09:20": 9.1,
    "2021-05-29 09:30": 7.1,
    "2021-05-29 09:40": 5.7,
    "2021-05-29 09:50": 5.8,
    "2021-05-29 10:00": 2.4,
    "2021-05-29 10:10": 1.1,
    "2021-05-29 10:20": 0.2,
    "2021-05-29 10:30": 0.1,
    "2021-05-29 12:00": 0.1,
    "2021-05-29 12:10": 0.3,
    "2021-05-29 12:20": 1.3,
    "2021-05-29 12:30": 1.4,
    "2021-05-29 12:40": 2.2,
    "2021-05-29 12:50": 0.9,
    "2021-05-29 13:00": 1.1,
    "2021-05-29 13:10": 0.4,
    "2021-05-29 13:20": 1.1,
    "2021-05-29 13:30": 0.3,
    "2021-05-29 13:40": 0.3,
    "2021-05-29 13:50": 2.4,
    "2021-05-29 14:00": 6.1,
    "2021-05-29 14:10": 11.7,
    "2021-05-29 14:20": 10.8,
    "2021-05-29 14:30": 5.6,
    "2021-05-29 14:40": 2.6,
    "2021-05-29 14:50": 4.5,
    "2021-05-29 15:00": 4.9,
    "2021-05-29 15:10": 9.4,
    "2021-05-29 15:20": 9.6,
    "2021-05-29 15:30": 6.7,
    "2021-05-29 15:40": 6.1,
    "2021-05-29 15:50": 7.4,
    "2021-05-29 16:00": 6,
    "2021-05-29 16:10": 9.6,
    "2021-05-29 16:20": 8.3,
    "2021-05-29 16:30": 10.5,
    "2021-05-29 16:40": 9.4,
    "2021-05-29 16:50": 12,
    "2021-05-29 17:00": 10,
    "2021-05-29 17:10": 10.5,
    "2021-05-29 17:20": 10.3,
    "2021-05-29 17:30": 8.5,
    "2021-05-29 17:40": 7.5,
    "2021-05-29 17:50": 10.8,
    "2021-05-29 18:00": 13.2,
    "2021-05-29 18:10": 13.6,
    "2021-05-29 18:20": 12.9,
    "2021-05-29 18:30": 10.7,
    "2021-05-29 18:40": 11.5,
    "2021-05-29 18:50": 8.6,
    "2021-05-29 19:00": 9.8,
    "2021-05-29 19:10": 5.2,
    "2021-05-29 19:20": 6.6,
    "2021-05-29 19:30": 6.4,
    "2021-05-29 19:40": 7.5,
    "2021-05-29 19:50": 7.6,
    "2021-05-29 20:00": 8.3,
    "2021-05-29 20:10": 10,
    "2021-05-29 20:20": 11.1,
    "2021-05-29 20:30": 10.5,
    "2021-05-29 20:40": 9.4,
    "2021-05-29 20:50": 8.8,
    "2021-05-29 21:00": 8,
    "2021-05-30 00:10": 8.2,
    "2021-05-30 00:20": 10.6,
    "2021-05-30 00:30": 10,
    "2021-05-30 00:40": 10.9,
    "2021-05-30 00:50": 10.3,
    "2021-05-30 01:00": 7.6,
    "2021-05-30 01:10": 8.2,
    "2021-05-30 01:20": 8.4,
    "2021-05-30 01:30": 4.9,
    "2021-05-30 01:40": 3.9,
    "2021-05-30 01:50": 2.3,
    "2021-05-30 02:00": 1.4,
    "2021-05-30 02:10": 0.9,
    "2021-05-30 02:20": 0.6,
    "2021-05-30 02:30": 0.2,
    "2021-05-30 02:40": 0.2,
    "2021-05-30 02:50": 0.2,
    "2021-05-30 03:00": 0.1,
    "2021-05-30 03:10": 0.2,
    "2021-05-30 04:10": 0.5,
    "2021-05-30 04:20": 1.6,
    "2021-05-30 04:30": 0.4,
    "2021-05-30 04:50": 0.3,
    "2021-05-30 05:50": 0.1,
    "2021-05-30 06:00": 0.1,
    "2021-05-30 07:20": 0.2,
    "2021-05-30 07:30": 0.3,
    "2021-05-30 07:40": 0.2,
    "2021-05-30 07:50": 0.4,
    "2021-05-30 08:00": 0.1,
    "2021-05-30 08:20": 0.3,
    "2021-05-30 08:30": 1.3,
    "2021-05-30 08:40": 1.1,
    "2021-05-30 08:50": 1.2,
    "2021-05-30 09:00": 1.8,
    "2021-05-30 09:10": 3.4,
    "2021-05-30 09:20": 2.7,
    "2021-05-30 09:30": 2.2,
    "2021-05-30 09:40": 2,
    "2021-05-30 09:50": 1.6,
    "2021-05-30 10:00": 1.8,
    "2021-05-30 10:10": 1.5,
    "2021-05-30 10:20": 1.4,
    "2021-05-30 10:30": 1.6,
    "2021-05-30 10:40": 2.4,
    "2021-05-30 10:50": 2.2,
    "2021-05-30 11:00": 2.3,
    "2021-05-30 11:10": 2.8,
    "2021-05-30 11:20": 3,
    "2021-05-30 11:30": 1.8,
    "2021-05-30 11:40": 1.8,
    "2021-05-30 11:50": 2.6,
    "2021-05-30 12:00": 2,
    "2021-05-30 12:10": 0.4,
    "2021-05-30 12:20": 0.2,
    "2021-05-30 12:30": 0.4,
    "2021-05-30 12:40": 1.9,
    "2021-05-30 12:50": 6.4,
    "2021-05-30 13:00": 10.8,
    "2021-05-30 13:10": 14.5,
    "2021-05-30 13:20": 11.1,
    "2021-05-30 13:30": 8.1,
    "2021-05-30 13:40": 7,
    "2021-05-30 13:50": 5.6,
    "2021-05-30 14:00": 7,
    "2021-05-30 14:10": 6.2,
    "2021-05-30 14:20": 6.2,
    "2021-05-30 14:30": 5.4,
    "2021-05-30 14:40": 4.6,
    "2021-05-30 14:50": 2.1,
    "2021-05-30 15:00": 3.7,
    "2021-05-30 15:10": 4.6,
    "2021-05-30 15:20": 10.7,
    "2021-05-30 15:30": 8.9,
    "2021-05-30 15:40": 5.8,
    "2021-05-30 15:50": 4.3,
    "2021-05-30 16:00": 4.2,
    "2021-05-30 16:10": 3,
    "2021-05-30 16:20": 1.8,
    "2021-05-30 16:30": 2.1,
    "2021-05-30 16:40": 1.9,
    "2021-05-30 17:20": 10.6,
    "2021-05-30 17:30": 7.6,
    "2021-05-30 17:50": 7.9,
    "2021-05-30 18:00": 8.5,
    "2021-05-30 18:10": 10.6,
    "2021-05-30 18:20": 9.7,
    "2021-05-30 18:30": 7.8,
    "2021-05-30 18:40": 6.4,
    "2021-05-30 18:50": 4.8,
    "2021-05-30 19:00": 5.8,
    "2021-05-30 19:10": 5.9,
    "2021-05-30 19:20": 6,
    "2021-05-30 19:30": 5.3,
    "2021-05-30 19:40": 3.9,
    "2021-05-30 19:50": 2.8,
    "2021-05-30 20:00": 3.9,
    "2021-05-30 20:10": 3.3,
    "2021-05-30 20:20": 3.1,
    "2021-05-30 20:30": 2.5,
    "2021-05-30 20:40": 2,
    "2021-05-30 20:50": 2.6,
    "2021-05-30 21:00": 2.1,
    "2021-05-30 21:10": 1,
    "2021-05-30 21:20": 0.8,
    "2021-05-30 21:30": 2.2,
    "2021-05-30 21:40": 3.3,
    "2021-05-30 21:50": 1.4,
    "2021-05-30 22:00": 1.1,
    "2021-05-30 22:30": 1.5
}