{
    "2021-05-22 12:10": 28.8,
    "2021-05-22 12:20": 26.8,
    "2021-05-22 12:30": 26.4,
    "2021-05-22 12:40": 29.1,
    "2021-05-22 12:50": 28.9,
    "2021-05-22 13:00": 26.3,
    "2021-05-22 13:10": 27.9,
    "2021-05-22 13:20": 29.7,
    "2021-05-22 13:30": 28.6,
    "2021-05-22 13:40": 25.9,
    "2021-05-22 13:50": 23.3,
    "2021-05-22 14:00": 20.2,
    "2021-05-22 14:10": 15.7,
    "2021-05-22 14:20": 11,
    "2021-05-22 14:30": 9.4,
    "2021-05-22 14:40": 7.2,
    "2021-05-22 14:50": 4.5,
    "2021-05-22 15:00": 5,
    "2021-05-22 15:10": 2.9,
    "2021-05-22 15:20": 2.4,
    "2021-05-22 15:30": 2.5,
    "2021-05-22 15:40": 2.2,
    "2021-05-22 15:50": 1,
    "2021-05-22 16:00": 0.8,
    "2021-05-22 16:10": 0.8,
    "2021-05-22 16:20": 0.5,
    "2021-05-22 16:40": 0.5,
    "2021-05-22 16:50": 0.4,
    "2021-05-22 17:00": 0.4,
    "2021-05-22 17:10": 0.4,
    "2021-05-22 17:20": 0.4,
    "2021-05-22 17:30": 0.4,
    "2021-05-22 17:40": 0.4,
    "2021-05-22 17:50": 0.4,
    "2021-05-22 18:00": 0.1,
    "2021-05-22 18:10": 0.1,
    "2021-05-22 18:20": 0.1,
    "2021-05-22 18:40": 0.4,
    "2021-05-22 18:50": 0.4,
    "2021-05-22 19:10": 0.4,
    "2021-05-22 19:20": 0.4,
    "2021-05-22 19:30": 0.4,
    "2021-05-22 19:40": 0.6,
    "2021-05-22 20:00": 0.6,
    "2021-05-22 20:10": 1.1,
    "2021-05-22 20:20": 1.1,
    "2021-05-22 20:30": 1.4,
    "2021-05-22 20:40": 1.8,
    "2021-05-22 20:50": 3.9,
    "2021-05-22 21:00": 3.4,
    "2021-05-22 21:10": 3.1,
    "2021-05-22 21:20": 2.9,
    "2021-05-22 21:30": 3,
    "2021-05-22 21:40": 2.1,
    "2021-05-22 21:50": 2.9,
    "2021-05-22 22:00": 2.5,
    "2021-05-22 22:10": 2,
    "2021-05-22 22:20": 1.5,
    "2021-05-22 22:30": 1.3,
    "2021-05-22 22:40": 1.5,
    "2021-05-22 22:50": 1.2,
    "2021-05-22 23:00": 1,
    "2021-05-22 23:10": 1,
    "2021-05-22 23:20": 1,
    "2021-05-22 23:30": 0.7,
    "2021-05-22 23:40": 0.7,
    "2021-05-22 23:50": 0.7,
    "2021-05-23 00:00": 0.7,
    "2021-05-23 00:10": 0.5,
    "2021-05-23 00:20": 0.5,
    "2021-05-23 00:30": 0.2,
    "2021-05-23 00:40": 0.2,
    "2021-05-23 00:50": 0.2,
    "2021-05-23 01:00": 0.2,
    "2021-05-23 01:10": 0.2,
    "2021-05-23 01:20": 0.2,
    "2021-05-23 01:30": 0.5,
    "2021-05-23 01:40": 0.2,
    "2021-05-23 01:50": 0.2,
    "2021-05-23 02:00": 0.2,
    "2021-05-23 10:40": 0.5,
    "2021-05-23 10:50": 1,
    "2021-05-23 11:00": 1,
    "2021-05-23 11:10": 0.8,
    "2021-05-23 11:20": 0.9,
    "2021-05-23 11:30": 0.9,
    "2021-05-23 11:50": 0.4,
    "2021-05-23 12:00": 0.2,
    "2021-05-23 12:10": 0.2,
    "2021-05-23 12:20": 0.4,
    "2021-05-23 12:30": 0.2,
    "2021-05-23 12:40": 0.2,
    "2021-05-23 12:50": 0.2,
    "2021-05-23 13:00": 0.2,
    "2021-05-23 13:10": 0.2,
    "2021-05-23 14:00": 0.2,
    "2021-05-23 14:10": 0.5,
    "2021-05-23 14:20": 1,
    "2021-05-23 14:30": 0.8,
    "2021-05-23 14:40": 0.8,
    "2021-05-23 14:50": 0.9,
    "2021-05-23 15:00": 0.9,
    "2021-05-23 15:10": 0.8,
    "2021-05-23 15:20": 1.1,
    "2021-05-23 15:30": 2.1,
    "2021-05-23 15:40": 1.4,
    "2021-05-23 15:50": 1.1,
    "2021-05-23 16:00": 1.4,
    "2021-05-23 16:10": 1.4,
    "2021-05-23 16:20": 1.4,
    "2021-05-23 16:30": 1.2,
    "2021-05-23 16:40": 0.9,
    "2021-05-23 16:50": 1.6,
    "2021-05-23 17:00": 1.1,
    "2021-05-23 17:10": 1.1,
    "2021-05-23 17:20": 0.6,
    "2021-05-23 17:30": 0.9,
    "2021-05-23 17:40": 0.4,
    "2021-05-23 17:50": 0.7,
    "2021-05-23 18:00": 0.5,
    "2021-05-23 18:10": 0.5,
    "2021-05-23 18:20": 0.5,
    "2021-05-23 18:30": 0.2,
    "2021-05-23 18:40": 0.5,
    "2021-05-23 18:50": 0.3,
    "2021-05-23 19:00": 0.3,
    "2021-05-23 19:10": 0.3,
    "2021-05-23 19:20": 0.3,
    "2021-05-23 19:30": 0.3,
    "2021-05-23 19:40": 0.3,
    "2021-05-23 19:50": 0.3,
    "2021-05-23 20:00": 0.5,
    "2021-05-23 20:10": 0.3,
    "2021-05-23 20:20": 0.3,
    "2021-05-23 20:30": 0.3,
    "2021-05-23 20:40": 0.1,
    "2021-05-23 20:50": 0.3,
    "2021-05-23 21:00": 0.3,
    "2021-05-23 21:10": 0.3,
    "2021-05-23 21:20": 0.1,
    "2021-05-23 21:30": 0.1,
    "2021-05-23 21:40": 0.1,
    "2021-05-23 21:50": 0.1,
    "2021-05-23 22:00": 0.1,
    "2021-05-23 22:10": 0.1,
    "2021-05-23 22:20": 0.3,
    "2021-05-23 22:30": 0.3,
    "2021-05-23 22:40": 0.3,
    "2021-05-23 23:00": 0
}