{
    "2021-05-28 23:10": 14.5,
    "2021-05-28 23:20": 14.3,
    "2021-05-28 23:30": 16.1,
    "2021-05-28 23:40": 12.1,
    "2021-05-28 23:50": 15,
    "2021-05-29 00:00": 16.3,
    "2021-05-29 00:10": 13.9,
    "2021-05-29 00:20": 16,
    "2021-05-29 00:30": 13.4,
    "2021-05-29 01:20": 13.9,
    "2021-05-29 01:30": 15.8,
    "2021-05-29 01:40": 15.7,
    "2021-05-29 01:50": 16,
    "2021-05-29 02:00": 14,
    "2021-05-29 02:10": 13.8,
    "2021-05-29 02:20": 14.2,
    "2021-05-29 02:30": 14.3,
    "2021-05-29 02:40": 14.8,
    "2021-05-29 02:50": 13.4,
    "2021-05-29 03:00": 15.5,
    "2021-05-29 03:10": 16.6,
    "2021-05-29 03:20": 16.2,
    "2021-05-29 03:30": 16.3,
    "2021-05-29 03:40": 15,
    "2021-05-29 03:50": 14.8,
    "2021-05-29 04:00": 15.5,
    "2021-05-29 04:10": 13.2,
    "2021-05-29 04:20": 13.8,
    "2021-05-29 04:30": 13.6,
    "2021-05-29 04:40": 16.3,
    "2021-05-29 04:50": 13.3,
    "2021-05-29 05:00": 14.7,
    "2021-05-29 05:10": 17.3,
    "2021-05-29 05:20": 15,
    "2021-05-29 05:30": 17.3,
    "2021-05-29 05:40": 16.3,
    "2021-05-29 05:50": 15,
    "2021-05-29 06:00": 15.6,
    "2021-05-29 06:10": 15.1,
    "2021-05-29 06:20": 13.9,
    "2021-05-29 06:30": 16,
    "2021-05-29 06:40": 13.6,
    "2021-05-29 06:50": 14.3,
    "2021-05-29 07:00": 14.5,
    "2021-05-29 07:10": 15.6,
    "2021-05-29 07:20": 14.2,
    "2021-05-29 07:30": 15.2,
    "2021-05-29 07:40": 14.6,
    "2021-05-29 07:50": 13.3,
    "2021-05-29 08:00": 16.5,
    "2021-05-29 08:10": 13.9,
    "2021-05-29 08:20": 15.1,
    "2021-05-29 08:30": 14.3,
    "2021-05-29 08:40": 17.5,
    "2021-05-29 08:50": 17.8,
    "2021-05-29 09:00": 13.9,
    "2021-05-29 09:10": 14.8,
    "2021-05-29 09:20": 18.7,
    "2021-05-29 09:30": 18.6,
    "2021-05-29 09:40": 18.1,
    "2021-05-29 09:50": 18.1,
    "2021-05-29 10:00": 17.2,
    "2021-05-29 10:10": 19.2,
    "2021-05-29 10:20": 23.7,
    "2021-05-29 10:30": 19.3,
    "2021-05-29 10:40": 13.6,
    "2021-05-29 10:50": 20.4,
    "2021-05-29 11:00": 15,
    "2021-05-29 11:10": 19.6,
    "2021-05-29 11:20": 19.7,
    "2021-05-29 11:30": 17.5,
    "2021-05-29 11:40": 16.2,
    "2021-05-29 11:50": 18.1,
    "2021-05-29 12:00": 18.1,
    "2021-05-29 12:10": 16.4,
    "2021-05-29 12:20": 17.7,
    "2021-05-29 12:30": 16.8,
    "2021-05-29 12:40": 18.2,
    "2021-05-29 12:50": 18.1,
    "2021-05-29 13:00": 17.8,
    "2021-05-29 13:10": 19.2,
    "2021-05-29 13:20": 15.5,
    "2021-05-29 13:30": 16.3,
    "2021-05-29 13:40": 17,
    "2021-05-29 13:50": 16.6,
    "2021-05-29 14:00": 15.1,
    "2021-05-29 14:10": 17.8,
    "2021-05-29 14:20": 17.4,
    "2021-05-29 14:30": 18.1,
    "2021-05-29 14:40": 15.7,
    "2021-05-29 14:50": 19.7,
    "2021-05-29 15:00": 17.9,
    "2021-05-29 15:10": 18.5,
    "2021-05-29 15:20": 17.8,
    "2021-05-29 15:30": 17.4,
    "2021-05-29 15:40": 17.7,
    "2021-05-29 15:50": 20.3,
    "2021-05-29 16:00": 17.8,
    "2021-05-29 16:10": 16.7,
    "2021-05-29 16:20": 17.7,
    "2021-05-29 16:30": 19.8,
    "2021-05-29 16:40": 18.4,
    "2021-05-29 16:50": 18.6,
    "2021-05-29 17:00": 16.8,
    "2021-05-29 17:10": 18.5,
    "2021-05-29 17:20": 18.9,
    "2021-05-29 17:30": 17.6,
    "2021-05-29 17:40": 20,
    "2021-05-29 17:50": 16.2,
    "2021-05-29 18:00": 16.9,
    "2021-05-29 18:10": 17.3,
    "2021-05-29 18:20": 17.8,
    "2021-05-29 18:30": 19.4,
    "2021-05-29 18:40": 19.6,
    "2021-05-29 18:50": 16.3,
    "2021-05-29 19:00": 18.5,
    "2021-05-29 19:10": 19,
    "2021-05-29 19:20": 18.6,
    "2021-05-29 19:30": 17.6,
    "2021-05-29 19:40": 19.8,
    "2021-05-29 19:50": 18.6,
    "2021-05-29 20:00": 19,
    "2021-05-29 20:10": 19.2,
    "2021-05-29 20:20": 19.5,
    "2021-05-29 20:30": 16.6,
    "2021-05-29 20:40": 18.5,
    "2021-05-29 20:50": 18.6,
    "2021-05-29 21:00": 17.5,
    "2021-05-30 00:10": 17.9,
    "2021-05-30 00:20": 18.1,
    "2021-05-30 00:30": 16.2,
    "2021-05-30 00:40": 17.2,
    "2021-05-30 00:50": 15.4,
    "2021-05-30 01:00": 16.6,
    "2021-05-30 01:10": 15.2,
    "2021-05-30 01:20": 15.5,
    "2021-05-30 01:30": 18.5,
    "2021-05-30 01:40": 17.2,
    "2021-05-30 01:50": 14.5,
    "2021-05-30 02:00": 18,
    "2021-05-30 02:10": 17.8,
    "2021-05-30 02:20": 10.4,
    "2021-05-30 02:30": 9.9,
    "2021-05-30 02:40": 9.5,
    "2021-05-30 22:30": 0
}