{
    "2021-05-30 06:00": 9.7,
    "2021-05-30 06:10": 11,
    "2021-05-30 06:20": 12.2,
    "2021-05-30 06:30": 10,
    "2021-05-30 06:40": 5.7,
    "2021-05-30 06:50": 6.3,
    "2021-05-30 07:00": 7.7,
    "2021-05-30 07:10": 8.1,
    "2021-05-30 07:20": 7.3,
    "2021-05-30 07:30": 7.2,
    "2021-05-30 07:40": 5.7,
    "2021-05-30 07:50": 6,
    "2021-05-30 08:00": 9,
    "2021-05-30 08:10": 7.5,
    "2021-05-30 08:20": 7,
    "2021-05-30 08:30": 5.2,
    "2021-05-30 08:40": 7.8,
    "2021-05-30 08:50": 5.6,
    "2021-05-30 09:00": 8.1,
    "2021-05-30 09:10": 8.1,
    "2021-05-30 09:20": 9.5,
    "2021-05-30 09:30": 8.1,
    "2021-05-30 09:40": 7.5,
    "2021-05-30 09:50": 9.4,
    "2021-05-30 10:00": 9.8,
    "2021-05-30 10:10": 8.1,
    "2021-05-30 10:20": 7.2,
    "2021-05-30 10:30": 5.8,
    "2021-05-30 10:40": 7.1,
    "2021-05-30 10:50": 7.2,
    "2021-05-30 11:00": 7.9,
    "2021-05-30 11:10": 9.9,
    "2021-05-30 11:20": 9.9,
    "2021-05-30 11:30": 6.7,
    "2021-05-30 11:40": 8.2,
    "2021-05-30 11:50": 8.1,
    "2021-05-30 12:00": 8.2,
    "2021-05-30 12:10": 8.4,
    "2021-05-30 12:20": 7.8,
    "2021-05-30 12:30": 6,
    "2021-05-30 12:40": 9.6,
    "2021-05-30 12:50": 6,
    "2021-05-30 13:00": 8.8,
    "2021-05-30 13:10": 7.1,
    "2021-05-30 13:20": 6.9,
    "2021-05-30 13:30": 8.4,
    "2021-05-30 13:40": 6.9,
    "2021-05-30 13:50": 8.9,
    "2021-05-30 14:00": 9.9,
    "2021-05-30 14:10": 9.5,
    "2021-05-30 14:20": 7,
    "2021-05-30 14:30": 6.5,
    "2021-05-30 14:40": 10.6,
    "2021-05-30 14:50": 9,
    "2021-05-30 15:00": 7.5,
    "2021-05-30 15:10": 7.2,
    "2021-05-30 15:20": 5.2,
    "2021-05-30 15:30": 7,
    "2021-05-30 15:40": 7.9,
    "2021-05-30 15:50": 8.5,
    "2021-05-30 16:00": 6.7,
    "2021-05-30 16:10": 7.3,
    "2021-05-30 16:20": 8,
    "2021-05-30 16:30": 8.1,
    "2021-05-30 16:40": 9.5,
    "2021-05-30 17:20": 7,
    "2021-05-30 22:30": 0
}