{
    "2021-05-28 23:10": 487.3,
    "2021-05-28 23:20": 487.5,
    "2021-05-28 23:30": 486.4,
    "2021-05-28 23:40": 446.5,
    "2021-05-28 23:50": 188.3,
    "2021-05-29 00:00": 2.8,
    "2021-05-30 08:40": 0.4,
    "2021-05-30 08:50": 67.3,
    "2021-05-30 09:00": 66.5,
    "2021-05-30 09:10": 66,
    "2021-05-30 09:20": 65.8,
    "2021-05-30 09:30": 65.3,
    "2021-05-30 09:40": 65.5,
    "2021-05-30 09:50": 74.7,
    "2021-05-30 10:00": 75.5,
    "2021-05-30 10:10": 105.6,
    "2021-05-30 10:20": 120,
    "2021-05-30 10:30": 123.8,
    "2021-05-30 10:40": 129,
    "2021-05-30 10:50": 145.6,
    "2021-05-30 11:00": 149.8,
    "2021-05-30 11:10": 151.9,
    "2021-05-30 11:20": 151.5,
    "2021-05-30 11:30": 173.3,
    "2021-05-30 11:40": 173.7,
    "2021-05-30 11:50": 172.3,
    "2021-05-30 12:00": 172.6,
    "2021-05-30 12:10": 200.6,
    "2021-05-30 12:20": 199.1,
    "2021-05-30 12:30": 199.2,
    "2021-05-30 12:40": 199.2,
    "2021-05-30 12:50": 199.7,
    "2021-05-30 13:00": 199.4,
    "2021-05-30 13:10": 199.3,
    "2021-05-30 13:20": 200.2,
    "2021-05-30 13:30": 199.6,
    "2021-05-30 13:40": 214,
    "2021-05-30 13:50": 213.3,
    "2021-05-30 14:00": 214.4,
    "2021-05-30 14:10": 228.1,
    "2021-05-30 14:20": 229.3,
    "2021-05-30 14:30": 228.9,
    "2021-05-30 14:40": 232.6,
    "2021-05-30 14:50": 230.6,
    "2021-05-30 15:00": 237.7,
    "2021-05-30 15:10": 245.2,
    "2021-05-30 15:20": 247.1,
    "2021-05-30 15:30": 245.5,
    "2021-05-30 15:40": 247.7,
    "2021-05-30 15:50": 248.7,
    "2021-05-30 16:00": 246.2,
    "2021-05-30 16:10": 246.1,
    "2021-05-30 16:20": 245.3,
    "2021-05-30 16:30": 246.6,
    "2021-05-30 16:40": 246,
    "2021-05-30 17:20": 210.1,
    "2021-05-30 17:30": 238.8,
    "2021-05-30 17:50": 244.5,
    "2021-05-30 18:00": 245.3,
    "2021-05-30 18:10": 241.2,
    "2021-05-30 18:20": 241.8,
    "2021-05-30 18:30": 242.7,
    "2021-05-30 18:40": 333.1,
    "2021-05-30 18:50": 250.3,
    "2021-05-30 19:00": 250.1,
    "2021-05-30 19:10": 249,
    "2021-05-30 19:20": 361.2,
    "2021-05-30 19:30": 463.1,
    "2021-05-30 19:40": 488,
    "2021-05-30 19:50": 501.6,
    "2021-05-30 20:00": 503.3,
    "2021-05-30 20:10": 505.4,
    "2021-05-30 20:20": 503.8,
    "2021-05-30 20:30": 502.1,
    "2021-05-30 20:40": 503.4,
    "2021-05-30 20:50": 477.1,
    "2021-05-30 21:00": 446.4,
    "2021-05-30 21:10": 446.4,
    "2021-05-30 21:20": 447.4,
    "2021-05-30 21:30": 445.4,
    "2021-05-30 21:40": 293.4,
    "2021-05-30 21:50": 46,
    "2021-05-30 22:30": 0
}