{
    "2021-05-23 11:00": 28.9,
    "2021-05-23 11:10": 50.6,
    "2021-05-23 11:20": 49.7,
    "2021-05-23 11:30": 49.4,
    "2021-05-23 11:50": 46.4,
    "2021-05-23 12:00": 57,
    "2021-05-23 12:10": 112.3,
    "2021-05-23 12:20": 139.6,
    "2021-05-23 12:30": 381,
    "2021-05-23 12:40": 442.9,
    "2021-05-23 12:50": 452.5,
    "2021-05-23 13:00": 426.1,
    "2021-05-23 13:10": 411.9,
    "2021-05-23 13:20": 413.7,
    "2021-05-23 13:30": 411.6,
    "2021-05-23 13:40": 412.2,
    "2021-05-23 13:50": 417.3,
    "2021-05-23 14:00": 420.2,
    "2021-05-23 14:10": 426.8,
    "2021-05-23 14:20": 432.1,
    "2021-05-23 14:30": 439.4,
    "2021-05-23 14:40": 440.2,
    "2021-05-23 14:50": 441.1,
    "2021-05-23 15:00": 447.2,
    "2021-05-23 15:10": 450.1,
    "2021-05-23 15:20": 452.4,
    "2021-05-23 15:30": 457,
    "2021-05-23 15:40": 457.3,
    "2021-05-23 15:50": 462.9,
    "2021-05-23 16:00": 466.3,
    "2021-05-23 16:10": 466.4,
    "2021-05-23 16:20": 467.6,
    "2021-05-23 16:30": 470.1,
    "2021-05-23 16:40": 468.2,
    "2021-05-23 16:50": 444.6,
    "2021-05-23 17:00": 445.9,
    "2021-05-23 17:10": 446.1,
    "2021-05-23 17:20": 446.5,
    "2021-05-23 17:30": 446.1,
    "2021-05-23 17:40": 447.2,
    "2021-05-23 17:50": 447.1,
    "2021-05-23 18:00": 446.6,
    "2021-05-23 18:10": 446.7,
    "2021-05-23 18:20": 445.7,
    "2021-05-23 18:30": 447.1,
    "2021-05-23 18:40": 445.7,
    "2021-05-23 18:50": 444.9,
    "2021-05-23 19:00": 466.7,
    "2021-05-23 19:10": 479.4,
    "2021-05-23 19:20": 478.5,
    "2021-05-23 19:30": 480.9,
    "2021-05-23 19:40": 394.5,
    "2021-05-23 19:50": 396.1,
    "2021-05-23 20:00": 448,
    "2021-05-23 20:10": 465.6,
    "2021-05-23 20:20": 476.7,
    "2021-05-23 20:30": 481.8,
    "2021-05-23 20:40": 484,
    "2021-05-23 20:50": 482.6,
    "2021-05-23 21:00": 485.1,
    "2021-05-23 21:10": 484.8,
    "2021-05-23 21:20": 485.1,
    "2021-05-23 21:30": 485.8,
    "2021-05-23 21:40": 484.3,
    "2021-05-23 21:50": 484.8,
    "2021-05-23 22:00": 483.4,
    "2021-05-23 22:10": 487.6,
    "2021-05-23 22:20": 487,
    "2021-05-23 22:30": 487.5,
    "2021-05-23 22:40": 487.8,
    "2021-05-23 22:50": 487,
    "2021-05-23 23:00": 486.4
}