{
    "2021-05-28 23:10": 348.1,
    "2021-05-28 23:20": 348.4,
    "2021-05-28 23:30": 347,
    "2021-05-28 23:40": 347.3,
    "2021-05-28 23:50": 347.2,
    "2021-05-29 00:00": 347.5,
    "2021-05-29 00:10": 346.7,
    "2021-05-29 00:20": 347.6,
    "2021-05-29 00:30": 346.5,
    "2021-05-29 01:20": 345.7,
    "2021-05-29 01:30": 345.1,
    "2021-05-29 01:40": 345.9,
    "2021-05-29 01:50": 345.3,
    "2021-05-29 02:00": 346,
    "2021-05-29 02:10": 344.9,
    "2021-05-29 02:20": 345.4,
    "2021-05-29 02:30": 343.4,
    "2021-05-29 02:40": 345.4,
    "2021-05-29 02:50": 346,
    "2021-05-29 03:00": 346.8,
    "2021-05-29 03:10": 346,
    "2021-05-29 03:20": 346.4,
    "2021-05-29 03:30": 345.7,
    "2021-05-29 03:40": 345.7,
    "2021-05-29 03:50": 345.1,
    "2021-05-29 04:00": 346.8,
    "2021-05-29 04:10": 347.1,
    "2021-05-29 04:20": 346,
    "2021-05-29 04:30": 347,
    "2021-05-29 04:40": 346.7,
    "2021-05-29 04:50": 346,
    "2021-05-29 05:00": 344.2,
    "2021-05-29 05:10": 345.1,
    "2021-05-29 05:20": 347.3,
    "2021-05-29 05:30": 346.2,
    "2021-05-29 05:40": 347.6,
    "2021-05-29 05:50": 347.5,
    "2021-05-29 06:00": 347.5,
    "2021-05-29 06:10": 344.8,
    "2021-05-29 06:20": 346.2,
    "2021-05-29 06:30": 343.4,
    "2021-05-29 06:40": 345,
    "2021-05-29 06:50": 345.2,
    "2021-05-29 07:00": 345.1,
    "2021-05-29 07:10": 241.7,
    "2021-05-29 07:20": 236.7,
    "2021-05-29 07:30": 237.7,
    "2021-05-29 07:40": 237.8,
    "2021-05-29 07:50": 237.1,
    "2021-05-29 08:00": 235.6,
    "2021-05-29 08:10": 236.2,
    "2021-05-29 08:20": 237,
    "2021-05-29 08:30": 296.8,
    "2021-05-29 08:40": 343.7,
    "2021-05-29 08:50": 310.4,
    "2021-05-29 09:00": 247.3,
    "2021-05-29 09:10": 238.3,
    "2021-05-29 09:20": 237.6,
    "2021-05-29 09:30": 237.9,
    "2021-05-29 09:40": 263.9,
    "2021-05-29 09:50": 343.7,
    "2021-05-29 10:00": 342,
    "2021-05-29 10:10": 298,
    "2021-05-29 10:20": 238.6,
    "2021-05-29 10:30": 242.9,
    "2021-05-29 10:40": 343.9,
    "2021-05-29 10:50": 345.1,
    "2021-05-29 11:00": 346.1,
    "2021-05-29 11:10": 350,
    "2021-05-29 11:20": 348,
    "2021-05-29 11:30": 349,
    "2021-05-29 11:40": 348.3,
    "2021-05-29 11:50": 348.9,
    "2021-05-29 12:00": 324.6,
    "2021-05-29 12:10": 251,
    "2021-05-29 12:20": 237.8,
    "2021-05-29 12:40": 237,
    "2021-05-29 12:50": 237,
    "2021-05-29 13:00": 237,
    "2021-05-29 13:10": 237,
    "2021-05-29 13:20": 237,
    "2021-05-29 13:30": 237,
    "2021-05-29 13:40": 237,
    "2021-05-29 13:50": 350,
    "2021-05-29 14:00": 350,
    "2021-05-29 14:10": 350,
    "2021-05-29 14:20": 350,
    "2021-05-29 14:30": 350,
    "2021-05-29 14:40": 350,
    "2021-05-29 14:50": 350,
    "2021-05-29 15:00": 350,
    "2021-05-29 15:10": 350,
    "2021-05-29 15:20": 350,
    "2021-05-29 15:30": 350,
    "2021-05-29 15:40": 350,
    "2021-05-29 15:50": 350,
    "2021-05-29 16:00": 350,
    "2021-05-29 16:10": 350,
    "2021-05-29 16:20": 350,
    "2021-05-29 16:30": 350,
    "2021-05-29 16:40": 350,
    "2021-05-29 16:50": 350,
    "2021-05-29 17:00": 350,
    "2021-05-29 17:10": 350,
    "2021-05-29 17:20": 350,
    "2021-05-29 17:30": 350,
    "2021-05-29 17:40": 350,
    "2021-05-29 17:50": 350,
    "2021-05-29 18:00": 350,
    "2021-05-29 18:10": 345,
    "2021-05-29 18:20": 345,
    "2021-05-29 18:30": 345,
    "2021-05-29 18:40": 345,
    "2021-05-29 18:50": 345,
    "2021-05-29 19:00": 345,
    "2021-05-29 19:10": 345,
    "2021-05-29 19:20": 345,
    "2021-05-29 19:30": 345,
    "2021-05-29 19:40": 345,
    "2021-05-29 19:50": 345,
    "2021-05-29 20:00": 345,
    "2021-05-29 20:10": 345,
    "2021-05-29 20:20": 345,
    "2021-05-29 20:30": 345,
    "2021-05-29 20:40": 345,
    "2021-05-29 20:50": 345,
    "2021-05-29 21:00": 345,
    "2021-05-30 00:10": 345,
    "2021-05-30 00:20": 345,
    "2021-05-30 00:30": 345,
    "2021-05-30 00:40": 345,
    "2021-05-30 00:50": 345,
    "2021-05-30 01:00": 345,
    "2021-05-30 01:10": 345,
    "2021-05-30 01:20": 345,
    "2021-05-30 01:30": 345,
    "2021-05-30 01:40": 345,
    "2021-05-30 01:50": 345,
    "2021-05-30 02:00": 345,
    "2021-05-30 02:10": 345,
    "2021-05-30 02:20": 345,
    "2021-05-30 02:30": 345,
    "2021-05-30 02:40": 345,
    "2021-05-30 02:50": 345,
    "2021-05-30 03:00": 345,
    "2021-05-30 03:10": 345,
    "2021-05-30 03:20": 345,
    "2021-05-30 03:30": 345,
    "2021-05-30 03:40": 268,
    "2021-05-30 03:50": 268,
    "2021-05-30 04:00": 237,
    "2021-05-30 04:10": 237,
    "2021-05-30 04:20": 237,
    "2021-05-30 04:30": 237,
    "2021-05-30 04:40": 237,
    "2021-05-30 04:50": 237,
    "2021-05-30 05:00": 237,
    "2021-05-30 05:10": 237,
    "2021-05-30 05:20": 237,
    "2021-05-30 05:30": 237,
    "2021-05-30 05:40": 237,
    "2021-05-30 05:50": 237,
    "2021-05-30 06:00": 237,
    "2021-05-30 06:10": 237,
    "2021-05-30 06:20": 237,
    "2021-05-30 06:30": 237,
    "2021-05-30 06:40": 237,
    "2021-05-30 06:50": 237,
    "2021-05-30 07:00": 237,
    "2021-05-30 07:10": 237,
    "2021-05-30 07:20": 237,
    "2021-05-30 07:30": 237,
    "2021-05-30 07:40": 237,
    "2021-05-30 07:50": 237,
    "2021-05-30 08:00": 237,
    "2021-05-30 08:10": 237,
    "2021-05-30 08:20": 237,
    "2021-05-30 08:30": 237,
    "2021-05-30 08:40": 237,
    "2021-05-30 08:50": 237,
    "2021-05-30 09:00": 237,
    "2021-05-30 09:10": 237,
    "2021-05-30 09:20": 237,
    "2021-05-30 09:30": 237,
    "2021-05-30 09:40": 237,
    "2021-05-30 09:50": 237,
    "2021-05-30 10:00": 237,
    "2021-05-30 10:10": 237,
    "2021-05-30 10:20": 237,
    "2021-05-30 10:30": 237,
    "2021-05-30 10:40": 237,
    "2021-05-30 10:50": 237,
    "2021-05-30 11:00": 237,
    "2021-05-30 11:10": 237,
    "2021-05-30 11:20": 237,
    "2021-05-30 11:30": 237,
    "2021-05-30 11:40": 347,
    "2021-05-30 11:50": 347,
    "2021-05-30 12:00": 347,
    "2021-05-30 12:10": 347,
    "2021-05-30 12:20": 347,
    "2021-05-30 12:30": 347,
    "2021-05-30 12:40": 347,
    "2021-05-30 12:50": 347,
    "2021-05-30 13:00": 347,
    "2021-05-30 13:10": 237,
    "2021-05-30 13:20": 237,
    "2021-05-30 13:30": 237,
    "2021-05-30 13:40": 237,
    "2021-05-30 13:50": 237,
    "2021-05-30 14:00": 237,
    "2021-05-30 14:10": 237,
    "2021-05-30 14:20": 237,
    "2021-05-30 14:30": 237,
    "2021-05-30 14:40": 237,
    "2021-05-30 14:50": 237,
    "2021-05-30 15:00": 237,
    "2021-05-30 15:10": 237,
    "2021-05-30 15:20": 237,
    "2021-05-30 15:30": 237,
    "2021-05-30 15:40": 237,
    "2021-05-30 15:50": 237,
    "2021-05-30 16:00": 237,
    "2021-05-30 16:10": 237,
    "2021-05-30 16:20": 237,
    "2021-05-30 16:30": 237,
    "2021-05-30 16:40": 237,
    "2021-05-30 17:20": 350,
    "2021-05-30 17:30": 350,
    "2021-05-30 17:50": 350,
    "2021-05-30 18:00": 350,
    "2021-05-30 18:10": 350,
    "2021-05-30 18:20": 350,
    "2021-05-30 18:30": 350,
    "2021-05-30 18:40": 350,
    "2021-05-30 18:50": 350,
    "2021-05-30 19:00": 350,
    "2021-05-30 19:10": 350,
    "2021-05-30 19:20": 350,
    "2021-05-30 19:30": 350,
    "2021-05-30 19:40": 350,
    "2021-05-30 19:50": 350,
    "2021-05-30 20:00": 350,
    "2021-05-30 20:10": 350,
    "2021-05-30 20:20": 350,
    "2021-05-30 20:30": 350,
    "2021-05-30 20:40": 350,
    "2021-05-30 20:50": 350,
    "2021-05-30 21:00": 350,
    "2021-05-30 21:10": 350,
    "2021-05-30 21:20": 350,
    "2021-05-30 21:30": 350,
    "2021-05-30 21:40": 350,
    "2021-05-30 21:50": 350,
    "2021-05-30 22:00": 350,
    "2021-05-30 22:10": 350,
    "2021-05-30 22:20": 350,
    "2021-05-30 22:30": 350
}