{
    "2021-05-22 12:10": 346.9,
    "2021-05-22 12:20": 351.5,
    "2021-05-22 12:30": 351.1,
    "2021-05-22 12:40": 345.9,
    "2021-05-22 12:50": 342.1,
    "2021-05-22 13:00": 357.5,
    "2021-05-22 13:10": 351.4,
    "2021-05-22 13:20": 345.3,
    "2021-05-22 13:30": 346.3,
    "2021-05-22 13:40": 350.4,
    "2021-05-22 13:50": 335.4,
    "2021-05-22 14:00": 336.8,
    "2021-05-22 14:10": 344.8,
    "2021-05-22 14:20": 354,
    "2021-05-22 14:30": 338.2,
    "2021-05-22 14:40": 352.7,
    "2021-05-22 14:50": 339.5,
    "2021-05-22 15:00": 319.4,
    "2021-05-22 15:10": 319.2,
    "2021-05-22 15:20": 340,
    "2021-05-22 15:30": 346.9,
    "2021-05-22 15:40": 339.1,
    "2021-05-22 15:50": 339.6,
    "2021-05-22 16:00": 349.8,
    "2021-05-22 16:10": 342.1,
    "2021-05-22 16:20": 333.9,
    "2021-05-22 16:40": 325.2,
    "2021-05-22 16:50": 341.3,
    "2021-05-22 17:00": 309.4,
    "2021-05-22 17:10": 323.7,
    "2021-05-22 17:20": 317.1,
    "2021-05-22 17:30": 311.3,
    "2021-05-22 17:40": 312.3,
    "2021-05-22 17:50": 311.5,
    "2021-05-22 18:00": 321.7,
    "2021-05-22 18:10": 343,
    "2021-05-22 18:20": 312.1,
    "2021-05-22 18:40": 308.2,
    "2021-05-22 18:50": 357.5,
    "2021-05-22 19:10": 304.9,
    "2021-05-22 19:20": 310.5,
    "2021-05-22 19:30": 322.5,
    "2021-05-22 19:40": 309.8,
    "2021-05-22 20:00": 307.2,
    "2021-05-22 20:10": 311.7,
    "2021-05-22 20:20": 312.7,
    "2021-05-22 20:30": 348.6,
    "2021-05-22 20:40": 314.4,
    "2021-05-22 20:50": 321.6,
    "2021-05-22 21:00": 310.5,
    "2021-05-22 21:10": 308.8,
    "2021-05-22 21:20": 320.4,
    "2021-05-22 21:30": 349.8,
    "2021-05-22 21:40": 310.1,
    "2021-05-22 21:50": 336.5,
    "2021-05-22 22:00": 305.9,
    "2021-05-22 22:10": 335.1,
    "2021-05-22 22:20": 342.5,
    "2021-05-22 22:30": 312.1,
    "2021-05-22 22:40": 324.3,
    "2021-05-22 22:50": 325,
    "2021-05-22 23:00": 305.1,
    "2021-05-22 23:10": 320.8,
    "2021-05-22 23:20": 333.8,
    "2021-05-22 23:30": 310,
    "2021-05-22 23:40": 304,
    "2021-05-22 23:50": 322.2,
    "2021-05-23 00:00": 320.6,
    "2021-05-23 00:10": 320.1,
    "2021-05-23 00:20": 310,
    "2021-05-23 00:30": 346.9,
    "2021-05-23 00:40": 327,
    "2021-05-23 00:50": 306.3,
    "2021-05-23 01:00": 334.5,
    "2021-05-23 01:10": 332.7,
    "2021-05-23 01:20": 310.9,
    "2021-05-23 01:30": 318.2,
    "2021-05-23 01:40": 304.7,
    "2021-05-23 01:50": 322.5,
    "2021-05-23 02:00": 333.6,
    "2021-05-23 02:10": 335.3,
    "2021-05-23 02:20": 348.4,
    "2021-05-23 02:30": 362.8,
    "2021-05-23 02:40": 348.2,
    "2021-05-23 02:50": 340.9,
    "2021-05-23 03:00": 349.6,
    "2021-05-23 03:10": 361,
    "2021-05-23 03:20": 348,
    "2021-05-23 03:30": 338.8,
    "2021-05-23 03:40": 346.9,
    "2021-05-23 03:50": 333.3,
    "2021-05-23 04:10": 301.6,
    "2021-05-23 04:20": 301.3,
    "2021-05-23 04:30": 301.6,
    "2021-05-23 04:40": 300.9,
    "2021-05-23 04:50": 301.6,
    "2021-05-23 05:00": 301.3,
    "2021-05-23 05:10": 302.2,
    "2021-05-23 05:30": 301.6,
    "2021-05-23 05:40": 303,
    "2021-05-23 05:50": 302.4,
    "2021-05-23 06:00": 302,
    "2021-05-23 06:20": 302.4,
    "2021-05-23 06:30": 302.4,
    "2021-05-23 06:40": 303,
    "2021-05-23 06:50": 302.6,
    "2021-05-23 07:00": 303.4,
    "2021-05-23 07:10": 303.4,
    "2021-05-23 07:20": 302.8,
    "2021-05-23 07:40": 302.8,
    "2021-05-23 07:50": 303.2,
    "2021-05-23 08:00": 303,
    "2021-05-23 08:10": 303.8,
    "2021-05-23 08:30": 304,
    "2021-05-23 08:40": 303.9,
    "2021-05-23 08:50": 303.4,
    "2021-05-23 09:00": 303,
    "2021-05-23 09:10": 306.1,
    "2021-05-23 09:20": 362.2,
    "2021-05-23 09:30": 346.5,
    "2021-05-23 09:40": 340.4,
    "2021-05-23 09:50": 345,
    "2021-05-23 10:00": 345.3,
    "2021-05-23 10:10": 348.3,
    "2021-05-23 10:20": 349.2,
    "2021-05-23 10:40": 350,
    "2021-05-23 10:50": 333.3,
    "2021-05-23 11:00": 348.2,
    "2021-05-23 11:10": 355.8,
    "2021-05-23 11:20": 336.9,
    "2021-05-23 11:30": 337,
    "2021-05-23 11:50": 348.6,
    "2021-05-23 12:00": 354.2,
    "2021-05-23 12:10": 332.5,
    "2021-05-23 12:20": 352.7,
    "2021-05-23 12:30": 338.8,
    "2021-05-23 12:40": 344.8,
    "2021-05-23 12:50": 356,
    "2021-05-23 13:00": 348.3,
    "2021-05-23 13:10": 351.8,
    "2021-05-23 13:20": 339.2,
    "2021-05-23 13:30": 345.1,
    "2021-05-23 13:40": 345.9,
    "2021-05-23 13:50": 346.7,
    "2021-05-23 14:00": 348,
    "2021-05-23 14:10": 339,
    "2021-05-23 14:20": 328.9,
    "2021-05-23 14:30": 344.5,
    "2021-05-23 14:40": 339.6,
    "2021-05-23 14:50": 327.9,
    "2021-05-23 15:00": 328.5,
    "2021-05-23 15:10": 304.5,
    "2021-05-23 15:20": 351.4,
    "2021-05-23 15:30": 310.3,
    "2021-05-23 15:40": 326.8,
    "2021-05-23 15:50": 331.2,
    "2021-05-23 16:00": 337.6,
    "2021-05-23 16:10": 330.9,
    "2021-05-23 16:20": 342.2,
    "2021-05-23 16:30": 324.3,
    "2021-05-23 16:40": 336.4,
    "2021-05-23 16:50": 345.1,
    "2021-05-23 17:00": 347.9,
    "2021-05-23 17:10": 323.3,
    "2021-05-23 17:20": 333.5,
    "2021-05-23 17:30": 342.8,
    "2021-05-23 17:40": 335.3,
    "2021-05-23 17:50": 349,
    "2021-05-23 18:00": 346.5,
    "2021-05-23 18:10": 350.4,
    "2021-05-23 18:20": 326.9,
    "2021-05-23 18:30": 345.5,
    "2021-05-23 18:40": 339.3,
    "2021-05-23 18:50": 345.6,
    "2021-05-23 19:00": 344.6,
    "2021-05-23 19:10": 353.3,
    "2021-05-23 19:20": 311.9,
    "2021-05-23 19:30": 308,
    "2021-05-23 19:40": 353.3,
    "2021-05-23 19:50": 348.1,
    "2021-05-23 20:00": 353.9,
    "2021-05-23 20:10": 345.3,
    "2021-05-23 20:20": 319.2,
    "2021-05-23 20:30": 352.5,
    "2021-05-23 20:40": 323.1,
    "2021-05-23 20:50": 348,
    "2021-05-23 21:00": 342.3,
    "2021-05-23 21:10": 346.1,
    "2021-05-23 21:20": 359.5,
    "2021-05-23 21:30": 334.1,
    "2021-05-23 21:40": 344.8,
    "2021-05-23 21:50": 353.5,
    "2021-05-23 22:00": 341.7,
    "2021-05-23 22:10": 348.4,
    "2021-05-23 22:20": 349.9,
    "2021-05-23 22:30": 350.2,
    "2021-05-23 22:40": 353.9,
    "2021-05-23 22:50": 355.2,
    "2021-05-23 23:00": 345.7
}