{
    "2021-05-28 23:10": 305.8,
    "2021-05-28 23:20": 304.4,
    "2021-05-28 23:30": 297.7,
    "2021-05-28 23:40": 298.3,
    "2021-05-28 23:50": 300.4,
    "2021-05-29 00:00": 304.1,
    "2021-05-29 00:10": 298.3,
    "2021-05-29 00:20": 300.8,
    "2021-05-29 00:30": 298.4,
    "2021-05-29 01:20": 303.1,
    "2021-05-29 01:30": 302.3,
    "2021-05-29 01:40": 303.1,
    "2021-05-29 01:50": 302.5,
    "2021-05-29 02:00": 319.7,
    "2021-05-29 02:10": 305.2,
    "2021-05-29 02:20": 308.3,
    "2021-05-29 02:30": 302.5,
    "2021-05-29 02:40": 301.9,
    "2021-05-29 02:50": 304.2,
    "2021-05-29 03:00": 303.1,
    "2021-05-29 03:10": 301.5,
    "2021-05-29 03:20": 318.8,
    "2021-05-29 03:30": 309.1,
    "2021-05-29 03:40": 303.1,
    "2021-05-29 03:50": 306.3,
    "2021-05-29 04:00": 303.3,
    "2021-05-29 04:10": 308.3,
    "2021-05-29 04:20": 320.7,
    "2021-05-29 04:30": 301,
    "2021-05-29 04:40": 314.5,
    "2021-05-29 04:50": 307.5,
    "2021-05-29 05:00": 305.4,
    "2021-05-29 05:10": 302.3,
    "2021-05-29 05:20": 301.7,
    "2021-05-29 05:30": 301.2,
    "2021-05-29 05:40": 300,
    "2021-05-29 05:50": 301.7,
    "2021-05-29 06:00": 300,
    "2021-05-29 06:10": 302.5,
    "2021-05-29 06:20": 301.5,
    "2021-05-29 06:30": 301.5,
    "2021-05-29 06:40": 301.5,
    "2021-05-29 06:50": 303.1,
    "2021-05-29 07:00": 300.4,
    "2021-05-29 07:10": 302.7,
    "2021-05-29 07:20": 301.2,
    "2021-05-29 07:30": 302.7,
    "2021-05-29 07:40": 301,
    "2021-05-29 07:50": 301.2,
    "2021-05-29 08:00": 300.4,
    "2021-05-29 08:10": 301,
    "2021-05-29 08:20": 306.6,
    "2021-05-29 08:30": 300.8,
    "2021-05-29 08:40": 301,
    "2021-05-29 08:50": 300.4,
    "2021-05-29 09:00": 303.5,
    "2021-05-29 09:10": 309.9,
    "2021-05-29 09:20": 312.2,
    "2021-05-29 09:30": 303.7,
    "2021-05-29 09:40": 308.3,
    "2021-05-29 09:50": 316,
    "2021-05-29 10:00": 325.7,
    "2021-05-29 10:10": 321.5,
    "2021-05-29 10:20": 308.9,
    "2021-05-29 10:30": 309.1,
    "2021-05-29 10:40": 319.5,
    "2021-05-29 10:50": 318.6,
    "2021-05-29 11:00": 321.7,
    "2021-05-29 11:10": 316.2,
    "2021-05-29 11:20": 329,
    "2021-05-29 11:30": 332.1,
    "2021-05-29 11:40": 319.1,
    "2021-05-29 11:50": 318.4,
    "2021-05-29 12:00": 311.2,
    "2021-05-29 12:10": 309.5,
    "2021-05-29 12:20": 309.1,
    "2021-05-29 12:30": 309.3,
    "2021-05-29 12:40": 309.1,
    "2021-05-29 12:50": 309.1,
    "2021-05-29 13:00": 309.3,
    "2021-05-29 13:10": 308.7,
    "2021-05-29 13:20": 307.9,
    "2021-05-29 13:30": 308.5,
    "2021-05-29 13:40": 318.2,
    "2021-05-29 13:50": 318.3,
    "2021-05-29 14:00": 318.2,
    "2021-05-29 14:10": 318.9,
    "2021-05-29 14:20": 318.9,
    "2021-05-29 14:30": 319.5,
    "2021-05-29 14:40": 318,
    "2021-05-29 14:50": 318.9,
    "2021-05-29 15:00": 318.4,
    "2021-05-29 15:10": 317.6,
    "2021-05-29 15:20": 318.9,
    "2021-05-29 15:30": 318.2,
    "2021-05-29 15:40": 325.5,
    "2021-05-29 15:50": 330.9,
    "2021-05-29 16:00": 320.3,
    "2021-05-29 16:10": 321.1,
    "2021-05-29 16:20": 321.1,
    "2021-05-29 16:30": 321.1,
    "2021-05-29 16:40": 323.6,
    "2021-05-29 16:50": 321.3,
    "2021-05-29 17:00": 318.4,
    "2021-05-29 17:10": 314.5,
    "2021-05-29 17:20": 314.7,
    "2021-05-29 17:30": 330.2,
    "2021-05-29 17:40": 326.1,
    "2021-05-29 17:50": 320.3,
    "2021-05-29 18:00": 336.2,
    "2021-05-29 18:10": 329.6,
    "2021-05-29 18:20": 319.9,
    "2021-05-29 18:30": 322,
    "2021-05-29 18:40": 318.9,
    "2021-05-29 18:50": 321.8,
    "2021-05-29 19:00": 321.3,
    "2021-05-29 19:10": 320.1,
    "2021-05-29 19:20": 324.7,
    "2021-05-29 19:30": 320.5,
    "2021-05-29 19:40": 321.1,
    "2021-05-29 19:50": 321.7,
    "2021-05-29 20:00": 321.9,
    "2021-05-29 20:10": 319.9,
    "2021-05-29 20:20": 323,
    "2021-05-29 20:30": 320.5,
    "2021-05-29 20:40": 322.4,
    "2021-05-29 20:50": 320.1,
    "2021-05-29 21:00": 317.8,
    "2021-05-30 00:10": 319.1,
    "2021-05-30 00:20": 318.8,
    "2021-05-30 00:30": 326.9,
    "2021-05-30 00:40": 326.9,
    "2021-05-30 00:50": 325.9,
    "2021-05-30 01:00": 322.8,
    "2021-05-30 01:10": 316.6,
    "2021-05-30 01:20": 336.3,
    "2021-05-30 01:30": 335.4,
    "2021-05-30 01:40": 328,
    "2021-05-30 01:50": 324.2,
    "2021-05-30 02:00": 322.8,
    "2021-05-30 02:10": 324.6,
    "2021-05-30 02:20": 325.7,
    "2021-05-30 02:30": 322.2,
    "2021-05-30 02:40": 324.4,
    "2021-05-30 02:50": 327.1,
    "2021-05-30 03:00": 325.9,
    "2021-05-30 03:10": 339.6,
    "2021-05-30 03:20": 352.4,
    "2021-05-30 03:30": 325.7,
    "2021-05-30 03:40": 318.6,
    "2021-05-30 03:50": 320.5,
    "2021-05-30 04:00": 335.6,
    "2021-05-30 04:10": 332.5,
    "2021-05-30 04:20": 336.3,
    "2021-05-30 04:30": 325.5,
    "2021-05-30 04:40": 325.1,
    "2021-05-30 04:50": 322,
    "2021-05-30 05:00": 324.4,
    "2021-05-30 05:10": 323.4,
    "2021-05-30 05:20": 315.7,
    "2021-05-30 05:30": 320.9,
    "2021-05-30 05:40": 319.1,
    "2021-05-30 05:50": 326.7,
    "2021-05-30 06:00": 349.1,
    "2021-05-30 06:10": 347.2,
    "2021-05-30 06:20": 325.5,
    "2021-05-30 06:30": 318.8,
    "2021-05-30 06:40": 316.8,
    "2021-05-30 06:50": 317.4,
    "2021-05-30 07:00": 317.4,
    "2021-05-30 07:10": 317.6,
    "2021-05-30 07:20": 318.8,
    "2021-05-30 07:30": 318.6,
    "2021-05-30 07:40": 317.4,
    "2021-05-30 07:50": 317.4,
    "2021-05-30 08:00": 316.6,
    "2021-05-30 08:10": 315.8,
    "2021-05-30 08:20": 322.2,
    "2021-05-30 08:30": 324.2,
    "2021-05-30 08:40": 319.9,
    "2021-05-30 08:50": 321.7,
    "2021-05-30 09:00": 317.4,
    "2021-05-30 09:10": 319.1,
    "2021-05-30 09:20": 323,
    "2021-05-30 09:30": 318.4,
    "2021-05-30 09:40": 319.9,
    "2021-05-30 09:50": 317.8,
    "2021-05-30 10:00": 317,
    "2021-05-30 10:10": 315.5,
    "2021-05-30 10:20": 319.3,
    "2021-05-30 10:30": 331.9,
    "2021-05-30 10:40": 328,
    "2021-05-30 10:50": 328.6,
    "2021-05-30 11:00": 321.7,
    "2021-05-30 11:10": 321.8,
    "2021-05-30 11:20": 319.3,
    "2021-05-30 11:30": 324.4,
    "2021-05-30 11:40": 320.5,
    "2021-05-30 11:50": 316,
    "2021-05-30 12:00": 316.6,
    "2021-05-30 12:10": 321.1,
    "2021-05-30 12:20": 333.1,
    "2021-05-30 12:30": 325.5,
    "2021-05-30 12:40": 321.3,
    "2021-05-30 12:50": 324.6,
    "2021-05-30 13:00": 327.1,
    "2021-05-30 13:10": 318.6,
    "2021-05-30 13:20": 326.3,
    "2021-05-30 13:30": 317.8,
    "2021-05-30 13:40": 315.7,
    "2021-05-30 13:50": 318.6,
    "2021-05-30 14:00": 319.4,
    "2021-05-30 14:10": 322.6,
    "2021-05-30 14:20": 317.2,
    "2021-05-30 14:30": 340.4,
    "2021-05-30 14:40": 322.4,
    "2021-05-30 14:50": 322.4,
    "2021-05-30 15:00": 323.1,
    "2021-05-30 15:10": 324.6,
    "2021-05-30 15:20": 325.5,
    "2021-05-30 15:30": 318.9,
    "2021-05-30 15:40": 324.9,
    "2021-05-30 15:50": 334.6,
    "2021-05-30 16:00": 343.7,
    "2021-05-30 16:10": 341.6,
    "2021-05-30 16:20": 344.7,
    "2021-05-30 16:30": 327.5,
    "2021-05-30 16:40": 321.5,
    "2021-05-30 17:20": 318.2,
    "2021-05-30 17:30": 317.6,
    "2021-05-30 17:50": 318.2,
    "2021-05-30 18:00": 319.7,
    "2021-05-30 18:10": 317.8,
    "2021-05-30 18:20": 325.9,
    "2021-05-30 18:30": 337.1,
    "2021-05-30 18:40": 337.9,
    "2021-05-30 18:50": 337.9,
    "2021-05-30 19:00": 353.4,
    "2021-05-30 19:10": 361.5,
    "2021-05-30 19:20": 349.8,
    "2021-05-30 19:30": 351,
    "2021-05-30 19:40": 351.8,
    "2021-05-30 19:50": 355.9,
    "2021-05-30 20:00": 351.8,
    "2021-05-30 20:10": 348.5,
    "2021-05-30 20:20": 347.4,
    "2021-05-30 20:30": 352.4,
    "2021-05-30 20:40": 349.7,
    "2021-05-30 20:50": 353.4,
    "2021-05-30 21:00": 354.5,
    "2021-05-30 21:10": 350.1,
    "2021-05-30 21:20": 352.4,
    "2021-05-30 21:30": 349.5,
    "2021-05-30 21:40": 352.4,
    "2021-05-30 21:50": 351.6,
    "2021-05-30 22:00": 348.3,
    "2021-05-30 22:10": 352.4,
    "2021-05-30 22:20": 349.3,
    "2021-05-30 22:30": 350.1
}