{
    "2021-05-28 23:10": 888.1,
    "2021-05-28 23:20": 884.2,
    "2021-05-28 23:30": 886.2,
    "2021-05-28 23:40": 884.7,
    "2021-05-28 23:50": 887.6,
    "2021-05-29 00:00": 885.7,
    "2021-05-29 00:10": 887.2,
    "2021-05-29 00:20": 884.3,
    "2021-05-29 00:30": 883.7,
    "2021-05-29 01:20": 884.8,
    "2021-05-29 01:30": 883.2,
    "2021-05-29 01:40": 883.6,
    "2021-05-29 01:50": 884.2,
    "2021-05-29 02:00": 883.9,
    "2021-05-29 02:10": 879.6,
    "2021-05-29 02:20": 878.4,
    "2021-05-29 02:30": 882.8,
    "2021-05-29 02:40": 884.8,
    "2021-05-29 02:50": 878.9,
    "2021-05-29 03:00": 882.3,
    "2021-05-29 03:10": 883.7,
    "2021-05-29 03:20": 883.2,
    "2021-05-29 03:30": 884.8,
    "2021-05-29 03:40": 881.2,
    "2021-05-29 03:50": 881.1,
    "2021-05-29 04:00": 880.6,
    "2021-05-29 04:10": 881.7,
    "2021-05-29 04:20": 881.5,
    "2021-05-29 04:30": 881,
    "2021-05-29 04:40": 882,
    "2021-05-29 04:50": 879,
    "2021-05-29 05:00": 883.1,
    "2021-05-29 05:10": 878.3,
    "2021-05-29 05:20": 882.4,
    "2021-05-29 05:30": 883.4,
    "2021-05-29 05:40": 883.1,
    "2021-05-29 05:50": 879.9,
    "2021-05-29 06:00": 882,
    "2021-05-29 06:10": 877.8,
    "2021-05-29 06:20": 878.5,
    "2021-05-29 06:30": 877.4,
    "2021-05-29 06:40": 879,
    "2021-05-29 06:50": 873.9,
    "2021-05-29 07:00": 880.3,
    "2021-05-29 07:10": 875,
    "2021-05-29 07:20": 871.8,
    "2021-05-29 07:30": 876.1,
    "2021-05-29 07:40": 876,
    "2021-05-29 07:50": 846.3,
    "2021-05-29 08:00": 770.6,
    "2021-05-29 08:10": 789.4,
    "2021-05-29 08:20": 811.6,
    "2021-05-29 08:30": 799.3,
    "2021-05-29 08:40": 851.4,
    "2021-05-29 08:50": 812.3,
    "2021-05-29 09:00": 821.5,
    "2021-05-29 09:10": 845.6,
    "2021-05-29 09:20": 860.1,
    "2021-05-29 09:30": 867,
    "2021-05-29 09:40": 862,
    "2021-05-29 09:50": 862.9,
    "2021-05-29 10:00": 865,
    "2021-05-29 10:10": 868.1,
    "2021-05-29 10:20": 773.9,
    "2021-05-29 10:30": 844.1,
    "2021-05-29 10:40": 826.4,
    "2021-05-29 10:50": 800.1,
    "2021-05-29 11:00": 851.5,
    "2021-05-29 11:10": 818.6,
    "2021-05-29 11:20": 849,
    "2021-05-29 11:30": 872.9,
    "2021-05-29 11:40": 879.2,
    "2021-05-29 11:50": 880.8,
    "2021-05-29 12:00": 880.6,
    "2021-05-29 12:10": 873.2,
    "2021-05-29 12:20": 875.5,
    "2021-05-29 12:30": 884,
    "2021-05-29 12:40": 884.9,
    "2021-05-29 12:50": 883.8,
    "2021-05-29 13:00": 860.9,
    "2021-05-29 13:10": 829.4,
    "2021-05-29 13:20": 826.2,
    "2021-05-29 13:30": 884.6,
    "2021-05-29 13:40": 883.6,
    "2021-05-29 13:50": 880.1,
    "2021-05-29 14:00": 881.2,
    "2021-05-29 14:10": 881.2,
    "2021-05-29 14:20": 876.7,
    "2021-05-29 14:30": 876.7,
    "2021-05-29 14:40": 882,
    "2021-05-29 14:50": 884.3,
    "2021-05-29 15:00": 882.3,
    "2021-05-29 15:10": 878.9,
    "2021-05-29 15:20": 880.1,
    "2021-05-29 15:30": 847.4,
    "2021-05-29 15:40": 821.3,
    "2021-05-29 15:50": 837,
    "2021-05-29 16:00": 785,
    "2021-05-29 16:10": 827,
    "2021-05-29 16:20": 848.5,
    "2021-05-29 16:30": 861.9,
    "2021-05-29 16:40": 863.7,
    "2021-05-29 16:50": 866.3,
    "2021-05-29 17:00": 865.6,
    "2021-05-29 17:10": 868.5,
    "2021-05-29 17:20": 867.7,
    "2021-05-29 17:30": 872.9,
    "2021-05-29 17:40": 872.3,
    "2021-05-29 17:50": 876.8,
    "2021-05-29 18:00": 874.2,
    "2021-05-29 18:10": 870.7,
    "2021-05-29 18:20": 872.7,
    "2021-05-29 18:30": 871.2,
    "2021-05-29 18:40": 872.5,
    "2021-05-29 18:50": 870.1,
    "2021-05-29 19:00": 870.7,
    "2021-05-29 19:10": 873.7,
    "2021-05-29 19:20": 873.5,
    "2021-05-29 19:30": 875.8,
    "2021-05-29 19:40": 873.7,
    "2021-05-29 19:50": 872.7,
    "2021-05-29 20:00": 875.6,
    "2021-05-29 20:10": 873.1,
    "2021-05-29 20:20": 876.1,
    "2021-05-29 20:30": 878.8,
    "2021-05-29 20:40": 874.8,
    "2021-05-29 20:50": 876.7,
    "2021-05-29 21:00": 877.4,
    "2021-05-30 00:10": 885.8,
    "2021-05-30 00:20": 885.7,
    "2021-05-30 00:30": 883.8,
    "2021-05-30 00:40": 880.7,
    "2021-05-30 00:50": 882.8,
    "2021-05-30 01:00": 882.6,
    "2021-05-30 01:10": 880.3,
    "2021-05-30 01:20": 880.1,
    "2021-05-30 01:30": 880.8,
    "2021-05-30 01:40": 877.2,
    "2021-05-30 01:50": 883.5,
    "2021-05-30 02:00": 879.2,
    "2021-05-30 02:10": 884.8,
    "2021-05-30 02:20": 883.2,
    "2021-05-30 02:30": 881.9,
    "2021-05-30 02:40": 880.2,
    "2021-05-30 02:50": 881.2,
    "2021-05-30 03:00": 880.1,
    "2021-05-30 03:10": 879.2,
    "2021-05-30 03:20": 879.2,
    "2021-05-30 03:30": 883.2,
    "2021-05-30 03:40": 881.9,
    "2021-05-30 03:50": 881.3,
    "2021-05-30 04:00": 859,
    "2021-05-30 04:10": 843.9,
    "2021-05-30 04:20": 850.7,
    "2021-05-30 04:30": 850.7,
    "2021-05-30 04:40": 836.7,
    "2021-05-30 04:50": 828.9,
    "2021-05-30 05:00": 824.3,
    "2021-05-30 05:10": 848.7,
    "2021-05-30 05:20": 823.9,
    "2021-05-30 05:30": 844.4,
    "2021-05-30 05:40": 798.7,
    "2021-05-30 05:50": 840.3,
    "2021-05-30 06:00": 841.7,
    "2021-05-30 06:10": 837.1,
    "2021-05-30 06:20": 822.8,
    "2021-05-30 06:30": 824.2,
    "2021-05-30 06:40": 825.5,
    "2021-05-30 06:50": 823.7,
    "2021-05-30 07:00": 817.4,
    "2021-05-30 07:10": 810,
    "2021-05-30 07:20": 818.7,
    "2021-05-30 07:30": 839.1,
    "2021-05-30 07:40": 803.6,
    "2021-05-30 07:50": 827.4,
    "2021-05-30 08:00": 783.5,
    "2021-05-30 08:10": 759.8,
    "2021-05-30 08:20": 815.1,
    "2021-05-30 08:30": 805,
    "2021-05-30 08:40": 758.5,
    "2021-05-30 08:50": 853.8,
    "2021-05-30 09:00": 879.3,
    "2021-05-30 09:10": 878.7,
    "2021-05-30 09:20": 877.3,
    "2021-05-30 09:30": 877.8,
    "2021-05-30 09:40": 873.4,
    "2021-05-30 09:50": 876.4,
    "2021-05-30 10:00": 877.5,
    "2021-05-30 10:10": 883.1,
    "2021-05-30 10:20": 882.2,
    "2021-05-30 10:30": 874,
    "2021-05-30 10:40": 874.6,
    "2021-05-30 10:50": 875.7,
    "2021-05-30 11:00": 874.6,
    "2021-05-30 11:10": 877.1,
    "2021-05-30 11:20": 878,
    "2021-05-30 11:30": 873.2,
    "2021-05-30 11:40": 877.1,
    "2021-05-30 11:50": 875.7,
    "2021-05-30 12:00": 877.1,
    "2021-05-30 12:10": 883.6,
    "2021-05-30 12:20": 889.2,
    "2021-05-30 12:30": 889.8,
    "2021-05-30 12:40": 889.7,
    "2021-05-30 12:50": 890.2,
    "2021-05-30 13:00": 891.2,
    "2021-05-30 13:10": 891.6,
    "2021-05-30 13:20": 893.7,
    "2021-05-30 13:30": 893.3,
    "2021-05-30 13:40": 893.3,
    "2021-05-30 13:50": 892.7,
    "2021-05-30 14:00": 891.1,
    "2021-05-30 14:10": 890.2,
    "2021-05-30 14:20": 888.8,
    "2021-05-30 14:30": 889.2,
    "2021-05-30 14:40": 892.7,
    "2021-05-30 14:50": 890.2,
    "2021-05-30 15:00": 891.2,
    "2021-05-30 15:10": 889.2,
    "2021-05-30 15:20": 894.1,
    "2021-05-30 15:30": 894.1,
    "2021-05-30 15:40": 893.7,
    "2021-05-30 15:50": 889.7,
    "2021-05-30 16:00": 893.1,
    "2021-05-30 16:10": 890,
    "2021-05-30 16:20": 887.6,
    "2021-05-30 16:30": 889.5,
    "2021-05-30 16:40": 891.9,
    "2021-05-30 17:20": 886.7,
    "2021-05-30 17:30": 886.8,
    "2021-05-30 17:50": 886.7,
    "2021-05-30 18:00": 888,
    "2021-05-30 18:10": 886.1,
    "2021-05-30 18:20": 890.6,
    "2021-05-30 18:30": 891.2,
    "2021-05-30 18:40": 888.7,
    "2021-05-30 18:50": 887.2,
    "2021-05-30 19:00": 887.6,
    "2021-05-30 19:10": 885.6,
    "2021-05-30 19:20": 887.6,
    "2021-05-30 19:30": 888.2,
    "2021-05-30 19:40": 890.6,
    "2021-05-30 19:50": 887.2,
    "2021-05-30 20:00": 890.6,
    "2021-05-30 20:10": 892.2,
    "2021-05-30 20:20": 891.2,
    "2021-05-30 20:30": 890.2,
    "2021-05-30 20:40": 888.7,
    "2021-05-30 20:50": 888.7,
    "2021-05-30 21:00": 889.1,
    "2021-05-30 21:10": 889.1,
    "2021-05-30 21:20": 889.7,
    "2021-05-30 21:30": 888.7,
    "2021-05-30 21:40": 890.2,
    "2021-05-30 21:50": 893.1,
    "2021-05-30 22:00": 891.2,
    "2021-05-30 22:10": 892.2,
    "2021-05-30 22:20": 892.7,
    "2021-05-30 22:30": 890.8
}