{
    "2021-05-22 12:10": 863,
    "2021-05-22 12:20": 864.6,
    "2021-05-22 12:30": 862.6,
    "2021-05-22 12:40": 864.1,
    "2021-05-22 12:50": 864.6,
    "2021-05-22 13:00": 861.2,
    "2021-05-22 13:10": 858.7,
    "2021-05-22 13:20": 860.7,
    "2021-05-22 13:30": 860.1,
    "2021-05-22 13:40": 859.1,
    "2021-05-22 13:50": 860.1,
    "2021-05-22 14:00": 860.1,
    "2021-05-22 14:10": 862.2,
    "2021-05-22 14:20": 858.6,
    "2021-05-22 14:30": 861.1,
    "2021-05-22 14:40": 862.1,
    "2021-05-22 14:50": 862.6,
    "2021-05-22 15:00": 863.2,
    "2021-05-22 15:10": 863.1,
    "2021-05-22 15:20": 864,
    "2021-05-22 15:30": 864.6,
    "2021-05-22 15:40": 865.1,
    "2021-05-22 15:50": 865,
    "2021-05-22 16:00": 864.1,
    "2021-05-22 16:10": 865.1,
    "2021-05-22 16:20": 865.1,
    "2021-05-22 16:40": 864.6,
    "2021-05-22 16:50": 863.1,
    "2021-05-22 17:00": 865.1,
    "2021-05-22 17:10": 863.1,
    "2021-05-22 17:20": 864.6,
    "2021-05-22 17:30": 863.6,
    "2021-05-22 17:40": 863.6,
    "2021-05-22 17:50": 864.6,
    "2021-05-22 18:00": 867.1,
    "2021-05-22 18:10": 865.6,
    "2021-05-22 18:20": 867.6,
    "2021-05-22 18:40": 868,
    "2021-05-22 18:50": 869,
    "2021-05-22 19:10": 870.5,
    "2021-05-22 19:20": 869,
    "2021-05-22 19:30": 870.5,
    "2021-05-22 19:40": 869,
    "2021-05-22 20:00": 872.5,
    "2021-05-22 20:10": 873,
    "2021-05-22 20:20": 873.1,
    "2021-05-22 20:30": 872,
    "2021-05-22 20:40": 874,
    "2021-05-22 20:50": 871.1,
    "2021-05-22 21:00": 874,
    "2021-05-22 21:10": 873.1,
    "2021-05-22 21:20": 874.6,
    "2021-05-22 21:30": 873.1,
    "2021-05-22 21:40": 871.5,
    "2021-05-22 21:50": 870.6,
    "2021-05-22 22:00": 872.1,
    "2021-05-22 22:10": 870.7,
    "2021-05-22 22:20": 872.6,
    "2021-05-22 22:30": 873.1,
    "2021-05-22 22:40": 872.1,
    "2021-05-22 22:50": 873.6,
    "2021-05-22 23:00": 872.5,
    "2021-05-22 23:10": 874,
    "2021-05-22 23:20": 875,
    "2021-05-22 23:30": 874,
    "2021-05-22 23:40": 874,
    "2021-05-22 23:50": 872.1,
    "2021-05-23 00:00": 874,
    "2021-05-23 00:10": 875.6,
    "2021-05-23 00:20": 873.5,
    "2021-05-23 00:30": 875,
    "2021-05-23 00:40": 875.6,
    "2021-05-23 00:50": 876,
    "2021-05-23 01:00": 874.5,
    "2021-05-23 01:10": 875.4,
    "2021-05-23 01:20": 875,
    "2021-05-23 01:30": 874.4,
    "2021-05-23 01:40": 874.8,
    "2021-05-23 01:50": 876.4,
    "2021-05-23 02:00": 872.9,
    "2021-05-23 02:10": 876.4,
    "2021-05-23 02:20": 874.9,
    "2021-05-23 02:30": 876.4,
    "2021-05-23 02:40": 875.4,
    "2021-05-23 02:50": 877.9,
    "2021-05-23 03:00": 878.4,
    "2021-05-23 03:10": 875,
    "2021-05-23 03:20": 877.9,
    "2021-05-23 03:30": 877.9,
    "2021-05-23 03:40": 877.9,
    "2021-05-23 03:50": 874.9,
    "2021-05-23 04:10": 876.8,
    "2021-05-23 04:20": 880.9,
    "2021-05-23 04:30": 879.9,
    "2021-05-23 04:40": 879.9,
    "2021-05-23 04:50": 879.3,
    "2021-05-23 05:00": 879.9,
    "2021-05-23 05:10": 879.3,
    "2021-05-23 05:30": 880.4,
    "2021-05-23 05:40": 880.9,
    "2021-05-23 05:50": 879.9,
    "2021-05-23 06:00": 880.8,
    "2021-05-23 06:20": 879.5,
    "2021-05-23 06:30": 880.4,
    "2021-05-23 06:40": 877,
    "2021-05-23 06:50": 876,
    "2021-05-23 07:00": 875,
    "2021-05-23 07:10": 872.5,
    "2021-05-23 07:20": 871.5,
    "2021-05-23 07:40": 786.9,
    "2021-05-23 07:50": 794.4,
    "2021-05-23 08:00": 736,
    "2021-05-23 08:10": 790.7,
    "2021-05-23 08:30": 825.8,
    "2021-05-23 08:40": 850.2,
    "2021-05-23 08:50": 851.6,
    "2021-05-23 09:00": 864.9,
    "2021-05-23 09:10": 863.1,
    "2021-05-23 09:20": 862,
    "2021-05-23 09:30": 862,
    "2021-05-23 09:40": 862,
    "2021-05-23 09:50": 862.6,
    "2021-05-23 10:00": 864.7,
    "2021-05-23 10:10": 865.1,
    "2021-05-23 10:20": 864,
    "2021-05-23 10:40": 863.1,
    "2021-05-23 10:50": 862.6,
    "2021-05-23 11:00": 862.1,
    "2021-05-23 11:10": 862.1,
    "2021-05-23 11:20": 864.1,
    "2021-05-23 11:30": 861.1,
    "2021-05-23 11:50": 861.5,
    "2021-05-23 12:00": 858,
    "2021-05-23 12:10": 860.5,
    "2021-05-23 12:20": 859,
    "2021-05-23 12:30": 863.1,
    "2021-05-23 12:40": 861.6,
    "2021-05-23 12:50": 826.4,
    "2021-05-23 13:00": 817.5,
    "2021-05-23 13:10": 816.4,
    "2021-05-23 13:20": 817,
    "2021-05-23 13:30": 816.5,
    "2021-05-23 13:40": 817,
    "2021-05-23 13:50": 815.4,
    "2021-05-23 14:00": 814.9,
    "2021-05-23 14:10": 816.4,
    "2021-05-23 14:20": 815.9,
    "2021-05-23 14:30": 814.9,
    "2021-05-23 14:40": 814.3,
    "2021-05-23 14:50": 815.3,
    "2021-05-23 15:00": 814.3,
    "2021-05-23 15:10": 814.8,
    "2021-05-23 15:20": 814.8,
    "2021-05-23 15:30": 814.3,
    "2021-05-23 15:40": 813.7,
    "2021-05-23 15:50": 814.8,
    "2021-05-23 16:00": 815.7,
    "2021-05-23 16:10": 814.8,
    "2021-05-23 16:20": 815.7,
    "2021-05-23 16:30": 811.2,
    "2021-05-23 16:40": 813.7,
    "2021-05-23 16:50": 813.7,
    "2021-05-23 17:00": 813.1,
    "2021-05-23 17:10": 814.6,
    "2021-05-23 17:20": 813.1,
    "2021-05-23 17:30": 812.1,
    "2021-05-23 17:40": 813.7,
    "2021-05-23 17:50": 813.7,
    "2021-05-23 18:00": 812.7,
    "2021-05-23 18:10": 812.6,
    "2021-05-23 18:20": 812.7,
    "2021-05-23 18:30": 813.2,
    "2021-05-23 18:40": 814.2,
    "2021-05-23 18:50": 813.2,
    "2021-05-23 19:00": 813.8,
    "2021-05-23 19:10": 812.1,
    "2021-05-23 19:20": 813.7,
    "2021-05-23 19:30": 814.8,
    "2021-05-23 19:40": 812.7,
    "2021-05-23 19:50": 812.1,
    "2021-05-23 20:00": 813.1,
    "2021-05-23 20:10": 813.7,
    "2021-05-23 20:20": 814.6,
    "2021-05-23 20:30": 813.7,
    "2021-05-23 20:40": 812.7,
    "2021-05-23 20:50": 812.1,
    "2021-05-23 21:00": 813.7,
    "2021-05-23 21:10": 813.7,
    "2021-05-23 21:20": 813.7,
    "2021-05-23 21:30": 813.7,
    "2021-05-23 21:40": 812.1,
    "2021-05-23 21:50": 814.6,
    "2021-05-23 22:00": 811.6,
    "2021-05-23 22:10": 813.6,
    "2021-05-23 22:20": 812,
    "2021-05-23 22:30": 811,
    "2021-05-23 22:40": 812.6,
    "2021-05-23 22:50": 812,
    "2021-05-23 23:00": 813.1
}