{
    "2021-05-28 23:10": 875.1,
    "2021-05-28 23:20": 874.2,
    "2021-05-28 23:30": 872.9,
    "2021-05-28 23:40": 876.1,
    "2021-05-28 23:50": 877.6,
    "2021-05-29 00:00": 874.2,
    "2021-05-29 00:10": 877.1,
    "2021-05-29 00:20": 872.6,
    "2021-05-29 00:30": 875.1,
    "2021-05-29 01:20": 873.6,
    "2021-05-29 01:30": 874.5,
    "2021-05-29 01:40": 870.4,
    "2021-05-29 01:50": 871.7,
    "2021-05-29 02:00": 871.7,
    "2021-05-29 02:10": 871.1,
    "2021-05-29 02:20": 869.7,
    "2021-05-29 02:30": 871.1,
    "2021-05-29 02:40": 874.2,
    "2021-05-29 02:50": 871.7,
    "2021-05-29 03:00": 873.2,
    "2021-05-29 03:10": 873.1,
    "2021-05-29 03:20": 873.2,
    "2021-05-29 03:30": 872.1,
    "2021-05-29 03:40": 873.2,
    "2021-05-29 03:50": 872.5,
    "2021-05-29 04:00": 874.6,
    "2021-05-29 04:10": 871.9,
    "2021-05-29 04:20": 871.5,
    "2021-05-29 04:30": 872.3,
    "2021-05-29 04:40": 870.8,
    "2021-05-29 04:50": 870.9,
    "2021-05-29 05:00": 872.5,
    "2021-05-29 05:10": 870.4,
    "2021-05-29 05:20": 869.8,
    "2021-05-29 05:30": 871.4,
    "2021-05-29 05:40": 871.4,
    "2021-05-29 05:50": 872.3,
    "2021-05-29 06:00": 870.8,
    "2021-05-29 06:10": 870.4,
    "2021-05-29 06:20": 868.8,
    "2021-05-29 06:30": 870.4,
    "2021-05-29 06:40": 870.4,
    "2021-05-29 06:50": 865.9,
    "2021-05-29 07:00": 870.4,
    "2021-05-29 07:10": 866.5,
    "2021-05-29 07:20": 862.6,
    "2021-05-29 07:30": 866.9,
    "2021-05-29 07:40": 867,
    "2021-05-29 07:50": 855.8,
    "2021-05-29 08:00": 809.7,
    "2021-05-29 08:10": 819.2,
    "2021-05-29 08:20": 815.1,
    "2021-05-29 08:30": 813.5,
    "2021-05-29 08:40": 844.6,
    "2021-05-29 08:50": 830.5,
    "2021-05-29 09:00": 832.6,
    "2021-05-29 09:10": 853.2,
    "2021-05-29 09:20": 853.9,
    "2021-05-29 09:30": 856.5,
    "2021-05-29 09:40": 862.1,
    "2021-05-29 09:50": 862.2,
    "2021-05-29 10:00": 867.6,
    "2021-05-29 10:10": 865.2,
    "2021-05-29 10:20": 820,
    "2021-05-29 10:30": 837.8,
    "2021-05-29 10:40": 836.1,
    "2021-05-29 10:50": 825.5,
    "2021-05-29 11:00": 849.3,
    "2021-05-29 11:10": 844.5,
    "2021-05-29 11:20": 862.1,
    "2021-05-29 11:30": 868.7,
    "2021-05-29 11:40": 870.7,
    "2021-05-29 11:50": 869.9,
    "2021-05-29 12:00": 858.3,
    "2021-05-29 12:10": 823.5,
    "2021-05-29 12:20": 821.1,
    "2021-05-29 12:30": 853.7,
    "2021-05-29 12:40": 851,
    "2021-05-29 12:50": 861.9,
    "2021-05-29 13:00": 837.4,
    "2021-05-29 13:10": 858.7,
    "2021-05-29 13:20": 858.7,
    "2021-05-29 13:30": 874.2,
    "2021-05-29 13:40": 873.8,
    "2021-05-29 13:50": 870.3,
    "2021-05-29 14:00": 870.3,
    "2021-05-29 14:10": 873.4,
    "2021-05-29 14:20": 874,
    "2021-05-29 14:30": 873.5,
    "2021-05-29 14:40": 874.2,
    "2021-05-29 14:50": 875.6,
    "2021-05-29 15:00": 871.2,
    "2021-05-29 15:10": 870.7,
    "2021-05-29 15:20": 872.2,
    "2021-05-29 15:30": 858.4,
    "2021-05-29 15:40": 854.5,
    "2021-05-29 15:50": 854.6,
    "2021-05-29 16:00": 834.4,
    "2021-05-29 16:10": 843.6,
    "2021-05-29 16:20": 864.5,
    "2021-05-29 16:30": 870.9,
    "2021-05-29 16:40": 869,
    "2021-05-29 16:50": 867.2,
    "2021-05-29 17:00": 867.9,
    "2021-05-29 17:10": 869.3,
    "2021-05-29 17:20": 869.8,
    "2021-05-29 17:30": 863.1,
    "2021-05-29 17:40": 866.2,
    "2021-05-29 17:50": 868.7,
    "2021-05-29 18:00": 866.8,
    "2021-05-29 18:10": 863.4,
    "2021-05-29 18:20": 864.6,
    "2021-05-29 18:30": 865.7,
    "2021-05-29 18:40": 864.7,
    "2021-05-29 18:50": 864.8,
    "2021-05-29 19:00": 863.7,
    "2021-05-29 19:10": 865.2,
    "2021-05-29 19:20": 867.3,
    "2021-05-29 19:30": 866.7,
    "2021-05-29 19:40": 866.7,
    "2021-05-29 19:50": 864.6,
    "2021-05-29 20:00": 867.6,
    "2021-05-29 20:10": 869.2,
    "2021-05-29 20:20": 867.6,
    "2021-05-29 20:30": 869.2,
    "2021-05-29 20:40": 867.3,
    "2021-05-29 20:50": 867.3,
    "2021-05-29 21:00": 869.3,
    "2021-05-30 00:10": 873.6,
    "2021-05-30 00:20": 876.7,
    "2021-05-30 00:30": 872.6,
    "2021-05-30 00:40": 870.7,
    "2021-05-30 00:50": 871.7,
    "2021-05-30 01:00": 871.1,
    "2021-05-30 01:10": 870.7,
    "2021-05-30 01:20": 870.1,
    "2021-05-30 01:30": 869,
    "2021-05-30 01:40": 867.6,
    "2021-05-30 01:50": 871.7,
    "2021-05-30 02:00": 870.1,
    "2021-05-30 02:10": 870.6,
    "2021-05-30 02:20": 871.1,
    "2021-05-30 02:30": 869.7,
    "2021-05-30 02:40": 869.6,
    "2021-05-30 02:50": 869.2,
    "2021-05-30 03:00": 869,
    "2021-05-30 03:10": 867.6,
    "2021-05-30 03:20": 868.6,
    "2021-05-30 03:30": 872.6,
    "2021-05-30 03:40": 869.5,
    "2021-05-30 03:50": 871.1,
    "2021-05-30 04:00": 864.6,
    "2021-05-30 04:10": 850.1,
    "2021-05-30 04:20": 860.4,
    "2021-05-30 04:30": 857.4,
    "2021-05-30 04:40": 846,
    "2021-05-30 04:50": 842,
    "2021-05-30 05:00": 828.7,
    "2021-05-30 05:10": 851.3,
    "2021-05-30 05:20": 836.3,
    "2021-05-30 05:30": 850.7,
    "2021-05-30 05:40": 843.6,
    "2021-05-30 05:50": 858.5,
    "2021-05-30 06:00": 851.1,
    "2021-05-30 06:10": 847.7,
    "2021-05-30 06:20": 839.3,
    "2021-05-30 06:30": 840,
    "2021-05-30 06:40": 830.6,
    "2021-05-30 06:50": 836.7,
    "2021-05-30 07:00": 835.1,
    "2021-05-30 07:10": 824.5,
    "2021-05-30 07:20": 818.8,
    "2021-05-30 07:30": 859,
    "2021-05-30 07:40": 809.6,
    "2021-05-30 07:50": 846,
    "2021-05-30 08:00": 798.3,
    "2021-05-30 08:10": 800.8,
    "2021-05-30 08:20": 839.9,
    "2021-05-30 08:30": 839.4,
    "2021-05-30 08:40": 800.9,
    "2021-05-30 08:50": 838,
    "2021-05-30 09:00": 778.1,
    "2021-05-30 09:10": 818.1,
    "2021-05-30 09:20": 846.7,
    "2021-05-30 09:30": 829.2,
    "2021-05-30 09:40": 739.8,
    "2021-05-30 09:50": 711.1,
    "2021-05-30 10:00": 720.5,
    "2021-05-30 10:10": 794.1,
    "2021-05-30 10:20": 839.5,
    "2021-05-30 10:30": 829.4,
    "2021-05-30 10:40": 848.4,
    "2021-05-30 10:50": 856.7,
    "2021-05-30 11:00": 859.4,
    "2021-05-30 11:10": 862,
    "2021-05-30 11:20": 857.4,
    "2021-05-30 11:30": 862.1,
    "2021-05-30 11:40": 864,
    "2021-05-30 11:50": 870.3,
    "2021-05-30 12:00": 867,
    "2021-05-30 12:10": 872.4,
    "2021-05-30 12:20": 875.4,
    "2021-05-30 12:30": 878.1,
    "2021-05-30 12:40": 879,
    "2021-05-30 12:50": 879,
    "2021-05-30 13:00": 882.5,
    "2021-05-30 13:10": 879.5,
    "2021-05-30 13:20": 881.1,
    "2021-05-30 13:30": 881.5,
    "2021-05-30 13:40": 882.5,
    "2021-05-30 13:50": 882,
    "2021-05-30 14:00": 881,
    "2021-05-30 14:10": 878.6,
    "2021-05-30 14:20": 879,
    "2021-05-30 14:30": 878.5,
    "2021-05-30 14:40": 877.5,
    "2021-05-30 14:50": 879,
    "2021-05-30 15:00": 880.4,
    "2021-05-30 15:10": 881.5,
    "2021-05-30 15:20": 882.9,
    "2021-05-30 15:30": 882.9,
    "2021-05-30 15:40": 882,
    "2021-05-30 15:50": 881,
    "2021-05-30 16:00": 882.9,
    "2021-05-30 16:10": 880.9,
    "2021-05-30 16:20": 880,
    "2021-05-30 16:30": 880,
    "2021-05-30 16:40": 881.2,
    "2021-05-30 17:20": 878.8,
    "2021-05-30 17:30": 879.8,
    "2021-05-30 17:50": 879.3,
    "2021-05-30 18:00": 881.2,
    "2021-05-30 18:10": 879.1,
    "2021-05-30 18:20": 858,
    "2021-05-30 18:30": 827.9,
    "2021-05-30 18:40": 828,
    "2021-05-30 18:50": 827.6,
    "2021-05-30 19:00": 827,
    "2021-05-30 19:10": 827,
    "2021-05-30 19:20": 827,
    "2021-05-30 19:30": 827.6,
    "2021-05-30 19:40": 828,
    "2021-05-30 19:50": 827.5,
    "2021-05-30 20:00": 828.6,
    "2021-05-30 20:10": 830.5,
    "2021-05-30 20:20": 829.5,
    "2021-05-30 20:30": 828.6,
    "2021-05-30 20:40": 828.5,
    "2021-05-30 20:50": 828.6,
    "2021-05-30 21:00": 829.1,
    "2021-05-30 21:10": 829.1,
    "2021-05-30 21:20": 829,
    "2021-05-30 21:30": 827.6,
    "2021-05-30 21:40": 830.1,
    "2021-05-30 21:50": 831.6,
    "2021-05-30 22:00": 830.1,
    "2021-05-30 22:10": 832.7,
    "2021-05-30 22:20": 834.2,
    "2021-05-30 22:30": 834.2
}