{
    "2021-05-28 23:10": 42.8,
    "2021-05-28 23:20": 41.7,
    "2021-05-28 23:30": 40.4,
    "2021-05-28 23:40": 40.2,
    "2021-05-28 23:50": 39.5,
    "2021-05-29 00:00": 38.9,
    "2021-05-29 00:10": 38.6,
    "2021-05-29 00:20": 38.1,
    "2021-05-29 00:30": 37.6,
    "2021-05-29 01:20": 37.9,
    "2021-05-29 01:30": 37,
    "2021-05-29 01:40": 37.5,
    "2021-05-29 01:50": 37.5,
    "2021-05-29 02:00": 36.7,
    "2021-05-29 02:10": 36.8,
    "2021-05-29 02:20": 36.6,
    "2021-05-29 02:30": 35.8,
    "2021-05-29 02:40": 35.7,
    "2021-05-29 02:50": 35.2,
    "2021-05-29 03:00": 34.7,
    "2021-05-29 03:10": 35.2,
    "2021-05-29 03:20": 34.7,
    "2021-05-29 03:30": 34.1,
    "2021-05-29 03:40": 33.9,
    "2021-05-29 03:50": 33.5,
    "2021-05-29 04:00": 33.6,
    "2021-05-29 04:10": 33.4,
    "2021-05-29 04:20": 33.4,
    "2021-05-29 04:30": 33,
    "2021-05-29 04:40": 33.5,
    "2021-05-29 04:50": 33.3,
    "2021-05-29 05:00": 32.7,
    "2021-05-29 05:10": 32.6,
    "2021-05-29 05:20": 32.8,
    "2021-05-29 05:30": 31.9,
    "2021-05-29 05:40": 31.5,
    "2021-05-29 05:50": 30.8,
    "2021-05-29 06:00": 30.8,
    "2021-05-29 06:10": 30.8,
    "2021-05-29 06:20": 30.8,
    "2021-05-29 06:30": 31.1,
    "2021-05-29 06:40": 30.9,
    "2021-05-29 06:50": 31.1,
    "2021-05-29 07:00": 31.5,
    "2021-05-29 07:10": 31.1,
    "2021-05-29 07:20": 31.1,
    "2021-05-29 07:30": 31.4,
    "2021-05-29 07:40": 31.1,
    "2021-05-29 07:50": 31.6,
    "2021-05-29 08:00": 32.2,
    "2021-05-29 08:10": 33.1,
    "2021-05-29 08:20": 33.5,
    "2021-05-29 08:30": 33.4,
    "2021-05-29 08:40": 33.6,
    "2021-05-29 08:50": 34.4,
    "2021-05-29 09:00": 35.6,
    "2021-05-29 09:10": 35.1,
    "2021-05-29 09:20": 34.9,
    "2021-05-29 09:30": 35.6,
    "2021-05-29 09:40": 33.6,
    "2021-05-29 09:50": 34.6,
    "2021-05-29 10:00": 35.4,
    "2021-05-29 10:10": 35.6,
    "2021-05-29 10:20": 36.1,
    "2021-05-29 10:30": 36.6,
    "2021-05-29 10:40": 37.6,
    "2021-05-29 10:50": 39,
    "2021-05-29 11:00": 39.1,
    "2021-05-29 11:10": 39.5,
    "2021-05-29 11:20": 39.2,
    "2021-05-29 11:30": 39,
    "2021-05-29 11:40": 38.2,
    "2021-05-29 11:50": 38.2,
    "2021-05-29 12:00": 39.2,
    "2021-05-29 12:10": 38.9,
    "2021-05-29 12:20": 38.9,
    "2021-05-29 12:30": 39.1,
    "2021-05-29 12:40": 38.1,
    "2021-05-29 12:50": 37.3,
    "2021-05-29 13:00": 36.4,
    "2021-05-29 13:10": 36.5,
    "2021-05-29 13:20": 36.5,
    "2021-05-29 13:30": 36.7,
    "2021-05-29 13:40": 37.1,
    "2021-05-29 13:50": 37.3,
    "2021-05-29 14:00": 36.7,
    "2021-05-29 14:10": 36.3,
    "2021-05-29 14:20": 36.6,
    "2021-05-29 14:30": 36.1,
    "2021-05-29 14:40": 36.1,
    "2021-05-29 14:50": 36.7,
    "2021-05-29 15:00": 36.9,
    "2021-05-29 15:10": 36.8,
    "2021-05-29 15:20": 36.8,
    "2021-05-29 15:30": 36.8,
    "2021-05-29 15:40": 37.4,
    "2021-05-29 15:50": 35.3,
    "2021-05-29 16:00": 38.1,
    "2021-05-29 16:10": 36.7,
    "2021-05-29 16:20": 37.5,
    "2021-05-29 16:30": 36.3,
    "2021-05-29 16:40": 36.5,
    "2021-05-29 16:50": 36.9,
    "2021-05-29 17:00": 37.5,
    "2021-05-29 17:10": 37.4,
    "2021-05-29 17:20": 37.4,
    "2021-05-29 17:30": 37.1,
    "2021-05-29 17:40": 36.8,
    "2021-05-29 17:50": 36.5,
    "2021-05-29 18:00": 37.4,
    "2021-05-29 18:10": 36.8,
    "2021-05-29 18:20": 36.6,
    "2021-05-29 18:30": 37.1,
    "2021-05-29 18:40": 40.1,
    "2021-05-29 18:50": 40,
    "2021-05-29 19:00": 39.7,
    "2021-05-29 19:10": 40.2,
    "2021-05-29 19:20": 40.6,
    "2021-05-29 19:30": 41,
    "2021-05-29 19:40": 40.9,
    "2021-05-29 19:50": 39.2,
    "2021-05-29 20:00": 41.1,
    "2021-05-29 20:10": 41,
    "2021-05-29 20:20": 41.5,
    "2021-05-29 20:30": 41.1,
    "2021-05-29 20:40": 41,
    "2021-05-29 20:50": 40.6,
    "2021-05-29 21:00": 40.9,
    "2021-05-30 00:10": 34.7,
    "2021-05-30 00:20": 34.2,
    "2021-05-30 00:30": 33.5,
    "2021-05-30 00:40": 33.2,
    "2021-05-30 00:50": 32.8,
    "2021-05-30 01:00": 31,
    "2021-05-30 01:10": 30.9,
    "2021-05-30 01:20": 30.6,
    "2021-05-30 01:30": 31.1,
    "2021-05-30 01:40": 30.9,
    "2021-05-30 01:50": 30.6,
    "2021-05-30 02:00": 30,
    "2021-05-30 02:10": 29.8,
    "2021-05-30 02:20": 29.6,
    "2021-05-30 02:30": 29.9,
    "2021-05-30 02:40": 28.8,
    "2021-05-30 02:50": 29.5,
    "2021-05-30 03:00": 29.4,
    "2021-05-30 03:10": 29.3,
    "2021-05-30 03:20": 28.9,
    "2021-05-30 03:30": 29,
    "2021-05-30 03:40": 28.8,
    "2021-05-30 03:50": 28.7,
    "2021-05-30 04:00": 28.7,
    "2021-05-30 04:10": 28.4,
    "2021-05-30 04:20": 28.5,
    "2021-05-30 04:30": 28.4,
    "2021-05-30 04:40": 28.4,
    "2021-05-30 04:50": 28.6,
    "2021-05-30 05:00": 28.8,
    "2021-05-30 05:10": 28.8,
    "2021-05-30 05:20": 28.8,
    "2021-05-30 05:30": 28.4,
    "2021-05-30 05:40": 28.1,
    "2021-05-30 05:50": 28.2,
    "2021-05-30 06:00": 27.9,
    "2021-05-30 06:10": 27.5,
    "2021-05-30 06:20": 28.1,
    "2021-05-30 06:30": 28.3,
    "2021-05-30 06:40": 28.7,
    "2021-05-30 06:50": 28.2,
    "2021-05-30 07:00": 28.5,
    "2021-05-30 07:10": 28,
    "2021-05-30 07:20": 28.4,
    "2021-05-30 07:30": 28.5,
    "2021-05-30 07:40": 28.6,
    "2021-05-30 07:50": 28.4,
    "2021-05-30 08:00": 28.5,
    "2021-05-30 08:10": 29.9,
    "2021-05-30 08:20": 29.8,
    "2021-05-30 08:30": 30,
    "2021-05-30 08:40": 30.4,
    "2021-05-30 08:50": 30.4,
    "2021-05-30 09:00": 30.3,
    "2021-05-30 09:10": 30.7,
    "2021-05-30 09:20": 31.4,
    "2021-05-30 09:30": 31.6,
    "2021-05-30 09:40": 32.5,
    "2021-05-30 09:50": 32.3,
    "2021-05-30 10:00": 32.9,
    "2021-05-30 10:10": 32.1,
    "2021-05-30 10:20": 32.1,
    "2021-05-30 10:30": 31,
    "2021-05-30 10:40": 32.5,
    "2021-05-30 10:50": 32.5,
    "2021-05-30 11:00": 32.6,
    "2021-05-30 11:10": 32.6,
    "2021-05-30 11:20": 32.5,
    "2021-05-30 11:30": 32.8,
    "2021-05-30 11:40": 32.8,
    "2021-05-30 11:50": 33.5,
    "2021-05-30 12:00": 34,
    "2021-05-30 12:10": 34,
    "2021-05-30 12:20": 33.6,
    "2021-05-30 12:30": 32.8,
    "2021-05-30 12:40": 32.8,
    "2021-05-30 12:50": 33.1,
    "2021-05-30 13:00": 33,
    "2021-05-30 13:10": 32.3,
    "2021-05-30 13:20": 32.3,
    "2021-05-30 13:30": 32.8,
    "2021-05-30 13:40": 32.8,
    "2021-05-30 13:50": 33.4,
    "2021-05-30 14:00": 33.2,
    "2021-05-30 14:10": 32.4,
    "2021-05-30 14:20": 32.5,
    "2021-05-30 14:30": 32.3,
    "2021-05-30 14:40": 32.6,
    "2021-05-30 14:50": 32.6,
    "2021-05-30 15:00": 33.1,
    "2021-05-30 15:10": 32.6,
    "2021-05-30 15:20": 33.4,
    "2021-05-30 15:30": 33.1,
    "2021-05-30 15:40": 33.3,
    "2021-05-30 15:50": 33.8,
    "2021-05-30 16:00": 33.6,
    "2021-05-30 16:10": 36.8,
    "2021-05-30 16:20": 37.2,
    "2021-05-30 16:30": 37,
    "2021-05-30 16:40": 37.2,
    "2021-05-30 17:20": 38.2,
    "2021-05-30 17:30": 38.9,
    "2021-05-30 17:50": 39.4,
    "2021-05-30 18:00": 40.1,
    "2021-05-30 18:10": 40.1,
    "2021-05-30 18:20": 40,
    "2021-05-30 18:30": 39.7,
    "2021-05-30 18:40": 39.6,
    "2021-05-30 18:50": 39.6,
    "2021-05-30 19:00": 39.6,
    "2021-05-30 19:10": 39.6,
    "2021-05-30 19:20": 39.6,
    "2021-05-30 19:30": 39.6,
    "2021-05-30 19:40": 39.6,
    "2021-05-30 19:50": 39.6,
    "2021-05-30 20:00": 39.6,
    "2021-05-30 20:10": 39.6,
    "2021-05-30 20:20": 39.6,
    "2021-05-30 20:30": 39.6,
    "2021-05-30 20:40": 39.6,
    "2021-05-30 20:50": 39.6,
    "2021-05-30 21:00": 39.6,
    "2021-05-30 21:10": 39.6,
    "2021-05-30 21:20": 39.6,
    "2021-05-30 21:30": 39.6,
    "2021-05-30 21:40": 39.6,
    "2021-05-30 21:50": 39.6,
    "2021-05-30 22:00": 39.6,
    "2021-05-30 22:10": 39.6,
    "2021-05-30 22:20": 39.6,
    "2021-05-30 22:30": 39.6
}