{
    "2021-05-28 23:10": 10.7,
    "2021-05-28 23:20": 10.8,
    "2021-05-28 23:30": 10.8,
    "2021-05-28 23:40": 10.8,
    "2021-05-28 23:50": 10.9,
    "2021-05-29 00:00": 10.9,
    "2021-05-29 00:10": 10.7,
    "2021-05-29 00:20": 10.7,
    "2021-05-29 00:30": 10.7,
    "2021-05-29 01:20": 13.8,
    "2021-05-29 01:30": 10.1,
    "2021-05-29 01:40": 8.7,
    "2021-05-29 01:50": 9.6,
    "2021-05-29 02:00": 11.1,
    "2021-05-29 02:10": 11.9,
    "2021-05-29 02:20": 11.8,
    "2021-05-29 02:30": 11.9,
    "2021-05-29 02:40": 12,
    "2021-05-29 02:50": 12,
    "2021-05-29 03:00": 11.8,
    "2021-05-29 03:10": 11.5,
    "2021-05-29 03:20": 11.2,
    "2021-05-29 03:30": 11.2,
    "2021-05-29 03:40": 11.1,
    "2021-05-29 03:50": 11.2,
    "2021-05-29 04:00": 5,
    "2021-05-29 04:10": 4.8,
    "2021-05-29 04:20": 7.2,
    "2021-05-29 04:30": 10,
    "2021-05-29 04:40": 10.7,
    "2021-05-29 04:50": 11.3,
    "2021-05-29 05:00": 11.4,
    "2021-05-29 05:10": 11.6,
    "2021-05-29 05:20": 11.5,
    "2021-05-29 05:30": 11.5,
    "2021-05-29 05:40": 11.3,
    "2021-05-29 05:50": 11.1,
    "2021-05-29 06:00": 11.1,
    "2021-05-29 06:10": 11.3,
    "2021-05-29 06:20": 8.4,
    "2021-05-29 06:30": 7.7,
    "2021-05-29 06:40": 9,
    "2021-05-29 06:50": 10.5,
    "2021-05-29 07:00": 10.9,
    "2021-05-29 07:10": 10.9,
    "2021-05-29 07:20": 8.4,
    "2021-05-29 07:30": 6.6,
    "2021-05-29 07:40": 6.7,
    "2021-05-29 07:50": 9.8,
    "2021-05-29 08:00": 8.8,
    "2021-05-29 08:10": 8.8,
    "2021-05-29 08:20": 8.2,
    "2021-05-29 08:30": 10.3,
    "2021-05-29 08:40": 11.4,
    "2021-05-29 08:50": 12,
    "2021-05-29 09:00": 12.2,
    "2021-05-29 09:10": 5.4,
    "2021-05-29 09:20": 7.7,
    "2021-05-29 09:30": 10.5,
    "2021-05-29 09:40": 11.4,
    "2021-05-29 09:50": 15.3,
    "2021-05-29 10:00": 13,
    "2021-05-29 10:10": 9.8,
    "2021-05-29 10:20": 10.2,
    "2021-05-29 10:30": 10.2,
    "2021-05-29 10:40": 10.3,
    "2021-05-29 10:50": 10.5,
    "2021-05-29 11:00": 10.4,
    "2021-05-29 11:10": 10.2,
    "2021-05-29 11:20": 10.2,
    "2021-05-29 11:30": 10.2,
    "2021-05-29 11:40": 10.3,
    "2021-05-29 11:50": 10.4,
    "2021-05-29 12:00": 10.3,
    "2021-05-29 12:10": 10.2,
    "2021-05-29 12:20": 4.7,
    "2021-05-29 12:30": 4.6,
    "2021-05-29 12:40": 9,
    "2021-05-29 12:50": 10.4,
    "2021-05-29 13:00": 10.8,
    "2021-05-29 13:10": 11.2,
    "2021-05-29 13:20": 11.4,
    "2021-05-29 13:30": 11.2,
    "2021-05-29 13:40": 11.1,
    "2021-05-29 13:50": 11.3,
    "2021-05-29 14:00": 11.3,
    "2021-05-29 14:10": 11.2,
    "2021-05-29 14:20": 11.1,
    "2021-05-29 14:30": 10.9,
    "2021-05-29 14:40": 10.7,
    "2021-05-29 14:50": 10.5,
    "2021-05-29 15:00": 10.6,
    "2021-05-29 15:10": 3.2,
    "2021-05-29 15:20": 3.2,
    "2021-05-29 15:30": 3.2,
    "2021-05-29 15:40": 3.2,
    "2021-05-29 15:50": 3.2,
    "2021-05-29 16:00": 3.2,
    "2021-05-29 16:10": 7.6,
    "2021-05-29 16:20": 8.5,
    "2021-05-29 16:30": 9.5,
    "2021-05-29 16:40": 9.8,
    "2021-05-29 16:50": 10.1,
    "2021-05-29 17:00": 10.1,
    "2021-05-29 17:10": 10.2,
    "2021-05-29 17:20": 7.9,
    "2021-05-29 17:30": 7.5,
    "2021-05-29 17:40": 7.6,
    "2021-05-29 17:50": 7.5,
    "2021-05-29 18:00": 7.4,
    "2021-05-29 18:10": 7.5,
    "2021-05-29 18:20": 7.6,
    "2021-05-29 18:30": 7.7,
    "2021-05-29 18:40": 7.9,
    "2021-05-29 18:50": 7.9,
    "2021-05-29 19:00": 7.9,
    "2021-05-29 19:10": 8.1,
    "2021-05-29 19:20": 7.9,
    "2021-05-29 19:30": 8.1,
    "2021-05-29 19:40": 8.1,
    "2021-05-29 19:50": 8.1,
    "2021-05-29 20:00": 8.1,
    "2021-05-29 20:10": 8,
    "2021-05-29 20:20": 7.8,
    "2021-05-29 20:30": 7.7,
    "2021-05-29 20:40": 7.7,
    "2021-05-29 20:50": 7.7,
    "2021-05-29 21:00": 7.6,
    "2021-05-30 00:10": 7.5,
    "2021-05-30 00:20": 7.3,
    "2021-05-30 00:30": 7.5,
    "2021-05-30 00:40": 7.3,
    "2021-05-30 00:50": 7.3,
    "2021-05-30 01:00": 7.2,
    "2021-05-30 01:10": 7.4,
    "2021-05-30 01:20": 7.3,
    "2021-05-30 01:30": 7.2,
    "2021-05-30 01:40": 7.3,
    "2021-05-30 01:50": 7.3,
    "2021-05-30 02:00": 7.6,
    "2021-05-30 02:10": 5.6,
    "2021-05-30 02:20": 2.2,
    "2021-05-30 02:30": 9,
    "2021-05-30 02:40": 6.6,
    "2021-05-30 02:50": 5.6,
    "2021-05-30 03:00": 5.7,
    "2021-05-30 03:10": 7.5,
    "2021-05-30 03:20": 16.5,
    "2021-05-30 03:30": 15.8,
    "2021-05-30 03:40": 12.2,
    "2021-05-30 03:50": 10.2,
    "2021-05-30 04:00": 8.6,
    "2021-05-30 04:10": 6.4,
    "2021-05-30 04:20": 7.2,
    "2021-05-30 04:30": 7.7,
    "2021-05-30 04:40": 8.1,
    "2021-05-30 04:50": 8,
    "2021-05-30 05:00": 8,
    "2021-05-30 05:10": 8,
    "2021-05-30 05:20": 7.5,
    "2021-05-30 05:30": 5.9,
    "2021-05-30 05:40": 7.1,
    "2021-05-30 05:50": 7.3,
    "2021-05-30 06:00": 7.4,
    "2021-05-30 06:10": 7.3,
    "2021-05-30 06:20": 7.4,
    "2021-05-30 06:30": 7.4,
    "2021-05-30 06:40": 7.5,
    "2021-05-30 06:50": 7.5,
    "2021-05-30 07:00": 7.5,
    "2021-05-30 07:10": 7.3,
    "2021-05-30 07:20": 7.3,
    "2021-05-30 07:30": 7.3,
    "2021-05-30 07:40": 7.3,
    "2021-05-30 07:50": 7,
    "2021-05-30 08:00": 7.1,
    "2021-05-30 08:10": 7.1,
    "2021-05-30 08:20": 7.2,
    "2021-05-30 08:30": 7.2,
    "2021-05-30 08:40": 7.8,
    "2021-05-30 08:50": 7.5,
    "2021-05-30 09:00": 7.7,
    "2021-05-30 09:10": 5,
    "2021-05-30 09:20": 5.4,
    "2021-05-30 09:30": 7.9,
    "2021-05-30 09:40": 8,
    "2021-05-30 09:50": 8.3,
    "2021-05-30 10:00": 8.1,
    "2021-05-30 10:10": 3.3,
    "2021-05-30 10:30": 4.1,
    "2021-05-30 10:40": 6.9,
    "2021-05-30 10:50": 7.5,
    "2021-05-30 11:00": 7.8,
    "2021-05-30 11:10": 8.2,
    "2021-05-30 11:20": 8.1,
    "2021-05-30 11:30": 5.4,
    "2021-05-30 11:40": 1.8,
    "2021-05-30 12:10": 5.4,
    "2021-05-30 12:20": 7,
    "2021-05-30 12:30": 6.3,
    "2021-05-30 12:40": 7.3,
    "2021-05-30 12:50": 7.5,
    "2021-05-30 13:00": 7.5,
    "2021-05-30 13:10": 6,
    "2021-05-30 13:20": 6.4,
    "2021-05-30 13:30": 6.4,
    "2021-05-30 13:40": 6.4,
    "2021-05-30 13:50": 6.4,
    "2021-05-30 14:00": 6.4,
    "2021-05-30 14:10": 6.4,
    "2021-05-30 14:20": 6.4,
    "2021-05-30 14:30": 6.4,
    "2021-05-30 14:40": 6.4,
    "2021-05-30 14:50": 6.4,
    "2021-05-30 15:00": 6.4,
    "2021-05-30 15:10": 6.4,
    "2021-05-30 15:20": 6.4,
    "2021-05-30 15:30": 5,
    "2021-05-30 15:40": 5,
    "2021-05-30 15:50": 5,
    "2021-05-30 16:00": 5,
    "2021-05-30 16:10": 5,
    "2021-05-30 16:20": 5,
    "2021-05-30 16:30": 5,
    "2021-05-30 16:40": 5,
    "2021-05-30 17:20": 5,
    "2021-05-30 17:30": 5,
    "2021-05-30 17:50": 5,
    "2021-05-30 18:00": 5,
    "2021-05-30 18:10": 5,
    "2021-05-30 18:20": 5,
    "2021-05-30 18:30": 1,
    "2021-05-30 18:40": 1,
    "2021-05-30 18:50": 1,
    "2021-05-30 19:00": 1,
    "2021-05-30 19:10": 1,
    "2021-05-30 19:20": 1,
    "2021-05-30 19:30": 1,
    "2021-05-30 19:40": 1,
    "2021-05-30 19:50": 1,
    "2021-05-30 20:00": 1,
    "2021-05-30 20:10": 1,
    "2021-05-30 20:20": 1,
    "2021-05-30 20:30": 1,
    "2021-05-30 20:40": 1,
    "2021-05-30 20:50": 1,
    "2021-05-30 21:00": 1,
    "2021-05-30 21:10": 1,
    "2021-05-30 21:20": 1,
    "2021-05-30 21:30": 1,
    "2021-05-30 21:40": 1,
    "2021-05-30 21:50": 1,
    "2021-05-30 22:00": 3,
    "2021-05-30 22:10": 3,
    "2021-05-30 22:20": 3,
    "2021-05-30 22:30": 3
}