{
    "2021-05-22 12:10": 4,
    "2021-05-22 12:20": 3.1,
    "2021-05-22 12:30": 2.6,
    "2021-05-22 12:40": 2.8,
    "2021-05-22 12:50": 2.8,
    "2021-05-22 13:00": 3.5,
    "2021-05-22 13:10": 2.5,
    "2021-05-22 13:20": 2.5,
    "2021-05-22 13:30": 2.4,
    "2021-05-22 13:40": 3.9,
    "2021-05-22 13:50": 5.2,
    "2021-05-22 14:00": 6,
    "2021-05-22 14:10": 6,
    "2021-05-22 14:20": 4.1,
    "2021-05-22 14:30": 5.4,
    "2021-05-22 14:40": 4.3,
    "2021-05-22 14:50": 4.9,
    "2021-05-22 15:00": 5.1,
    "2021-05-22 15:10": 3.6,
    "2021-05-22 15:20": 3.9,
    "2021-05-22 15:30": 2.7,
    "2021-05-22 15:40": 2.3,
    "2021-05-22 15:50": 1.7,
    "2021-05-22 16:00": 1.5,
    "2021-05-22 16:10": 1.1,
    "2021-05-22 16:20": 1,
    "2021-05-22 16:40": 0.2,
    "2021-05-22 16:50": 0.2,
    "2021-05-22 17:00": 0.2,
    "2021-05-22 17:10": 0.3,
    "2021-05-22 17:20": 0.4,
    "2021-05-22 17:30": 0.1,
    "2021-05-22 17:40": 0.1,
    "2021-05-23 01:20": 0.1,
    "2021-05-23 01:30": 0.1,
    "2021-05-23 08:40": 0.7,
    "2021-05-23 08:50": 0.2,
    "2021-05-23 09:00": 0.3,
    "2021-05-23 09:10": 0.6,
    "2021-05-23 09:20": 1,
    "2021-05-23 09:30": 1.2,
    "2021-05-23 09:40": 1,
    "2021-05-23 09:50": 0.1,
    "2021-05-23 10:00": 0.2,
    "2021-05-23 10:10": 0.9,
    "2021-05-23 10:20": 0.6,
    "2021-05-23 10:40": 0.4,
    "2021-05-23 10:50": 0.8,
    "2021-05-23 11:00": 0.9,
    "2021-05-23 11:10": 1.6,
    "2021-05-23 11:20": 1.5,
    "2021-05-23 11:30": 1.2,
    "2021-05-23 11:50": 2,
    "2021-05-23 12:00": 2.4,
    "2021-05-23 12:10": 2.2,
    "2021-05-23 12:20": 2,
    "2021-05-23 12:30": 2.7,
    "2021-05-23 12:40": 2.7,
    "2021-05-23 12:50": 2.6,
    "2021-05-23 13:00": 3,
    "2021-05-23 13:10": 2.1,
    "2021-05-23 13:20": 3,
    "2021-05-23 13:30": 3,
    "2021-05-23 13:40": 3,
    "2021-05-23 13:50": 2.5,
    "2021-05-23 14:00": 2.7,
    "2021-05-23 14:10": 4,
    "2021-05-23 14:20": 3.6,
    "2021-05-23 14:30": 3.4,
    "2021-05-23 14:40": 3.5,
    "2021-05-23 14:50": 3.2,
    "2021-05-23 15:00": 2.5,
    "2021-05-23 15:10": 3.9,
    "2021-05-23 15:20": 3.7,
    "2021-05-23 15:30": 1.9,
    "2021-05-23 15:40": 2.8,
    "2021-05-23 15:50": 2.1,
    "2021-05-23 16:00": 2.1,
    "2021-05-23 16:10": 1.2,
    "2021-05-23 16:20": 1.2,
    "2021-05-23 16:30": 0.6,
    "2021-05-23 16:40": 0.1,
    "2021-05-23 16:50": 0.1,
    "2021-05-23 19:50": 0.7,
    "2021-05-23 20:00": 0.8,
    "2021-05-23 20:10": 0.5,
    "2021-05-23 20:20": 0.4,
    "2021-05-23 20:30": 0.1,
    "2021-05-23 20:50": 0.1,
    "2021-05-23 21:00": 0.1,
    "2021-05-23 21:50": 0.1,
    "2021-05-23 22:00": 0.3,
    "2021-05-23 22:10": 0.6,
    "2021-05-23 22:20": 0.8,
    "2021-05-23 22:30": 1.6,
    "2021-05-23 22:40": 1.8,
    "2021-05-23 22:50": 1.2,
    "2021-05-23 23:00": 0.8
}