{
    "2021-05-22 12:10": 19.9,
    "2021-05-22 12:20": 23.8,
    "2021-05-22 12:30": 11.7,
    "2021-05-22 12:40": 16.9,
    "2021-05-22 12:50": 5.4,
    "2021-05-22 13:00": 22,
    "2021-05-22 13:10": 9.9,
    "2021-05-22 13:20": 9.6,
    "2021-05-22 13:30": 5.7,
    "2021-05-22 13:40": 5.9,
    "2021-05-22 13:50": 13.9,
    "2021-05-22 14:00": 6.1,
    "2021-05-22 14:10": 5.6,
    "2021-05-22 14:20": 6.4,
    "2021-05-22 14:30": 5.4,
    "2021-05-22 14:40": 5.1,
    "2021-05-22 14:50": 5.2,
    "2021-05-22 15:00": 5.4,
    "2021-05-22 15:10": 5.2,
    "2021-05-22 15:20": 4.9,
    "2021-05-22 15:30": 5.7,
    "2021-05-22 15:40": 5.2,
    "2021-05-22 15:50": 5.9,
    "2021-05-22 16:00": 5.9,
    "2021-05-22 16:10": 6.6,
    "2021-05-22 16:20": 5.4,
    "2021-05-22 16:40": 5.6,
    "2021-05-22 16:50": 5.2,
    "2021-05-22 17:00": 12.1,
    "2021-05-22 17:10": 6.1,
    "2021-05-22 17:20": 4.9,
    "2021-05-22 17:30": 5.6,
    "2021-05-22 17:40": 5.2,
    "2021-05-22 17:50": 6.6,
    "2021-05-22 18:00": 6.2,
    "2021-05-22 18:10": 5.6,
    "2021-05-22 18:20": 5.9,
    "2021-05-22 18:40": 6.4,
    "2021-05-22 18:50": 9.4,
    "2021-05-22 19:10": 5.7,
    "2021-05-22 19:20": 5.4,
    "2021-05-22 19:30": 6.2,
    "2021-05-22 19:40": 5.9,
    "2021-05-22 20:00": 6.2,
    "2021-05-22 20:10": 5.9,
    "2021-05-22 20:20": 7.7,
    "2021-05-22 20:30": 6.4,
    "2021-05-22 20:40": 11.6,
    "2021-05-22 20:50": 5.9,
    "2021-05-22 21:00": 5.4,
    "2021-05-22 21:10": 10.7,
    "2021-05-22 21:20": 6.7,
    "2021-05-22 21:30": 5.1,
    "2021-05-22 21:40": 5.6,
    "2021-05-22 21:50": 5.1,
    "2021-05-22 22:00": 5.4,
    "2021-05-22 22:10": 5.9,
    "2021-05-22 22:20": 5.9,
    "2021-05-22 22:30": 5.7,
    "2021-05-22 22:40": 6.4,
    "2021-05-22 22:50": 7.2,
    "2021-05-22 23:00": 7.7,
    "2021-05-22 23:10": 6.1,
    "2021-05-22 23:20": 6.4,
    "2021-05-22 23:30": 6.4,
    "2021-05-22 23:40": 6.7,
    "2021-05-22 23:50": 4.9,
    "2021-05-23 00:00": 6.2,
    "2021-05-23 00:10": 5.6,
    "2021-05-23 00:20": 6.7,
    "2021-05-23 00:30": 5.9,
    "2021-05-23 00:40": 6.4,
    "2021-05-23 00:50": 5.7,
    "2021-05-23 01:00": 5.7,
    "2021-05-23 01:10": 5.7,
    "2021-05-23 01:20": 5.7,
    "2021-05-23 01:30": 4.7,
    "2021-05-23 01:40": 5.2,
    "2021-05-23 01:50": 5.7,
    "2021-05-23 02:00": 15.3,
    "2021-05-23 02:10": 6.1,
    "2021-05-23 02:20": 16.4,
    "2021-05-23 02:30": 23.5,
    "2021-05-23 02:40": 5.7,
    "2021-05-23 02:50": 9.6,
    "2021-05-23 03:00": 5.9,
    "2021-05-23 03:10": 7.2,
    "2021-05-23 03:20": 20.4,
    "2021-05-23 03:30": 10.2,
    "2021-05-23 03:40": 6.4,
    "2021-05-23 03:50": 9.7,
    "2021-05-23 04:10": 6.2,
    "2021-05-23 04:20": 6.2,
    "2021-05-23 04:30": 6.1,
    "2021-05-23 04:40": 7.1,
    "2021-05-23 04:50": 5.2,
    "2021-05-23 05:00": 6.1,
    "2021-05-23 05:10": 7.7,
    "2021-05-23 23:00": 0
}