{
    "2021-05-22 12:10": 7.2,
    "2021-05-22 12:20": 7.2,
    "2021-05-22 12:30": 7.1,
    "2021-05-22 12:40": 7.1,
    "2021-05-22 12:50": 7.1,
    "2021-05-22 13:00": 7,
    "2021-05-22 13:10": 6.7,
    "2021-05-22 13:20": 6.8,
    "2021-05-22 13:30": 6.9,
    "2021-05-22 13:40": 6.9,
    "2021-05-22 13:50": 6.8,
    "2021-05-22 14:00": 6.8,
    "2021-05-22 14:10": 6.7,
    "2021-05-22 14:20": 6.7,
    "2021-05-22 14:30": 6.8,
    "2021-05-22 14:40": 6.8,
    "2021-05-22 14:50": 6.8,
    "2021-05-22 15:00": 6.9,
    "2021-05-22 15:10": 6.9,
    "2021-05-22 15:20": 7,
    "2021-05-22 15:30": 6.9,
    "2021-05-22 15:40": 7.1,
    "2021-05-22 15:50": 6.9,
    "2021-05-22 16:00": 7,
    "2021-05-22 16:10": 7.1,
    "2021-05-22 16:20": 7.1,
    "2021-05-22 16:40": 7.1,
    "2021-05-22 16:50": 7,
    "2021-05-22 17:00": 7,
    "2021-05-22 17:10": 7.2,
    "2021-05-22 17:20": 7.4,
    "2021-05-22 17:30": 7.3,
    "2021-05-22 17:40": 7.2,
    "2021-05-22 17:50": 7.2,
    "2021-05-22 18:00": 7.5,
    "2021-05-22 18:10": 7.5,
    "2021-05-22 18:20": 7.6,
    "2021-05-22 18:40": 7.7,
    "2021-05-22 18:50": 7.9,
    "2021-05-22 19:10": 7.8,
    "2021-05-22 19:20": 7.8,
    "2021-05-22 19:30": 7.7,
    "2021-05-22 19:40": 7.9,
    "2021-05-22 20:00": 7.9,
    "2021-05-22 20:10": 8,
    "2021-05-22 20:20": 8.1,
    "2021-05-22 20:30": 8.1,
    "2021-05-22 20:40": 8,
    "2021-05-22 20:50": 8,
    "2021-05-22 21:00": 8,
    "2021-05-22 21:10": 7.9,
    "2021-05-22 21:20": 8,
    "2021-05-22 21:30": 7.9,
    "2021-05-22 21:40": 7.8,
    "2021-05-22 21:50": 7.9,
    "2021-05-22 22:00": 7.7,
    "2021-05-22 22:10": 7.7,
    "2021-05-22 22:20": 7.6,
    "2021-05-22 22:30": 7.4,
    "2021-05-22 22:40": 7.4,
    "2021-05-22 22:50": 7.3,
    "2021-05-22 23:00": 7.3,
    "2021-05-22 23:10": 7.1,
    "2021-05-22 23:20": 6.9,
    "2021-05-22 23:30": 6.8,
    "2021-05-22 23:40": 6.6,
    "2021-05-22 23:50": 6.7,
    "2021-05-23 00:00": 6.6,
    "2021-05-23 00:10": 6.5,
    "2021-05-23 00:20": 6.5,
    "2021-05-23 00:30": 6.3,
    "2021-05-23 00:40": 6.2,
    "2021-05-23 00:50": 6.1,
    "2021-05-23 01:00": 6,
    "2021-05-23 01:10": 5.9,
    "2021-05-23 01:20": 5.9,
    "2021-05-23 01:30": 5.8,
    "2021-05-23 01:40": 5.8,
    "2021-05-23 01:50": 5.8,
    "2021-05-23 02:00": 5.7,
    "2021-05-23 02:10": 5.7,
    "2021-05-23 02:20": 5.6,
    "2021-05-23 02:30": 5.6,
    "2021-05-23 02:40": 5.7,
    "2021-05-23 02:50": 5.6,
    "2021-05-23 03:00": 5.5,
    "2021-05-23 03:10": 5.5,
    "2021-05-23 03:20": 5.4,
    "2021-05-23 03:30": 5.5,
    "2021-05-23 03:40": 5.5,
    "2021-05-23 03:50": 5.4,
    "2021-05-23 04:10": 5.5,
    "2021-05-23 04:20": 5.5,
    "2021-05-23 04:30": 5.4,
    "2021-05-23 04:40": 5.5,
    "2021-05-23 04:50": 5.5,
    "2021-05-23 05:00": 5.5,
    "2021-05-23 05:10": 5.5,
    "2021-05-23 05:30": 5.3,
    "2021-05-23 05:40": 5.3,
    "2021-05-23 05:50": 5.4,
    "2021-05-23 06:00": 5.6,
    "2021-05-23 06:20": 5.6,
    "2021-05-23 06:30": 5.6,
    "2021-05-23 06:40": 5.7,
    "2021-05-23 06:50": 5.9,
    "2021-05-23 07:00": 6,
    "2021-05-23 07:10": 6.1,
    "2021-05-23 07:20": 6,
    "2021-05-23 07:40": 6,
    "2021-05-23 07:50": 6.1,
    "2021-05-23 08:00": 6,
    "2021-05-23 08:10": 6.2,
    "2021-05-23 08:30": 6.5,
    "2021-05-23 08:40": 6.4,
    "2021-05-23 08:50": 6.6,
    "2021-05-23 09:00": 6.5,
    "2021-05-23 09:10": 6.6,
    "2021-05-23 09:20": 6.8,
    "2021-05-23 09:30": 6.7,
    "2021-05-23 09:40": 6.7,
    "2021-05-23 09:50": 6.9,
    "2021-05-23 10:00": 6.8,
    "2021-05-23 10:10": 6.6,
    "2021-05-23 10:20": 6.7,
    "2021-05-23 10:40": 6.8,
    "2021-05-23 10:50": 6.8,
    "2021-05-23 11:00": 6.9,
    "2021-05-23 11:10": 7,
    "2021-05-23 11:20": 7,
    "2021-05-23 11:30": 7.1,
    "2021-05-23 11:50": 7.1,
    "2021-05-23 12:00": 7.2,
    "2021-05-23 12:10": 7,
    "2021-05-23 12:20": 7,
    "2021-05-23 12:30": 7,
    "2021-05-23 12:40": 7,
    "2021-05-23 12:50": 6.9,
    "2021-05-23 13:00": 7,
    "2021-05-23 13:10": 7,
    "2021-05-23 13:20": 7,
    "2021-05-23 13:30": 6.7,
    "2021-05-23 13:40": 6.8,
    "2021-05-23 13:50": 6.7,
    "2021-05-23 14:00": 6.8,
    "2021-05-23 14:10": 6.9,
    "2021-05-23 14:20": 6.6,
    "2021-05-23 14:30": 6.9,
    "2021-05-23 14:40": 6.9,
    "2021-05-23 14:50": 6.9,
    "2021-05-23 15:00": 6.9,
    "2021-05-23 15:10": 6.7,
    "2021-05-23 15:20": 6.9,
    "2021-05-23 15:30": 6.9,
    "2021-05-23 15:40": 6.9,
    "2021-05-23 15:50": 7,
    "2021-05-23 16:00": 7,
    "2021-05-23 16:10": 7,
    "2021-05-23 16:20": 7.1,
    "2021-05-23 16:30": 7.1,
    "2021-05-23 16:40": 7.1,
    "2021-05-23 16:50": 7.4,
    "2021-05-23 17:00": 7.3,
    "2021-05-23 17:10": 7.3,
    "2021-05-23 17:20": 7.5,
    "2021-05-23 17:30": 7.5,
    "2021-05-23 17:40": 7.5,
    "2021-05-23 17:50": 7.8,
    "2021-05-23 18:00": 7.5,
    "2021-05-23 18:10": 7.7,
    "2021-05-23 18:20": 7.5,
    "2021-05-23 18:30": 7.6,
    "2021-05-23 18:40": 7.4,
    "2021-05-23 18:50": 8,
    "2021-05-23 19:00": 8,
    "2021-05-23 19:10": 8.1,
    "2021-05-23 19:20": 8.3,
    "2021-05-23 19:30": 8.3,
    "2021-05-23 19:40": 8.3,
    "2021-05-23 19:50": 8.2,
    "2021-05-23 20:00": 8.2,
    "2021-05-23 20:10": 8.5,
    "2021-05-23 20:20": 8.5,
    "2021-05-23 20:30": 8.4,
    "2021-05-23 20:40": 8.1,
    "2021-05-23 20:50": 8.1,
    "2021-05-23 21:00": 8.1,
    "2021-05-23 21:10": 8.1,
    "2021-05-23 21:20": 8,
    "2021-05-23 21:30": 8.1,
    "2021-05-23 21:40": 8.1,
    "2021-05-23 21:50": 8.1,
    "2021-05-23 22:00": 8,
    "2021-05-23 22:10": 7.9,
    "2021-05-23 22:20": 7.7,
    "2021-05-23 22:30": 7.7,
    "2021-05-23 22:40": 7.6,
    "2021-05-23 22:50": 7.5,
    "2021-05-23 23:00": 7.2
}