{
    "2021-05-28 23:10": 0.6,
    "2021-05-28 23:20": 0.6,
    "2021-05-28 23:30": 0.8,
    "2021-05-28 23:40": 0.8,
    "2021-05-28 23:50": 0.8,
    "2021-05-29 00:00": 0.8,
    "2021-05-29 00:10": 0.8,
    "2021-05-29 00:20": 0.8,
    "2021-05-29 00:30": 0.8,
    "2021-05-29 01:20": 2.2,
    "2021-05-29 01:30": 1.7,
    "2021-05-29 01:40": 1.4,
    "2021-05-29 01:50": 1.4,
    "2021-05-29 02:00": 1.4,
    "2021-05-29 02:10": 1.4,
    "2021-05-29 02:20": 1.4,
    "2021-05-29 02:30": 1.7,
    "2021-05-29 02:40": 1.4,
    "2021-05-29 02:50": 1.7,
    "2021-05-29 03:00": 1.4,
    "2021-05-29 03:10": 1.4,
    "2021-05-29 03:20": 1.4,
    "2021-05-29 03:30": 1.4,
    "2021-05-29 03:40": 0.8,
    "2021-05-29 03:50": 1.4,
    "2021-05-29 04:00": 1.7,
    "2021-05-29 04:10": 2.2,
    "2021-05-29 04:20": 2.2,
    "2021-05-29 04:30": 2.2,
    "2021-05-29 04:40": 2.2,
    "2021-05-29 04:50": 2.2,
    "2021-05-29 05:00": 2.2,
    "2021-05-29 05:10": 2.2,
    "2021-05-29 05:20": 2.8,
    "2021-05-29 05:30": 2.5,
    "2021-05-29 05:40": 2.5,
    "2021-05-29 05:50": 2.5,
    "2021-05-29 06:00": 2,
    "2021-05-29 06:10": 3.1,
    "2021-05-29 06:20": 3.1,
    "2021-05-29 06:30": 3.1,
    "2021-05-29 06:40": 3.1,
    "2021-05-29 06:50": 3.4,
    "2021-05-29 07:00": 3.4,
    "2021-05-29 07:10": 5,
    "2021-05-29 07:20": 5,
    "2021-05-29 07:30": 5.3,
    "2021-05-29 07:40": 5.6,
    "2021-05-29 07:50": 5.3,
    "2021-05-29 08:00": 5.6,
    "2021-05-29 08:10": 6.4,
    "2021-05-29 08:20": 5.6,
    "2021-05-29 08:30": 6.7,
    "2021-05-29 08:40": 8.1,
    "2021-05-29 08:50": 9.2,
    "2021-05-29 09:00": 10.1,
    "2021-05-29 09:10": 10.6,
    "2021-05-29 09:20": 12.3,
    "2021-05-29 09:30": 12,
    "2021-05-29 09:40": 12,
    "2021-05-29 09:50": 10.6,
    "2021-05-29 10:00": 14.6,
    "2021-05-29 10:10": 12.9,
    "2021-05-29 10:20": 14.3,
    "2021-05-29 10:30": 16.2,
    "2021-05-29 10:40": 16.2,
    "2021-05-29 10:50": 14.8,
    "2021-05-29 11:00": 19.3,
    "2021-05-29 11:10": 16.2,
    "2021-05-29 11:20": 18.5,
    "2021-05-29 11:30": 16.2,
    "2021-05-29 11:40": 20.7,
    "2021-05-29 11:50": 21.8,
    "2021-05-29 12:00": 18.8,
    "2021-05-29 12:10": 15.7,
    "2021-05-29 12:20": 17.6,
    "2021-05-29 12:30": 15.4,
    "2021-05-29 12:40": 15.7,
    "2021-05-29 12:50": 17.4,
    "2021-05-29 13:00": 15.7,
    "2021-05-29 13:10": 15.7,
    "2021-05-29 13:20": 17.1,
    "2021-05-29 13:30": 15.7,
    "2021-05-29 13:40": 17.9,
    "2021-05-29 13:50": 16.2,
    "2021-05-29 14:00": 16.2,
    "2021-05-29 14:10": 15.1,
    "2021-05-29 14:20": 14.8,
    "2021-05-29 14:30": 15.7,
    "2021-05-29 14:40": 16,
    "2021-05-29 14:50": 15.4,
    "2021-05-29 15:00": 16.8,
    "2021-05-29 15:10": 15.4,
    "2021-05-29 15:20": 13.4,
    "2021-05-29 15:30": 12.9,
    "2021-05-29 15:40": 12.6,
    "2021-05-29 15:50": 10.6,
    "2021-05-29 16:00": 11.8,
    "2021-05-29 16:10": 12.6,
    "2021-05-29 16:20": 13.4,
    "2021-05-29 16:30": 13.7,
    "2021-05-29 16:40": 16,
    "2021-05-29 16:50": 15.1,
    "2021-05-29 17:00": 14.8,
    "2021-05-29 17:10": 12.6,
    "2021-05-29 17:20": 10.1,
    "2021-05-29 17:30": 10.1,
    "2021-05-29 17:40": 8.4,
    "2021-05-29 17:50": 7.3,
    "2021-05-29 18:00": 6.4,
    "2021-05-29 18:10": 3.4,
    "2021-05-29 18:20": 4.2,
    "2021-05-29 18:30": 3.6,
    "2021-05-29 18:40": 2.5,
    "2021-05-29 18:50": 1.7,
    "2021-05-29 19:00": 1.7,
    "2021-05-29 19:10": 1.4,
    "2021-05-29 19:20": 1.4,
    "2021-05-29 19:30": 0.8,
    "2021-05-29 19:40": 1.4,
    "2021-05-29 19:50": 0.8,
    "2021-05-29 20:00": 1.4,
    "2021-05-29 20:10": 1.7,
    "2021-05-29 20:20": 2.8,
    "2021-05-29 20:30": 2.8,
    "2021-05-29 20:40": 3.1,
    "2021-05-29 20:50": 3.4,
    "2021-05-29 21:00": 3.4,
    "2021-05-30 00:10": 1.4,
    "2021-05-30 00:20": 1.4,
    "2021-05-30 00:30": 1.7,
    "2021-05-30 00:40": 1.4,
    "2021-05-30 00:50": 1.7,
    "2021-05-30 01:00": 2.2,
    "2021-05-30 01:10": 2.8,
    "2021-05-30 01:20": 2.8,
    "2021-05-30 01:30": 2.8,
    "2021-05-30 01:40": 2.8,
    "2021-05-30 01:50": 2.2,
    "2021-05-30 02:00": 1.7,
    "2021-05-30 02:10": 1.7,
    "2021-05-30 02:20": 1.4,
    "2021-05-30 02:30": 0.8,
    "2021-05-30 02:40": 0.8,
    "2021-05-30 02:50": 1.4,
    "2021-05-30 03:00": 0.8,
    "2021-05-30 03:10": 1.4,
    "2021-05-30 03:20": 2.5,
    "2021-05-30 03:30": 2,
    "2021-05-30 03:40": 2.5,
    "2021-05-30 03:50": 4.5,
    "2021-05-30 04:00": 5.6,
    "2021-05-30 04:10": 5.3,
    "2021-05-30 04:20": 5,
    "2021-05-30 04:30": 4.2,
    "2021-05-30 04:40": 2.5,
    "2021-05-30 04:50": 3.4,
    "2021-05-30 05:00": 2,
    "2021-05-30 05:10": 1.4,
    "2021-05-30 05:20": 1.4,
    "2021-05-30 05:30": 1.4,
    "2021-05-30 05:40": 2.2,
    "2021-05-30 05:50": 3.4,
    "2021-05-30 06:00": 3.6,
    "2021-05-30 06:10": 3.1,
    "2021-05-30 06:20": 3.1,
    "2021-05-30 06:30": 6.4,
    "2021-05-30 06:40": 10.1,
    "2021-05-30 06:50": 2.2,
    "2021-05-30 07:00": 4.2,
    "2021-05-30 07:10": 7,
    "2021-05-30 07:20": 4.8,
    "2021-05-30 07:30": 11.2,
    "2021-05-30 07:40": 9.5,
    "2021-05-30 07:50": 2.5,
    "2021-05-30 08:00": 4.5,
    "2021-05-30 08:10": 6.7,
    "2021-05-30 08:20": 10.1,
    "2021-05-30 08:30": 9.8,
    "2021-05-30 08:40": 12,
    "2021-05-30 08:50": 15.1,
    "2021-05-30 09:00": 10.4,
    "2021-05-30 09:10": 10.4,
    "2021-05-30 09:20": 9.5,
    "2021-05-30 09:30": 7.8,
    "2021-05-30 09:40": 8.7,
    "2021-05-30 09:50": 7.8,
    "2021-05-30 10:00": 7.6,
    "2021-05-30 10:10": 6.2,
    "2021-05-30 10:20": 5.6,
    "2021-05-30 10:30": 6.7,
    "2021-05-30 10:40": 7.8,
    "2021-05-30 10:50": 6.7,
    "2021-05-30 11:00": 7.6,
    "2021-05-30 11:10": 6.4,
    "2021-05-30 11:20": 5.6,
    "2021-05-30 11:30": 5.9,
    "2021-05-30 11:40": 5.6,
    "2021-05-30 11:50": 5,
    "2021-05-30 12:00": 3.6,
    "2021-05-30 12:10": 3.1,
    "2021-05-30 12:20": 2.5,
    "2021-05-30 12:30": 2.5,
    "2021-05-30 12:40": 3.9,
    "2021-05-30 12:50": 3.4,
    "2021-05-30 13:00": 3.1,
    "2021-05-30 13:10": 3.1,
    "2021-05-30 13:20": 3.1,
    "2021-05-30 13:30": 3.4,
    "2021-05-30 13:40": 5,
    "2021-05-30 13:50": 4.2,
    "2021-05-30 14:00": 5.9,
    "2021-05-30 14:10": 14.3,
    "2021-05-30 14:20": 12.3,
    "2021-05-30 14:30": 9.2,
    "2021-05-30 14:40": 9.2,
    "2021-05-30 14:50": 11.5,
    "2021-05-30 15:00": 13.2,
    "2021-05-30 15:10": 13.7,
    "2021-05-30 15:20": 8.4,
    "2021-05-30 15:30": 5.9,
    "2021-05-30 15:40": 6.7,
    "2021-05-30 15:50": 6.2,
    "2021-05-30 16:00": 8.4,
    "2021-05-30 16:10": 8.7,
    "2021-05-30 16:20": 7.8,
    "2021-05-30 16:30": 8.1,
    "2021-05-30 16:40": 5.9,
    "2021-05-30 17:20": 13.4,
    "2021-05-30 17:30": 11.5,
    "2021-05-30 17:50": 8.4,
    "2021-05-30 18:00": 7.6,
    "2021-05-30 18:10": 6.4,
    "2021-05-30 18:20": 3.6,
    "2021-05-30 18:30": 3.1,
    "2021-05-30 18:40": 1.4,
    "2021-05-30 18:50": 0.8,
    "2021-05-30 19:00": 1.4,
    "2021-05-30 19:10": 1.7,
    "2021-05-30 19:20": 0.8,
    "2021-05-30 19:30": 1.4,
    "2021-05-30 19:40": 1.7,
    "2021-05-30 19:50": 0.8,
    "2021-05-30 20:00": 0.6,
    "2021-05-30 20:10": 0.6,
    "2021-05-30 20:20": 0.6,
    "2021-05-30 20:30": 0.6,
    "2021-05-30 20:40": 0.6,
    "2021-05-30 20:50": 0.6,
    "2021-05-30 21:00": 0.6,
    "2021-05-30 21:10": 0.6,
    "2021-05-30 21:20": 0.8,
    "2021-05-30 21:30": 0.8,
    "2021-05-30 21:40": 0.8,
    "2021-05-30 21:50": 0.8,
    "2021-05-30 22:00": 0.8,
    "2021-05-30 22:10": 0.6,
    "2021-05-30 22:20": 0.6,
    "2021-05-30 22:30": 0.6
}