{
    "2021-05-28 23:10": 569.4,
    "2021-05-28 23:20": 569.8,
    "2021-05-28 23:30": 570.6,
    "2021-05-28 23:40": 568.1,
    "2021-05-28 23:50": 569.4,
    "2021-05-29 00:00": 569.3,
    "2021-05-29 00:10": 569.4,
    "2021-05-29 00:20": 571.2,
    "2021-05-29 00:30": 569.8,
    "2021-05-29 01:20": 571.9,
    "2021-05-29 01:30": 571,
    "2021-05-29 01:40": 571.5,
    "2021-05-29 01:50": 571.8,
    "2021-05-29 02:00": 571,
    "2021-05-29 02:10": 570.2,
    "2021-05-29 02:20": 571.6,
    "2021-05-29 02:30": 568.1,
    "2021-05-29 02:40": 570.7,
    "2021-05-29 02:50": 571.8,
    "2021-05-29 03:00": 571.4,
    "2021-05-29 03:10": 568.9,
    "2021-05-29 03:20": 570.3,
    "2021-05-29 03:30": 570.4,
    "2021-05-29 03:40": 571.4,
    "2021-05-29 03:50": 568.6,
    "2021-05-29 04:00": 570.3,
    "2021-05-29 04:10": 570.3,
    "2021-05-29 04:20": 569.8,
    "2021-05-29 04:30": 569.8,
    "2021-05-29 04:40": 569.3,
    "2021-05-29 04:50": 570.8,
    "2021-05-29 05:00": 569.4,
    "2021-05-29 05:10": 569.7,
    "2021-05-29 05:20": 570.6,
    "2021-05-29 05:30": 569.6,
    "2021-05-29 05:40": 570.6,
    "2021-05-29 05:50": 571.8,
    "2021-05-29 06:00": 570,
    "2021-05-29 06:10": 569.4,
    "2021-05-29 06:20": 569.7,
    "2021-05-29 06:30": 570.3,
    "2021-05-29 06:40": 568.9,
    "2021-05-29 06:50": 567.8,
    "2021-05-29 07:00": 569,
    "2021-05-29 07:10": 571.9,
    "2021-05-29 07:20": 570.5,
    "2021-05-29 07:30": 570.2,
    "2021-05-29 07:40": 571.5,
    "2021-05-29 07:50": 571.5,
    "2021-05-29 08:00": 569.6,
    "2021-05-29 08:10": 571.1,
    "2021-05-29 08:20": 570.5,
    "2021-05-29 08:30": 569.9,
    "2021-05-29 08:40": 570.8,
    "2021-05-29 08:50": 568.6,
    "2021-05-29 09:00": 542.1,
    "2021-05-29 09:10": 520.4,
    "2021-05-29 09:20": 523.3,
    "2021-05-29 09:30": 539.9,
    "2021-05-29 09:40": 566,
    "2021-05-29 09:50": 569.5,
    "2021-05-29 10:00": 567.5,
    "2021-05-29 10:10": 569.5,
    "2021-05-29 10:20": 571.3,
    "2021-05-29 10:30": 573.1,
    "2021-05-29 10:40": 573.3,
    "2021-05-29 10:50": 571.8,
    "2021-05-29 11:00": 567.4,
    "2021-05-29 11:10": 570.8,
    "2021-05-29 11:20": 568.6,
    "2021-05-29 11:30": 571.3,
    "2021-05-29 11:40": 571.1,
    "2021-05-29 11:50": 569.5,
    "2021-05-29 12:00": 570.3,
    "2021-05-29 12:10": 571.1,
    "2021-05-29 12:20": 572.1,
    "2021-05-29 12:30": 570.4,
    "2021-05-29 12:40": 570.5,
    "2021-05-29 12:50": 569.3,
    "2021-05-29 13:00": 570.3,
    "2021-05-29 13:10": 570.3,
    "2021-05-29 13:20": 570.1,
    "2021-05-29 13:30": 568,
    "2021-05-29 13:40": 572.2,
    "2021-05-29 13:50": 572.2,
    "2021-05-29 14:00": 569.9,
    "2021-05-29 14:10": 570.1,
    "2021-05-29 14:20": 570.1,
    "2021-05-29 14:30": 570.1,
    "2021-05-29 14:40": 568.8,
    "2021-05-29 14:50": 570.7,
    "2021-05-29 15:00": 569.4,
    "2021-05-29 15:10": 568.9,
    "2021-05-29 15:20": 571.5,
    "2021-05-29 15:30": 571.9,
    "2021-05-29 15:40": 570.3,
    "2021-05-29 15:50": 570.3,
    "2021-05-29 16:00": 569.4,
    "2021-05-29 16:10": 570.5,
    "2021-05-29 16:20": 569.8,
    "2021-05-29 16:30": 570.5,
    "2021-05-29 16:40": 568.9,
    "2021-05-29 16:50": 570.8,
    "2021-05-29 17:00": 569.9,
    "2021-05-29 17:10": 569.7,
    "2021-05-29 17:20": 570.7,
    "2021-05-29 17:30": 570.6,
    "2021-05-29 17:40": 570.2,
    "2021-05-29 17:50": 569.9,
    "2021-05-29 18:00": 569.4,
    "2021-05-29 18:10": 568.9,
    "2021-05-29 18:20": 570.6,
    "2021-05-29 18:30": 571.5,
    "2021-05-29 18:40": 570.5,
    "2021-05-29 18:50": 567.8,
    "2021-05-29 19:00": 569,
    "2021-05-29 19:10": 569.4,
    "2021-05-29 19:20": 571.2,
    "2021-05-29 19:30": 570.2,
    "2021-05-29 19:40": 570.4,
    "2021-05-29 19:50": 569,
    "2021-05-29 20:00": 569.8,
    "2021-05-29 20:10": 569.4,
    "2021-05-29 20:20": 571.5,
    "2021-05-29 20:30": 568.9,
    "2021-05-29 20:40": 569.3,
    "2021-05-29 20:50": 571.3,
    "2021-05-29 21:00": 569.5,
    "2021-05-30 00:10": 569.5,
    "2021-05-30 00:20": 571,
    "2021-05-30 00:30": 568.7,
    "2021-05-30 00:40": 569.7,
    "2021-05-30 00:50": 571.1,
    "2021-05-30 01:00": 570.9,
    "2021-05-30 01:10": 571.1,
    "2021-05-30 01:20": 571,
    "2021-05-30 01:30": 569.3,
    "2021-05-30 01:40": 569.9,
    "2021-05-30 01:50": 569.2,
    "2021-05-30 02:00": 570.5,
    "2021-05-30 02:10": 571.9,
    "2021-05-30 02:20": 570.1,
    "2021-05-30 02:30": 570.8,
    "2021-05-30 02:40": 569.2,
    "2021-05-30 02:50": 570.6,
    "2021-05-30 03:00": 570.4,
    "2021-05-30 03:10": 571.4,
    "2021-05-30 03:20": 570.1,
    "2021-05-30 03:30": 571,
    "2021-05-30 03:40": 570.2,
    "2021-05-30 03:50": 568.5,
    "2021-05-30 04:00": 569.2,
    "2021-05-30 04:10": 571.3,
    "2021-05-30 04:20": 571.1,
    "2021-05-30 04:30": 570.4,
    "2021-05-30 04:40": 570.6,
    "2021-05-30 04:50": 571,
    "2021-05-30 05:00": 570.4,
    "2021-05-30 05:10": 569.1,
    "2021-05-30 05:20": 569.6,
    "2021-05-30 05:30": 569.9,
    "2021-05-30 05:40": 570.5,
    "2021-05-30 05:50": 571.7,
    "2021-05-30 06:00": 569.2,
    "2021-05-30 06:10": 568,
    "2021-05-30 06:20": 568.2,
    "2021-05-30 06:30": 570.5,
    "2021-05-30 06:40": 571.2,
    "2021-05-30 06:50": 569.2,
    "2021-05-30 07:00": 566.8,
    "2021-05-30 07:10": 568.5,
    "2021-05-30 07:20": 569.8,
    "2021-05-30 07:30": 572,
    "2021-05-30 07:40": 571,
    "2021-05-30 07:50": 569.4,
    "2021-05-30 08:00": 571.3,
    "2021-05-30 08:10": 569.4,
    "2021-05-30 08:20": 569.8,
    "2021-05-30 08:30": 571.1,
    "2021-05-30 08:40": 571,
    "2021-05-30 08:50": 568.4,
    "2021-05-30 09:00": 569.7,
    "2021-05-30 09:10": 568.6,
    "2021-05-30 09:20": 567.2,
    "2021-05-30 09:30": 564.6,
    "2021-05-30 09:40": 569,
    "2021-05-30 09:50": 574.3,
    "2021-05-30 10:00": 572.1,
    "2021-05-30 10:10": 571.2,
    "2021-05-30 10:20": 568.9,
    "2021-05-30 10:30": 570.8,
    "2021-05-30 10:40": 569.9,
    "2021-05-30 10:50": 567.6,
    "2021-05-30 11:00": 569.3,
    "2021-05-30 11:10": 570,
    "2021-05-30 11:20": 569.9,
    "2021-05-30 11:30": 572.5,
    "2021-05-30 11:40": 570.9,
    "2021-05-30 11:50": 570.6,
    "2021-05-30 12:00": 571.1,
    "2021-05-30 12:10": 569.9,
    "2021-05-30 12:20": 570.8,
    "2021-05-30 12:30": 570.3,
    "2021-05-30 12:40": 570.3,
    "2021-05-30 12:50": 568.4,
    "2021-05-30 13:00": 569.5,
    "2021-05-30 13:10": 570.5,
    "2021-05-30 13:20": 569.5,
    "2021-05-30 13:30": 571.3,
    "2021-05-30 13:40": 571.5,
    "2021-05-30 13:50": 571,
    "2021-05-30 14:00": 570.8,
    "2021-05-30 14:10": 569.4,
    "2021-05-30 14:20": 569.7,
    "2021-05-30 14:30": 569.1,
    "2021-05-30 14:40": 571.3,
    "2021-05-30 14:50": 569.3,
    "2021-05-30 15:00": 571.5,
    "2021-05-30 15:10": 571.7,
    "2021-05-30 15:20": 571.7,
    "2021-05-30 15:30": 572.3,
    "2021-05-30 15:40": 569.7,
    "2021-05-30 15:50": 571.2,
    "2021-05-30 16:00": 570.3,
    "2021-05-30 16:10": 569.9,
    "2021-05-30 16:20": 568.6,
    "2021-05-30 16:30": 569.2,
    "2021-05-30 16:40": 571,
    "2021-05-30 17:20": 569.9,
    "2021-05-30 17:30": 569.8,
    "2021-05-30 17:50": 571.3,
    "2021-05-30 18:00": 568.6,
    "2021-05-30 18:10": 570.3,
    "2021-05-30 18:20": 568.5,
    "2021-05-30 18:30": 571.3,
    "2021-05-30 18:40": 572.3,
    "2021-05-30 18:50": 568.4,
    "2021-05-30 19:00": 570.3,
    "2021-05-30 19:10": 570.8,
    "2021-05-30 19:20": 570.8,
    "2021-05-30 19:30": 570.3,
    "2021-05-30 19:40": 571,
    "2021-05-30 19:50": 568.9,
    "2021-05-30 20:00": 570,
    "2021-05-30 20:10": 568.7,
    "2021-05-30 20:20": 565.8,
    "2021-05-30 20:30": 567.5,
    "2021-05-30 20:40": 572.8,
    "2021-05-30 20:50": 570,
    "2021-05-30 21:00": 570.8,
    "2021-05-30 21:10": 572.8,
    "2021-05-30 21:20": 571.2,
    "2021-05-30 21:30": 569.9,
    "2021-05-30 21:40": 572.1,
    "2021-05-30 21:50": 569.8,
    "2021-05-30 22:00": 570,
    "2021-05-30 22:10": 570,
    "2021-05-30 22:20": 570.5,
    "2021-05-30 22:30": 569.4
}