{
    "2021-05-22 12:10": 568.7,
    "2021-05-22 12:20": 568.3,
    "2021-05-22 12:30": 569.7,
    "2021-05-22 12:40": 568.4,
    "2021-05-22 12:50": 569.2,
    "2021-05-22 13:00": 568.9,
    "2021-05-22 13:10": 565.3,
    "2021-05-22 13:20": 567.6,
    "2021-05-22 13:30": 568,
    "2021-05-22 13:40": 570.3,
    "2021-05-22 13:50": 567.1,
    "2021-05-22 14:00": 567.9,
    "2021-05-22 14:10": 568.1,
    "2021-05-22 14:20": 569.4,
    "2021-05-22 14:30": 570.3,
    "2021-05-22 14:40": 565.8,
    "2021-05-22 14:50": 566.7,
    "2021-05-22 15:00": 568.6,
    "2021-05-22 15:10": 569,
    "2021-05-22 15:20": 570.1,
    "2021-05-22 15:30": 570.5,
    "2021-05-22 15:40": 570.3,
    "2021-05-22 15:50": 569.2,
    "2021-05-22 16:00": 568.8,
    "2021-05-22 16:10": 569.1,
    "2021-05-22 16:20": 569.5,
    "2021-05-22 16:40": 568.4,
    "2021-05-22 16:50": 568.9,
    "2021-05-22 17:00": 568.7,
    "2021-05-22 17:10": 568.1,
    "2021-05-22 17:20": 566.6,
    "2021-05-22 17:30": 568.6,
    "2021-05-22 17:40": 567.3,
    "2021-05-22 17:50": 567.3,
    "2021-05-22 18:00": 567.6,
    "2021-05-22 18:10": 568.6,
    "2021-05-22 18:20": 567.6,
    "2021-05-22 18:40": 566.5,
    "2021-05-22 18:50": 565,
    "2021-05-22 19:10": 570.4,
    "2021-05-22 19:20": 569.2,
    "2021-05-22 19:30": 569.2,
    "2021-05-22 19:40": 569.5,
    "2021-05-22 20:00": 570.1,
    "2021-05-22 20:10": 568.3,
    "2021-05-22 20:20": 568.5,
    "2021-05-22 20:30": 567.9,
    "2021-05-22 20:40": 566,
    "2021-05-22 20:50": 567.8,
    "2021-05-22 21:00": 568.6,
    "2021-05-22 21:10": 569.3,
    "2021-05-22 21:20": 570.3,
    "2021-05-22 21:30": 569.4,
    "2021-05-22 21:40": 566.7,
    "2021-05-22 21:50": 567.1,
    "2021-05-22 22:00": 567.1,
    "2021-05-22 22:10": 566.2,
    "2021-05-22 22:20": 566.6,
    "2021-05-22 22:30": 567,
    "2021-05-22 22:40": 567.6,
    "2021-05-22 22:50": 567.5,
    "2021-05-22 23:00": 570.4,
    "2021-05-22 23:10": 570.6,
    "2021-05-22 23:20": 570.1,
    "2021-05-22 23:30": 568.7,
    "2021-05-22 23:40": 569.6,
    "2021-05-22 23:50": 569.7,
    "2021-05-23 00:00": 569.2,
    "2021-05-23 00:10": 570.5,
    "2021-05-23 00:20": 569.1,
    "2021-05-23 00:30": 568.6,
    "2021-05-23 00:40": 568.7,
    "2021-05-23 00:50": 569.2,
    "2021-05-23 01:00": 567.5,
    "2021-05-23 01:10": 567.6,
    "2021-05-23 01:20": 566.7,
    "2021-05-23 01:30": 566.8,
    "2021-05-23 01:40": 569.1,
    "2021-05-23 01:50": 567.4,
    "2021-05-23 02:00": 567.5,
    "2021-05-23 02:10": 569,
    "2021-05-23 02:20": 569.5,
    "2021-05-23 02:30": 566.9,
    "2021-05-23 02:40": 569.8,
    "2021-05-23 02:50": 568,
    "2021-05-23 03:00": 568.1,
    "2021-05-23 03:10": 567.9,
    "2021-05-23 03:20": 569.3,
    "2021-05-23 03:30": 569.4,
    "2021-05-23 03:40": 568.9,
    "2021-05-23 03:50": 568.8,
    "2021-05-23 04:10": 557.5,
    "2021-05-23 04:20": 527.4,
    "2021-05-23 04:30": 517.2,
    "2021-05-23 04:40": 521.3,
    "2021-05-23 04:50": 521.8,
    "2021-05-23 05:00": 522,
    "2021-05-23 05:10": 521.6,
    "2021-05-23 05:30": 520.7,
    "2021-05-23 05:40": 518.3,
    "2021-05-23 05:50": 519,
    "2021-05-23 06:00": 520.5,
    "2021-05-23 06:20": 520.5,
    "2021-05-23 06:30": 517.9,
    "2021-05-23 06:40": 488.9,
    "2021-05-23 06:50": 471.9,
    "2021-05-23 07:00": 472.3,
    "2021-05-23 07:10": 471.4,
    "2021-05-23 07:20": 470.5,
    "2021-05-23 07:40": 431.4,
    "2021-05-23 07:50": 421.4,
    "2021-05-23 08:00": 424.5,
    "2021-05-23 08:10": 424.1,
    "2021-05-23 08:30": 423,
    "2021-05-23 08:40": 428.3,
    "2021-05-23 08:50": 447.2,
    "2021-05-23 09:00": 444.2,
    "2021-05-23 09:10": 443,
    "2021-05-23 09:20": 445.8,
    "2021-05-23 09:30": 444.4,
    "2021-05-23 09:40": 443.5,
    "2021-05-23 09:50": 447.4,
    "2021-05-23 10:00": 459.1,
    "2021-05-23 10:10": 473.8,
    "2021-05-23 10:20": 471.9,
    "2021-05-23 10:40": 520,
    "2021-05-23 10:50": 525,
    "2021-05-23 11:00": 523,
    "2021-05-23 11:10": 522.9,
    "2021-05-23 11:20": 549.7,
    "2021-05-23 11:30": 568.9,
    "2021-05-23 11:50": 566.2,
    "2021-05-23 12:00": 565.9,
    "2021-05-23 12:10": 567,
    "2021-05-23 12:20": 566.1,
    "2021-05-23 12:30": 566.8,
    "2021-05-23 12:40": 569,
    "2021-05-23 12:50": 568.5,
    "2021-05-23 13:00": 568.9,
    "2021-05-23 13:10": 569.3,
    "2021-05-23 13:20": 569.8,
    "2021-05-23 13:30": 570.7,
    "2021-05-23 13:40": 569.1,
    "2021-05-23 13:50": 571,
    "2021-05-23 14:00": 568.3,
    "2021-05-23 14:10": 567,
    "2021-05-23 14:20": 566.2,
    "2021-05-23 14:30": 568.4,
    "2021-05-23 14:40": 568.8,
    "2021-05-23 14:50": 571.7,
    "2021-05-23 15:00": 570.1,
    "2021-05-23 15:10": 568.7,
    "2021-05-23 15:20": 567.6,
    "2021-05-23 15:30": 568.7,
    "2021-05-23 15:40": 568,
    "2021-05-23 15:50": 569.4,
    "2021-05-23 16:00": 568.9,
    "2021-05-23 16:10": 567,
    "2021-05-23 16:20": 567,
    "2021-05-23 16:30": 566.6,
    "2021-05-23 16:40": 568.5,
    "2021-05-23 16:50": 569.9,
    "2021-05-23 17:00": 570.5,
    "2021-05-23 17:10": 569.4,
    "2021-05-23 17:20": 567.3,
    "2021-05-23 17:30": 569.4,
    "2021-05-23 17:40": 565.9,
    "2021-05-23 17:50": 568.2,
    "2021-05-23 18:00": 566.9,
    "2021-05-23 18:10": 567,
    "2021-05-23 18:20": 566.2,
    "2021-05-23 18:30": 568.1,
    "2021-05-23 18:40": 569.5,
    "2021-05-23 18:50": 568.7,
    "2021-05-23 19:00": 568.5,
    "2021-05-23 19:10": 566.8,
    "2021-05-23 19:20": 568.4,
    "2021-05-23 19:30": 568.4,
    "2021-05-23 19:40": 570.3,
    "2021-05-23 19:50": 569,
    "2021-05-23 20:00": 570.3,
    "2021-05-23 20:10": 569.3,
    "2021-05-23 20:20": 567.5,
    "2021-05-23 20:30": 569,
    "2021-05-23 20:40": 569.6,
    "2021-05-23 20:50": 568.4,
    "2021-05-23 21:00": 568.9,
    "2021-05-23 21:10": 567.1,
    "2021-05-23 21:20": 568.2,
    "2021-05-23 21:30": 567.1,
    "2021-05-23 21:40": 568.9,
    "2021-05-23 21:50": 566.6,
    "2021-05-23 22:00": 568,
    "2021-05-23 22:10": 567.9,
    "2021-05-23 22:20": 569.1,
    "2021-05-23 22:30": 567.5,
    "2021-05-23 22:40": 567.5,
    "2021-05-23 22:50": 570,
    "2021-05-23 23:00": 569.4
}