{
    "2021-05-28 23:10": 576.7,
    "2021-05-28 23:20": 577,
    "2021-05-28 23:30": 576.6,
    "2021-05-28 23:40": 577.5,
    "2021-05-28 23:50": 577,
    "2021-05-29 00:00": 576.7,
    "2021-05-29 00:10": 576.1,
    "2021-05-29 00:20": 576.5,
    "2021-05-29 00:30": 574.8,
    "2021-05-29 01:20": 577.2,
    "2021-05-29 01:30": 578.4,
    "2021-05-29 01:40": 572.4,
    "2021-05-29 01:50": 577.9,
    "2021-05-29 02:00": 577.5,
    "2021-05-29 02:10": 576.6,
    "2021-05-29 02:20": 576.8,
    "2021-05-29 02:30": 576.9,
    "2021-05-29 02:40": 576.4,
    "2021-05-29 02:50": 578.3,
    "2021-05-29 03:00": 579.2,
    "2021-05-29 03:10": 578.7,
    "2021-05-29 03:20": 573.8,
    "2021-05-29 03:30": 575.9,
    "2021-05-29 03:40": 576.6,
    "2021-05-29 03:50": 574.2,
    "2021-05-29 04:00": 576.9,
    "2021-05-29 04:10": 577.3,
    "2021-05-29 04:20": 575.9,
    "2021-05-29 04:30": 578.2,
    "2021-05-29 04:40": 576.4,
    "2021-05-29 04:50": 577.4,
    "2021-05-29 05:00": 575.9,
    "2021-05-29 05:10": 576,
    "2021-05-29 05:20": 576.9,
    "2021-05-29 05:30": 575,
    "2021-05-29 05:40": 577.3,
    "2021-05-29 05:50": 577.9,
    "2021-05-29 06:00": 575.6,
    "2021-05-29 06:10": 576.6,
    "2021-05-29 06:20": 575.3,
    "2021-05-29 06:30": 578.3,
    "2021-05-29 06:40": 575.5,
    "2021-05-29 06:50": 574.2,
    "2021-05-29 07:00": 578.6,
    "2021-05-29 07:10": 573.4,
    "2021-05-29 07:20": 576.6,
    "2021-05-29 07:30": 577.5,
    "2021-05-29 07:40": 577.5,
    "2021-05-29 07:50": 576.4,
    "2021-05-29 08:00": 578.2,
    "2021-05-29 08:10": 573.4,
    "2021-05-29 08:20": 577.1,
    "2021-05-29 08:30": 577.3,
    "2021-05-29 08:40": 576.6,
    "2021-05-29 08:50": 575.7,
    "2021-05-29 09:00": 562.1,
    "2021-05-29 09:10": 549,
    "2021-05-29 09:20": 537.6,
    "2021-05-29 09:30": 528.8,
    "2021-05-29 09:40": 527.7,
    "2021-05-29 09:50": 524.6,
    "2021-05-29 10:00": 525.5,
    "2021-05-29 10:10": 527,
    "2021-05-29 10:20": 525.9,
    "2021-05-29 10:30": 533.8,
    "2021-05-29 10:40": 552.1,
    "2021-05-29 10:50": 561.4,
    "2021-05-29 11:00": 564.7,
    "2021-05-29 11:10": 573.3,
    "2021-05-29 11:20": 575.1,
    "2021-05-29 11:30": 573.6,
    "2021-05-29 11:40": 576.1,
    "2021-05-29 11:50": 578.8,
    "2021-05-29 12:00": 576.6,
    "2021-05-29 12:10": 577.1,
    "2021-05-29 12:20": 574,
    "2021-05-29 12:30": 577.4,
    "2021-05-29 12:40": 575.4,
    "2021-05-29 12:50": 575.2,
    "2021-05-29 13:00": 576,
    "2021-05-29 13:10": 576.3,
    "2021-05-29 13:20": 576.4,
    "2021-05-29 13:30": 574.9,
    "2021-05-29 13:40": 576.3,
    "2021-05-29 13:50": 577.3,
    "2021-05-29 14:00": 575.7,
    "2021-05-29 14:10": 578,
    "2021-05-29 14:20": 576.3,
    "2021-05-29 14:30": 577.7,
    "2021-05-29 14:40": 578.2,
    "2021-05-29 14:50": 574.8,
    "2021-05-29 15:00": 577.5,
    "2021-05-29 15:10": 575,
    "2021-05-29 15:20": 574,
    "2021-05-29 15:30": 576.3,
    "2021-05-29 15:40": 578.3,
    "2021-05-29 15:50": 577.6,
    "2021-05-29 16:00": 576.8,
    "2021-05-29 16:10": 576,
    "2021-05-29 16:20": 576.3,
    "2021-05-29 16:30": 577.2,
    "2021-05-29 16:40": 576.1,
    "2021-05-29 16:50": 576.9,
    "2021-05-29 17:00": 575.5,
    "2021-05-29 17:10": 576.2,
    "2021-05-29 17:20": 575,
    "2021-05-29 17:30": 576.3,
    "2021-05-29 17:40": 578,
    "2021-05-29 17:50": 575.4,
    "2021-05-29 18:00": 575.8,
    "2021-05-29 18:10": 576.3,
    "2021-05-29 18:20": 576.2,
    "2021-05-29 18:30": 576.3,
    "2021-05-29 18:40": 573.8,
    "2021-05-29 18:50": 578.9,
    "2021-05-29 19:00": 576.2,
    "2021-05-29 19:10": 577.6,
    "2021-05-29 19:20": 576.1,
    "2021-05-29 19:30": 576.2,
    "2021-05-29 19:40": 576.8,
    "2021-05-29 19:50": 576.4,
    "2021-05-29 20:00": 576,
    "2021-05-29 20:10": 577.4,
    "2021-05-29 20:20": 578.8,
    "2021-05-29 20:30": 575.7,
    "2021-05-29 20:40": 575.7,
    "2021-05-29 20:50": 577.1,
    "2021-05-29 21:00": 577.3,
    "2021-05-30 00:10": 577.9,
    "2021-05-30 00:20": 577.4,
    "2021-05-30 00:30": 576.2,
    "2021-05-30 00:40": 576.1,
    "2021-05-30 00:50": 575.6,
    "2021-05-30 01:00": 576.1,
    "2021-05-30 01:10": 576.3,
    "2021-05-30 01:20": 576.5,
    "2021-05-30 01:30": 573.8,
    "2021-05-30 01:40": 578.9,
    "2021-05-30 01:50": 574.3,
    "2021-05-30 02:00": 578.3,
    "2021-05-30 02:10": 577.1,
    "2021-05-30 02:20": 573.6,
    "2021-05-30 02:30": 577,
    "2021-05-30 02:40": 576.6,
    "2021-05-30 02:50": 576.5,
    "2021-05-30 03:00": 576,
    "2021-05-30 03:10": 576.1,
    "2021-05-30 03:20": 575.6,
    "2021-05-30 03:30": 574.8,
    "2021-05-30 03:40": 577.4,
    "2021-05-30 03:50": 575.7,
    "2021-05-30 04:00": 574.1,
    "2021-05-30 04:10": 574.6,
    "2021-05-30 04:20": 575.1,
    "2021-05-30 04:30": 577.1,
    "2021-05-30 04:40": 579.1,
    "2021-05-30 04:50": 575.9,
    "2021-05-30 05:00": 573.6,
    "2021-05-30 05:10": 573.7,
    "2021-05-30 05:20": 576.8,
    "2021-05-30 05:30": 575.4,
    "2021-05-30 05:40": 577.3,
    "2021-05-30 05:50": 574.5,
    "2021-05-30 06:00": 576.7,
    "2021-05-30 06:10": 576.3,
    "2021-05-30 06:20": 575.8,
    "2021-05-30 06:30": 576,
    "2021-05-30 06:40": 576.2,
    "2021-05-30 06:50": 575,
    "2021-05-30 07:00": 577,
    "2021-05-30 07:10": 576.4,
    "2021-05-30 07:20": 574.6,
    "2021-05-30 07:30": 577.7,
    "2021-05-30 07:40": 574.3,
    "2021-05-30 07:50": 578.3,
    "2021-05-30 08:00": 576.6,
    "2021-05-30 08:10": 575.6,
    "2021-05-30 08:20": 573.9,
    "2021-05-30 08:30": 577.5,
    "2021-05-30 08:40": 577.1,
    "2021-05-30 08:50": 578.2,
    "2021-05-30 09:00": 576.3,
    "2021-05-30 09:10": 575.7,
    "2021-05-30 09:20": 575,
    "2021-05-30 09:30": 575.5,
    "2021-05-30 09:40": 575.3,
    "2021-05-30 09:50": 576.9,
    "2021-05-30 10:00": 573.7,
    "2021-05-30 10:10": 574,
    "2021-05-30 10:20": 577,
    "2021-05-30 10:30": 578.2,
    "2021-05-30 10:40": 573.7,
    "2021-05-30 10:50": 576.6,
    "2021-05-30 11:00": 576.5,
    "2021-05-30 11:10": 577.7,
    "2021-05-30 11:20": 577.3,
    "2021-05-30 11:30": 578.5,
    "2021-05-30 11:40": 578.7,
    "2021-05-30 11:50": 577.6,
    "2021-05-30 12:00": 573.2,
    "2021-05-30 12:10": 575,
    "2021-05-30 12:20": 575.2,
    "2021-05-30 12:30": 576.2,
    "2021-05-30 12:40": 578.1,
    "2021-05-30 12:50": 577.9,
    "2021-05-30 13:00": 575.7,
    "2021-05-30 13:10": 575.3,
    "2021-05-30 13:20": 576.6,
    "2021-05-30 13:30": 574.4,
    "2021-05-30 13:40": 575,
    "2021-05-30 13:50": 568.4,
    "2021-05-30 14:00": 554.4,
    "2021-05-30 14:10": 552.5,
    "2021-05-30 14:20": 544.5,
    "2021-05-30 14:30": 542.9,
    "2021-05-30 14:40": 540.8,
    "2021-05-30 14:50": 546.3,
    "2021-05-30 15:00": 545.9,
    "2021-05-30 15:10": 545,
    "2021-05-30 15:20": 545.9,
    "2021-05-30 15:30": 545.3,
    "2021-05-30 15:40": 544.3,
    "2021-05-30 15:50": 546.7,
    "2021-05-30 16:00": 546.1,
    "2021-05-30 16:10": 544,
    "2021-05-30 16:20": 546.4,
    "2021-05-30 16:30": 543.8,
    "2021-05-30 16:40": 545.5,
    "2021-05-30 17:20": 545.9,
    "2021-05-30 17:30": 544.3,
    "2021-05-30 17:50": 540.5,
    "2021-05-30 18:00": 546.5,
    "2021-05-30 18:10": 540.7,
    "2021-05-30 18:20": 545.6,
    "2021-05-30 18:30": 553.8,
    "2021-05-30 18:40": 536.9,
    "2021-05-30 18:50": 540,
    "2021-05-30 19:00": 544.9,
    "2021-05-30 19:10": 547.6,
    "2021-05-30 19:20": 546.3,
    "2021-05-30 19:30": 547.7,
    "2021-05-30 19:40": 557,
    "2021-05-30 19:50": 565.2,
    "2021-05-30 20:00": 568.8,
    "2021-05-30 20:10": 574.3,
    "2021-05-30 20:20": 573.3,
    "2021-05-30 20:30": 575.8,
    "2021-05-30 20:40": 578.1,
    "2021-05-30 20:50": 574.1,
    "2021-05-30 21:00": 576.7,
    "2021-05-30 21:10": 572.8,
    "2021-05-30 21:20": 573.8,
    "2021-05-30 21:30": 571.9,
    "2021-05-30 21:40": 575.3,
    "2021-05-30 21:50": 576.1,
    "2021-05-30 22:00": 572,
    "2021-05-30 22:10": 577.1,
    "2021-05-30 22:20": 575.5,
    "2021-05-30 22:30": 575.4
}