{
    "2021-05-23 13:30": 10.2,
    "2021-05-23 13:40": 10.2,
    "2021-05-23 13:50": 10.2,
    "2021-05-23 14:00": 10.2,
    "2021-05-23 14:10": 10.3,
    "2021-05-23 14:20": 10.1,
    "2021-05-23 14:30": 10.2,
    "2021-05-23 14:40": 10.2,
    "2021-05-23 14:50": 10.1,
    "2021-05-23 15:00": 10.2,
    "2021-05-23 15:10": 10.2,
    "2021-05-23 15:20": 10.1,
    "2021-05-23 15:30": 10.2,
    "2021-05-23 15:40": 10.1,
    "2021-05-23 15:50": 10.2,
    "2021-05-23 16:00": 10.2,
    "2021-05-23 16:10": 10.2,
    "2021-05-23 16:20": 10.2,
    "2021-05-23 16:30": 10.1,
    "2021-05-23 16:40": 10.2,
    "2021-05-23 16:50": 10.1,
    "2021-05-23 17:00": 12.9,
    "2021-05-23 17:10": 24.7,
    "2021-05-23 17:20": 10.4,
    "2021-05-23 17:30": 10.5,
    "2021-05-23 17:40": 10.5,
    "2021-05-23 17:50": 10.5,
    "2021-05-23 18:00": 10.5,
    "2021-05-23 18:10": 10.4,
    "2021-05-23 18:20": 10.4,
    "2021-05-23 18:30": 10.3,
    "2021-05-23 18:40": 10.3,
    "2021-05-23 18:50": 10.3,
    "2021-05-23 19:00": 10.3,
    "2021-05-23 19:10": 10.4,
    "2021-05-23 19:20": 10.4,
    "2021-05-23 19:30": 10.4,
    "2021-05-23 19:40": 10.4,
    "2021-05-23 19:50": 10.4,
    "2021-05-23 20:00": 10.4,
    "2021-05-23 20:10": 10.5,
    "2021-05-23 20:20": 10.2,
    "2021-05-23 20:30": 10.3,
    "2021-05-23 20:40": 10.3,
    "2021-05-23 20:50": 10.3,
    "2021-05-23 21:00": 10.4,
    "2021-05-23 21:10": 10.4,
    "2021-05-23 21:20": 20.1,
    "2021-05-23 21:30": 20.1,
    "2021-05-23 21:40": 20,
    "2021-05-23 21:50": 20,
    "2021-05-23 22:00": 20,
    "2021-05-23 22:10": 20,
    "2021-05-23 22:20": 20,
    "2021-05-23 22:30": 20.1,
    "2021-05-23 22:40": 20,
    "2021-05-23 22:50": 20,
    "2021-05-23 23:00": 20
}