{
    "2021-05-28 23:10": 20.3,
    "2021-05-28 23:20": 20.4,
    "2021-05-28 23:30": 20.4,
    "2021-05-28 23:40": 20.3,
    "2021-05-28 23:50": 20.3,
    "2021-05-29 00:00": 20.4,
    "2021-05-29 00:10": 20.4,
    "2021-05-29 00:20": 20.4,
    "2021-05-29 00:30": 20.4,
    "2021-05-29 01:20": 20.4,
    "2021-05-29 01:30": 20.4,
    "2021-05-29 01:40": 20.4,
    "2021-05-29 01:50": 20.4,
    "2021-05-29 02:00": 20.3,
    "2021-05-29 02:10": 20.3,
    "2021-05-29 02:20": 20.7,
    "2021-05-29 02:30": 17.1,
    "2021-05-30 19:20": 29.6,
    "2021-05-30 19:30": 29.6,
    "2021-05-30 19:40": 29.7,
    "2021-05-30 19:50": 29.7,
    "2021-05-30 20:00": 29.7,
    "2021-05-30 20:10": 29.7,
    "2021-05-30 20:20": 29.6,
    "2021-05-30 20:50": 20.9,
    "2021-05-30 21:00": 40.5,
    "2021-05-30 21:10": 49.1,
    "2021-05-30 21:20": 49.1,
    "2021-05-30 21:30": 49,
    "2021-05-30 21:40": 49.1,
    "2021-05-30 21:50": 49.1,
    "2021-05-30 22:00": 49.1,
    "2021-05-30 22:10": 49.1,
    "2021-05-30 22:20": 49.2,
    "2021-05-30 22:30": 49.2
}