{
    "2021-04-23 19:10": {
        "nuclear": {
            "cap": "1936",
            "used": "1924.1",
            "limit": "985",
            "fix": "951",
            "break": "0"
        },
        "coal": {
            "cap": "5597.2",
            "used": "5129.9",
            "limit": "6600",
            "fix": "2500",
            "break": "0"
        },
        "co-gen": {
            "cap": "0",
            "used": "0",
            "limit": "0",
            "fix": "618",
            "break": "0"
        },
        "lng": {
            "cap": "13141.1",
            "used": "12573.7",
            "limit": "500",
            "fix": "3678.6",
            "break": "490"
        },
        "oil": {
            "cap": "0",
            "used": "0",
            "limit": "1000",
            "fix": "0",
            "break": "0"
        },
        "diesel": {
            "cap": "594.4",
            "used": "88.3",
            "limit": "0",
            "fix": "0",
            "break": "0"
        },
        "hydro": {
            "cap": "1949.3",
            "used": "366.8",
            "limit": "0",
            "fix": "143.2",
            "break": "0"
        },
        "wind": {
            "cap": "840.2",
            "used": "559.7",
            "limit": "0",
            "fix": "0",
            "break": "0"
        },
        "geothermal": {
            "cap": "0.3",
            "used": "0.2",
            "limit": "0",
            "fix": "0",
            "break": "0"
        },
        "pumping gen": {
            "cap": "2335",
            "used": "781.9",
            "limit": "0",
            "fix": "267",
            "break": "0"
        },
        "pumping load": {
            "cap": "0",
            "used": "0",
            "limit": "0",
            "fix": "0",
            "break": "0"
        },
        "solar": {
            "cap": "5433.2",
            "used": "0.01",
            "limit": "0",
            "fix": "0",
            "break": "0"
        },
        "ipp-coal": {
            "cap": "0",
            "used": "0",
            "limit": "0",
            "fix": "0",
            "break": "0"
        },
        "ipp-lng": {
            "cap": "0",
            "used": "0",
            "limit": "0",
            "fix": "0",
            "break": "0"
        }
    },
    "2021-04-23 19:20": {
        "nuclear": {
            "cap": "1936",
            "used": "1931.2",
            "limit": "985",
            "fix": "951",
            "break": "0"
        },
        "coal": {
            "cap": "5597.2",
            "used": "5127",
            "limit": "6600",
            "fix": "2500",
            "break": "0"
        },
        "co-gen": {
            "cap": "0",
            "used": "0",
            "limit": "0",
            "fix": "618",
            "break": "0"
        },
        "lng": {
            "cap": "13429.9",
            "used": "12770.7",
            "limit": "500",
            "fix": "3389.8",
            "break": "490"
        },
        "oil": {
            "cap": "0",
            "used": "0",
            "limit": "1000",
            "fix": "0",
            "break": "0"
        },
        "diesel": {
            "cap": "594.4",
            "used": "88",
            "limit": "0",
            "fix": "0",
            "break": "0"
        },
        "hydro": {
            "cap": "1949.3",
            "used": "357.2",
            "limit": "0",
            "fix": "143.2",
            "break": "0"
        },
        "wind": {
            "cap": "840.2",
            "used": "545.7",
            "limit": "0",
            "fix": "0",
            "break": "0"
        },
        "geothermal": {
            "cap": "0.3",
            "used": "0.2",
            "limit": "0",
            "fix": "0",
            "break": "0"
        },
        "pumping gen": {
            "cap": "2335",
            "used": "792.4",
            "limit": "0",
            "fix": "267",
            "break": "0"
        },
        "pumping load": {
            "cap": "0",
            "used": "0",
            "limit": "0",
            "fix": "0",
            "break": "0"
        },
        "solar": {
            "cap": "5433.2",
            "used": "0.01",
            "limit": "0",
            "fix": "0",
            "break": "0"
        },
        "ipp-coal": {
            "cap": "0",
            "used": "0",
            "limit": "0",
            "fix": "0",
            "break": "0"
        },
        "ipp-lng": {
            "cap": "0",
            "used": "0",
            "limit": "0",
            "fix": "0",
            "break": "0"
        }
    },
    "2021-04-23 19:30": {
        "nuclear": {
            "cap": "1936",
            "used": "1927.5",
            "limit": "985",
            "fix": "951",
            "break": "0"
        },
        "coal": {
            "cap": "4497.2",
            "used": "4256.8",
            "limit": "7700",
            "fix": "2500",
            "break": "0"
        },
        "co-gen": {
            "cap": "0",
            "used": "0",
            "limit": "0",
            "fix": "618",
            "break": "0"
        },
        "lng": {
            "cap": "13429.9",
            "used": "12805",
            "limit": "500",
            "fix": "3389.8",
            "break": "490"
        },
        "oil": {
            "cap": "0",
            "used": "0",
            "limit": "1000",
            "fix": "0",
            "break": "0"
        },
        "diesel": {
            "cap": "594.4",
            "used": "88.4",
            "limit": "0",
            "fix": "0",
            "break": "0"
        },
        "hydro": {
            "cap": "1949.3",
            "used": "358",
            "limit": "0",
            "fix": "143.2",
            "break": "0"
        },
        "wind": {
            "cap": "840.2",
            "used": "559.4",
            "limit": "0",
            "fix": "0",
            "break": "0"
        },
        "geothermal": {
            "cap": "0.3",
            "used": "0.2",
            "limit": "0",
            "fix": "0",
            "break": "0"
        },
        "pumping gen": {
            "cap": "2335",
            "used": "749.6",
            "limit": "0",
            "fix": "267",
            "break": "0"
        },
        "pumping load": {
            "cap": "0",
            "used": "0",
            "limit": "0",
            "fix": "0",
            "break": "0"
        },
        "solar": {
            "cap": "5433.2",
            "used": "0",
            "limit": "0",
            "fix": "0",
            "break": "0"
        },
        "ipp-coal": {
            "cap": "0",
            "used": "0",
            "limit": "0",
            "fix": "0",
            "break": "0"
        },
        "ipp-lng": {
            "cap": "0",
            "used": "0",
            "limit": "0",
            "fix": "0",
            "break": "0"
        }
    },
    "2021-04-23 19:40": {
        "nuclear": {
            "cap": "1936",
            "used": "1928.7",
            "limit": "985",
            "fix": "951",
            "break": "0"
        },
        "coal": {
            "cap": "4497.2",
            "used": "4243.3",
            "limit": "7700",
            "fix": "2500",
            "break": "0"
        },
        "co-gen": {
            "cap": "0",
            "used": "0",
            "limit": "0",
            "fix": "618",
            "break": "0"
        },
        "lng": {
            "cap": "13429.9",
            "used": "12737.2",
            "limit": "500",
            "fix": "3389.8",
            "break": "490"
        },
        "oil": {
            "cap": "0",
            "used": "0",
            "limit": "1000",
            "fix": "0",
            "break": "0"
        },
        "diesel": {
            "cap": "594.4",
            "used": "88.5",
            "limit": "0",
            "fix": "0",
            "break": "0"
        },
        "hydro": {
            "cap": "1949.3",
            "used": "352.9",
            "limit": "0",
            "fix": "143.2",
            "break": "0"
        },
        "wind": {
            "cap": "840.2",
            "used": "543.6",
            "limit": "0",
            "fix": "0",
            "break": "0"
        },
        "geothermal": {
            "cap": "0.3",
            "used": "0.2",
            "limit": "0",
            "fix": "0",
            "break": "0"
        },
        "pumping gen": {
            "cap": "2335",
            "used": "798.6",
            "limit": "0",
            "fix": "267",
            "break": "0"
        },
        "pumping load": {
            "cap": "0",
            "used": "0",
            "limit": "0",
            "fix": "0",
            "break": "0"
        },
        "solar": {
            "cap": "5433.2",
            "used": "0",
            "limit": "0",
            "fix": "0",
            "break": "0"
        },
        "ipp-coal": {
            "cap": "0",
            "used": "0",
            "limit": "0",
            "fix": "0",
            "break": "0"
        },
        "ipp-lng": {
            "cap": "0",
            "used": "0",
            "limit": "0",
            "fix": "0",
            "break": "0"
        }
    },
    "2021-04-23 20:00": {
        "nuclear": {
            "cap": "1936",
            "used": "1931.2",
            "limit": "985",
            "fix": "951",
            "break": "0"
        },
        "coal": {
            "cap": "4497.2",
            "used": "4231.4",
            "limit": "7700",
            "fix": "2500",
            "break": "0"
        },
        "co-gen": {
            "cap": "0",
            "used": "0",
            "limit": "0",
            "fix": "618",
            "break": "0"
        },
        "lng": {
            "cap": "13429.9",
            "used": "12408.4",
            "limit": "500",
            "fix": "3389.8",
            "break": "490"
        },
        "oil": {
            "cap": "0",
            "used": "0",
            "limit": "1000",
            "fix": "0",
            "break": "0"
        },
        "diesel": {
            "cap": "594.4",
            "used": "88.8",
            "limit": "0",
            "fix": "0",
            "break": "0"
        },
        "hydro": {
            "cap": "1949.3",
            "used": "352.7",
            "limit": "0",
            "fix": "143.2",
            "break": "0"
        },
        "wind": {
            "cap": "840.2",
            "used": "503.4",
            "limit": "0",
            "fix": "0",
            "break": "0"
        },
        "geothermal": {
            "cap": "0.3",
            "used": "0.2",
            "limit": "0",
            "fix": "0",
            "break": "0"
        },
        "pumping gen": {
            "cap": "2335",
            "used": "989.8",
            "limit": "0",
            "fix": "267",
            "break": "0"
        },
        "pumping load": {
            "cap": "0",
            "used": "0",
            "limit": "0",
            "fix": "0",
            "break": "0"
        },
        "solar": {
            "cap": "5433.2",
            "used": "0",
            "limit": "0",
            "fix": "0",
            "break": "0"
        },
        "ipp-coal": {
            "cap": "0",
            "used": "0",
            "limit": "0",
            "fix": "0",
            "break": "0"
        },
        "ipp-lng": {
            "cap": "0",
            "used": "0",
            "limit": "0",
            "fix": "0",
            "break": "0"
        }
    },
    "2021-04-23 20:10": {
        "nuclear": {
            "cap": "1936",
            "used": "1925.1",
            "limit": "985",
            "fix": "951",
            "break": "0"
        },
        "coal": {
            "cap": "4497.2",
            "used": "4155.5",
            "limit": "7700",
            "fix": "2500",
            "break": "0"
        },
        "co-gen": {
            "cap": "0",
            "used": "0",
            "limit": "0",
            "fix": "618",
            "break": "0"
        },
        "lng": {
            "cap": "13429.9",
            "used": "12269.4",
            "limit": "500",
            "fix": "3389.8",
            "break": "490"
        },
        "oil": {
            "cap": "0",
            "used": "0",
            "limit": "1000",
            "fix": "0",
            "break": "0"
        },
        "diesel": {
            "cap": "594.4",
            "used": "87.1",
            "limit": "0",
            "fix": "0",
            "break": "0"
        },
        "hydro": {
            "cap": "1949.3",
            "used": "355.4",
            "limit": "0",
            "fix": "143.2",
            "break": "0"
        },
        "wind": {
            "cap": "840.2",
            "used": "481.3",
            "limit": "0",
            "fix": "0",
            "break": "0"
        },
        "geothermal": {
            "cap": "0.3",
            "used": "0.2",
            "limit": "0",
            "fix": "0",
            "break": "0"
        },
        "pumping gen": {
            "cap": "2335",
            "used": "779.9",
            "limit": "0",
            "fix": "267",
            "break": "0"
        },
        "pumping load": {
            "cap": "0",
            "used": "0",
            "limit": "0",
            "fix": "0",
            "break": "0"
        },
        "solar": {
            "cap": "5433.2",
            "used": "0",
            "limit": "0",
            "fix": "0",
            "break": "0"
        },
        "ipp-coal": {
            "cap": "0",
            "used": "0",
            "limit": "0",
            "fix": "0",
            "break": "0"
        },
        "ipp-lng": {
            "cap": "0",
            "used": "0",
            "limit": "0",
            "fix": "0",
            "break": "0"
        }
    },
    "2021-04-23 20:20": {
        "nuclear": {
            "cap": "1936",
            "used": "1921.4",
            "limit": "985",
            "fix": "951",
            "break": "0"
        },
        "coal": {
            "cap": "4497.2",
            "used": "4153.6",
            "limit": "7700",
            "fix": "2500",
            "break": "0"
        },
        "co-gen": {
            "cap": "0",
            "used": "0",
            "limit": "0",
            "fix": "618",
            "break": "0"
        },
        "lng": {
            "cap": "13429.9",
            "used": "12302",
            "limit": "500",
            "fix": "3389.8",
            "break": "490"
        },
        "oil": {
            "cap": "0",
            "used": "0",
            "limit": "1000",
            "fix": "0",
            "break": "0"
        },
        "diesel": {
            "cap": "594.4",
            "used": "87.2",
            "limit": "0",
            "fix": "0",
            "break": "0"
        },
        "hydro": {
            "cap": "1949.3",
            "used": "355.6",
            "limit": "0",
            "fix": "143.2",
            "break": "0"
        },
        "wind": {
            "cap": "840.2",
            "used": "431.5",
            "limit": "0",
            "fix": "0",
            "break": "0"
        },
        "geothermal": {
            "cap": "0.3",
            "used": "0.2",
            "limit": "0",
            "fix": "0",
            "break": "0"
        },
        "pumping gen": {
            "cap": "2335",
            "used": "842.7",
            "limit": "0",
            "fix": "267",
            "break": "0"
        },
        "pumping load": {
            "cap": "0",
            "used": "0",
            "limit": "0",
            "fix": "0",
            "break": "0"
        },
        "solar": {
            "cap": "5433.2",
            "used": "0",
            "limit": "0",
            "fix": "0",
            "break": "0"
        },
        "ipp-coal": {
            "cap": "0",
            "used": "0",
            "limit": "0",
            "fix": "0",
            "break": "0"
        },
        "ipp-lng": {
            "cap": "0",
            "used": "0",
            "limit": "0",
            "fix": "0",
            "break": "0"
        }
    },
    "2021-04-23 20:30": {
        "nuclear": {
            "cap": "1936",
            "used": "1928.9",
            "limit": "985",
            "fix": "951",
            "break": "0"
        },
        "coal": {
            "cap": "4497.2",
            "used": "4151.7",
            "limit": "7700",
            "fix": "2500",
            "break": "0"
        },
        "co-gen": {
            "cap": "0",
            "used": "0",
            "limit": "0",
            "fix": "618",
            "break": "0"
        },
        "lng": {
            "cap": "13429.9",
            "used": "12154.5",
            "limit": "500",
            "fix": "3389.8",
            "break": "490"
        },
        "oil": {
            "cap": "0",
            "used": "0",
            "limit": "1000",
            "fix": "0",
            "break": "0"
        },
        "diesel": {
            "cap": "594.4",
            "used": "87.9",
            "limit": "0",
            "fix": "0",
            "break": "0"
        },
        "hydro": {
            "cap": "1949.3",
            "used": "348.1",
            "limit": "0",
            "fix": "143.2",
            "break": "0"
        },
        "wind": {
            "cap": "840.2",
            "used": "409.6",
            "limit": "0",
            "fix": "0",
            "break": "0"
        },
        "geothermal": {
            "cap": "0.3",
            "used": "0.2",
            "limit": "0",
            "fix": "0",
            "break": "0"
        },
        "pumping gen": {
            "cap": "2335",
            "used": "779.2",
            "limit": "0",
            "fix": "267",
            "break": "0"
        },
        "pumping load": {
            "cap": "0",
            "used": "0",
            "limit": "0",
            "fix": "0",
            "break": "0"
        },
        "solar": {
            "cap": "5433.2",
            "used": "0",
            "limit": "0",
            "fix": "0",
            "break": "0"
        },
        "ipp-coal": {
            "cap": "0",
            "used": "0",
            "limit": "0",
            "fix": "0",
            "break": "0"
        },
        "ipp-lng": {
            "cap": "0",
            "used": "0",
            "limit": "0",
            "fix": "0",
            "break": "0"
        }
    },
    "2021-04-23 21:20": {
        "nuclear": {
            "cap": "1936",
            "used": "1925.2",
            "limit": "985",
            "fix": "951",
            "break": "0"
        },
        "coal": {
            "cap": "4497.2",
            "used": "4153.1",
            "limit": "7700",
            "fix": "2500",
            "break": "0"
        },
        "co-gen": {
            "cap": "0",
            "used": "0",
            "limit": "0",
            "fix": "618",
            "break": "0"
        },
        "lng": {
            "cap": "13429.9",
            "used": "11306",
            "limit": "500",
            "fix": "3389.8",
            "break": "490"
        },
        "oil": {
            "cap": "0",
            "used": "0",
            "limit": "1000",
            "fix": "0",
            "break": "0"
        },
        "diesel": {
            "cap": "594.4",
            "used": "88.1",
            "limit": "0",
            "fix": "0",
            "break": "0"
        },
        "hydro": {
            "cap": "1949.3",
            "used": "360.5",
            "limit": "0",
            "fix": "143.2",
            "break": "0"
        },
        "wind": {
            "cap": "840.2",
            "used": "387.2",
            "limit": "0",
            "fix": "0",
            "break": "0"
        },
        "geothermal": {
            "cap": "0.3",
            "used": "0.2",
            "limit": "0",
            "fix": "0",
            "break": "0"
        },
        "pumping gen": {
            "cap": "2335",
            "used": "942",
            "limit": "0",
            "fix": "267",
            "break": "0"
        },
        "pumping load": {
            "cap": "0",
            "used": "0",
            "limit": "0",
            "fix": "0",
            "break": "0"
        },
        "solar": {
            "cap": "5433.2",
            "used": "0",
            "limit": "0",
            "fix": "0",
            "break": "0"
        },
        "ipp-coal": {
            "cap": "0",
            "used": "0",
            "limit": "0",
            "fix": "0",
            "break": "0"
        },
        "ipp-lng": {
            "cap": "0",
            "used": "0",
            "limit": "0",
            "fix": "0",
            "break": "0"
        }
    },
    "2021-04-23 21:30": {
        "nuclear": {
            "cap": "1936",
            "used": "1925.2",
            "limit": "985",
            "fix": "951",
            "break": "0"
        },
        "coal": {
            "cap": "4497.2",
            "used": "4155.8",
            "limit": "7700",
            "fix": "2500",
            "break": "0"
        },
        "co-gen": {
            "cap": "0",
            "used": "0",
            "limit": "0",
            "fix": "618",
            "break": "0"
        },
        "lng": {
            "cap": "13429.9",
            "used": "11210.7",
            "limit": "500",
            "fix": "3389.8",
            "break": "490"
        },
        "oil": {
            "cap": "0",
            "used": "0",
            "limit": "1000",
            "fix": "0",
            "break": "0"
        },
        "diesel": {
            "cap": "594.4",
            "used": "88.4",
            "limit": "0",
            "fix": "0",
            "break": "0"
        },
        "hydro": {
            "cap": "1949.3",
            "used": "332.1",
            "limit": "0",
            "fix": "143.2",
            "break": "0"
        },
        "wind": {
            "cap": "840.2",
            "used": "405.4",
            "limit": "0",
            "fix": "0",
            "break": "0"
        },
        "geothermal": {
            "cap": "0.3",
            "used": "0.2",
            "limit": "0",
            "fix": "0",
            "break": "0"
        },
        "pumping gen": {
            "cap": "2335",
            "used": "938.5",
            "limit": "0",
            "fix": "267",
            "break": "0"
        },
        "pumping load": {
            "cap": "0",
            "used": "0",
            "limit": "0",
            "fix": "0",
            "break": "0"
        },
        "solar": {
            "cap": "5433.2",
            "used": "0",
            "limit": "0",
            "fix": "0",
            "break": "0"
        },
        "ipp-coal": {
            "cap": "0",
            "used": "0",
            "limit": "0",
            "fix": "0",
            "break": "0"
        },
        "ipp-lng": {
            "cap": "0",
            "used": "0",
            "limit": "0",
            "fix": "0",
            "break": "0"
        }
    },
    "2021-04-23 21:40": {
        "nuclear": {
            "cap": "1936",
            "used": "1924.8",
            "limit": "985",
            "fix": "951",
            "break": "0"
        },
        "coal": {
            "cap": "4497.2",
            "used": "4160.4",
            "limit": "7700",
            "fix": "2500",
            "break": "0"
        },
        "co-gen": {
            "cap": "0",
            "used": "0",
            "limit": "0",
            "fix": "618",
            "break": "0"
        },
        "lng": {
            "cap": "13429.9",
            "used": "11091.4",
            "limit": "500",
            "fix": "3389.8",
            "break": "490"
        },
        "oil": {
            "cap": "0",
            "used": "0",
            "limit": "1000",
            "fix": "0",
            "break": "0"
        },
        "diesel": {
            "cap": "594.4",
            "used": "87.7",
            "limit": "0",
            "fix": "0",
            "break": "0"
        },
        "hydro": {
            "cap": "1949.3",
            "used": "325.5",
            "limit": "0",
            "fix": "143.2",
            "break": "0"
        },
        "wind": {
            "cap": "840.2",
            "used": "414.8",
            "limit": "0",
            "fix": "0",
            "break": "0"
        },
        "geothermal": {
            "cap": "0.3",
            "used": "0.2",
            "limit": "0",
            "fix": "0",
            "break": "0"
        },
        "pumping gen": {
            "cap": "2335",
            "used": "849.5",
            "limit": "0",
            "fix": "267",
            "break": "0"
        },
        "pumping load": {
            "cap": "0",
            "used": "0",
            "limit": "0",
            "fix": "0",
            "break": "0"
        },
        "solar": {
            "cap": "5433.2",
            "used": "0",
            "limit": "0",
            "fix": "0",
            "break": "0"
        },
        "ipp-coal": {
            "cap": "0",
            "used": "0",
            "limit": "0",
            "fix": "0",
            "break": "0"
        },
        "ipp-lng": {
            "cap": "0",
            "used": "0",
            "limit": "0",
            "fix": "0",
            "break": "0"
        }
    }
}